#
# There is insufficient memory for the Java Runtime Environment to continue.
# Native memory allocation (mmap) failed to map 37748736 bytes for Failed to commit area from 0x000000008b300000 to 0x000000008d700000 of length 37748736.
# Possible reasons:
#   The system is out of physical RAM or swap space
#   The process is running with CompressedOops enabled, and the Java Heap may be blocking the growth of the native heap
# Possible solutions:
#   Reduce memory load on the system
#   Increase physical memory or swap space
#   Check if swap backing store is full
#   Decrease Java heap size (-Xmx/-Xms)
#   Decrease number of Java threads
#   Decrease Java thread stack sizes (-Xss)
#   Set larger code cache with -XX:ReservedCodeCacheSize=
#   JVM is running with Unscaled Compressed Oops mode in which the Java heap is
#     placed in the first 4GB address space. The Java Heap base address is the
#     maximum limit for the native heap growth. Please use -XX:HeapBaseMinAddress
#     to set the Java Heap base and to place the Java Heap above 4GB virtual address.
# This output file may be truncated or incomplete.
#
#  Out of Memory Error (./src/hotspot/os/windows/os_windows.cpp:3303), pid=10380, tid=12356
#
# JRE version: OpenJDK Runtime Environment (11.0.8+10) (build 11.0.8+10-b944.6842174)
# Java VM: OpenJDK 64-Bit Server VM (11.0.8+10-b944.6842174, mixed mode, tiered, compressed oops, g1 gc, windows-amd64)
# No core dump will be written. Minidumps are not enabled by default on client versions of Windows
#

---------------  S U M M A R Y ------------

Command Line: --add-opens=java.base/java.util=ALL-UNNAMED --add-opens=java.base/java.lang=ALL-UNNAMED --add-opens=java.base/java.lang.invoke=ALL-UNNAMED --add-opens=java.prefs/java.util.prefs=ALL-UNNAMED -Xmx2048m -Dfile.encoding=UTF-8 -Duser.country=US -Duser.language=en -Duser.variant org.gradle.launcher.daemon.bootstrap.GradleDaemon 6.7.1

Host: Intel(R) Core(TM) i5-1035G1 CPU @ 1.00GHz, 8 cores, 7G,  Windows 10 , 64 bit Build 19041 (10.0.19041.928)
Time: Sat May 29 08:02:31 2021 Pacific Daylight Time elapsed time: 18 seconds (0d 0h 0m 18s)

---------------  T H R E A D  ---------------

Current thread (0x000001fbc0869000):  VMThread "VM Thread" [stack: 0x000000b27fe00000,0x000000b27ff00000] [id=12356]

Stack: [0x000000b27fe00000,0x000000b27ff00000]
[error occurred during error reporting (printing stack bounds), id 0xc0000005, EXCEPTION_ACCESS_VIOLATION (0xc0000005) at pc=0x000001fba96a0f67]

Native frames: (J=compiled Java code, j=interpreted, Vv=VM code, C=native code)
V  [jvm.dll+0x5de50a]
V  [jvm.dll+0x7122f5]
V  [jvm.dll+0x71384d]
V  [jvm.dll+0x713e65]
V  [jvm.dll+0x713e1b]
V  [jvm.dll+0x5dd958]
V  [jvm.dll+0x5de0f8]
C  [ntdll.dll+0xa217f]
C  [ntdll.dll+0x51454]
C  [ntdll.dll+0xa0cae]
C  0x000001fba96a0f67

VM_Operation (0x000000b2098f5ca0): G1CollectForAllocation, mode: safepoint, requested by thread 0x000001fbc79cf000


---------------  P R O C E S S  ---------------

Threads class SMR info:
_java_thread_list=0x000001fbc767cd60, length=154, elements={
0x000001fba5d20800, 0x000001fbc0041800, 0x000001fbc004d000, 0x000001fbc0877800,
0x000001fbc0879000, 0x000001fbc087a000, 0x000001fbc087d800, 0x000001fbc08c2800,
0x000001fbc0a1a800, 0x000001fbc0a1b800, 0x000001fbc1d9c000, 0x000001fbc1d91000,
0x000001fbc22fa000, 0x000001fbc1cfe000, 0x000001fbc1834000, 0x000001fbc2414800,
0x000001fbc2411800, 0x000001fbc1cee800, 0x000001fbc1c26000, 0x000001fbc180e000,
0x000001fbc2aaa000, 0x000001fbc2aaa800, 0x000001fbc2aa6800, 0x000001fbc2aa5000,
0x000001fbc2aab800, 0x000001fbc2aa5800, 0x000001fbc2aa7800, 0x000001fbc2aa8000,
0x000001fbc2aa9000, 0x000001fbc19eb800, 0x000001fbc19e5800, 0x000001fbc19ec000,
0x000001fbc19e6800, 0x000001fbc19ed000, 0x000001fbc19e7000, 0x000001fbc19ed800,
0x000001fbc19e8000, 0x000001fbc19e9000, 0x000001fbc19ef800, 0x000001fbc19ee800,
0x000001fbc19ea800, 0x000001fbc19f2800, 0x000001fbc19f1000, 0x000001fbc19f0000,
0x000001fbc19f3800, 0x000001fbc19f2000, 0x000001fbc19f4800, 0x000001fbc5514000,
0x000001fbc5518800, 0x000001fbc5517800, 0x000001fbc5512800, 0x000001fbc5519000,
0x000001fbc5516000, 0x000001fbc5513800, 0x000001fbc551a000, 0x000001fbc551a800,
0x000001fbc5515000, 0x000001fbc551c800, 0x000001fbc551b800, 0x000001fbc5516800,
0x000001fbc551d000, 0x000001fbc551f000, 0x000001fbc551f800, 0x000001fbc551e000,
0x000001fbc5520800, 0x000001fbc5521800, 0x000001fbc5802800, 0x000001fbc57fd800,
0x000001fbc5801000, 0x000001fbc57fe800, 0x000001fbc57fc800, 0x000001fbc5804000,
0x000001fbc5803000, 0x000001fbc5805000, 0x000001fbc5800000, 0x000001fbc57ff000,
0x000001fbc5805800, 0x000001fbc5806800, 0x000001fbc5801800, 0x000001fbc580b800,
0x000001fbc5809800, 0x000001fbc5807800, 0x000001fbc5808000, 0x000001fbc580a800,
0x000001fbc5809000, 0x000001fbc5a0d800, 0x000001fbc5a09000, 0x000001fbc5a08000,
0x000001fbc5a0d000, 0x000001fbc5a0e800, 0x000001fbc5a0b800, 0x000001fbc5a0f800,
0x000001fbc5a0c000, 0x000001fbc5a09800, 0x000001fbc5a10000, 0x000001fbc5a0a800,
0x000001fbc5a14000, 0x000001fbc5a15000, 0x000001fbc5a12800, 0x000001fbc5a13800,
0x000001fbc5a11000, 0x000001fbc5a16000, 0x000001fbc5a16800, 0x000001fbc5a12000,
0x000001fbc546f000, 0x000001fbc546c800, 0x000001fbc546f800, 0x000001fbc546d000,
0x000001fbc546a000, 0x000001fbc5470800, 0x000001fbc546a800, 0x000001fbc5471800,
0x000001fbc546b800, 0x000001fbc546e000, 0x000001fbc5477000, 0x000001fbc5474800,
0x000001fbc5473800, 0x000001fbc5478000, 0x000001fbc5475800, 0x000001fbc5476000,
0x000001fbc5472000, 0x000001fbc5478800, 0x000001fbc5473000, 0x000001fbc599b800,
0x000001fbc599d000, 0x000001fbc599a800, 0x000001fbc599c000, 0x000001fbc5997000,
0x000001fbc599d800, 0x000001fbc5998000, 0x000001fbc599e800, 0x000001fbc5999000,
0x000001fbc5999800, 0x000001fbc59a4000, 0x000001fbc59a3800, 0x000001fbc59a2000,
0x000001fbc599f800, 0x000001fbc59a5000, 0x000001fbc59a6000, 0x000001fbc59a2800,
0x000001fbc59a0000, 0x000001fbc59a1000, 0x000001fbc79d0800, 0x000001fbc79cf000,
0x000001fbc79d4800, 0x000001fbc79d0000, 0x000001fbc79d5800, 0x000001fbc79d2000,
0x000001fbc79d7000, 0x000001fbc79d6800, 0x000001fbc79d4000, 0x000001fbc79d3000,
0x000001fbc79d1800, 0x000001fbc79da800
}

Java Threads: ( => current thread )
  0x000001fba5d20800 JavaThread "main" [_thread_blocked, id=1808, stack(0x000000b27f800000,0x000000b27f900000)]
  0x000001fbc0041800 JavaThread "Reference Handler" daemon [_thread_blocked, id=16260, stack(0x000000b27ff00000,0x000000b280000000)]
  0x000001fbc004d000 JavaThread "Finalizer" daemon [_thread_blocked, id=2080, stack(0x000000b200000000,0x000000b200100000)]
  0x000001fbc0877800 JavaThread "Signal Dispatcher" daemon [_thread_blocked, id=8312, stack(0x000000b200100000,0x000000b200200000)]
  0x000001fbc0879000 JavaThread "Attach Listener" daemon [_thread_blocked, id=13056, stack(0x000000b200200000,0x000000b200300000)]
  0x000001fbc087a000 JavaThread "C2 CompilerThread0" daemon [_thread_blocked, id=11136, stack(0x000000b200300000,0x000000b200400000)]
  0x000001fbc087d800 JavaThread "C1 CompilerThread0" daemon [_thread_blocked, id=11004, stack(0x000000b200400000,0x000000b200500000)]
  0x000001fbc08c2800 JavaThread "Sweeper thread" daemon [_thread_blocked, id=6388, stack(0x000000b200500000,0x000000b200600000)]
  0x000001fbc0a1a800 JavaThread "Common-Cleaner" daemon [_thread_blocked, id=15232, stack(0x000000b200600000,0x000000b200700000)]
  0x000001fbc0a1b800 JavaThread "Service Thread" daemon [_thread_blocked, id=2680, stack(0x000000b200700000,0x000000b200800000)]
  0x000001fbc1d9c000 JavaThread "Daemon health stats" [_thread_blocked, id=13384, stack(0x000000b200b00000,0x000000b200c00000)]
  0x000001fbc1d91000 JavaThread "Incoming local TCP Connector on port 52559" [_thread_in_native, id=6508, stack(0x000000b200d00000,0x000000b200e00000)]
  0x000001fbc22fa000 JavaThread "Daemon periodic checks" [_thread_blocked, id=7344, stack(0x000000b200e00000,0x000000b200f00000)]
  0x000001fbc1cfe000 JavaThread "Daemon" [_thread_blocked, id=7020, stack(0x000000b200f00000,0x000000b201000000)]
  0x000001fbc1834000 JavaThread "Handler for socket connection from /127.0.0.1:52559 to /127.0.0.1:52560" [_thread_in_native, id=3160, stack(0x000000b201000000,0x000000b201100000)]
  0x000001fbc2414800 JavaThread "Cancel handler" [_thread_blocked, id=10896, stack(0x000000b201100000,0x000000b201200000)]
  0x000001fbc2411800 JavaThread "Daemon worker" [_thread_blocked, id=2584, stack(0x000000b201200000,0x000000b201300000)]
  0x000001fbc1cee800 JavaThread "Asynchronous log dispatcher for DefaultDaemonConnection: socket connection from /127.0.0.1:52559 to /127.0.0.1:52560" [_thread_blocked, id=1692, stack(0x000000b201300000,0x000000b201400000)]
  0x000001fbc1c26000 JavaThread "Stdin handler" [_thread_blocked, id=7048, stack(0x000000b201400000,0x000000b201500000)]
  0x000001fbc180e000 JavaThread "Thread-8" [_thread_blocked, id=6712, stack(0x000000b201500000,0x000000b201600000)]
  0x000001fbc2aaa000 JavaThread "Cache worker for file hash cache (C:\Users\Ferz\.gradle\caches\6.7.1\fileHashes)" [_thread_blocked, id=2180, stack(0x000000b201c00000,0x000000b201d00000)]
  0x000001fbc2aaa800 JavaThread "File lock request listener" [_thread_in_native, id=3480, stack(0x000000b201d00000,0x000000b201e00000)]
  0x000001fbc2aa6800 JavaThread "Cache worker for journal cache (C:\Users\Ferz\.gradle\caches\journal-1)" [_thread_blocked, id=8672, stack(0x000000b201f00000,0x000000b202000000)]
  0x000001fbc2aa5000 JavaThread "Cache worker for file hash cache (C:\Users\Ferz\AndroidStudioProjects\rumireazgarbovpractice4\.gradle\6.7.1\fileHashes)" [_thread_blocked, id=9036, stack(0x000000b202000000,0x000000b202100000)]
  0x000001fbc2aab800 JavaThread "Cache worker for checksums cache (C:\Users\Ferz\AndroidStudioProjects\rumireazgarbovpractice4\.gradle\checksums)" [_thread_blocked, id=12876, stack(0x000000b202100000,0x000000b202200000)]
  0x000001fbc2aa5800 JavaThread "Cache worker for cache directory md-supplier (C:\Users\Ferz\.gradle\caches\6.7.1\md-supplier)" [_thread_blocked, id=10728, stack(0x000000b202200000,0x000000b202300000)]
  0x000001fbc2aa7800 JavaThread "Cache worker for cache directory md-rule (C:\Users\Ferz\.gradle\caches\6.7.1\md-rule)" [_thread_blocked, id=15192, stack(0x000000b202300000,0x000000b202400000)]
  0x000001fbc2aa8000 JavaThread "Cache worker for execution history cache (C:\Users\Ferz\.gradle\caches\6.7.1\executionHistory)" [_thread_blocked, id=13972, stack(0x000000b202400000,0x000000b202500000)]
  0x000001fbc2aa9000 JavaThread "jar transforms" [_thread_blocked, id=8728, stack(0x000000b202500000,0x000000b202600000)]
  0x000001fbc19eb800 JavaThread "Cache worker for file content cache (C:\Users\Ferz\.gradle\caches\6.7.1\fileContent)" [_thread_blocked, id=11144, stack(0x000000b202600000,0x000000b202700000)]
  0x000001fbc19e5800 JavaThread "Cache worker for Build Output Cleanup Cache (C:\Users\Ferz\AndroidStudioProjects\rumireazgarbovpractice4\.gradle\buildOutputCleanup)" [_thread_blocked, id=832, stack(0x000000b202700000,0x000000b202800000)]
  0x000001fbc19ec000 JavaThread "Build operations" [_thread_blocked, id=828, stack(0x000000b202800000,0x000000b202900000)]
  0x000001fbc19e6800 JavaThread "Build operations Thread 2" [_thread_blocked, id=13416, stack(0x000000b202900000,0x000000b202a00000)]
  0x000001fbc19ed000 JavaThread "Build operations Thread 3" [_thread_blocked, id=14472, stack(0x000000b202a00000,0x000000b202b00000)]
  0x000001fbc19e7000 JavaThread "Build operations Thread 4" [_thread_blocked, id=12860, stack(0x000000b202b00000,0x000000b202c00000)]
  0x000001fbc19ed800 JavaThread "Build operations Thread 5" [_thread_blocked, id=2020, stack(0x000000b202c00000,0x000000b202d00000)]
  0x000001fbc19e8000 JavaThread "Build operations Thread 6" [_thread_blocked, id=6496, stack(0x000000b202d00000,0x000000b202e00000)]
  0x000001fbc19e9000 JavaThread "Build operations Thread 7" [_thread_blocked, id=15020, stack(0x000000b202e00000,0x000000b202f00000)]
  0x000001fbc19ef800 JavaThread "Build operations Thread 8" [_thread_blocked, id=7404, stack(0x000000b202f00000,0x000000b203000000)]
  0x000001fbc19ee800 JavaThread "jar transforms Thread 2" [_thread_blocked, id=13204, stack(0x000000b203000000,0x000000b203100000)]
  0x000001fbc19ea800 JavaThread "jar transforms Thread 3" [_thread_blocked, id=13628, stack(0x000000b203100000,0x000000b203200000)]
  0x000001fbc19f2800 JavaThread "jar transforms Thread 4" [_thread_blocked, id=4300, stack(0x000000b203200000,0x000000b203300000)]
  0x000001fbc19f1000 JavaThread "jar transforms Thread 5" [_thread_blocked, id=6008, stack(0x000000b203300000,0x000000b203400000)]
  0x000001fbc19f0000 JavaThread "jar transforms Thread 6" [_thread_blocked, id=9448, stack(0x000000b203400000,0x000000b203500000)]
  0x000001fbc19f3800 JavaThread "jar transforms Thread 7" [_thread_blocked, id=4844, stack(0x000000b203500000,0x000000b203600000)]
  0x000001fbc19f2000 JavaThread "jar transforms Thread 8" [_thread_blocked, id=7548, stack(0x000000b203600000,0x000000b203700000)]
  0x000001fbc19f4800 JavaThread "jar transforms Thread 9" [_thread_blocked, id=13128, stack(0x000000b203700000,0x000000b203800000)]
  0x000001fbc5514000 JavaThread "jar transforms Thread 10" [_thread_blocked, id=8776, stack(0x000000b203800000,0x000000b203900000)]
  0x000001fbc5518800 JavaThread "jar transforms Thread 11" [_thread_blocked, id=7996, stack(0x000000b203900000,0x000000b203a00000)]
  0x000001fbc5517800 JavaThread "jar transforms Thread 12" [_thread_blocked, id=14924, stack(0x000000b203a00000,0x000000b203b00000)]
  0x000001fbc5512800 JavaThread "jar transforms Thread 13" [_thread_blocked, id=13672, stack(0x000000b203b00000,0x000000b203c00000)]
  0x000001fbc5519000 JavaThread "jar transforms Thread 14" [_thread_blocked, id=13708, stack(0x000000b203c00000,0x000000b203d00000)]
  0x000001fbc5516000 JavaThread "jar transforms Thread 15" [_thread_blocked, id=132, stack(0x000000b203d00000,0x000000b203e00000)]
  0x000001fbc5513800 JavaThread "jar transforms Thread 16" [_thread_blocked, id=9920, stack(0x000000b203e00000,0x000000b203f00000)]
  0x000001fbc551a000 JavaThread "jar transforms Thread 17" [_thread_blocked, id=9332, stack(0x000000b203f00000,0x000000b204000000)]
  0x000001fbc551a800 JavaThread "jar transforms Thread 18" [_thread_blocked, id=14916, stack(0x000000b204000000,0x000000b204100000)]
  0x000001fbc5515000 JavaThread "jar transforms Thread 19" [_thread_blocked, id=2860, stack(0x000000b204100000,0x000000b204200000)]
  0x000001fbc551c800 JavaThread "jar transforms Thread 20" [_thread_blocked, id=8572, stack(0x000000b204200000,0x000000b204300000)]
  0x000001fbc551b800 JavaThread "jar transforms Thread 21" [_thread_blocked, id=15016, stack(0x000000b204300000,0x000000b204400000)]
  0x000001fbc5516800 JavaThread "jar transforms Thread 22" [_thread_blocked, id=13028, stack(0x000000b204400000,0x000000b204500000)]
  0x000001fbc551d000 JavaThread "jar transforms Thread 23" [_thread_blocked, id=15196, stack(0x000000b204500000,0x000000b204600000)]
  0x000001fbc551f000 JavaThread "jar transforms Thread 24" [_thread_blocked, id=14668, stack(0x000000b204600000,0x000000b204700000)]
  0x000001fbc551f800 JavaThread "jar transforms Thread 25" [_thread_blocked, id=13696, stack(0x000000b204700000,0x000000b204800000)]
  0x000001fbc551e000 JavaThread "jar transforms Thread 26" [_thread_blocked, id=6596, stack(0x000000b204800000,0x000000b204900000)]
  0x000001fbc5520800 JavaThread "jar transforms Thread 27" [_thread_blocked, id=456, stack(0x000000b204900000,0x000000b204a00000)]
  0x000001fbc5521800 JavaThread "jar transforms Thread 28" [_thread_blocked, id=15220, stack(0x000000b204a00000,0x000000b204b00000)]
  0x000001fbc5802800 JavaThread "jar transforms Thread 29" [_thread_blocked, id=10076, stack(0x000000b204b00000,0x000000b204c00000)]
  0x000001fbc57fd800 JavaThread "jar transforms Thread 30" [_thread_blocked, id=9904, stack(0x000000b204c00000,0x000000b204d00000)]
  0x000001fbc5801000 JavaThread "jar transforms Thread 31" [_thread_blocked, id=12404, stack(0x000000b204d00000,0x000000b204e00000)]
  0x000001fbc57fe800 JavaThread "jar transforms Thread 32" [_thread_blocked, id=6504, stack(0x000000b204e00000,0x000000b204f00000)]
  0x000001fbc57fc800 JavaThread "jar transforms Thread 33" [_thread_blocked, id=8136, stack(0x000000b204f00000,0x000000b205000000)]
  0x000001fbc5804000 JavaThread "jar transforms Thread 34" [_thread_blocked, id=12112, stack(0x000000b205000000,0x000000b205100000)]
  0x000001fbc5803000 JavaThread "jar transforms Thread 35" [_thread_blocked, id=11572, stack(0x000000b205100000,0x000000b205200000)]
  0x000001fbc5805000 JavaThread "jar transforms Thread 36" [_thread_blocked, id=10988, stack(0x000000b205200000,0x000000b205300000)]
  0x000001fbc5800000 JavaThread "jar transforms Thread 37" [_thread_blocked, id=14876, stack(0x000000b205300000,0x000000b205400000)]
  0x000001fbc57ff000 JavaThread "jar transforms Thread 38" [_thread_blocked, id=7096, stack(0x000000b205400000,0x000000b205500000)]
  0x000001fbc5805800 JavaThread "jar transforms Thread 39" [_thread_blocked, id=12912, stack(0x000000b205500000,0x000000b205600000)]
  0x000001fbc5806800 JavaThread "jar transforms Thread 40" [_thread_blocked, id=13420, stack(0x000000b205600000,0x000000b205700000)]
  0x000001fbc5801800 JavaThread "jar transforms Thread 41" [_thread_blocked, id=15028, stack(0x000000b205700000,0x000000b205800000)]
  0x000001fbc580b800 JavaThread "jar transforms Thread 42" [_thread_blocked, id=13264, stack(0x000000b205800000,0x000000b205900000)]
  0x000001fbc5809800 JavaThread "jar transforms Thread 43" [_thread_blocked, id=13380, stack(0x000000b205900000,0x000000b205a00000)]
  0x000001fbc5807800 JavaThread "jar transforms Thread 44" [_thread_blocked, id=14228, stack(0x000000b205a00000,0x000000b205b00000)]
  0x000001fbc5808000 JavaThread "jar transforms Thread 45" [_thread_blocked, id=13740, stack(0x000000b205b00000,0x000000b205c00000)]
  0x000001fbc580a800 JavaThread "jar transforms Thread 46" [_thread_blocked, id=7464, stack(0x000000b205c00000,0x000000b205d00000)]
  0x000001fbc5809000 JavaThread "jar transforms Thread 47" [_thread_blocked, id=1892, stack(0x000000b205d00000,0x000000b205e00000)]
  0x000001fbc5a0d800 JavaThread "jar transforms Thread 48" [_thread_blocked, id=11536, stack(0x000000b205e00000,0x000000b205f00000)]
  0x000001fbc5a09000 JavaThread "jar transforms Thread 49" [_thread_blocked, id=5400, stack(0x000000b205f00000,0x000000b206000000)]
  0x000001fbc5a08000 JavaThread "jar transforms Thread 50" [_thread_blocked, id=2212, stack(0x000000b206000000,0x000000b206100000)]
  0x000001fbc5a0d000 JavaThread "jar transforms Thread 51" [_thread_blocked, id=8916, stack(0x000000b206100000,0x000000b206200000)]
  0x000001fbc5a0e800 JavaThread "jar transforms Thread 52" [_thread_blocked, id=12872, stack(0x000000b206200000,0x000000b206300000)]
  0x000001fbc5a0b800 JavaThread "jar transforms Thread 53" [_thread_blocked, id=15024, stack(0x000000b206300000,0x000000b206400000)]
  0x000001fbc5a0f800 JavaThread "jar transforms Thread 54" [_thread_blocked, id=4856, stack(0x000000b206400000,0x000000b206500000)]
  0x000001fbc5a0c000 JavaThread "jar transforms Thread 55" [_thread_blocked, id=4888, stack(0x000000b206500000,0x000000b206600000)]
  0x000001fbc5a09800 JavaThread "jar transforms Thread 56" [_thread_blocked, id=4012, stack(0x000000b206600000,0x000000b206700000)]
  0x000001fbc5a10000 JavaThread "jar transforms Thread 57" [_thread_blocked, id=8928, stack(0x000000b206700000,0x000000b206800000)]
  0x000001fbc5a0a800 JavaThread "jar transforms Thread 58" [_thread_blocked, id=12080, stack(0x000000b206800000,0x000000b206900000)]
  0x000001fbc5a14000 JavaThread "jar transforms Thread 59" [_thread_blocked, id=5936, stack(0x000000b206900000,0x000000b206a00000)]
  0x000001fbc5a15000 JavaThread "jar transforms Thread 60" [_thread_blocked, id=9624, stack(0x000000b206a00000,0x000000b206b00000)]
  0x000001fbc5a12800 JavaThread "jar transforms Thread 61" [_thread_blocked, id=2468, stack(0x000000b206b00000,0x000000b206c00000)]
  0x000001fbc5a13800 JavaThread "jar transforms Thread 62" [_thread_blocked, id=7752, stack(0x000000b206c00000,0x000000b206d00000)]
  0x000001fbc5a11000 JavaThread "jar transforms Thread 63" [_thread_blocked, id=9716, stack(0x000000b206d00000,0x000000b206e00000)]
  0x000001fbc5a16000 JavaThread "jar transforms Thread 64" [_thread_blocked, id=7952, stack(0x000000b206e00000,0x000000b206f00000)]
  0x000001fbc5a16800 JavaThread "jar transforms Thread 65" [_thread_blocked, id=10676, stack(0x000000b206f00000,0x000000b207000000)]
  0x000001fbc5a12000 JavaThread "jar transforms Thread 66" [_thread_blocked, id=2976, stack(0x000000b207000000,0x000000b207100000)]
  0x000001fbc546f000 JavaThread "jar transforms Thread 67" [_thread_blocked, id=6644, stack(0x000000b207100000,0x000000b207200000)]
  0x000001fbc546c800 JavaThread "jar transforms Thread 68" [_thread_blocked, id=11420, stack(0x000000b207200000,0x000000b207300000)]
  0x000001fbc546f800 JavaThread "jar transforms Thread 69" [_thread_blocked, id=14856, stack(0x000000b207300000,0x000000b207400000)]
  0x000001fbc546d000 JavaThread "jar transforms Thread 70" [_thread_blocked, id=14436, stack(0x000000b207400000,0x000000b207500000)]
  0x000001fbc546a000 JavaThread "jar transforms Thread 71" [_thread_blocked, id=10600, stack(0x000000b207500000,0x000000b207600000)]
  0x000001fbc5470800 JavaThread "jar transforms Thread 72" [_thread_blocked, id=15004, stack(0x000000b207600000,0x000000b207700000)]
  0x000001fbc546a800 JavaThread "jar transforms Thread 73" [_thread_blocked, id=11876, stack(0x000000b207700000,0x000000b207800000)]
  0x000001fbc5471800 JavaThread "jar transforms Thread 74" [_thread_blocked, id=6928, stack(0x000000b207800000,0x000000b207900000)]
  0x000001fbc546b800 JavaThread "jar transforms Thread 75" [_thread_blocked, id=10536, stack(0x000000b207900000,0x000000b207a00000)]
  0x000001fbc546e000 JavaThread "jar transforms Thread 76" [_thread_blocked, id=6924, stack(0x000000b207a00000,0x000000b207b00000)]
  0x000001fbc5477000 JavaThread "jar transforms Thread 77" [_thread_blocked, id=1976, stack(0x000000b207b00000,0x000000b207c00000)]
  0x000001fbc5474800 JavaThread "jar transforms Thread 78" [_thread_blocked, id=8760, stack(0x000000b207c00000,0x000000b207d00000)]
  0x000001fbc5473800 JavaThread "jar transforms Thread 79" [_thread_blocked, id=14972, stack(0x000000b207d00000,0x000000b207e00000)]
  0x000001fbc5478000 JavaThread "jar transforms Thread 80" [_thread_blocked, id=12760, stack(0x000000b207e00000,0x000000b207f00000)]
  0x000001fbc5475800 JavaThread "jar transforms Thread 81" [_thread_blocked, id=3084, stack(0x000000b207f00000,0x000000b208000000)]
  0x000001fbc5476000 JavaThread "jar transforms Thread 82" [_thread_blocked, id=13428, stack(0x000000b208000000,0x000000b208100000)]
  0x000001fbc5472000 JavaThread "jar transforms Thread 83" [_thread_blocked, id=15000, stack(0x000000b208100000,0x000000b208200000)]
  0x000001fbc5478800 JavaThread "jar transforms Thread 84" [_thread_blocked, id=14248, stack(0x000000b208200000,0x000000b208300000)]
  0x000001fbc5473000 JavaThread "jar transforms Thread 85" [_thread_blocked, id=14832, stack(0x000000b208300000,0x000000b208400000)]
  0x000001fbc599b800 JavaThread "jar transforms Thread 86" [_thread_blocked, id=2172, stack(0x000000b208400000,0x000000b208500000)]
  0x000001fbc599d000 JavaThread "jar transforms Thread 87" [_thread_blocked, id=15056, stack(0x000000b208500000,0x000000b208600000)]
  0x000001fbc599a800 JavaThread "jar transforms Thread 88" [_thread_blocked, id=4172, stack(0x000000b208600000,0x000000b208700000)]
  0x000001fbc599c000 JavaThread "jar transforms Thread 89" [_thread_blocked, id=6336, stack(0x000000b208700000,0x000000b208800000)]
  0x000001fbc5997000 JavaThread "jar transforms Thread 90" [_thread_blocked, id=5524, stack(0x000000b208800000,0x000000b208900000)]
  0x000001fbc599d800 JavaThread "jar transforms Thread 91" [_thread_blocked, id=1444, stack(0x000000b208900000,0x000000b208a00000)]
  0x000001fbc5998000 JavaThread "jar transforms Thread 92" [_thread_blocked, id=14604, stack(0x000000b208a00000,0x000000b208b00000)]
  0x000001fbc599e800 JavaThread "jar transforms Thread 93" [_thread_blocked, id=13596, stack(0x000000b208b00000,0x000000b208c00000)]
  0x000001fbc5999000 JavaThread "jar transforms Thread 94" [_thread_blocked, id=12324, stack(0x000000b208c00000,0x000000b208d00000)]
  0x000001fbc5999800 JavaThread "jar transforms Thread 95" [_thread_blocked, id=1796, stack(0x000000b208d00000,0x000000b208e00000)]
  0x000001fbc59a4000 JavaThread "jar transforms Thread 96" [_thread_blocked, id=11192, stack(0x000000b208e00000,0x000000b208f00000)]
  0x000001fbc59a3800 JavaThread "jar transforms Thread 97" [_thread_blocked, id=15112, stack(0x000000b208f00000,0x000000b209000000)]
  0x000001fbc59a2000 JavaThread "Memory manager" [_thread_blocked, id=13996, stack(0x000000b209000000,0x000000b209100000)]
  0x000001fbc599f800 JavaThread "build event listener" [_thread_blocked, id=9652, stack(0x000000b209100000,0x000000b209200000)]
  0x000001fbc59a5000 JavaThread "build event listener" [_thread_blocked, id=6056, stack(0x000000b209200000,0x000000b209300000)]
  0x000001fbc59a6000 JavaThread "Execution worker for ':'" [_thread_blocked, id=3816, stack(0x000000b209300000,0x000000b209400000)]
  0x000001fbc59a2800 JavaThread "Execution worker for ':' Thread 2" [_thread_blocked, id=3152, stack(0x000000b209400000,0x000000b209500000)]
  0x000001fbc59a0000 JavaThread "Execution worker for ':' Thread 3" [_thread_blocked, id=304, stack(0x000000b209500000,0x000000b209600000)]
  0x000001fbc59a1000 JavaThread "Execution worker for ':' Thread 4" [_thread_blocked, id=5728, stack(0x000000b209600000,0x000000b209700000)]
  0x000001fbc79d0800 JavaThread "Execution worker for ':' Thread 5" [_thread_blocked, id=1600, stack(0x000000b209700000,0x000000b209800000)]
  0x000001fbc79cf000 JavaThread "Execution worker for ':' Thread 6" [_thread_blocked, id=16308, stack(0x000000b209800000,0x000000b209900000)]
  0x000001fbc79d4800 JavaThread "Execution worker for ':' Thread 7" [_thread_blocked, id=13960, stack(0x000000b209900000,0x000000b209a00000)]
  0x000001fbc79d0000 JavaThread "Cache worker for execution history cache (C:\Users\Ferz\AndroidStudioProjects\rumireazgarbovpractice4\.gradle\6.7.1\executionHistory)" [_thread_blocked, id=13732, stack(0x000000b209a00000,0x000000b209b00000)]
  0x000001fbc79d5800 JavaThread "WorkerExecutor Queue" [_thread_blocked, id=9864, stack(0x000000b209b00000,0x000000b209c00000)]
  0x000001fbc79d2000 JavaThread "WorkerExecutor Queue Thread 2" [_thread_blocked, id=2832, stack(0x000000b209c00000,0x000000b209d00000)]
  0x000001fbc79d7000 JavaThread "WorkerExecutor Queue Thread 3" [_thread_blocked, id=14624, stack(0x000000b209d00000,0x000000b209e00000)]
  0x000001fbc79d6800 JavaThread "WorkerExecutor Queue Thread 4" [_thread_blocked, id=5380, stack(0x000000b209e00000,0x000000b209f00000)]
  0x000001fbc79d4000 JavaThread "WorkerExecutor Queue Thread 5" [_thread_blocked, id=14380, stack(0x000000b209f00000,0x000000b20a000000)]
  0x000001fbc79d3000 JavaThread "WorkerExecutor Queue Thread 6" [_thread_blocked, id=9576, stack(0x000000b20a000000,0x000000b20a100000)]
  0x000001fbc79d1800 JavaThread "WorkerExecutor Queue Thread 7" [_thread_blocked, id=11320, stack(0x000000b20a100000,0x000000b20a200000)]
  0x000001fbc79da800 JavaThread "WorkerExecutor Queue Thread 8" [_thread_blocked, id=6104, stack(0x000000b20a200000,0x000000b20a300000)]

Other Threads:
=>0x000001fbc0869000 VMThread "VM Thread" [stack: 0x000000b27fe00000,0x000000b27ff00000] [id=12356]
  0x000001fbc0a1c800 WatcherThread [stack: 0x000000b200800000,0x000000b200900000] [id=2208]
  0x000001fba5d32000 GCTaskThread "GC Thread#0" [stack: 0x000000b27f900000,0x000000b27fa00000] [id=3564]
  0x000001fbc17d3800 GCTaskThread "GC Thread#1" [stack: 0x000000b200a00000,0x000000b200b00000] [id=1192]
  0x000001fbc1ee2800 GCTaskThread "GC Thread#2" [stack: 0x000000b201600000,0x000000b201700000] [id=1688]
  0x000001fbc297f800 GCTaskThread "GC Thread#3" [stack: 0x000000b201700000,0x000000b201800000] [id=6932]
  0x000001fbc2992000 GCTaskThread "GC Thread#4" [stack: 0x000000b201800000,0x000000b201900000] [id=11504]
  0x000001fbc17ee800 GCTaskThread "GC Thread#5" [stack: 0x000000b201900000,0x000000b201a00000] [id=9960]
  0x000001fbc1639800 GCTaskThread "GC Thread#6" [stack: 0x000000b201a00000,0x000000b201b00000] [id=12828]
  0x000001fbc163a800 GCTaskThread "GC Thread#7" [stack: 0x000000b201b00000,0x000000b201c00000] [id=13240]
  0x000001fba5d65800 ConcurrentGCThread "G1 Main Marker" [stack: 0x000000b27fa00000,0x000000b27fb00000] [id=8072]
  0x000001fba5d67000 ConcurrentGCThread "G1 Conc#0" [stack: 0x000000b27fb00000,0x000000b27fc00000] [id=12596]
  0x000001fbc2b3b000 ConcurrentGCThread "G1 Conc#1" [stack: 0x000000b201e00000,0x000000b201f00000] [id=6976]
  0x000001fba5dfe000 ConcurrentGCThread "G1 Refine#0" [stack: 0x000000b27fc00000,0x000000b27fd00000] [id=6320]
  0x000001fbbfe94800 ConcurrentGCThread "G1 Young RemSet Sampling" [stack: 0x000000b27fd00000,0x000000b27fe00000] [id=7712]

Threads with active compile tasks:
C2 CompilerThread0  18164 11952   !   4       java.util.zip.InflaterInputStream::read (138 bytes)
C1 CompilerThread0  18164 12637       2       com.android.tools.r8.v.b.v1::<init> (112 bytes)

VM state:at safepoint (normal execution)

VM Mutex/Monitor currently owned by a thread:  ([mutex/lock_event])
[0x000001fba5d1c170] Threads_lock - owner thread: 0x000001fbc0869000
[0x000001fba5d1c200] Heap_lock - owner thread: 0x000001fbc79cf000

Heap address: 0x0000000080000000, size: 2048 MB, Compressed Oops mode: 32-bit
Narrow klass base: 0x0000000000000000, Narrow klass shift: 3
Compressed class space size: 1073741824 Address: 0x0000000100000000

Heap:
 garbage-first heap   total 220160K, used 85476K [0x0000000080000000, 0x0000000100000000)
  region size 1024K, 7 young (7168K), 7 survivors (7168K)
 Metaspace       used 97927K, capacity 100718K, committed 101068K, reserved 1136640K
  class space    used 12663K, capacity 13715K, committed 13824K, reserved 1048576K
Heap Regions: E=young(eden), S=young(survivor), O=old, HS=humongous(starts), HC=humongous(continues), CS=collection set, F=free, A=archive, TAMS=top-at-mark-start (previous, next)
|   0|0x0000000080000000, 0x0000000080100000, 0x0000000080100000|100%| O|  |TAMS 0x0000000080100000, 0x0000000080000000| Untracked 
|   1|0x0000000080100000, 0x0000000080200000, 0x0000000080200000|100%| O|  |TAMS 0x0000000080200000, 0x0000000080100000| Untracked 
|   2|0x0000000080200000, 0x0000000080300000, 0x0000000080300000|100%| O|  |TAMS 0x0000000080300000, 0x0000000080200000| Untracked 
|   3|0x0000000080300000, 0x0000000080400000, 0x0000000080400000|100%|HS|  |TAMS 0x0000000080400000, 0x0000000080300000| Complete 
|   4|0x0000000080400000, 0x0000000080500000, 0x0000000080500000|100%|HC|  |TAMS 0x0000000080500000, 0x0000000080400000| Complete 
|   5|0x0000000080500000, 0x0000000080600000, 0x0000000080600000|100%|HC|  |TAMS 0x0000000080600000, 0x0000000080500000| Complete 
|   6|0x0000000080600000, 0x0000000080700000, 0x0000000080700000|100%| O|  |TAMS 0x0000000080700000, 0x0000000080600000| Untracked 
|   7|0x0000000080700000, 0x0000000080800000, 0x0000000080800000|100%| O|  |TAMS 0x0000000080800000, 0x0000000080700000| Untracked 
|   8|0x0000000080800000, 0x0000000080900000, 0x0000000080900000|100%| O|  |TAMS 0x0000000080900000, 0x0000000080800000| Untracked 
|   9|0x0000000080900000, 0x0000000080a00000, 0x0000000080a00000|100%| O|  |TAMS 0x0000000080a00000, 0x0000000080900000| Untracked 
|  10|0x0000000080a00000, 0x0000000080b00000, 0x0000000080b00000|100%| O|  |TAMS 0x0000000080b00000, 0x0000000080a00000| Untracked 
|  11|0x0000000080b00000, 0x0000000080c00000, 0x0000000080c00000|100%| O|  |TAMS 0x0000000080c00000, 0x0000000080b00000| Untracked 
|  12|0x0000000080c00000, 0x0000000080d00000, 0x0000000080d00000|100%| O|  |TAMS 0x0000000080d00000, 0x0000000080c00000| Untracked 
|  13|0x0000000080d00000, 0x0000000080e00000, 0x0000000080e00000|100%| O|  |TAMS 0x0000000080e00000, 0x0000000080d00000| Untracked 
|  14|0x0000000080e00000, 0x0000000080f00000, 0x0000000080f00000|100%| O|  |TAMS 0x0000000080f00000, 0x0000000080e00000| Untracked 
|  15|0x0000000080f00000, 0x0000000081000000, 0x0000000081000000|100%| O|  |TAMS 0x0000000081000000, 0x0000000080f00000| Untracked 
|  16|0x0000000081000000, 0x0000000081100000, 0x0000000081100000|100%| O|  |TAMS 0x0000000081100000, 0x0000000081000000| Untracked 
|  17|0x0000000081100000, 0x0000000081200000, 0x0000000081200000|100%| O|  |TAMS 0x0000000081200000, 0x0000000081100000| Untracked 
|  18|0x0000000081200000, 0x0000000081300000, 0x0000000081300000|100%| O|  |TAMS 0x0000000081300000, 0x0000000081200000| Untracked 
|  19|0x0000000081300000, 0x0000000081400000, 0x0000000081400000|100%| O|  |TAMS 0x0000000081400000, 0x0000000081300000| Untracked 
|  20|0x0000000081400000, 0x0000000081500000, 0x0000000081500000|100%| O|  |TAMS 0x0000000081500000, 0x0000000081400000| Untracked 
|  21|0x0000000081500000, 0x0000000081600000, 0x0000000081600000|100%|HS|  |TAMS 0x0000000081600000, 0x0000000081500000| Complete 
|  22|0x0000000081600000, 0x0000000081700000, 0x0000000081700000|100%|HS|  |TAMS 0x0000000081700000, 0x0000000081600000| Complete 
|  23|0x0000000081700000, 0x0000000081800000, 0x0000000081800000|100%|HC|  |TAMS 0x0000000081800000, 0x0000000081700000| Complete 
|  24|0x0000000081800000, 0x0000000081900000, 0x0000000081900000|100%| O|  |TAMS 0x0000000081900000, 0x0000000081800000| Untracked 
|  25|0x0000000081900000, 0x0000000081a00000, 0x0000000081a00000|100%| O|  |TAMS 0x0000000081a00000, 0x0000000081900000| Untracked 
|  26|0x0000000081a00000, 0x0000000081b00000, 0x0000000081b00000|100%| O|  |TAMS 0x0000000081b00000, 0x0000000081a00000| Untracked 
|  27|0x0000000081b00000, 0x0000000081c00000, 0x0000000081c00000|100%| O|  |TAMS 0x0000000081c00000, 0x0000000081b00000| Untracked 
|  28|0x0000000081c00000, 0x0000000081d00000, 0x0000000081d00000|100%| O|  |TAMS 0x0000000081d00000, 0x0000000081c00000| Untracked 
|  29|0x0000000081d00000, 0x0000000081e00000, 0x0000000081e00000|100%| O|  |TAMS 0x0000000081e00000, 0x0000000081d00000| Untracked 
|  30|0x0000000081e00000, 0x0000000081f00000, 0x0000000081f00000|100%| O|  |TAMS 0x0000000081f00000, 0x0000000081e00000| Untracked 
|  31|0x0000000081f00000, 0x0000000082000000, 0x0000000082000000|100%| O|  |TAMS 0x0000000082000000, 0x0000000081f00000| Untracked 
|  32|0x0000000082000000, 0x0000000082100000, 0x0000000082100000|100%| O|  |TAMS 0x0000000082100000, 0x0000000082000000| Untracked 
|  33|0x0000000082100000, 0x0000000082200000, 0x0000000082200000|100%| O|  |TAMS 0x0000000082200000, 0x0000000082100000| Untracked 
|  34|0x0000000082200000, 0x0000000082300000, 0x0000000082300000|100%| O|  |TAMS 0x0000000082300000, 0x0000000082200000| Untracked 
|  35|0x0000000082300000, 0x0000000082400000, 0x0000000082400000|100%| O|  |TAMS 0x0000000082400000, 0x0000000082300000| Untracked 
|  36|0x0000000082400000, 0x0000000082500000, 0x0000000082500000|100%| O|  |TAMS 0x0000000082500000, 0x0000000082400000| Untracked 
|  37|0x0000000082500000, 0x0000000082600000, 0x0000000082600000|100%| O|  |TAMS 0x0000000082600000, 0x0000000082500000| Untracked 
|  38|0x0000000082600000, 0x0000000082700000, 0x0000000082700000|100%| O|  |TAMS 0x0000000082700000, 0x0000000082600000| Untracked 
|  39|0x0000000082700000, 0x0000000082800000, 0x0000000082800000|100%| O|  |TAMS 0x0000000082800000, 0x0000000082700000| Untracked 
|  40|0x0000000082800000, 0x0000000082900000, 0x0000000082900000|100%| O|  |TAMS 0x0000000082900000, 0x0000000082800000| Untracked 
|  41|0x0000000082900000, 0x0000000082a00000, 0x0000000082a00000|100%| O|  |TAMS 0x0000000082a00000, 0x0000000082900000| Untracked 
|  42|0x0000000082a00000, 0x0000000082b00000, 0x0000000082b00000|100%| O|  |TAMS 0x0000000082b00000, 0x0000000082a00000| Untracked 
|  43|0x0000000082b00000, 0x0000000082c00000, 0x0000000082c00000|100%| O|  |TAMS 0x0000000082c00000, 0x0000000082b00000| Untracked 
|  44|0x0000000082c00000, 0x0000000082d00000, 0x0000000082d00000|100%| O|  |TAMS 0x0000000082d00000, 0x0000000082c00000| Untracked 
|  45|0x0000000082d00000, 0x0000000082e00000, 0x0000000082e00000|100%| O|  |TAMS 0x0000000082e00000, 0x0000000082d00000| Untracked 
|  46|0x0000000082e00000, 0x0000000082f00000, 0x0000000082f00000|100%| O|  |TAMS 0x0000000082f00000, 0x0000000082e00000| Untracked 
|  47|0x0000000082f00000, 0x0000000083000000, 0x0000000083000000|100%| O|  |TAMS 0x0000000083000000, 0x0000000082f00000| Untracked 
|  48|0x0000000083000000, 0x0000000083100000, 0x0000000083100000|100%| O|  |TAMS 0x0000000083100000, 0x0000000083000000| Untracked 
|  49|0x0000000083100000, 0x0000000083200000, 0x0000000083200000|100%| O|  |TAMS 0x0000000083200000, 0x0000000083100000| Untracked 
|  50|0x0000000083200000, 0x0000000083300000, 0x0000000083300000|100%| O|  |TAMS 0x0000000083300000, 0x0000000083200000| Untracked 
|  51|0x0000000083300000, 0x0000000083400000, 0x0000000083400000|100%| O|  |TAMS 0x0000000083400000, 0x0000000083300000| Untracked 
|  52|0x0000000083400000, 0x0000000083500000, 0x0000000083500000|100%| O|  |TAMS 0x0000000083500000, 0x0000000083400000| Untracked 
|  53|0x0000000083500000, 0x0000000083600000, 0x0000000083600000|100%| O|  |TAMS 0x0000000083600000, 0x0000000083500000| Untracked 
|  54|0x0000000083600000, 0x0000000083700000, 0x0000000083700000|100%| O|  |TAMS 0x0000000083700000, 0x0000000083600000| Untracked 
|  55|0x0000000083700000, 0x0000000083800000, 0x0000000083800000|100%| O|  |TAMS 0x0000000083800000, 0x0000000083700000| Untracked 
|  56|0x0000000083800000, 0x0000000083900000, 0x0000000083900000|100%| O|  |TAMS 0x0000000083900000, 0x0000000083800000| Untracked 
|  57|0x0000000083900000, 0x0000000083a00000, 0x0000000083a00000|100%| O|  |TAMS 0x0000000083900000, 0x0000000083900000| Untracked 
|  58|0x0000000083a00000, 0x0000000083b00000, 0x0000000083b00000|100%| O|  |TAMS 0x0000000083a00000, 0x0000000083a00000| Untracked 
|  59|0x0000000083b00000, 0x0000000083c00000, 0x0000000083c00000|100%| O|  |TAMS 0x0000000083b00000, 0x0000000083b00000| Untracked 
|  60|0x0000000083c00000, 0x0000000083d00000, 0x0000000083d00000|100%| O|  |TAMS 0x0000000083d00000, 0x0000000083c00000| Untracked 
|  61|0x0000000083d00000, 0x0000000083e00000, 0x0000000083e00000|100%| O|  |TAMS 0x0000000083e00000, 0x0000000083d00000| Untracked 
|  62|0x0000000083e00000, 0x0000000083f00000, 0x0000000083f00000|100%| O|  |TAMS 0x0000000083e00000, 0x0000000083e00000| Untracked 
|  63|0x0000000083f00000, 0x0000000084000000, 0x0000000084000000|100%| O|  |TAMS 0x0000000083f00000, 0x0000000083f00000| Untracked 
|  64|0x0000000084000000, 0x0000000084100000, 0x0000000084100000|100%| O|  |TAMS 0x0000000084000000, 0x0000000084000000| Untracked 
|  65|0x0000000084100000, 0x0000000084200000, 0x0000000084200000|100%| O|  |TAMS 0x0000000084100000, 0x0000000084100000| Untracked 
|  66|0x0000000084200000, 0x0000000084300000, 0x0000000084300000|100%| O|  |TAMS 0x0000000084200000, 0x0000000084200000| Untracked 
|  67|0x0000000084300000, 0x0000000084400000, 0x0000000084400000|100%| O|  |TAMS 0x0000000084300000, 0x0000000084300000| Untracked 
|  68|0x0000000084400000, 0x0000000084500000, 0x0000000084500000|100%| O|  |TAMS 0x0000000084400000, 0x0000000084400000| Untracked 
|  69|0x0000000084500000, 0x0000000084548200, 0x0000000084600000| 28%| O|  |TAMS 0x0000000084500000, 0x0000000084500000| Untracked 
|  70|0x0000000084600000, 0x0000000084600000, 0x0000000084700000|  0%| F|  |TAMS 0x0000000084600000, 0x0000000084600000| Untracked 
|  71|0x0000000084700000, 0x0000000084700000, 0x0000000084800000|  0%| F|  |TAMS 0x0000000084700000, 0x0000000084700000| Untracked 
|  72|0x0000000084800000, 0x0000000084900000, 0x0000000084900000|100%| O|  |TAMS 0x0000000084900000, 0x0000000084800000| Untracked 
|  73|0x0000000084900000, 0x0000000084a00000, 0x0000000084a00000|100%| O|  |TAMS 0x0000000084a00000, 0x0000000084900000| Untracked 
|  74|0x0000000084a00000, 0x0000000084b00000, 0x0000000084b00000|100%| O|  |TAMS 0x0000000084b00000, 0x0000000084a00000| Untracked 
|  75|0x0000000084b00000, 0x0000000084c00000, 0x0000000084c00000|100%| O|  |TAMS 0x0000000084c00000, 0x0000000084b00000| Untracked 
|  76|0x0000000084c00000, 0x0000000084d00000, 0x0000000084d00000|100%| O|  |TAMS 0x0000000084c38e00, 0x0000000084c00000| Untracked 
|  77|0x0000000084d00000, 0x0000000084d00000, 0x0000000084e00000|  0%| F|  |TAMS 0x0000000084d00000, 0x0000000084d00000| Untracked 
|  78|0x0000000084e00000, 0x0000000084f00000, 0x0000000084f00000|100%| O|  |TAMS 0x0000000084f00000, 0x0000000084e00000| Untracked 
|  79|0x0000000084f00000, 0x0000000084f00000, 0x0000000085000000|  0%| F|  |TAMS 0x0000000084f00000, 0x0000000084f00000| Untracked 
|  80|0x0000000085000000, 0x0000000085100000, 0x0000000085100000|100%| O|  |TAMS 0x0000000085100000, 0x0000000085000000| Untracked 
|  81|0x0000000085100000, 0x0000000085100000, 0x0000000085200000|  0%| F|  |TAMS 0x0000000085100000, 0x0000000085100000| Untracked 
|  82|0x0000000085200000, 0x0000000085200000, 0x0000000085300000|  0%| F|  |TAMS 0x0000000085200000, 0x0000000085200000| Untracked 
|  83|0x0000000085300000, 0x0000000085300000, 0x0000000085400000|  0%| F|  |TAMS 0x0000000085300000, 0x0000000085300000| Untracked 
|  84|0x0000000085400000, 0x0000000085400000, 0x0000000085500000|  0%| F|  |TAMS 0x0000000085400000, 0x0000000085400000| Untracked 
|  85|0x0000000085500000, 0x0000000085500000, 0x0000000085600000|  0%| F|  |TAMS 0x0000000085500000, 0x0000000085500000| Untracked 
|  86|0x0000000085600000, 0x0000000085600000, 0x0000000085700000|  0%| F|  |TAMS 0x0000000085600000, 0x0000000085600000| Untracked 
|  87|0x0000000085700000, 0x0000000085700000, 0x0000000085800000|  0%| F|  |TAMS 0x0000000085700000, 0x0000000085700000| Untracked 
|  88|0x0000000085800000, 0x0000000085800000, 0x0000000085900000|  0%| F|  |TAMS 0x0000000085800000, 0x0000000085800000| Untracked 
|  89|0x0000000085900000, 0x0000000085900000, 0x0000000085a00000|  0%| F|  |TAMS 0x0000000085900000, 0x0000000085900000| Untracked 
|  90|0x0000000085a00000, 0x0000000085a00000, 0x0000000085b00000|  0%| F|  |TAMS 0x0000000085a00000, 0x0000000085a00000| Untracked 
|  91|0x0000000085b00000, 0x0000000085b00000, 0x0000000085c00000|  0%| F|  |TAMS 0x0000000085b00000, 0x0000000085b00000| Untracked 
|  92|0x0000000085c00000, 0x0000000085c00000, 0x0000000085d00000|  0%| F|  |TAMS 0x0000000085c00000, 0x0000000085c00000| Untracked 
|  93|0x0000000085d00000, 0x0000000085d00000, 0x0000000085e00000|  0%| F|  |TAMS 0x0000000085d00000, 0x0000000085d00000| Untracked 
|  94|0x0000000085e00000, 0x0000000085e00000, 0x0000000085f00000|  0%| F|  |TAMS 0x0000000085e00000, 0x0000000085e00000| Untracked 
|  95|0x0000000085f00000, 0x0000000085f00000, 0x0000000086000000|  0%| F|  |TAMS 0x0000000085f00000, 0x0000000085f00000| Untracked 
|  96|0x0000000086000000, 0x0000000086000000, 0x0000000086100000|  0%| F|  |TAMS 0x0000000086000000, 0x0000000086000000| Untracked 
|  97|0x0000000086100000, 0x0000000086200000, 0x0000000086200000|100%| O|  |TAMS 0x0000000086200000, 0x0000000086100000| Untracked 
|  98|0x0000000086200000, 0x0000000086200000, 0x0000000086300000|  0%| F|  |TAMS 0x0000000086200000, 0x0000000086200000| Untracked 
|  99|0x0000000086300000, 0x0000000086300000, 0x0000000086400000|  0%| F|  |TAMS 0x0000000086300000, 0x0000000086300000| Untracked 
| 100|0x0000000086400000, 0x0000000086400000, 0x0000000086500000|  0%| F|  |TAMS 0x0000000086400000, 0x0000000086400000| Untracked 
| 101|0x0000000086500000, 0x0000000086500000, 0x0000000086600000|  0%| F|  |TAMS 0x0000000086500000, 0x0000000086500000| Untracked 
| 102|0x0000000086600000, 0x0000000086600000, 0x0000000086700000|  0%| F|  |TAMS 0x0000000086600000, 0x0000000086600000| Untracked 
| 103|0x0000000086700000, 0x0000000086700000, 0x0000000086800000|  0%| F|  |TAMS 0x0000000086700000, 0x0000000086700000| Untracked 
| 104|0x0000000086800000, 0x0000000086800000, 0x0000000086900000|  0%| F|  |TAMS 0x0000000086800000, 0x0000000086800000| Untracked 
| 105|0x0000000086900000, 0x0000000086900000, 0x0000000086a00000|  0%| F|  |TAMS 0x0000000086900000, 0x0000000086900000| Untracked 
| 106|0x0000000086a00000, 0x0000000086a00000, 0x0000000086b00000|  0%| F|  |TAMS 0x0000000086a00000, 0x0000000086a00000| Untracked 
| 107|0x0000000086b00000, 0x0000000086b00000, 0x0000000086c00000|  0%| F|  |TAMS 0x0000000086b00000, 0x0000000086b00000| Untracked 
| 108|0x0000000086c00000, 0x0000000086c00000, 0x0000000086d00000|  0%| F|  |TAMS 0x0000000086c00000, 0x0000000086c00000| Untracked 
| 109|0x0000000086d00000, 0x0000000086d00000, 0x0000000086e00000|  0%| F|  |TAMS 0x0000000086d00000, 0x0000000086d00000| Untracked 
| 110|0x0000000086e00000, 0x0000000086e00000, 0x0000000086f00000|  0%| F|  |TAMS 0x0000000086e00000, 0x0000000086e00000| Untracked 
| 111|0x0000000086f00000, 0x0000000086f00000, 0x0000000087000000|  0%| F|  |TAMS 0x0000000086f00000, 0x0000000086f00000| Untracked 
| 112|0x0000000087000000, 0x0000000087000000, 0x0000000087100000|  0%| F|  |TAMS 0x0000000087000000, 0x0000000087000000| Untracked 
| 113|0x0000000087100000, 0x0000000087100000, 0x0000000087200000|  0%| F|  |TAMS 0x0000000087100000, 0x0000000087100000| Untracked 
| 114|0x0000000087200000, 0x0000000087230e20, 0x0000000087300000| 19%| S|CS|TAMS 0x0000000087200000, 0x0000000087200000| Complete 
| 115|0x0000000087300000, 0x0000000087400000, 0x0000000087400000|100%| S|CS|TAMS 0x0000000087300000, 0x0000000087300000| Complete 
| 116|0x0000000087400000, 0x0000000087500000, 0x0000000087500000|100%| S|CS|TAMS 0x0000000087400000, 0x0000000087400000| Complete 
| 117|0x0000000087500000, 0x0000000087600000, 0x0000000087600000|100%| S|CS|TAMS 0x0000000087500000, 0x0000000087500000| Complete 
| 118|0x0000000087600000, 0x0000000087700000, 0x0000000087700000|100%| S|CS|TAMS 0x0000000087600000, 0x0000000087600000| Complete 
| 119|0x0000000087700000, 0x0000000087800000, 0x0000000087800000|100%| S|CS|TAMS 0x0000000087700000, 0x0000000087700000| Complete 
| 120|0x0000000087800000, 0x0000000087900000, 0x0000000087900000|100%| S|CS|TAMS 0x0000000087800000, 0x0000000087800000| Complete 
| 121|0x0000000087900000, 0x0000000087900000, 0x0000000087a00000|  0%| F|  |TAMS 0x0000000087900000, 0x0000000087900000| Untracked 
| 122|0x0000000087a00000, 0x0000000087a00000, 0x0000000087b00000|  0%| F|  |TAMS 0x0000000087a00000, 0x0000000087a00000| Untracked 
| 123|0x0000000087b00000, 0x0000000087b00000, 0x0000000087c00000|  0%| F|  |TAMS 0x0000000087b00000, 0x0000000087b00000| Untracked 
| 124|0x0000000087c00000, 0x0000000087c00000, 0x0000000087d00000|  0%| F|  |TAMS 0x0000000087c00000, 0x0000000087c00000| Untracked 
| 125|0x0000000087d00000, 0x0000000087d00000, 0x0000000087e00000|  0%| F|  |TAMS 0x0000000087d00000, 0x0000000087d00000| Untracked 
| 126|0x0000000087e00000, 0x0000000087e00000, 0x0000000087f00000|  0%| F|  |TAMS 0x0000000087e00000, 0x0000000087e00000| Untracked 
| 127|0x0000000087f00000, 0x0000000087f00000, 0x0000000088000000|  0%| F|  |TAMS 0x0000000087f00000, 0x0000000087f00000| Untracked 
| 128|0x0000000088000000, 0x0000000088000000, 0x0000000088100000|  0%| F|  |TAMS 0x0000000088000000, 0x0000000088000000| Untracked 
| 129|0x0000000088100000, 0x0000000088100000, 0x0000000088200000|  0%| F|  |TAMS 0x0000000088100000, 0x0000000088100000| Untracked 
| 130|0x0000000088200000, 0x0000000088200000, 0x0000000088300000|  0%| F|  |TAMS 0x0000000088200000, 0x0000000088200000| Untracked 
| 131|0x0000000088300000, 0x0000000088300000, 0x0000000088400000|  0%| F|  |TAMS 0x0000000088300000, 0x0000000088300000| Untracked 
| 132|0x0000000088400000, 0x0000000088400000, 0x0000000088500000|  0%| F|  |TAMS 0x0000000088400000, 0x0000000088400000| Untracked 
| 133|0x0000000088500000, 0x0000000088500000, 0x0000000088600000|  0%| F|  |TAMS 0x0000000088500000, 0x0000000088500000| Untracked 
| 134|0x0000000088600000, 0x0000000088600000, 0x0000000088700000|  0%| F|  |TAMS 0x0000000088600000, 0x0000000088600000| Untracked 
| 135|0x0000000088700000, 0x0000000088700000, 0x0000000088800000|  0%| F|  |TAMS 0x0000000088700000, 0x0000000088700000| Untracked 
| 136|0x0000000088800000, 0x0000000088800000, 0x0000000088900000|  0%| F|  |TAMS 0x0000000088800000, 0x0000000088800000| Untracked 
| 137|0x0000000088900000, 0x0000000088900000, 0x0000000088a00000|  0%| F|  |TAMS 0x0000000088900000, 0x0000000088900000| Untracked 
| 138|0x0000000088a00000, 0x0000000088a00000, 0x0000000088b00000|  0%| F|  |TAMS 0x0000000088a00000, 0x0000000088a00000| Untracked 
| 139|0x0000000088b00000, 0x0000000088b00000, 0x0000000088c00000|  0%| F|  |TAMS 0x0000000088b00000, 0x0000000088b00000| Untracked 
| 140|0x0000000088c00000, 0x0000000088c00000, 0x0000000088d00000|  0%| F|  |TAMS 0x0000000088c00000, 0x0000000088c00000| Untracked 
| 141|0x0000000088d00000, 0x0000000088d00000, 0x0000000088e00000|  0%| F|  |TAMS 0x0000000088d00000, 0x0000000088d00000| Untracked 
| 142|0x0000000088e00000, 0x0000000088e00000, 0x0000000088f00000|  0%| F|  |TAMS 0x0000000088e00000, 0x0000000088e00000| Untracked 
| 143|0x0000000088f00000, 0x0000000088f00000, 0x0000000089000000|  0%| F|  |TAMS 0x0000000088f00000, 0x0000000088f00000| Untracked 
| 144|0x0000000089000000, 0x0000000089000000, 0x0000000089100000|  0%| F|  |TAMS 0x0000000089000000, 0x0000000089000000| Untracked 
| 145|0x0000000089100000, 0x0000000089100000, 0x0000000089200000|  0%| F|  |TAMS 0x0000000089100000, 0x0000000089100000| Untracked 
| 146|0x0000000089200000, 0x0000000089200000, 0x0000000089300000|  0%| F|  |TAMS 0x0000000089200000, 0x0000000089200000| Untracked 
| 147|0x0000000089300000, 0x0000000089300000, 0x0000000089400000|  0%| F|  |TAMS 0x0000000089300000, 0x0000000089300000| Untracked 
| 148|0x0000000089400000, 0x0000000089400000, 0x0000000089500000|  0%| F|  |TAMS 0x0000000089400000, 0x0000000089400000| Untracked 
| 149|0x0000000089500000, 0x0000000089500000, 0x0000000089600000|  0%| F|  |TAMS 0x0000000089500000, 0x0000000089500000| Untracked 
| 150|0x0000000089600000, 0x0000000089600000, 0x0000000089700000|  0%| F|  |TAMS 0x0000000089600000, 0x0000000089600000| Untracked 
| 151|0x0000000089700000, 0x0000000089700000, 0x0000000089800000|  0%| F|  |TAMS 0x0000000089700000, 0x0000000089700000| Untracked 
| 152|0x0000000089800000, 0x0000000089800000, 0x0000000089900000|  0%| F|  |TAMS 0x0000000089800000, 0x0000000089800000| Untracked 
| 153|0x0000000089900000, 0x0000000089900000, 0x0000000089a00000|  0%| F|  |TAMS 0x0000000089900000, 0x0000000089900000| Untracked 
| 154|0x0000000089a00000, 0x0000000089a00000, 0x0000000089b00000|  0%| F|  |TAMS 0x0000000089a00000, 0x0000000089a00000| Untracked 
| 155|0x0000000089b00000, 0x0000000089b00000, 0x0000000089c00000|  0%| F|  |TAMS 0x0000000089b00000, 0x0000000089b00000| Untracked 
| 156|0x0000000089c00000, 0x0000000089c00000, 0x0000000089d00000|  0%| F|  |TAMS 0x0000000089c00000, 0x0000000089c00000| Untracked 
| 157|0x0000000089d00000, 0x0000000089d00000, 0x0000000089e00000|  0%| F|  |TAMS 0x0000000089d00000, 0x0000000089d00000| Untracked 
| 158|0x0000000089e00000, 0x0000000089e00000, 0x0000000089f00000|  0%| F|  |TAMS 0x0000000089e00000, 0x0000000089e00000| Untracked 
| 159|0x0000000089f00000, 0x0000000089f00000, 0x000000008a000000|  0%| F|  |TAMS 0x0000000089f00000, 0x0000000089f00000| Untracked 
| 160|0x000000008a000000, 0x000000008a000000, 0x000000008a100000|  0%| F|  |TAMS 0x000000008a000000, 0x000000008a000000| Untracked 
| 161|0x000000008a100000, 0x000000008a100000, 0x000000008a200000|  0%| F|  |TAMS 0x000000008a100000, 0x000000008a100000| Untracked 
| 162|0x000000008a200000, 0x000000008a200000, 0x000000008a300000|  0%| F|  |TAMS 0x000000008a200000, 0x000000008a200000| Untracked 
| 163|0x000000008a300000, 0x000000008a300000, 0x000000008a400000|  0%| F|  |TAMS 0x000000008a300000, 0x000000008a300000| Untracked 
| 164|0x000000008a400000, 0x000000008a400000, 0x000000008a500000|  0%| F|  |TAMS 0x000000008a400000, 0x000000008a400000| Untracked 
| 165|0x000000008a500000, 0x000000008a500000, 0x000000008a600000|  0%| F|  |TAMS 0x000000008a500000, 0x000000008a500000| Untracked 
| 166|0x000000008a600000, 0x000000008a600000, 0x000000008a700000|  0%| F|  |TAMS 0x000000008a600000, 0x000000008a600000| Untracked 
| 167|0x000000008a700000, 0x000000008a700000, 0x000000008a800000|  0%| F|  |TAMS 0x000000008a700000, 0x000000008a700000| Untracked 
| 168|0x000000008a800000, 0x000000008a800000, 0x000000008a900000|  0%| F|  |TAMS 0x000000008a800000, 0x000000008a800000| Untracked 
| 169|0x000000008a900000, 0x000000008a900000, 0x000000008aa00000|  0%| F|  |TAMS 0x000000008a900000, 0x000000008a900000| Untracked 
| 170|0x000000008aa00000, 0x000000008aa00000, 0x000000008ab00000|  0%| F|  |TAMS 0x000000008aa00000, 0x000000008aa00000| Untracked 
| 171|0x000000008ab00000, 0x000000008ab00000, 0x000000008ac00000|  0%| F|  |TAMS 0x000000008ab00000, 0x000000008ab00000| Untracked 
| 172|0x000000008ac00000, 0x000000008ac00000, 0x000000008ad00000|  0%| F|  |TAMS 0x000000008ac00000, 0x000000008ac00000| Untracked 
| 173|0x000000008ad00000, 0x000000008ad00000, 0x000000008ae00000|  0%| F|  |TAMS 0x000000008ad00000, 0x000000008ad00000| Untracked 
| 174|0x000000008ae00000, 0x000000008ae00000, 0x000000008af00000|  0%| F|  |TAMS 0x000000008ae00000, 0x000000008ae00000| Untracked 
| 175|0x000000008af00000, 0x000000008af00000, 0x000000008b000000|  0%| F|  |TAMS 0x000000008af00000, 0x000000008af00000| Untracked 
| 176|0x000000008b000000, 0x000000008b000000, 0x000000008b100000|  0%| F|  |TAMS 0x000000008b000000, 0x000000008b000000| Untracked 
| 177|0x000000008b100000, 0x000000008b100000, 0x000000008b200000|  0%| F|  |TAMS 0x000000008b100000, 0x000000008b100000| Untracked 
| 178|0x000000008b200000, 0x000000008b200000, 0x000000008b300000|  0%| F|  |TAMS 0x000000008b200000, 0x000000008b200000| Untracked 

Card table byte_map: [0x000001fbb8dd0000,0x000001fbb91d0000] _byte_map_base: 0x000001fbb89d0000

Marking Bits (Prev, Next): (CMBitMap*) 0x000001fba5d5c980, (CMBitMap*) 0x000001fba5d5c948
 Prev Bits: [0x000001fbbb5d0000, 0x000001fbbd5d0000)
 Next Bits: [0x000001fbb95d0000, 0x000001fbbb5d0000)

Polling page: 0x000001fba3d00000

Metaspace:

Usage:
  Non-class:     84.96 MB capacity,    83.27 MB ( 98%) used,     1.41 MB (  2%) free+waste,   292.69 KB ( <1%) overhead. 
      Class:     13.39 MB capacity,    12.37 MB ( 92%) used,   911.13 KB (  7%) free+waste,   140.25 KB (  1%) overhead. 
       Both:     98.36 MB capacity,    95.63 MB ( 97%) used,     2.30 MB (  2%) free+waste,   432.94 KB ( <1%) overhead. 

Virtual space:
  Non-class space:       86.00 MB reserved,      85.20 MB (>99%) committed 
      Class space:        1.00 GB reserved,      13.50 MB (  1%) committed 
             Both:        1.08 GB reserved,      98.70 MB (  9%) committed 

Chunk freelists:
   Non-Class:  49.00 KB
       Class:  13.00 KB
        Both:  62.00 KB

MaxMetaspaceSize: 17179869184.00 GB
CompressedClassSpaceSize: 1.00 GB

CodeHeap 'non-profiled nmethods': size=120000Kb used=4662Kb max_used=4662Kb free=115337Kb
 bounds [0x000001fbb1170000, 0x000001fbb1600000, 0x000001fbb86a0000]
CodeHeap 'profiled nmethods': size=120000Kb used=22876Kb max_used=22876Kb free=97123Kb
 bounds [0x000001fba9c40000, 0x000001fbab2a0000, 0x000001fbb1170000]
CodeHeap 'non-nmethods': size=5760Kb used=2298Kb max_used=2333Kb free=3461Kb
 bounds [0x000001fba96a0000, 0x000001fba9910000, 0x000001fba9c40000]
 total_blobs=12847 nmethods=11957 adapters=800
 compilation: enabled
              stopped_count=0, restarted_count=0
 full_count=0

Compilation events (20 events):
Event: 18.128 Thread 0x000001fbc087d800 nmethod 12631 0x000001fbab296c10 code [0x000001fbab296dc0, 0x000001fbab296ef8]
Event: 18.128 Thread 0x000001fbc087d800 12622       2       com.android.tools.r8.s.a.a.b.C1::get (7 bytes)
Event: 18.128 Thread 0x000001fbc087d800 nmethod 12622 0x000001fbab296f90 code [0x000001fbab297140, 0x000001fbab297258]
Event: 18.128 Thread 0x000001fbc087d800 12625       2       com.android.tools.r8.v.b.o::a (14 bytes)
Event: 18.129 Thread 0x000001fbc087d800 nmethod 12625 0x000001fbab297310 code [0x000001fbab297500, 0x000001fbab297968]
Event: 18.129 Thread 0x000001fbc087d800 12626       2       com.android.tools.r8.v.b.q::<init> (32 bytes)
Event: 18.129 Thread 0x000001fbc087d800 nmethod 12626 0x000001fbab297b90 code [0x000001fbab297d80, 0x000001fbab2981a8]
Event: 18.129 Thread 0x000001fbc087d800 12632       2       com.android.tools.r8.ir.regalloc.b::a (27 bytes)
Event: 18.130 Thread 0x000001fbc087d800 nmethod 12632 0x000001fbab298390 code [0x000001fbab298540, 0x000001fbab2986a8]
Event: 18.130 Thread 0x000001fbc087d800 12628       2       com.android.tools.r8.ir.conversion.G::c (27 bytes)
Event: 18.130 Thread 0x000001fbc087d800 nmethod 12628 0x000001fbab298810 code [0x000001fbab2989c0, 0x000001fbab298ab8]
Event: 18.130 Thread 0x000001fbc087d800 12623       2       com.android.tools.r8.ir.conversion.o::a (48 bytes)
Event: 18.130 Thread 0x000001fbc087d800 nmethod 12623 0x000001fbab298b90 code [0x000001fbab298d60, 0x000001fbab298fc8]
Event: 18.130 Thread 0x000001fbc087d800 12624       2       com.android.tools.r8.v.b.t::a (135 bytes)
Event: 18.131 Thread 0x000001fbc087d800 nmethod 12624 0x000001fbab299190 code [0x000001fbab2993a0, 0x000001fbab299788]
Event: 18.131 Thread 0x000001fbc087d800 12638       2       com.android.tools.r8.v.c.i0.e$$Lambda$1352/0x0000000100cfa040::accept (11 bytes)
Event: 18.131 Thread 0x000001fbc087d800 nmethod 12638 0x000001fbab299990 code [0x000001fbab299b40, 0x000001fbab299c68]
Event: 18.131 Thread 0x000001fbc087d800 12627       2       com.android.tools.r8.v.b.t::b (26 bytes)
Event: 18.131 Thread 0x000001fbc087d800 nmethod 12627 0x000001fbab299d10 code [0x000001fbab299ec0, 0x000001fbab29a028]
Event: 18.131 Thread 0x000001fbc087d800 12637       2       com.android.tools.r8.v.b.v1::<init> (112 bytes)

GC Heap History (20 events):
Event: 14.437 GC heap after
{Heap after GC invocations=24 (full 0):
 garbage-first heap   total 152576K, used 78537K [0x0000000080000000, 0x0000000100000000)
  region size 1024K, 4 young (4096K), 4 survivors (4096K)
 Metaspace       used 77435K, capacity 79422K, committed 79692K, reserved 1118208K
  class space    used 10031K, capacity 10736K, committed 10880K, reserved 1048576K
}
Event: 14.939 GC heap before
{Heap before GC invocations=25 (full 0):
 garbage-first heap   total 152576K, used 113353K [0x0000000080000000, 0x0000000100000000)
  region size 1024K, 35 young (35840K), 4 survivors (4096K)
 Metaspace       used 77584K, capacity 79626K, committed 79948K, reserved 1118208K
  class space    used 10038K, capacity 10739K, committed 10880K, reserved 1048576K
}
Event: 14.949 GC heap after
{Heap after GC invocations=26 (full 0):
 garbage-first heap   total 152576K, used 84722K [0x0000000080000000, 0x0000000100000000)
  region size 1024K, 5 young (5120K), 5 survivors (5120K)
 Metaspace       used 77584K, capacity 79626K, committed 79948K, reserved 1118208K
  class space    used 10038K, capacity 10739K, committed 10880K, reserved 1048576K
}
Event: 15.272 GC heap before
{Heap before GC invocations=27 (full 0):
 garbage-first heap   total 152576K, used 130802K [0x0000000080000000, 0x0000000100000000)
  region size 1024K, 36 young (36864K), 5 survivors (5120K)
 Metaspace       used 80252K, capacity 82299K, committed 82508K, reserved 1120256K
  class space    used 10289K, capacity 10994K, committed 11136K, reserved 1048576K
}
Event: 15.281 GC heap after
{Heap after GC invocations=28 (full 0):
 garbage-first heap   total 152576K, used 88660K [0x0000000080000000, 0x0000000100000000)
  region size 1024K, 4 young (4096K), 4 survivors (4096K)
 Metaspace       used 80252K, capacity 82299K, committed 82508K, reserved 1120256K
  class space    used 10289K, capacity 10994K, committed 11136K, reserved 1048576K
}
Event: 15.457 GC heap before
{Heap before GC invocations=28 (full 0):
 garbage-first heap   total 152576K, used 119380K [0x0000000080000000, 0x0000000100000000)
  region size 1024K, 34 young (34816K), 4 survivors (4096K)
 Metaspace       used 81439K, capacity 83486K, committed 83916K, reserved 1122304K
  class space    used 10378K, capacity 11091K, committed 11264K, reserved 1048576K
}
Event: 15.465 GC heap after
{Heap after GC invocations=29 (full 0):
 garbage-first heap   total 183296K, used 90216K [0x0000000080000000, 0x0000000100000000)
  region size 1024K, 2 young (2048K), 2 survivors (2048K)
 Metaspace       used 81439K, capacity 83486K, committed 83916K, reserved 1122304K
  class space    used 10378K, capacity 11091K, committed 11264K, reserved 1048576K
}
Event: 15.710 GC heap before
{Heap before GC invocations=30 (full 0):
 garbage-first heap   total 183296K, used 124008K [0x0000000080000000, 0x0000000100000000)
  region size 1024K, 42 young (43008K), 2 survivors (2048K)
 Metaspace       used 82530K, capacity 84529K, committed 84684K, reserved 1122304K
  class space    used 10474K, capacity 11161K, committed 11264K, reserved 1048576K
}
Event: 15.713 GC heap after
{Heap after GC invocations=31 (full 0):
 garbage-first heap   total 183296K, used 85219K [0x0000000080000000, 0x0000000100000000)
  region size 1024K, 3 young (3072K), 3 survivors (3072K)
 Metaspace       used 82530K, capacity 84529K, committed 84684K, reserved 1122304K
  class space    used 10474K, capacity 11161K, committed 11264K, reserved 1048576K
}
Event: 15.736 GC heap before
{Heap before GC invocations=31 (full 0):
 garbage-first heap   total 183296K, used 89315K [0x0000000080000000, 0x0000000100000000)
  region size 1024K, 8 young (8192K), 3 survivors (3072K)
 Metaspace       used 82657K, capacity 84689K, committed 84940K, reserved 1122304K
  class space    used 10482K, capacity 11193K, committed 11264K, reserved 1048576K
}
Event: 15.739 GC heap after
{Heap after GC invocations=32 (full 0):
 garbage-first heap   total 183296K, used 71831K [0x0000000080000000, 0x0000000100000000)
  region size 1024K, 1 young (1024K), 1 survivors (1024K)
 Metaspace       used 82657K, capacity 84689K, committed 84940K, reserved 1122304K
  class space    used 10482K, capacity 11193K, committed 11264K, reserved 1048576K
}
Event: 16.212 GC heap before
{Heap before GC invocations=32 (full 0):
 garbage-first heap   total 183296K, used 120983K [0x0000000080000000, 0x0000000100000000)
  region size 1024K, 50 young (51200K), 1 survivors (1024K)
 Metaspace       used 85117K, capacity 87114K, committed 87372K, reserved 1124352K
  class space    used 10777K, capacity 11488K, committed 11648K, reserved 1048576K
}
Event: 16.214 GC heap after
{Heap after GC invocations=33 (full 0):
 garbage-first heap   total 183296K, used 72002K [0x0000000080000000, 0x0000000100000000)
  region size 1024K, 2 young (2048K), 2 survivors (2048K)
 Metaspace       used 85117K, capacity 87114K, committed 87372K, reserved 1124352K
  class space    used 10777K, capacity 11488K, committed 11648K, reserved 1048576K
}
Event: 16.912 GC heap before
{Heap before GC invocations=33 (full 0):
 garbage-first heap   total 183296K, used 124226K [0x0000000080000000, 0x0000000100000000)
  region size 1024K, 54 young (55296K), 2 survivors (2048K)
 Metaspace       used 87554K, capacity 89669K, committed 89804K, reserved 1128448K
  class space    used 11050K, capacity 11774K, committed 11776K, reserved 1048576K
}
Event: 16.918 GC heap after
{Heap after GC invocations=34 (full 0):
 garbage-first heap   total 183296K, used 75225K [0x0000000080000000, 0x0000000100000000)
  region size 1024K, 5 young (5120K), 5 survivors (5120K)
 Metaspace       used 87554K, capacity 89669K, committed 89804K, reserved 1128448K
  class space    used 11050K, capacity 11774K, committed 11776K, reserved 1048576K
}
Event: 17.311 GC heap before
{Heap before GC invocations=34 (full 0):
 garbage-first heap   total 183296K, used 129497K [0x0000000080000000, 0x0000000100000000)
  region size 1024K, 59 young (60416K), 5 survivors (5120K)
 Metaspace       used 89604K, capacity 91897K, committed 91980K, reserved 1128448K
  class space    used 11328K, capacity 12104K, committed 12160K, reserved 1048576K
}
Event: 17.318 GC heap after
{Heap after GC invocations=35 (full 0):
 garbage-first heap   total 183296K, used 81285K [0x0000000080000000, 0x0000000100000000)
  region size 1024K, 8 young (8192K), 8 survivors (8192K)
 Metaspace       used 89604K, capacity 91897K, committed 91980K, reserved 1128448K
  class space    used 11328K, capacity 12104K, committed 12160K, reserved 1048576K
}
Event: 17.621 GC heap before
{Heap before GC invocations=35 (full 0):
 garbage-first heap   total 183296K, used 134533K [0x0000000080000000, 0x0000000100000000)
  region size 1024K, 61 young (62464K), 8 survivors (8192K)
 Metaspace       used 93298K, capacity 95713K, committed 95948K, reserved 1132544K
  class space    used 11870K, capacity 12739K, committed 12800K, reserved 1048576K
}
Event: 17.630 GC heap after
{Heap after GC invocations=36 (full 0):
 garbage-first heap   total 183296K, used 82704K [0x0000000080000000, 0x0000000100000000)
  region size 1024K, 4 young (4096K), 4 survivors (4096K)
 Metaspace       used 93298K, capacity 95713K, committed 95948K, reserved 1132544K
  class space    used 11870K, capacity 12739K, committed 12800K, reserved 1048576K
}
Event: 18.132 GC heap before
{Heap before GC invocations=36 (full 0):
 garbage-first heap   total 183296K, used 139024K [0x0000000080000000, 0x0000000100000000)
  region size 1024K, 58 young (59392K), 4 survivors (4096K)
 Metaspace       used 97927K, capacity 100718K, committed 101068K, reserved 1136640K
  class space    used 12663K, capacity 13715K, committed 13824K, reserved 1048576K
}

Deoptimization events (20 events):
Event: 17.568 Thread 0x000001fbc79da800 DEOPT PACKING pc=0x000001fbaaf4de1c sp=0x000000b20a2fd130
Event: 17.569 Thread 0x000001fbc79da800 DEOPT UNPACKING pc=0x000001fba96c8ade sp=0x000000b20a2fc6d0 mode 0
Event: 17.602 Thread 0x000001fbc19e8000 DEOPT PACKING pc=0x000001fbab0f9bf7 sp=0x000000b202df9c00
Event: 17.602 Thread 0x000001fbc19e8000 DEOPT UNPACKING pc=0x000001fba96c8ade sp=0x000000b202df9178 mode 0
Event: 17.752 Thread 0x000001fbc59a6000 DEOPT PACKING pc=0x000001fbab074e4c sp=0x000000b2093fbf80
Event: 17.753 Thread 0x000001fbc59a6000 DEOPT UNPACKING pc=0x000001fba96c8ade sp=0x000000b2093fb4a8 mode 0
Event: 17.766 Thread 0x000001fbc19e9000 DEOPT PACKING pc=0x000001fbaaf4de1c sp=0x000000b202efda90
Event: 17.766 Thread 0x000001fbc19e9000 DEOPT UNPACKING pc=0x000001fba96c8ade sp=0x000000b202efd030 mode 0
Event: 17.811 Thread 0x000001fbc19e9000 DEOPT PACKING pc=0x000001fbaaf8aaa4 sp=0x000000b202eff470
Event: 17.811 Thread 0x000001fbc19e9000 DEOPT UNPACKING pc=0x000001fba96c8ade sp=0x000000b202efea30 mode 0
Event: 17.811 Thread 0x000001fbc19e7000 DEOPT PACKING pc=0x000001fbaaf8aaa4 sp=0x000000b202bfec80
Event: 17.811 Thread 0x000001fbc19e7000 DEOPT UNPACKING pc=0x000001fba96c8ade sp=0x000000b202bfe240 mode 0
Event: 17.996 Thread 0x000001fbc79cf000 DEOPT PACKING pc=0x000001fbab1fc682 sp=0x000000b2098f5dd0
Event: 17.996 Thread 0x000001fbc79cf000 DEOPT UNPACKING pc=0x000001fba96c8ade sp=0x000000b2098f5238 mode 0
Event: 18.018 Thread 0x000001fbc79cf000 Uncommon trap: trap_request=0xffffff4d fr.pc=0x000001fbb13c7054 relative=0x0000000000000434
Event: 18.018 Thread 0x000001fbc79cf000 Uncommon trap: reason=unstable_if action=reinterpret pc=0x000001fbb13c7054 method=java.util.TreeMap.put(Ljava/lang/Object;Ljava/lang/Object;)Ljava/lang/Object; @ 163 c2
Event: 18.018 Thread 0x000001fbc79cf000 DEOPT PACKING pc=0x000001fbb13c7054 sp=0x000000b2098f65a0
Event: 18.018 Thread 0x000001fbc79cf000 DEOPT UNPACKING pc=0x000001fba96a822f sp=0x000000b2098f6560 mode 2
Event: 18.096 Thread 0x000001fbc19ed800 DEOPT PACKING pc=0x000001fbab2501e3 sp=0x000000b202cf9620
Event: 18.096 Thread 0x000001fbc19ed800 DEOPT UNPACKING pc=0x000001fba96c8ade sp=0x000000b202cf8ab8 mode 0

Classes redefined (0 events):
No events

Internal exceptions (20 events):
Event: 17.703 Thread 0x000001fbc19ed800 Exception <a 'java/lang/NoSuchMethodError'{0x000000008abdbdb8}: 'long java.lang.invoke.DirectMethodHandle$Holder.invokeStatic(java.lang.Object, java.lang.Object)'> (0x000000008abdbdb8) thrown at [./src/hotspot/share/interpreter/linkResolver.cpp, line 773]
Event: 17.703 Thread 0x000001fbc19e8000 Exception <a 'java/lang/NoSuchMethodError'{0x000000008aa059f8}: 'long java.lang.invoke.DirectMethodHandle$Holder.invokeStatic(java.lang.Object, java.lang.Object)'> (0x000000008aa059f8) thrown at [./src/hotspot/share/interpreter/linkResolver.cpp, line 773]
Event: 17.703 Thread 0x000001fbc19e6800 Exception <a 'java/lang/NoSuchMethodError'{0x000000008aba61e8}: 'long java.lang.invoke.DirectMethodHandle$Holder.invokeStatic(java.lang.Object, java.lang.Object)'> (0x000000008aba61e8) thrown at [./src/hotspot/share/interpreter/linkResolver.cpp, line 773]
Event: 17.709 Thread 0x000001fbc19ed800 Exception <a 'java/lang/NoSuchMethodError'{0x000000008aa314b0}: 'void java.lang.invoke.DirectMethodHandle$Holder.invokeSpecial(java.lang.Object, java.lang.Object, int, java.lang.Object)'> (0x000000008aa314b0) thrown at [./src/hotspot/share/interpreter/linkResolver.cpp, line 773]
Event: 17.709 Thread 0x000001fbc19e8000 Exception <a 'java/lang/NoSuchMethodError'{0x000000008aa6a3d0}: 'void java.lang.invoke.DirectMethodHandle$Holder.invokeSpecial(java.lang.Object, java.lang.Object, int, java.lang.Object)'> (0x000000008aa6a3d0) thrown at [./src/hotspot/share/interpreter/linkResolver.cpp, line 773]
Event: 17.709 Thread 0x000001fbc19e6800 Exception <a 'java/lang/NoSuchMethodError'{0x000000008aa51c70}: 'void java.lang.invoke.DirectMethodHandle$Holder.invokeSpecial(java.lang.Object, java.lang.Object, int, java.lang.Object)'> (0x000000008aa51c70) thrown at [./src/hotspot/share/interpreter/linkResolver.cpp, line 773]
Event: 17.802 Thread 0x000001fbc19e6800 Exception <a 'java/lang/NoSuchMethodError'{0x000000008a264210}: 'java.lang.Object java.lang.invoke.DirectMethodHandle$Holder.invokeVirtual(java.lang.Object, java.lang.Object, int, java.lang.Object)'> (0x000000008a264210) thrown at [./src/hotspot/share/interpreter/linkResolver.cpp, line 773]
Event: 17.802 Thread 0x000001fbc19ed800 Exception <a 'java/lang/NoSuchMethodError'{0x000000008a23a4c8}: 'java.lang.Object java.lang.invoke.DirectMethodHandle$Holder.invokeVirtual(java.lang.Object, java.lang.Object, int, java.lang.Object)'> (0x000000008a23a4c8) thrown at [./src/hotspot/share/interpreter/linkResolver.cpp, line 773]
Event: 17.802 Thread 0x000001fbc19e8000 Exception <a 'java/lang/NoSuchMethodError'{0x000000008a582db0}: 'java.lang.Object java.lang.invoke.DirectMethodHandle$Holder.invokeVirtual(java.lang.Object, java.lang.Object, int, java.lang.Object)'> (0x000000008a582db0) thrown at [./src/hotspot/share/interpreter/linkResolver.cpp, line 773]
Event: 17.824 Thread 0x000001fbc79cf000 Exception <a 'sun/nio/fs/WindowsException'{0x000000008a04b658}> (0x000000008a04b658) thrown at [./src/hotspot/share/prims/jni.cpp, line 615]
Event: 17.833 Thread 0x000001fbc19e8000 Exception <a 'java/lang/NoSuchMethodError'{0x0000000089fdae20}: 'void java.lang.invoke.DirectMethodHandle$Holder.invokeVirtual(java.lang.Object, java.lang.Object, int, java.lang.Object)'> (0x0000000089fdae20) thrown at [./src/hotspot/share/interpreter/linkResolver.cpp, line 773]
Event: 17.833 Thread 0x000001fbc19e6800 Exception <a 'java/lang/NoSuchMethodError'{0x0000000089f84258}: 'void java.lang.invoke.DirectMethodHandle$Holder.invokeVirtual(java.lang.Object, java.lang.Object, int, java.lang.Object)'> (0x0000000089f84258) thrown at [./src/hotspot/share/interpreter/linkResolver.cpp, line 773]
Event: 17.833 Thread 0x000001fbc19ed800 Exception <a 'java/lang/NoSuchMethodError'{0x000000008a0905c8}: 'void java.lang.invoke.DirectMethodHandle$Holder.invokeVirtual(java.lang.Object, java.lang.Object, int, java.lang.Object)'> (0x000000008a0905c8) thrown at [./src/hotspot/share/interpreter/linkResolver.cpp, line 773]
Event: 17.898 Thread 0x000001fbc19e6800 Exception <a 'java/lang/NoSuchMethodError'{0x0000000089a49a68}: 'java.lang.Object java.lang.invoke.DirectMethodHandle$Holder.newInvokeSpecial(java.lang.Object, int)'> (0x0000000089a49a68) thrown at [./src/hotspot/share/interpreter/linkResolver.cpp, line 773]
Event: 17.898 Thread 0x000001fbc19e8000 Exception <a 'java/lang/NoSuchMethodError'{0x0000000089abb020}: 'java.lang.Object java.lang.invoke.DirectMethodHandle$Holder.newInvokeSpecial(java.lang.Object, int)'> (0x0000000089abb020) thrown at [./src/hotspot/share/interpreter/linkResolver.cpp, line 773]
Event: 17.898 Thread 0x000001fbc19ed800 Exception <a 'java/lang/NoSuchMethodError'{0x0000000089a16640}: 'java.lang.Object java.lang.invoke.DirectMethodHandle$Holder.newInvokeSpecial(java.lang.Object, int)'> (0x0000000089a16640) thrown at [./src/hotspot/share/interpreter/linkResolver.cpp, line 773]
Event: 17.898 Thread 0x000001fbc79cf000 Exception <a 'java/lang/NoSuchMethodError'{0x0000000089abd238}: 'java.lang.Object java.lang.invoke.DirectMethodHandle$Holder.newInvokeSpecial(java.lang.Object, int)'> (0x0000000089abd238) thrown at [./src/hotspot/share/interpreter/linkResolver.cpp, line 773]
Event: 18.029 Thread 0x000001fbc19e6800 Exception <a 'java/lang/NoSuchMethodError'{0x0000000088c9f8d0}: 'java.lang.Object java.lang.invoke.DirectMethodHandle$Holder.invokeInterface(java.lang.Object, java.lang.Object, int)'> (0x0000000088c9f8d0) thrown at [./src/hotspot/share/interpreter/linkResolver.cpp, line 773]
Event: 18.085 Thread 0x000001fbc19e6800 Exception <a 'java/lang/NoSuchMethodError'{0x000000008846fce8}: 'java.lang.Object java.lang.invoke.DirectMethodHandle$Holder.invokeSpecial(java.lang.Object, java.lang.Object, java.lang.Object, java.lang.Object, java.lang.Object, java.lang.Object, java.lang.Object, java.lang.Object, java.lang.Object, java.lang.Object)'> (0x000000008846fce8) thrown at [./src/hotspot/share/interpreter/linkResolver.cpp, line 773]
Event: 18.086 Thread 0x000001fbc19e6800 Exception <a 'java/lang/NoSuchMethodError'{0x0000000088474328}: 'java.lang.Object java.lang.invoke.Invokers$Holder.linkToTargetMethod(java.lang.Object, java.lang.Object, java.lang.Object, java.lang.Object, java.lang.Object, java.lang.Object, java.lang.Object, java.lang.Object, java.lang.Object)'> (0x0000000088474328) thrown at [./src/hotspot/share/interpreter/linkResolver.cpp, line 773]

Events (20 events):
Event: 18.129 loading class com/android/tools/r8/s/a/a/b/F0 done
Event: 18.130 loading class com/android/tools/r8/code/w
Event: 18.130 loading class com/android/tools/r8/code/w done
Event: 18.130 loading class com/android/tools/r8/s/a/a/b/N0
Event: 18.130 loading class com/android/tools/r8/s/a/a/b/N0 done
Event: 18.130 loading class com/android/tools/r8/code/s
Event: 18.130 loading class com/android/tools/r8/code/s done
Event: 18.130 loading class com/android/tools/r8/s/a/a/b/J0
Event: 18.130 loading class com/android/tools/r8/s/a/a/b/J0 done
Event: 18.131 loading class com/android/tools/r8/dex/v
Event: 18.131 loading class com/android/tools/r8/dex/v done
Event: 18.131 loading class com/android/tools/r8/graph/K1
Event: 18.131 loading class com/android/tools/r8/graph/K1 done
Event: 18.131 loading class com/android/tools/r8/dex/v
Event: 18.131 loading class com/android/tools/r8/dex/v done
Event: 18.132 loading class com/android/tools/r8/graph/c0
Event: 18.132 loading class com/android/tools/r8/graph/c0 done
Event: 18.132 Executing VM operation: G1CollectForAllocation
Event: 18.132 loading class com/android/tools/r8/graph/n0
Event: 18.132 loading class com/android/tools/r8/graph/n0 done


Dynamic libraries:
0x00007ff624930000 - 0x00007ff62493a000 	C:\Program Files\Android\Android Studio\jre\bin\java.exe
0x00007ffe371f0000 - 0x00007ffe373e5000 	C:\WINDOWS\SYSTEM32\ntdll.dll
0x00007ffe35a60000 - 0x00007ffe35b1d000 	C:\WINDOWS\System32\KERNEL32.DLL
0x00007ffe34e00000 - 0x00007ffe350c8000 	C:\WINDOWS\System32\KERNELBASE.dll
0x00007ffe35150000 - 0x00007ffe35250000 	C:\WINDOWS\System32\ucrtbase.dll
0x00007ffe200b0000 - 0x00007ffe200c9000 	C:\Program Files\Android\Android Studio\jre\bin\jli.dll
0x00007ffe20af0000 - 0x00007ffe20b07000 	C:\Program Files\Android\Android Studio\jre\bin\VCRUNTIME140.dll
0x00007ffe102e0000 - 0x00007ffe1057a000 	C:\WINDOWS\WinSxS\amd64_microsoft.windows.common-controls_6595b64144ccf1df_6.0.19041.844_none_ca00b6081b84eb1d\COMCTL32.dll
0x00007ffe35e10000 - 0x00007ffe35fb0000 	C:\WINDOWS\System32\USER32.dll
0x00007ffe34bf0000 - 0x00007ffe34c12000 	C:\WINDOWS\System32\win32u.dll
0x00007ffe35b20000 - 0x00007ffe35bbe000 	C:\WINDOWS\System32\msvcrt.dll
0x00007ffe35910000 - 0x00007ffe3593a000 	C:\WINDOWS\System32\GDI32.dll
0x00007ffe34cc0000 - 0x00007ffe34dcb000 	C:\WINDOWS\System32\gdi32full.dll
0x00007ffe34c20000 - 0x00007ffe34cbd000 	C:\WINDOWS\System32\msvcp_win.dll
0x00007ffe35940000 - 0x00007ffe35970000 	C:\WINDOWS\System32\IMM32.DLL
0x00007ffe190b0000 - 0x00007ffe1914d000 	C:\Program Files\Android\Android Studio\jre\bin\msvcp140.dll
0x00007ffde61b0000 - 0x00007ffde6c6c000 	C:\Program Files\Android\Android Studio\jre\bin\server\jvm.dll
0x00007ffe356c0000 - 0x00007ffe3576c000 	C:\WINDOWS\System32\ADVAPI32.dll
0x00007ffe36320000 - 0x00007ffe363bb000 	C:\WINDOWS\System32\sechost.dll
0x00007ffe36720000 - 0x00007ffe3684b000 	C:\WINDOWS\System32\RPCRT4.dll
0x00007ffe370d0000 - 0x00007ffe370d8000 	C:\WINDOWS\System32\PSAPI.DLL
0x00007ffe168d0000 - 0x00007ffe168d9000 	C:\WINDOWS\SYSTEM32\WSOCK32.dll
0x00007ffe1e630000 - 0x00007ffe1e657000 	C:\WINDOWS\SYSTEM32\WINMM.dll
0x00007ffe26bf0000 - 0x00007ffe26bfa000 	C:\WINDOWS\SYSTEM32\VERSION.dll
0x00007ffe357f0000 - 0x00007ffe3585b000 	C:\WINDOWS\System32\ws2_32.DLL
0x00007ffe33250000 - 0x00007ffe33262000 	C:\WINDOWS\SYSTEM32\kernel.appcore.dll
0x00007ffe2e510000 - 0x00007ffe2e521000 	C:\Program Files\Android\Android Studio\jre\bin\verify.dll
0x00007ffe32fe0000 - 0x00007ffe331c4000 	C:\WINDOWS\SYSTEM32\DBGHELP.DLL
0x00007ffe203d0000 - 0x00007ffe203fc000 	C:\WINDOWS\SYSTEM32\dbgcore.DLL
0x00007ffe350d0000 - 0x00007ffe35150000 	C:\WINDOWS\System32\bcryptPrimitives.dll
0x00007ffe2d340000 - 0x00007ffe2d369000 	C:\Program Files\Android\Android Studio\jre\bin\java.dll
0x00007ffe2f080000 - 0x00007ffe2f08b000 	C:\Program Files\Android\Android Studio\jre\bin\jimage.dll
0x00007ffe2e4f0000 - 0x00007ffe2e508000 	C:\Program Files\Android\Android Studio\jre\bin\zip.dll
0x00007ffe36980000 - 0x00007ffe370c2000 	C:\WINDOWS\System32\SHELL32.dll
0x00007ffe32850000 - 0x00007ffe32fe0000 	C:\WINDOWS\SYSTEM32\windows.storage.dll
0x00007ffe363c0000 - 0x00007ffe36715000 	C:\WINDOWS\System32\combase.dll
0x00007ffe342d0000 - 0x00007ffe342fc000 	C:\WINDOWS\SYSTEM32\Wldp.dll
0x00007ffe35860000 - 0x00007ffe3590e000 	C:\WINDOWS\System32\SHCORE.dll
0x00007ffe37150000 - 0x00007ffe371a5000 	C:\WINDOWS\System32\shlwapi.dll
0x00007ffe34870000 - 0x00007ffe3488f000 	C:\WINDOWS\SYSTEM32\profapi.dll
0x00007ffe21640000 - 0x00007ffe2165a000 	C:\Program Files\Android\Android Studio\jre\bin\net.dll
0x00007ffe1e660000 - 0x00007ffe1e76b000 	C:\WINDOWS\SYSTEM32\WINHTTP.dll
0x00007ffe34040000 - 0x00007ffe340aa000 	C:\WINDOWS\system32\mswsock.dll
0x00007ffe214b0000 - 0x00007ffe214c4000 	C:\Program Files\Android\Android Studio\jre\bin\nio.dll
0x00007ffe19ff0000 - 0x00007ffe1a017000 	C:\Users\Ferz\.gradle\native\fdc75f09e3144964f2cf3f50f0aa648679c211496f362492102eb8c894070792\windows-amd64\native-platform.dll
0x00007ffdfe290000 - 0x00007ffdfe426000 	C:\Users\Ferz\.gradle\native\12488b8bf47d2d4c9fbf2f6322a914ad602e24e48041cd04a747c6da556b65c4\windows-amd64\native-platform-file-events.dll
0x00007ffe2db90000 - 0x00007ffe2db9a000 	C:\Program Files\Android\Android Studio\jre\bin\management.dll
0x00007ffe2db20000 - 0x00007ffe2db2c000 	C:\Program Files\Android\Android Studio\jre\bin\management_ext.dll
0x00007ffe34210000 - 0x00007ffe34228000 	C:\WINDOWS\SYSTEM32\CRYPTSP.dll
0x00007ffe339e0000 - 0x00007ffe33a14000 	C:\WINDOWS\system32\rsaenh.dll
0x00007ffe34dd0000 - 0x00007ffe34df7000 	C:\WINDOWS\System32\bcrypt.dll
0x00007ffe347f0000 - 0x00007ffe3481e000 	C:\WINDOWS\SYSTEM32\USERENV.dll
0x00007ffe34230000 - 0x00007ffe3423c000 	C:\WINDOWS\SYSTEM32\CRYPTBASE.dll
0x00007ffe33d30000 - 0x00007ffe33d6b000 	C:\WINDOWS\SYSTEM32\IPHLPAPI.DLL
0x00007ffe37140000 - 0x00007ffe37148000 	C:\WINDOWS\System32\NSI.dll
0x00007ffe32770000 - 0x00007ffe32787000 	C:\WINDOWS\SYSTEM32\dhcpcsvc6.DLL
0x00007ffe32750000 - 0x00007ffe3276d000 	C:\WINDOWS\SYSTEM32\dhcpcsvc.DLL
0x00007ffe33d70000 - 0x00007ffe33e3c000 	C:\WINDOWS\SYSTEM32\DNSAPI.dll
0x00007ffe2e250000 - 0x00007ffe2e25b000 	C:\WINDOWS\SYSTEM32\WINNSI.DLL

dbghelp: loaded successfully - version: 4.0.5 - missing functions: none
symbol engine: initialized successfully - sym options: 0x614 - pdb path: .;C:\Program Files\Android\Android Studio\jre\bin;C:\WINDOWS\SYSTEM32;C:\WINDOWS\WinSxS\amd64_microsoft.windows.common-controls_6595b64144ccf1df_6.0.19041.844_none_ca00b6081b84eb1d;C:\Program Files\Android\Android Studio\jre\bin\server;C:\Users\Ferz\.gradle\native\fdc75f09e3144964f2cf3f50f0aa648679c211496f362492102eb8c894070792\windows-amd64;C:\Users\Ferz\.gradle\native\12488b8bf47d2d4c9fbf2f6322a914ad602e24e48041cd04a747c6da556b65c4\windows-amd64

VM Arguments:
jvm_args: --add-opens=java.base/java.util=ALL-UNNAMED --add-opens=java.base/java.lang=ALL-UNNAMED --add-opens=java.base/java.lang.invoke=ALL-UNNAMED --add-opens=java.prefs/java.util.prefs=ALL-UNNAMED -Xmx2048m -Dfile.encoding=UTF-8 -Duser.country=US -Duser.language=en -Duser.variant 
java_command: org.gradle.launcher.daemon.bootstrap.GradleDaemon 6.7.1
java_class_path (initial): C:\Users\Ferz\.gradle\wrapper\dists\gradle-6.7.1-bin\bwlcbys1h7rz3272sye1xwiv6\gradle-6.7.1\lib\gradle-launcher-6.7.1.jar
Launcher Type: SUN_STANDARD

[Global flags]
     intx CICompilerCount                          = 4                                         {product} {ergonomic}
     uint ConcGCThreads                            = 2                                         {product} {ergonomic}
     uint G1ConcRefinementThreads                  = 8                                         {product} {ergonomic}
   size_t G1HeapRegionSize                         = 1048576                                   {product} {ergonomic}
    uintx GCDrainStackTargetSize                   = 64                                        {product} {ergonomic}
   size_t InitialHeapSize                          = 130023424                                 {product} {ergonomic}
   size_t MarkStackSize                            = 4194304                                   {product} {ergonomic}
   size_t MaxHeapSize                              = 2147483648                                {product} {command line}
   size_t MaxNewSize                               = 1287651328                                {product} {ergonomic}
   size_t MinHeapDeltaBytes                        = 1048576                                   {product} {ergonomic}
    uintx NonNMethodCodeHeapSize                   = 5836300                                {pd product} {ergonomic}
    uintx NonProfiledCodeHeapSize                  = 122910970                              {pd product} {ergonomic}
    uintx ProfiledCodeHeapSize                     = 122910970                              {pd product} {ergonomic}
    uintx ReservedCodeCacheSize                    = 251658240                              {pd product} {ergonomic}
     bool SegmentedCodeCache                       = true                                      {product} {ergonomic}
     bool UseCompressedClassPointers               = true                                 {lp64_product} {ergonomic}
     bool UseCompressedOops                        = true                                 {lp64_product} {ergonomic}
     bool UseG1GC                                  = true                                      {product} {ergonomic}
     bool UseLargePagesIndividualAllocation        = false                                  {pd product} {ergonomic}

Logging:
Log output configuration:
 #0: stdout all=warning uptime,level,tags
 #1: stderr all=off uptime,level,tags

Environment Variables:
PATH=C:\Program Files (x86)\NVIDIA Corporation\PhysX\Common;C:\Program Files (x86)\Common Files\Oracle\Java\javapath;C:\WINDOWS\system32;C:\WINDOWS;C:\WINDOWS\System32\Wbem;C:\WINDOWS\System32\WindowsPowerShell\v1.0\;C:\WINDOWS\System32\OpenSSH\;C:\Program Files\dotnet\;C:\Users\Ferz\AppData\Local\Programs\Python\Python38-32\Scripts;C:\Program Files\Git\cmd;C:\Program Files (x86)\NoteBook FanControl\;C:\Program Files\Graphviz\bin;C:\Users\Ferz\AppData\Local\Microsoft\WindowsApps;C:\Users\Ferz\AppData\Local\Programs\Microsoft VS Code\bin;C:\Users\Ferz\AppData\Local\atom\bin
USERNAME=Ferz
OS=Windows_NT
PROCESSOR_IDENTIFIER=Intel64 Family 6 Model 126 Stepping 5, GenuineIntel



---------------  S Y S T E M  ---------------

OS: Windows 10 , 64 bit Build 19041 (10.0.19041.928)
OS uptime: 0 days 5:49 hours

CPU:total 8 (initial active 8) (4 cores per cpu, 2 threads per core) family 6 model 126 stepping 5, cmov, cx8, fxsr, mmx, sse, sse2, sse3, ssse3, sse4.1, sse4.2, popcnt, avx, avx2, aes, clmul, erms, 3dnowpref, lzcnt, ht, tsc, tscinvbit, bmi1, bmi2, adx, evex, sha, fma

Memory: 4k page, system-wide physical 7880M (248M free)
TotalPageFile size 11976M (AvailPageFile size 24M)
current process WorkingSet (physical memory assigned to process): 427M, peak: 427M
current process commit charge ("private bytes"): 484M, peak: 520M

vm_info: OpenJDK 64-Bit Server VM (11.0.8+10-b944.6842174) for windows-amd64 JRE (11.0.8+10-b944.6842174), built on Sep 19 2020 01:11:42 by "builder" with MS VC++ 14.0 (VS2015)

END.
