#
# There is insufficient memory for the Java Runtime Environment to continue.
# Native memory allocation (malloc) failed to allocate 938896 bytes for Chunk::new
# Possible reasons:
#   The system is out of physical RAM or swap space
#   The process is running with CompressedOops enabled, and the Java Heap may be blocking the growth of the native heap
# Possible solutions:
#   Reduce memory load on the system
#   Increase physical memory or swap space
#   Check if swap backing store is full
#   Decrease Java heap size (-Xmx/-Xms)
#   Decrease number of Java threads
#   Decrease Java thread stack sizes (-Xss)
#   Set larger code cache with -XX:ReservedCodeCacheSize=
#   JVM is running with Unscaled Compressed Oops mode in which the Java heap is
#     placed in the first 4GB address space. The Java Heap base address is the
#     maximum limit for the native heap growth. Please use -XX:HeapBaseMinAddress
#     to set the Java Heap base and to place the Java Heap above 4GB virtual address.
# This output file may be truncated or incomplete.
#
#  Out of Memory Error (./src/hotspot/share/memory/arena.cpp:197), pid=16332, tid=12600
#
# JRE version: OpenJDK Runtime Environment (11.0.8+10) (build 11.0.8+10-b944.6842174)
# Java VM: OpenJDK 64-Bit Server VM (11.0.8+10-b944.6842174, mixed mode, tiered, compressed oops, g1 gc, windows-amd64)
# No core dump will be written. Minidumps are not enabled by default on client versions of Windows
#

---------------  S U M M A R Y ------------

Command Line: --add-opens=java.base/java.util=ALL-UNNAMED --add-opens=java.base/java.lang=ALL-UNNAMED --add-opens=java.base/java.lang.invoke=ALL-UNNAMED --add-opens=java.prefs/java.util.prefs=ALL-UNNAMED -Xmx2048m -Dfile.encoding=UTF-8 -Duser.country=US -Duser.language=en -Duser.variant org.gradle.launcher.daemon.bootstrap.GradleDaemon 6.7.1

Host: Intel(R) Core(TM) i5-1035G1 CPU @ 1.00GHz, 8 cores, 7G,  Windows 10 , 64 bit Build 19041 (10.0.19041.928)
Time: Sat May 29 08:26:33 2021 Pacific Daylight Time elapsed time: 992 seconds (0d 0h 16m 32s)

---------------  T H R E A D  ---------------

Current thread (0x000001c735e9d800):  JavaThread "C2 CompilerThread0" daemon [_thread_in_native, id=12600, stack(0x000000c5c7400000,0x000000c5c7500000)]


Current CompileTask:
C2: 992162 19399       4       com.android.tools.r8.dex.n::m (2054 bytes)

Stack: [0x000000c5c7400000,0x000000c5c7500000]
Native frames: (J=compiled Java code, j=interpreted, Vv=VM code, C=native code)
V  [jvm.dll+0x5de50a]
V  [jvm.dll+0x7122f5]
V  [jvm.dll+0x71384d]
V  [jvm.dll+0x713f03]
V  [jvm.dll+0x23e728]
V  [jvm.dll+0xb899c]
V  [jvm.dll+0xb8e9c]
V  [jvm.dll+0x2b20e4]
V  [jvm.dll+0x502098]
V  [jvm.dll+0x1ff393]
V  [jvm.dll+0x1f917c]
V  [jvm.dll+0x1f685f]
V  [jvm.dll+0x17f32c]
V  [jvm.dll+0x205047]
V  [jvm.dll+0x203891]
V  [jvm.dll+0x6dad3f]
V  [jvm.dll+0x6d3895]
V  [jvm.dll+0x5dd4a6]
C  [ucrtbase.dll+0x21bb2]
C  [KERNEL32.DLL+0x17034]
C  [ntdll.dll+0x52651]


---------------  P R O C E S S  ---------------

Threads class SMR info:
_java_thread_list=0x000001c745b0f5a0, length=169, elements={
0x000001c71aa2b000, 0x000001c7354e0800, 0x000001c7354e2000, 0x000001c735e9a000,
0x000001c735e9c800, 0x000001c735e9d800, 0x000001c735ea1800, 0x000001c7354fb800,
0x000001c735fea000, 0x000001c736004000, 0x000001c737e09000, 0x000001c7367f3800,
0x000001c736298800, 0x000001c737c91000, 0x000001c737c91800, 0x000001c737c90000,
0x000001c737c95000, 0x000001c739d28000, 0x000001c7380e0000, 0x000001c73d26a800,
0x000001c73ec92800, 0x000001c73d25f800, 0x000001c73d25e000, 0x000001c73d25d000,
0x000001c73d264800, 0x000001c73d262000, 0x000001c73d260800, 0x000001c73d25f000,
0x000001c73d261800, 0x000001c73d268800, 0x000001c73d264000, 0x000001c73d268000,
0x000001c73d265800, 0x000001c73d263000, 0x000001c73d269800, 0x000001c73d26b000,
0x000001c73d267000, 0x000001c73d26c000, 0x000001c73ec8d000, 0x000001c73ec8a800,
0x000001c73ec8d800, 0x000001c73ec8b000, 0x000001c73ec8f800, 0x000001c73ec91000,
0x000001c73ec8c000, 0x000001c73ec94000, 0x000001c73ec91800, 0x000001c73ec93800,
0x000001c73ec8e800, 0x000001c73ec96000, 0x000001c73ec90000, 0x000001c73ec98800,
0x000001c73ec96800, 0x000001c73ec97800, 0x000001c73ec99000, 0x000001c73ec95000,
0x000001c7380d7000, 0x000001c7380d5800, 0x000001c7380d9800, 0x000001c7380d8000,
0x000001c7380d4000, 0x000001c7380da800, 0x000001c7380d6800, 0x000001c7380d8800,
0x000001c7380d4800, 0x000001c7380db000, 0x000001c7380e1000, 0x000001c7380dd000,
0x000001c7380e1800, 0x000001c7380dd800, 0x000001c7380de800, 0x000001c7380e2800,
0x000001c739d25000, 0x000001c739d26000, 0x000001c739d2b800, 0x000001c739d2c800,
0x000001c739d26800, 0x000001c739d2d000, 0x000001c739d2e000, 0x000001c739d2a000,
0x000001c739d2e800, 0x000001c739d29000, 0x000001c739d2f800, 0x000001c739d30800,
0x000001c739d33800, 0x000001c739d31000, 0x000001c739d32000, 0x000001c739d33000,
0x000001c737c96800, 0x000001c737c96000, 0x000001c737c92800, 0x000001c737c93800,
0x000001c737c94000, 0x000001c735f4f800, 0x000001c735f51800, 0x000001c735f56800,
0x000001c735f50800, 0x000001c735f52000, 0x000001c735f54800, 0x000001c735f54000,
0x000001c735f58800, 0x000001c735f58000, 0x000001c735f55800, 0x000001c735f53000,
0x000001c735f5d000, 0x000001c735f59800, 0x000001c735f57000, 0x000001c735f5d800,
0x000001c735f5a800, 0x000001c735f5c000, 0x000001c735f5e800, 0x000001c735f5b000,
0x000001c739649000, 0x000001c739646800, 0x000001c73964a800, 0x000001c73964a000,
0x000001c73964b800, 0x000001c739646000, 0x000001c739647800, 0x000001c739648000,
0x000001c739652000, 0x000001c739651000, 0x000001c739650800, 0x000001c73964c800,
0x000001c73964d000, 0x000001c73964e000, 0x000001c739654800, 0x000001c739653800,
0x000001c73964f000, 0x000001c73964f800, 0x000001c739653000, 0x000001c73d24f800,
0x000001c73d24e800, 0x000001c73d250000, 0x000001c73d251000, 0x000001c73d24d000,
0x000001c73d24b000, 0x000001c73d252000, 0x000001c73d24d800, 0x000001c73d24c000,
0x000001c73d252800, 0x000001c73d256800, 0x000001c73d259000, 0x000001c73d254000,
0x000001c73d256000, 0x000001c73d253800, 0x000001c73d257800, 0x000001c73d258800,
0x000001c73d25a000, 0x000001c73d255000, 0x000001c73eb0f000, 0x000001c73eb10000,
0x000001c73eb0a000, 0x000001c73eb0c000, 0x000001c73eb0c800, 0x000001c73eb0b000,
0x000001c73eb10800, 0x000001c73eb12800, 0x000001c73eb13000, 0x000001c73eb0d800,
0x000001c73eb14000, 0x000001c73eb0e800, 0x000001c73eb19000, 0x000001c73eb16800,
0x000001c73eb15800, 0x000001c73eb15000, 0x000001c73eb18000, 0x000001c73eb17800,
0x000001c73d266000
}

Java Threads: ( => current thread )
  0x000001c71aa2b000 JavaThread "main" [_thread_blocked, id=15116, stack(0x000000c5c6900000,0x000000c5c6a00000)]
  0x000001c7354e0800 JavaThread "Reference Handler" daemon [_thread_blocked, id=14796, stack(0x000000c5c7000000,0x000000c5c7100000)]
  0x000001c7354e2000 JavaThread "Finalizer" daemon [_thread_blocked, id=12372, stack(0x000000c5c7100000,0x000000c5c7200000)]
  0x000001c735e9a000 JavaThread "Signal Dispatcher" daemon [_thread_blocked, id=14764, stack(0x000000c5c7200000,0x000000c5c7300000)]
  0x000001c735e9c800 JavaThread "Attach Listener" daemon [_thread_blocked, id=13540, stack(0x000000c5c7300000,0x000000c5c7400000)]
=>0x000001c735e9d800 JavaThread "C2 CompilerThread0" daemon [_thread_in_native, id=12600, stack(0x000000c5c7400000,0x000000c5c7500000)]
  0x000001c735ea1800 JavaThread "C1 CompilerThread0" daemon [_thread_in_vm, id=14000, stack(0x000000c5c7500000,0x000000c5c7600000)]
  0x000001c7354fb800 JavaThread "Sweeper thread" daemon [_thread_blocked, id=14552, stack(0x000000c5c7600000,0x000000c5c7700000)]
  0x000001c735fea000 JavaThread "Common-Cleaner" daemon [_thread_blocked, id=1688, stack(0x000000c5c7700000,0x000000c5c7800000)]
  0x000001c736004000 JavaThread "Service Thread" daemon [_thread_blocked, id=14832, stack(0x000000c5c7800000,0x000000c5c7900000)]
  0x000001c737e09000 JavaThread "Daemon health stats" [_thread_blocked, id=4852, stack(0x000000c5c7d00000,0x000000c5c7e00000)]
  0x000001c7367f3800 JavaThread "Incoming local TCP Connector on port 62844" [_thread_in_native, id=10628, stack(0x000000c5c7e00000,0x000000c5c7f00000)]
  0x000001c736298800 JavaThread "Daemon periodic checks" [_thread_blocked, id=4012, stack(0x000000c5c7f00000,0x000000c5c8000000)]
  0x000001c737c91000 JavaThread "Cache worker for file hash cache (C:\Users\Ferz\.gradle\caches\6.7.1\fileHashes)" [_thread_blocked, id=16328, stack(0x000000c5c8d00000,0x000000c5c8e00000)]
  0x000001c737c91800 JavaThread "File lock request listener" [_thread_in_native, id=14856, stack(0x000000c5c8e00000,0x000000c5c8f00000)]
  0x000001c737c90000 JavaThread "Cache worker for journal cache (C:\Users\Ferz\.gradle\caches\journal-1)" [_thread_blocked, id=5936, stack(0x000000c5c9000000,0x000000c5c9100000)]
  0x000001c737c95000 JavaThread "Cache worker for execution history cache (C:\Users\Ferz\.gradle\caches\6.7.1\executionHistory)" [_thread_blocked, id=13116, stack(0x000000c5c9600000,0x000000c5c9700000)]
  0x000001c739d28000 JavaThread "Cache worker for file content cache (C:\Users\Ferz\.gradle\caches\6.7.1\fileContent)" [_thread_blocked, id=5172, stack(0x000000c5c9900000,0x000000c5c9a00000)]
  0x000001c7380e0000 JavaThread "Memory manager" [_thread_blocked, id=1092, stack(0x000000c5c9700000,0x000000c5c9800000)]
  0x000001c73d26a800 JavaThread "Cache worker for Java compile cache (C:\Users\Ferz\.gradle\caches\6.7.1\javaCompile)" [_thread_blocked, id=15640, stack(0x000000c5d0800000,0x000000c5d0900000)]
  0x000001c73ec92800 JavaThread "ForkJoinPool.commonPool-worker-15" daemon [_thread_blocked, id=14356, stack(0x000000c5d1800000,0x000000c5d1900000)]
  0x000001c73d25f800 JavaThread "Daemon Thread 4" [_thread_blocked, id=7256, stack(0x000000c5c6600000,0x000000c5c6700000)]
  0x000001c73d25e000 JavaThread "Handler for socket connection from /127.0.0.1:62844 to /127.0.0.1:64962" [_thread_in_native, id=15276, stack(0x000000c5c7a00000,0x000000c5c7b00000)]
  0x000001c73d25d000 JavaThread "Cancel handler" [_thread_blocked, id=4856, stack(0x000000c5c7c00000,0x000000c5c7d00000)]
  0x000001c73d264800 JavaThread "Daemon worker Thread 4" [_thread_in_Java, id=832, stack(0x000000c5c8000000,0x000000c5c8100000)]
  0x000001c73d262000 JavaThread "Asynchronous log dispatcher for DefaultDaemonConnection: socket connection from /127.0.0.1:62844 to /127.0.0.1:64962" [_thread_in_native, id=7764, stack(0x000000c5c8100000,0x000000c5c8200000)]
  0x000001c73d260800 JavaThread "Stdin handler" [_thread_blocked, id=6708, stack(0x000000c5c8200000,0x000000c5c8300000)]
  0x000001c73d25f000 JavaThread "Thread-398" [_thread_blocked, id=3440, stack(0x000000c5c8300000,0x000000c5c8400000)]
  0x000001c73d261800 JavaThread "Cache worker for file hash cache (C:\Users\Ferz\AndroidStudioProjects\rumireazgarbovpractice4\.gradle\6.7.1\fileHashes)" [_thread_blocked, id=15488, stack(0x000000c5c8400000,0x000000c5c8500000)]
  0x000001c73d268800 JavaThread "Cache worker for checksums cache (C:\Users\Ferz\AndroidStudioProjects\rumireazgarbovpractice4\.gradle\checksums)" [_thread_blocked, id=1772, stack(0x000000c5c8500000,0x000000c5c8600000)]
  0x000001c73d264000 JavaThread "Cache worker for cache directory md-supplier (C:\Users\Ferz\.gradle\caches\6.7.1\md-supplier)" [_thread_blocked, id=9872, stack(0x000000c5c8600000,0x000000c5c8700000)]
  0x000001c73d268000 JavaThread "Cache worker for cache directory md-rule (C:\Users\Ferz\.gradle\caches\6.7.1\md-rule)" [_thread_blocked, id=14504, stack(0x000000c5c9100000,0x000000c5c9200000)]
  0x000001c73d265800 JavaThread "Cache worker for Build Output Cleanup Cache (C:\Users\Ferz\AndroidStudioProjects\rumireazgarbovpractice4\.gradle\buildOutputCleanup)" [_thread_blocked, id=11864, stack(0x000000c5c9200000,0x000000c5c9300000)]
  0x000001c73d263000 JavaThread "Build operations" [_thread_blocked, id=2936, stack(0x000000c5c9400000,0x000000c5c9500000)]
  0x000001c73d269800 JavaThread "Build operations Thread 2" [_thread_blocked, id=11472, stack(0x000000c5c9500000,0x000000c5c9600000)]
  0x000001c73d26b000 JavaThread "Build operations Thread 3" [_thread_blocked, id=8148, stack(0x000000c5c9800000,0x000000c5c9900000)]
  0x000001c73d267000 JavaThread "Build operations Thread 4" [_thread_blocked, id=16216, stack(0x000000c5c9a00000,0x000000c5c9b00000)]
  0x000001c73d26c000 JavaThread "Build operations Thread 5" [_thread_blocked, id=12036, stack(0x000000c5c9b00000,0x000000c5c9c00000)]
  0x000001c73ec8d000 JavaThread "Build operations Thread 6" [_thread_blocked, id=6544, stack(0x000000c5c9c00000,0x000000c5c9d00000)]
  0x000001c73ec8a800 JavaThread "Build operations Thread 7" [_thread_blocked, id=14052, stack(0x000000c5c9d00000,0x000000c5c9e00000)]
  0x000001c73ec8d800 JavaThread "Build operations Thread 8" [_thread_blocked, id=13172, stack(0x000000c5c9e00000,0x000000c5c9f00000)]
  0x000001c73ec8b000 JavaThread "jar transforms Thread 292" [_thread_blocked, id=8828, stack(0x000000c5c9f00000,0x000000c5ca000000)]
  0x000001c73ec8f800 JavaThread "jar transforms Thread 293" [_thread_blocked, id=15712, stack(0x000000c5ca000000,0x000000c5ca100000)]
  0x000001c73ec91000 JavaThread "jar transforms Thread 294" [_thread_blocked, id=8740, stack(0x000000c5ca100000,0x000000c5ca200000)]
  0x000001c73ec8c000 JavaThread "jar transforms Thread 295" [_thread_blocked, id=8968, stack(0x000000c5ca200000,0x000000c5ca300000)]
  0x000001c73ec94000 JavaThread "jar transforms Thread 296" [_thread_blocked, id=15604, stack(0x000000c5ca300000,0x000000c5ca400000)]
  0x000001c73ec91800 JavaThread "jar transforms Thread 297" [_thread_blocked, id=8268, stack(0x000000c5ca400000,0x000000c5ca500000)]
  0x000001c73ec93800 JavaThread "jar transforms Thread 298" [_thread_blocked, id=15412, stack(0x000000c5ca500000,0x000000c5ca600000)]
  0x000001c73ec8e800 JavaThread "jar transforms Thread 299" [_thread_blocked, id=7608, stack(0x000000c5ca600000,0x000000c5ca700000)]
  0x000001c73ec96000 JavaThread "jar transforms Thread 300" [_thread_blocked, id=2512, stack(0x000000c5ca700000,0x000000c5ca800000)]
  0x000001c73ec90000 JavaThread "jar transforms Thread 301" [_thread_blocked, id=6564, stack(0x000000c5ca800000,0x000000c5ca900000)]
  0x000001c73ec98800 JavaThread "jar transforms Thread 302" [_thread_blocked, id=11244, stack(0x000000c5ca900000,0x000000c5caa00000)]
  0x000001c73ec96800 JavaThread "jar transforms Thread 303" [_thread_blocked, id=1600, stack(0x000000c5caa00000,0x000000c5cab00000)]
  0x000001c73ec97800 JavaThread "jar transforms Thread 304" [_thread_blocked, id=12596, stack(0x000000c5cab00000,0x000000c5cac00000)]
  0x000001c73ec99000 JavaThread "jar transforms Thread 305" [_thread_blocked, id=12864, stack(0x000000c5cac00000,0x000000c5cad00000)]
  0x000001c73ec95000 JavaThread "jar transforms Thread 306" [_thread_blocked, id=15160, stack(0x000000c5cad00000,0x000000c5cae00000)]
  0x000001c7380d7000 JavaThread "jar transforms Thread 307" [_thread_blocked, id=14556, stack(0x000000c5cae00000,0x000000c5caf00000)]
  0x000001c7380d5800 JavaThread "jar transforms Thread 308" [_thread_blocked, id=12896, stack(0x000000c5caf00000,0x000000c5cb000000)]
  0x000001c7380d9800 JavaThread "jar transforms Thread 309" [_thread_blocked, id=16204, stack(0x000000c5cb000000,0x000000c5cb100000)]
  0x000001c7380d8000 JavaThread "jar transforms Thread 310" [_thread_blocked, id=3336, stack(0x000000c5cb100000,0x000000c5cb200000)]
  0x000001c7380d4000 JavaThread "jar transforms Thread 311" [_thread_blocked, id=9144, stack(0x000000c5cb200000,0x000000c5cb300000)]
  0x000001c7380da800 JavaThread "jar transforms Thread 312" [_thread_blocked, id=1540, stack(0x000000c5cb300000,0x000000c5cb400000)]
  0x000001c7380d6800 JavaThread "jar transforms Thread 313" [_thread_blocked, id=6836, stack(0x000000c5cb400000,0x000000c5cb500000)]
  0x000001c7380d8800 JavaThread "jar transforms Thread 314" [_thread_blocked, id=15368, stack(0x000000c5cb500000,0x000000c5cb600000)]
  0x000001c7380d4800 JavaThread "jar transforms Thread 315" [_thread_blocked, id=9984, stack(0x000000c5cb600000,0x000000c5cb700000)]
  0x000001c7380db000 JavaThread "jar transforms Thread 316" [_thread_blocked, id=9688, stack(0x000000c5cb700000,0x000000c5cb800000)]
  0x000001c7380e1000 JavaThread "jar transforms Thread 317" [_thread_blocked, id=1948, stack(0x000000c5cb800000,0x000000c5cb900000)]
  0x000001c7380dd000 JavaThread "jar transforms Thread 318" [_thread_blocked, id=13264, stack(0x000000c5cb900000,0x000000c5cba00000)]
  0x000001c7380e1800 JavaThread "jar transforms Thread 319" [_thread_blocked, id=1980, stack(0x000000c5cba00000,0x000000c5cbb00000)]
  0x000001c7380dd800 JavaThread "jar transforms Thread 320" [_thread_blocked, id=16292, stack(0x000000c5cbb00000,0x000000c5cbc00000)]
  0x000001c7380de800 JavaThread "jar transforms Thread 321" [_thread_blocked, id=3224, stack(0x000000c5cbc00000,0x000000c5cbd00000)]
  0x000001c7380e2800 JavaThread "jar transforms Thread 322" [_thread_blocked, id=15884, stack(0x000000c5cbd00000,0x000000c5cbe00000)]
  0x000001c739d25000 JavaThread "jar transforms Thread 323" [_thread_blocked, id=15176, stack(0x000000c5cbe00000,0x000000c5cbf00000)]
  0x000001c739d26000 JavaThread "jar transforms Thread 324" [_thread_blocked, id=14888, stack(0x000000c5cbf00000,0x000000c5cc000000)]
  0x000001c739d2b800 JavaThread "jar transforms Thread 325" [_thread_blocked, id=4528, stack(0x000000c5cc000000,0x000000c5cc100000)]
  0x000001c739d2c800 JavaThread "jar transforms Thread 326" [_thread_blocked, id=16152, stack(0x000000c5cc100000,0x000000c5cc200000)]
  0x000001c739d26800 JavaThread "jar transforms Thread 327" [_thread_blocked, id=15052, stack(0x000000c5cc200000,0x000000c5cc300000)]
  0x000001c739d2d000 JavaThread "jar transforms Thread 328" [_thread_blocked, id=16156, stack(0x000000c5cc300000,0x000000c5cc400000)]
  0x000001c739d2e000 JavaThread "jar transforms Thread 329" [_thread_blocked, id=14008, stack(0x000000c5cc400000,0x000000c5cc500000)]
  0x000001c739d2a000 JavaThread "jar transforms Thread 330" [_thread_blocked, id=10504, stack(0x000000c5cc500000,0x000000c5cc600000)]
  0x000001c739d2e800 JavaThread "jar transforms Thread 331" [_thread_blocked, id=2212, stack(0x000000c5cc600000,0x000000c5cc700000)]
  0x000001c739d29000 JavaThread "jar transforms Thread 332" [_thread_blocked, id=960, stack(0x000000c5cc700000,0x000000c5cc800000)]
  0x000001c739d2f800 JavaThread "jar transforms Thread 333" [_thread_blocked, id=5292, stack(0x000000c5cc800000,0x000000c5cc900000)]
  0x000001c739d30800 JavaThread "jar transforms Thread 334" [_thread_blocked, id=4400, stack(0x000000c5cc900000,0x000000c5cca00000)]
  0x000001c739d33800 JavaThread "jar transforms Thread 335" [_thread_blocked, id=7548, stack(0x000000c5cca00000,0x000000c5ccb00000)]
  0x000001c739d31000 JavaThread "jar transforms Thread 336" [_thread_blocked, id=1684, stack(0x000000c5ccb00000,0x000000c5ccc00000)]
  0x000001c739d32000 JavaThread "jar transforms Thread 337" [_thread_blocked, id=15076, stack(0x000000c5ccc00000,0x000000c5ccd00000)]
  0x000001c739d33000 JavaThread "jar transforms Thread 338" [_thread_blocked, id=5308, stack(0x000000c5ccd00000,0x000000c5cce00000)]
  0x000001c737c96800 JavaThread "jar transforms Thread 339" [_thread_blocked, id=6592, stack(0x000000c5cce00000,0x000000c5ccf00000)]
  0x000001c737c96000 JavaThread "jar transforms Thread 340" [_thread_blocked, id=7236, stack(0x000000c5ccf00000,0x000000c5cd000000)]
  0x000001c737c92800 JavaThread "jar transforms Thread 341" [_thread_blocked, id=3340, stack(0x000000c5cd000000,0x000000c5cd100000)]
  0x000001c737c93800 JavaThread "jar transforms Thread 342" [_thread_blocked, id=15592, stack(0x000000c5cd100000,0x000000c5cd200000)]
  0x000001c737c94000 JavaThread "jar transforms Thread 343" [_thread_blocked, id=15312, stack(0x000000c5cd200000,0x000000c5cd300000)]
  0x000001c735f4f800 JavaThread "jar transforms Thread 344" [_thread_blocked, id=1052, stack(0x000000c5cd300000,0x000000c5cd400000)]
  0x000001c735f51800 JavaThread "jar transforms Thread 345" [_thread_blocked, id=5028, stack(0x000000c5cd400000,0x000000c5cd500000)]
  0x000001c735f56800 JavaThread "jar transforms Thread 346" [_thread_blocked, id=11640, stack(0x000000c5cd500000,0x000000c5cd600000)]
  0x000001c735f50800 JavaThread "jar transforms Thread 347" [_thread_blocked, id=15476, stack(0x000000c5cd600000,0x000000c5cd700000)]
  0x000001c735f52000 JavaThread "jar transforms Thread 348" [_thread_blocked, id=6168, stack(0x000000c5cd700000,0x000000c5cd800000)]
  0x000001c735f54800 JavaThread "jar transforms Thread 349" [_thread_blocked, id=9912, stack(0x000000c5cd800000,0x000000c5cd900000)]
  0x000001c735f54000 JavaThread "jar transforms Thread 350" [_thread_blocked, id=13908, stack(0x000000c5cd900000,0x000000c5cda00000)]
  0x000001c735f58800 JavaThread "jar transforms Thread 351" [_thread_blocked, id=11556, stack(0x000000c5cda00000,0x000000c5cdb00000)]
  0x000001c735f58000 JavaThread "jar transforms Thread 352" [_thread_blocked, id=7112, stack(0x000000c5cdb00000,0x000000c5cdc00000)]
  0x000001c735f55800 JavaThread "jar transforms Thread 353" [_thread_blocked, id=9952, stack(0x000000c5cdc00000,0x000000c5cdd00000)]
  0x000001c735f53000 JavaThread "jar transforms Thread 354" [_thread_blocked, id=2580, stack(0x000000c5cdd00000,0x000000c5cde00000)]
  0x000001c735f5d000 JavaThread "jar transforms Thread 355" [_thread_blocked, id=15744, stack(0x000000c5cde00000,0x000000c5cdf00000)]
  0x000001c735f59800 JavaThread "jar transforms Thread 356" [_thread_blocked, id=14064, stack(0x000000c5cdf00000,0x000000c5ce000000)]
  0x000001c735f57000 JavaThread "jar transforms Thread 357" [_thread_blocked, id=11488, stack(0x000000c5ce000000,0x000000c5ce100000)]
  0x000001c735f5d800 JavaThread "jar transforms Thread 358" [_thread_blocked, id=13836, stack(0x000000c5ce100000,0x000000c5ce200000)]
  0x000001c735f5a800 JavaThread "jar transforms Thread 359" [_thread_blocked, id=10424, stack(0x000000c5ce200000,0x000000c5ce300000)]
  0x000001c735f5c000 JavaThread "jar transforms Thread 360" [_thread_blocked, id=13744, stack(0x000000c5ce300000,0x000000c5ce400000)]
  0x000001c735f5e800 JavaThread "jar transforms Thread 361" [_thread_blocked, id=10076, stack(0x000000c5ce400000,0x000000c5ce500000)]
  0x000001c735f5b000 JavaThread "jar transforms Thread 362" [_thread_blocked, id=11888, stack(0x000000c5ce500000,0x000000c5ce600000)]
  0x000001c739649000 JavaThread "jar transforms Thread 363" [_thread_blocked, id=6576, stack(0x000000c5ce600000,0x000000c5ce700000)]
  0x000001c739646800 JavaThread "jar transforms Thread 364" [_thread_blocked, id=13776, stack(0x000000c5ce700000,0x000000c5ce800000)]
  0x000001c73964a800 JavaThread "jar transforms Thread 365" [_thread_blocked, id=14440, stack(0x000000c5ce800000,0x000000c5ce900000)]
  0x000001c73964a000 JavaThread "jar transforms Thread 366" [_thread_blocked, id=5788, stack(0x000000c5ce900000,0x000000c5cea00000)]
  0x000001c73964b800 JavaThread "jar transforms Thread 367" [_thread_blocked, id=15916, stack(0x000000c5cea00000,0x000000c5ceb00000)]
  0x000001c739646000 JavaThread "jar transforms Thread 368" [_thread_blocked, id=9232, stack(0x000000c5ceb00000,0x000000c5cec00000)]
  0x000001c739647800 JavaThread "jar transforms Thread 369" [_thread_blocked, id=14244, stack(0x000000c5cec00000,0x000000c5ced00000)]
  0x000001c739648000 JavaThread "jar transforms Thread 370" [_thread_blocked, id=3956, stack(0x000000c5ced00000,0x000000c5cee00000)]
  0x000001c739652000 JavaThread "jar transforms Thread 371" [_thread_blocked, id=8172, stack(0x000000c5cee00000,0x000000c5cef00000)]
  0x000001c739651000 JavaThread "jar transforms Thread 372" [_thread_blocked, id=12320, stack(0x000000c5cef00000,0x000000c5cf000000)]
  0x000001c739650800 JavaThread "jar transforms Thread 373" [_thread_blocked, id=13676, stack(0x000000c5cf000000,0x000000c5cf100000)]
  0x000001c73964c800 JavaThread "jar transforms Thread 374" [_thread_blocked, id=15940, stack(0x000000c5cf100000,0x000000c5cf200000)]
  0x000001c73964d000 JavaThread "jar transforms Thread 375" [_thread_blocked, id=15984, stack(0x000000c5cf200000,0x000000c5cf300000)]
  0x000001c73964e000 JavaThread "jar transforms Thread 376" [_thread_blocked, id=13680, stack(0x000000c5cf300000,0x000000c5cf400000)]
  0x000001c739654800 JavaThread "jar transforms Thread 377" [_thread_blocked, id=13684, stack(0x000000c5cf400000,0x000000c5cf500000)]
  0x000001c739653800 JavaThread "jar transforms Thread 378" [_thread_blocked, id=9160, stack(0x000000c5cf500000,0x000000c5cf600000)]
  0x000001c73964f000 JavaThread "jar transforms Thread 379" [_thread_blocked, id=14308, stack(0x000000c5cf600000,0x000000c5cf700000)]
  0x000001c73964f800 JavaThread "jar transforms Thread 380" [_thread_blocked, id=9136, stack(0x000000c5cf700000,0x000000c5cf800000)]
  0x000001c739653000 JavaThread "jar transforms Thread 381" [_thread_blocked, id=2232, stack(0x000000c5cf800000,0x000000c5cf900000)]
  0x000001c73d24f800 JavaThread "jar transforms Thread 382" [_thread_blocked, id=2312, stack(0x000000c5cf900000,0x000000c5cfa00000)]
  0x000001c73d24e800 JavaThread "jar transforms Thread 383" [_thread_blocked, id=14896, stack(0x000000c5cfa00000,0x000000c5cfb00000)]
  0x000001c73d250000 JavaThread "jar transforms Thread 384" [_thread_blocked, id=2976, stack(0x000000c5cfb00000,0x000000c5cfc00000)]
  0x000001c73d251000 JavaThread "jar transforms Thread 385" [_thread_blocked, id=15612, stack(0x000000c5cfc00000,0x000000c5cfd00000)]
  0x000001c73d24d000 JavaThread "jar transforms Thread 386" [_thread_blocked, id=4572, stack(0x000000c5cfd00000,0x000000c5cfe00000)]
  0x000001c73d24b000 JavaThread "jar transforms Thread 387" [_thread_blocked, id=15780, stack(0x000000c5cfe00000,0x000000c5cff00000)]
  0x000001c73d252000 JavaThread "jar transforms Thread 388" [_thread_blocked, id=2116, stack(0x000000c5cff00000,0x000000c5d0000000)]
  0x000001c73d24d800 JavaThread "build event listener" [_thread_blocked, id=12128, stack(0x000000c5d0000000,0x000000c5d0100000)]
  0x000001c73d24c000 JavaThread "build event listener" [_thread_blocked, id=6292, stack(0x000000c5d0100000,0x000000c5d0200000)]
  0x000001c73d252800 JavaThread "Execution worker for ':'" [_thread_blocked, id=10980, stack(0x000000c5d0200000,0x000000c5d0300000)]
  0x000001c73d256800 JavaThread "Execution worker for ':' Thread 2" [_thread_blocked, id=15772, stack(0x000000c5d0300000,0x000000c5d0400000)]
  0x000001c73d259000 JavaThread "Execution worker for ':' Thread 3" [_thread_blocked, id=15620, stack(0x000000c5d0400000,0x000000c5d0500000)]
  0x000001c73d254000 JavaThread "Execution worker for ':' Thread 4" [_thread_blocked, id=14316, stack(0x000000c5d0500000,0x000000c5d0600000)]
  0x000001c73d256000 JavaThread "Execution worker for ':' Thread 5" [_thread_blocked, id=15284, stack(0x000000c5d0600000,0x000000c5d0700000)]
  0x000001c73d253800 JavaThread "Execution worker for ':' Thread 6" [_thread_blocked, id=13632, stack(0x000000c5d0700000,0x000000c5d0800000)]
  0x000001c73d257800 JavaThread "Execution worker for ':' Thread 7" [_thread_blocked, id=12392, stack(0x000000c5d0900000,0x000000c5d0a00000)]
  0x000001c73d258800 JavaThread "Cache worker for execution history cache (C:\Users\Ferz\AndroidStudioProjects\rumireazgarbovpractice4\.gradle\6.7.1\executionHistory)" [_thread_blocked, id=3124, stack(0x000000c5d0a00000,0x000000c5d0b00000)]
  0x000001c73d25a000 JavaThread "WorkerExecutor Queue" [_thread_blocked, id=4024, stack(0x000000c5d0b00000,0x000000c5d0c00000)]
  0x000001c73d255000 JavaThread "WorkerExecutor Queue Thread 2" [_thread_in_native, id=8400, stack(0x000000c5d0c00000,0x000000c5d0d00000)]
  0x000001c73eb0f000 JavaThread "WorkerExecutor Queue Thread 3" [_thread_blocked, id=12220, stack(0x000000c5d0d00000,0x000000c5d0e00000)]
  0x000001c73eb10000 JavaThread "C2 CompilerThread1" daemon [_thread_in_native, id=2680, stack(0x000000c5c9300000,0x000000c5c9400000)]
  0x000001c73eb0a000 JavaThread "WorkerExecutor Queue Thread 4" [_thread_blocked, id=9532, stack(0x000000c5d0e00000,0x000000c5d0f00000)]
  0x000001c73eb0c000 JavaThread "WorkerExecutor Queue Thread 5" [_thread_blocked, id=13932, stack(0x000000c5d0f00000,0x000000c5d1000000)]
  0x000001c73eb0c800 JavaThread "WorkerExecutor Queue Thread 6" [_thread_blocked, id=13224, stack(0x000000c5d1000000,0x000000c5d1100000)]
  0x000001c73eb0b000 JavaThread "WorkerExecutor Queue Thread 7" [_thread_blocked, id=5360, stack(0x000000c5d1100000,0x000000c5d1200000)]
  0x000001c73eb10800 JavaThread "WorkerExecutor Queue Thread 8" [_thread_blocked, id=13984, stack(0x000000c5d1200000,0x000000c5d1300000)]
  0x000001c73eb12800 JavaThread "WorkerExecutor Queue Thread 9" [_thread_blocked, id=14848, stack(0x000000c5d1300000,0x000000c5d1400000)]
  0x000001c73eb13000 JavaThread "pool-14-thread-1" [_thread_blocked, id=11420, stack(0x000000c5d1400000,0x000000c5d1500000)]
  0x000001c73eb0d800 JavaThread "stderr" [_thread_in_native, id=8096, stack(0x000000c5d1500000,0x000000c5d1600000)]
  0x000001c73eb14000 JavaThread "stdout" [_thread_in_native, id=4580, stack(0x000000c5d1600000,0x000000c5d1700000)]
  0x000001c73eb0e800 JavaThread "ForkJoinPool-4-worker-3" daemon [_thread_in_Java, id=5036, stack(0x000000c5d1700000,0x000000c5d1800000)]
  0x000001c73eb19000 JavaThread "ForkJoinPool-4-worker-5" daemon [_thread_blocked, id=13360, stack(0x000000c5d1900000,0x000000c5d1a00000)]
  0x000001c73eb16800 JavaThread "ForkJoinPool-4-worker-7" daemon [_thread_in_Java, id=12824, stack(0x000000c5d1a00000,0x000000c5d1b00000)]
  0x000001c73eb15800 JavaThread "ForkJoinPool-4-worker-9" daemon [_thread_blocked, id=13856, stack(0x000000c5d1b00000,0x000000c5d1c00000)]
  0x000001c73eb15000 JavaThread "ForkJoinPool-4-worker-11" daemon [_thread_blocked, id=15468, stack(0x000000c5d1c00000,0x000000c5d1d00000)]
  0x000001c73eb18000 JavaThread "ForkJoinPool-4-worker-13" daemon [_thread_blocked, id=7888, stack(0x000000c5d1d00000,0x000000c5d1e00000)]
  0x000001c73eb17800 JavaThread "ForkJoinPool-4-worker-15" daemon [_thread_blocked, id=7908, stack(0x000000c5d1e00000,0x000000c5d1f00000)]
  0x000001c73d266000 JavaThread "ForkJoinPool-4-worker-1" daemon [_thread_blocked, id=4604, stack(0x000000c5d1f00000,0x000000c5d2000000)]

Other Threads:
  0x000001c7354d9000 VMThread "VM Thread" [stack: 0x000000c5c6f00000,0x000000c5c7000000] [id=16164]
  0x000001c736005000 WatcherThread [stack: 0x000000c5c7900000,0x000000c5c7a00000] [id=14272]
  0x000001c71aa41800 GCTaskThread "GC Thread#0" [stack: 0x000000c5c6a00000,0x000000c5c6b00000] [id=2872]
  0x000001c736658000 GCTaskThread "GC Thread#1" [stack: 0x000000c5c7b00000,0x000000c5c7c00000] [id=2672]
  0x000001c736dc5000 GCTaskThread "GC Thread#2" [stack: 0x000000c5c8700000,0x000000c5c8800000] [id=12244]
  0x000001c737b71800 GCTaskThread "GC Thread#3" [stack: 0x000000c5c8800000,0x000000c5c8900000] [id=3292]
  0x000001c7379ab800 GCTaskThread "GC Thread#4" [stack: 0x000000c5c8900000,0x000000c5c8a00000] [id=12024]
  0x000001c737580000 GCTaskThread "GC Thread#5" [stack: 0x000000c5c8a00000,0x000000c5c8b00000] [id=3100]
  0x000001c7375a2800 GCTaskThread "GC Thread#6" [stack: 0x000000c5c8b00000,0x000000c5c8c00000] [id=13336]
  0x000001c7383ce800 GCTaskThread "GC Thread#7" [stack: 0x000000c5c8c00000,0x000000c5c8d00000] [id=10376]
  0x000001c71aa74800 ConcurrentGCThread "G1 Main Marker" [stack: 0x000000c5c6b00000,0x000000c5c6c00000] [id=12092]
  0x000001c71aa76800 ConcurrentGCThread "G1 Conc#0" [stack: 0x000000c5c6c00000,0x000000c5c6d00000] [id=14584]
  0x000001c7367ca000 ConcurrentGCThread "G1 Conc#1" [stack: 0x000000c5c8f00000,0x000000c5c9000000] [id=12324]
  0x000001c735330800 ConcurrentGCThread "G1 Refine#0" [stack: 0x000000c5c6d00000,0x000000c5c6e00000] [id=15144]
  0x000001c73d18d800 ConcurrentGCThread "G1 Refine#1" [stack: 0x000000c5c6700000,0x000000c5c6800000] [id=11460]
  0x000001c73d192000 ConcurrentGCThread "G1 Refine#2" [stack: 0x000000c5c6800000,0x000000c5c6900000] [id=15188]
  0x000001c735331000 ConcurrentGCThread "G1 Young RemSet Sampling" [stack: 0x000000c5c6e00000,0x000000c5c6f00000] [id=16184]

Threads with active compile tasks:
C2 CompilerThread0 992212 19399       4       com.android.tools.r8.dex.n::m (2054 bytes)
C1 CompilerThread0 992212 19792       2       com.android.tools.r8.graph.B::a (89 bytes)
C2 CompilerThread1 992212 19556 %     4       com.android.tools.r8.code.x1::a @ 20 (4137 bytes)

VM state:not at safepoint (normal execution)

VM Mutex/Monitor currently owned by a thread:  ([mutex/lock_event])
[0x000001c71aa26710] CodeCache_lock - owner thread: 0x0000000000000000

OutOfMemory and StackOverflow Exception counts:
OutOfMemoryError java_heap_errors=1
LinkageErrors=252

Heap address: 0x0000000080000000, size: 2048 MB, Compressed Oops mode: 32-bit
Narrow klass base: 0x0000000000000000, Narrow klass shift: 3
Compressed class space size: 1073741824 Address: 0x0000000100000000

Heap:
 garbage-first heap   total 264192K, used 170177K [0x0000000080000000, 0x0000000100000000)
  region size 1024K, 17 young (17408K), 2 survivors (2048K)
 Metaspace       used 134129K, capacity 138120K, committed 138444K, reserved 1169408K
  class space    used 16684K, capacity 18053K, committed 18176K, reserved 1048576K
Heap Regions: E=young(eden), S=young(survivor), O=old, HS=humongous(starts), HC=humongous(continues), CS=collection set, F=free, A=archive, TAMS=top-at-mark-start (previous, next)
|   0|0x0000000080000000, 0x0000000080100000, 0x0000000080100000|100%| O|  |TAMS 0x0000000080100000, 0x0000000080000000| Untracked 
|   1|0x0000000080100000, 0x0000000080200000, 0x0000000080200000|100%| O|  |TAMS 0x0000000080200000, 0x0000000080100000| Untracked 
|   2|0x0000000080200000, 0x0000000080300000, 0x0000000080300000|100%| O|  |TAMS 0x0000000080300000, 0x0000000080200000| Untracked 
|   3|0x0000000080300000, 0x0000000080400000, 0x0000000080400000|100%|HS|  |TAMS 0x0000000080400000, 0x0000000080300000| Complete 
|   4|0x0000000080400000, 0x0000000080500000, 0x0000000080500000|100%|HC|  |TAMS 0x0000000080500000, 0x0000000080400000| Complete 
|   5|0x0000000080500000, 0x0000000080600000, 0x0000000080600000|100%|HC|  |TAMS 0x0000000080600000, 0x0000000080500000| Complete 
|   6|0x0000000080600000, 0x0000000080700000, 0x0000000080700000|100%| O|  |TAMS 0x0000000080700000, 0x0000000080600000| Untracked 
|   7|0x0000000080700000, 0x0000000080800000, 0x0000000080800000|100%| O|  |TAMS 0x0000000080800000, 0x0000000080700000| Untracked 
|   8|0x0000000080800000, 0x0000000080900000, 0x0000000080900000|100%| O|  |TAMS 0x0000000080900000, 0x0000000080800000| Untracked 
|   9|0x0000000080900000, 0x0000000080a00000, 0x0000000080a00000|100%| O|  |TAMS 0x0000000080a00000, 0x0000000080900000| Untracked 
|  10|0x0000000080a00000, 0x0000000080b00000, 0x0000000080b00000|100%| O|  |TAMS 0x0000000080b00000, 0x0000000080a00000| Untracked 
|  11|0x0000000080b00000, 0x0000000080c00000, 0x0000000080c00000|100%| O|  |TAMS 0x0000000080c00000, 0x0000000080b00000| Untracked 
|  12|0x0000000080c00000, 0x0000000080d00000, 0x0000000080d00000|100%| O|  |TAMS 0x0000000080d00000, 0x0000000080c00000| Untracked 
|  13|0x0000000080d00000, 0x0000000080e00000, 0x0000000080e00000|100%| O|  |TAMS 0x0000000080e00000, 0x0000000080d00000| Untracked 
|  14|0x0000000080e00000, 0x0000000080f00000, 0x0000000080f00000|100%| O|  |TAMS 0x0000000080f00000, 0x0000000080e00000| Untracked 
|  15|0x0000000080f00000, 0x0000000081000000, 0x0000000081000000|100%| O|  |TAMS 0x0000000081000000, 0x0000000080f00000| Untracked 
|  16|0x0000000081000000, 0x0000000081100000, 0x0000000081100000|100%| O|  |TAMS 0x0000000081100000, 0x0000000081000000| Untracked 
|  17|0x0000000081100000, 0x0000000081200000, 0x0000000081200000|100%| O|  |TAMS 0x0000000081200000, 0x0000000081100000| Untracked 
|  18|0x0000000081200000, 0x0000000081300000, 0x0000000081300000|100%| O|  |TAMS 0x0000000081300000, 0x0000000081200000| Untracked 
|  19|0x0000000081300000, 0x0000000081400000, 0x0000000081400000|100%| O|  |TAMS 0x0000000081400000, 0x0000000081300000| Untracked 
|  20|0x0000000081400000, 0x0000000081500000, 0x0000000081500000|100%| O|  |TAMS 0x0000000081500000, 0x0000000081400000| Untracked 
|  21|0x0000000081500000, 0x0000000081600000, 0x0000000081600000|100%|HS|  |TAMS 0x0000000081600000, 0x0000000081500000| Complete 
|  22|0x0000000081600000, 0x0000000081700000, 0x0000000081700000|100%|HS|  |TAMS 0x0000000081700000, 0x0000000081600000| Complete 
|  23|0x0000000081700000, 0x0000000081800000, 0x0000000081800000|100%|HC|  |TAMS 0x0000000081800000, 0x0000000081700000| Complete 
|  24|0x0000000081800000, 0x0000000081900000, 0x0000000081900000|100%| O|  |TAMS 0x0000000081900000, 0x0000000081800000| Untracked 
|  25|0x0000000081900000, 0x0000000081a00000, 0x0000000081a00000|100%| O|  |TAMS 0x0000000081a00000, 0x0000000081900000| Untracked 
|  26|0x0000000081a00000, 0x0000000081b00000, 0x0000000081b00000|100%| O|  |TAMS 0x0000000081b00000, 0x0000000081a00000| Untracked 
|  27|0x0000000081b00000, 0x0000000081c00000, 0x0000000081c00000|100%| O|  |TAMS 0x0000000081c00000, 0x0000000081b00000| Untracked 
|  28|0x0000000081c00000, 0x0000000081d00000, 0x0000000081d00000|100%| O|  |TAMS 0x0000000081d00000, 0x0000000081c00000| Untracked 
|  29|0x0000000081d00000, 0x0000000081e00000, 0x0000000081e00000|100%| O|  |TAMS 0x0000000081e00000, 0x0000000081d00000| Untracked 
|  30|0x0000000081e00000, 0x0000000081f00000, 0x0000000081f00000|100%| O|  |TAMS 0x0000000081f00000, 0x0000000081e00000| Untracked 
|  31|0x0000000081f00000, 0x0000000082000000, 0x0000000082000000|100%| O|  |TAMS 0x0000000082000000, 0x0000000081f00000| Untracked 
|  32|0x0000000082000000, 0x0000000082100000, 0x0000000082100000|100%| O|  |TAMS 0x0000000082100000, 0x0000000082000000| Untracked 
|  33|0x0000000082100000, 0x0000000082200000, 0x0000000082200000|100%| O|  |TAMS 0x0000000082200000, 0x0000000082100000| Untracked 
|  34|0x0000000082200000, 0x0000000082300000, 0x0000000082300000|100%| O|  |TAMS 0x0000000082300000, 0x0000000082200000| Untracked 
|  35|0x0000000082300000, 0x0000000082400000, 0x0000000082400000|100%| O|  |TAMS 0x0000000082400000, 0x0000000082300000| Untracked 
|  36|0x0000000082400000, 0x0000000082500000, 0x0000000082500000|100%|HS|  |TAMS 0x0000000082500000, 0x0000000082400000| Complete 
|  37|0x0000000082500000, 0x0000000082600000, 0x0000000082600000|100%| O|  |TAMS 0x0000000082600000, 0x0000000082500000| Untracked 
|  38|0x0000000082600000, 0x0000000082700000, 0x0000000082700000|100%| O|  |TAMS 0x0000000082700000, 0x0000000082600000| Untracked 
|  39|0x0000000082700000, 0x0000000082800000, 0x0000000082800000|100%| O|  |TAMS 0x0000000082800000, 0x0000000082700000| Untracked 
|  40|0x0000000082800000, 0x0000000082900000, 0x0000000082900000|100%| O|  |TAMS 0x0000000082900000, 0x0000000082800000| Untracked 
|  41|0x0000000082900000, 0x0000000082a00000, 0x0000000082a00000|100%| O|  |TAMS 0x0000000082a00000, 0x0000000082900000| Untracked 
|  42|0x0000000082a00000, 0x0000000082b00000, 0x0000000082b00000|100%| O|  |TAMS 0x0000000082b00000, 0x0000000082a00000| Untracked 
|  43|0x0000000082b00000, 0x0000000082c00000, 0x0000000082c00000|100%| O|  |TAMS 0x0000000082c00000, 0x0000000082b00000| Untracked 
|  44|0x0000000082c00000, 0x0000000082d00000, 0x0000000082d00000|100%| O|  |TAMS 0x0000000082d00000, 0x0000000082c00000| Untracked 
|  45|0x0000000082d00000, 0x0000000082e00000, 0x0000000082e00000|100%| O|  |TAMS 0x0000000082e00000, 0x0000000082d00000| Untracked 
|  46|0x0000000082e00000, 0x0000000082f00000, 0x0000000082f00000|100%|HS|  |TAMS 0x0000000082f00000, 0x0000000082e00000| Complete 
|  47|0x0000000082f00000, 0x0000000083000000, 0x0000000083000000|100%| O|  |TAMS 0x0000000083000000, 0x0000000082f00000| Untracked 
|  48|0x0000000083000000, 0x0000000083100000, 0x0000000083100000|100%| O|  |TAMS 0x0000000083100000, 0x0000000083000000| Untracked 
|  49|0x0000000083100000, 0x0000000083200000, 0x0000000083200000|100%| O|  |TAMS 0x0000000083100000, 0x0000000083100000| Untracked 
|  50|0x0000000083200000, 0x0000000083300000, 0x0000000083300000|100%| O|  |TAMS 0x0000000083300000, 0x0000000083200000| Untracked 
|  51|0x0000000083300000, 0x0000000083400000, 0x0000000083400000|100%| O|  |TAMS 0x0000000083400000, 0x0000000083300000| Untracked 
|  52|0x0000000083400000, 0x0000000083500000, 0x0000000083500000|100%| O|  |TAMS 0x0000000083500000, 0x0000000083400000| Untracked 
|  53|0x0000000083500000, 0x0000000083600000, 0x0000000083600000|100%| O|  |TAMS 0x0000000083600000, 0x0000000083500000| Untracked 
|  54|0x0000000083600000, 0x0000000083700000, 0x0000000083700000|100%| O|  |TAMS 0x0000000083700000, 0x0000000083600000| Untracked 
|  55|0x0000000083700000, 0x0000000083800000, 0x0000000083800000|100%| O|  |TAMS 0x0000000083800000, 0x0000000083700000| Untracked 
|  56|0x0000000083800000, 0x0000000083900000, 0x0000000083900000|100%| O|  |TAMS 0x0000000083900000, 0x0000000083800000| Untracked 
|  57|0x0000000083900000, 0x0000000083a00000, 0x0000000083a00000|100%| O|  |TAMS 0x0000000083a00000, 0x0000000083900000| Untracked 
|  58|0x0000000083a00000, 0x0000000083b00000, 0x0000000083b00000|100%|HS|  |TAMS 0x0000000083b00000, 0x0000000083a00000| Complete 
|  59|0x0000000083b00000, 0x0000000083c00000, 0x0000000083c00000|100%|HC|  |TAMS 0x0000000083c00000, 0x0000000083b00000| Complete 
|  60|0x0000000083c00000, 0x0000000083d00000, 0x0000000083d00000|100%|HS|  |TAMS 0x0000000083c00000, 0x0000000083c00000| Complete 
|  61|0x0000000083d00000, 0x0000000083e00000, 0x0000000083e00000|100%| O|  |TAMS 0x0000000083e00000, 0x0000000083d00000| Untracked 
|  62|0x0000000083e00000, 0x0000000083f00000, 0x0000000083f00000|100%| O|  |TAMS 0x0000000083f00000, 0x0000000083e00000| Untracked 
|  63|0x0000000083f00000, 0x0000000084000000, 0x0000000084000000|100%| O|  |TAMS 0x0000000084000000, 0x0000000083f00000| Untracked 
|  64|0x0000000084000000, 0x0000000084100000, 0x0000000084100000|100%| O|  |TAMS 0x0000000084100000, 0x0000000084000000| Untracked 
|  65|0x0000000084100000, 0x0000000084200000, 0x0000000084200000|100%| O|  |TAMS 0x0000000084200000, 0x0000000084100000| Untracked 
|  66|0x0000000084200000, 0x0000000084300000, 0x0000000084300000|100%| O|  |TAMS 0x0000000084200000, 0x0000000084200000| Untracked 
|  67|0x0000000084300000, 0x0000000084400000, 0x0000000084400000|100%| O|  |TAMS 0x0000000084400000, 0x0000000084300000| Untracked 
|  68|0x0000000084400000, 0x0000000084500000, 0x0000000084500000|100%| O|  |TAMS 0x0000000084500000, 0x0000000084400000| Untracked 
|  69|0x0000000084500000, 0x0000000084600000, 0x0000000084600000|100%| O|  |TAMS 0x0000000084600000, 0x0000000084500000| Untracked 
|  70|0x0000000084600000, 0x0000000084700000, 0x0000000084700000|100%| O|  |TAMS 0x0000000084700000, 0x0000000084600000| Untracked 
|  71|0x0000000084700000, 0x0000000084800000, 0x0000000084800000|100%|HS|  |TAMS 0x0000000084800000, 0x0000000084700000| Complete 
|  72|0x0000000084800000, 0x0000000084900000, 0x0000000084900000|100%|HC|  |TAMS 0x0000000084900000, 0x0000000084800000| Complete 
|  73|0x0000000084900000, 0x0000000084a00000, 0x0000000084a00000|100%| O|  |TAMS 0x0000000084900000, 0x0000000084900000| Untracked 
|  74|0x0000000084a00000, 0x0000000084b00000, 0x0000000084b00000|100%| O|  |TAMS 0x0000000084b00000, 0x0000000084a00000| Untracked 
|  75|0x0000000084b00000, 0x0000000084c00000, 0x0000000084c00000|100%| O|  |TAMS 0x0000000084c00000, 0x0000000084b00000| Untracked 
|  76|0x0000000084c00000, 0x0000000084d00000, 0x0000000084d00000|100%| O|  |TAMS 0x0000000084d00000, 0x0000000084c00000| Untracked 
|  77|0x0000000084d00000, 0x0000000084e00000, 0x0000000084e00000|100%| O|  |TAMS 0x0000000084e00000, 0x0000000084d00000| Untracked 
|  78|0x0000000084e00000, 0x0000000084f00000, 0x0000000084f00000|100%| O|  |TAMS 0x0000000084f00000, 0x0000000084e00000| Untracked 
|  79|0x0000000084f00000, 0x0000000085000000, 0x0000000085000000|100%| O|  |TAMS 0x0000000085000000, 0x0000000084f00000| Untracked 
|  80|0x0000000085000000, 0x0000000085100000, 0x0000000085100000|100%| O|  |TAMS 0x0000000085100000, 0x0000000085000000| Untracked 
|  81|0x0000000085100000, 0x0000000085200000, 0x0000000085200000|100%| O|  |TAMS 0x0000000085200000, 0x0000000085100000| Untracked 
|  82|0x0000000085200000, 0x0000000085300000, 0x0000000085300000|100%| O|  |TAMS 0x0000000085300000, 0x0000000085200000| Untracked 
|  83|0x0000000085300000, 0x0000000085400000, 0x0000000085400000|100%| O|  |TAMS 0x0000000085400000, 0x0000000085300000| Untracked 
|  84|0x0000000085400000, 0x0000000085500000, 0x0000000085500000|100%| O|  |TAMS 0x0000000085500000, 0x0000000085400000| Untracked 
|  85|0x0000000085500000, 0x0000000085600000, 0x0000000085600000|100%|HS|  |TAMS 0x0000000085600000, 0x0000000085500000| Complete 
|  86|0x0000000085600000, 0x0000000085700000, 0x0000000085700000|100%|HC|  |TAMS 0x0000000085700000, 0x0000000085600000| Complete 
|  87|0x0000000085700000, 0x0000000085800000, 0x0000000085800000|100%|HC|  |TAMS 0x0000000085800000, 0x0000000085700000| Complete 
|  88|0x0000000085800000, 0x0000000085900000, 0x0000000085900000|100%|HS|  |TAMS 0x0000000085900000, 0x0000000085800000| Complete 
|  89|0x0000000085900000, 0x0000000085a00000, 0x0000000085a00000|100%|HC|  |TAMS 0x0000000085a00000, 0x0000000085900000| Complete 
|  90|0x0000000085a00000, 0x0000000085b00000, 0x0000000085b00000|100%|HC|  |TAMS 0x0000000085b00000, 0x0000000085a00000| Complete 
|  91|0x0000000085b00000, 0x0000000085c00000, 0x0000000085c00000|100%|HC|  |TAMS 0x0000000085c00000, 0x0000000085b00000| Complete 
|  92|0x0000000085c00000, 0x0000000085d00000, 0x0000000085d00000|100%|HS|  |TAMS 0x0000000085d00000, 0x0000000085c00000| Complete 
|  93|0x0000000085d00000, 0x0000000085e00000, 0x0000000085e00000|100%|HC|  |TAMS 0x0000000085e00000, 0x0000000085d00000| Complete 
|  94|0x0000000085e00000, 0x0000000085f00000, 0x0000000085f00000|100%|HC|  |TAMS 0x0000000085f00000, 0x0000000085e00000| Complete 
|  95|0x0000000085f00000, 0x0000000086000000, 0x0000000086000000|100%|HC|  |TAMS 0x0000000086000000, 0x0000000085f00000| Complete 
|  96|0x0000000086000000, 0x0000000086100000, 0x0000000086100000|100%|HS|  |TAMS 0x0000000086100000, 0x0000000086000000| Complete 
|  97|0x0000000086100000, 0x0000000086200000, 0x0000000086200000|100%|HC|  |TAMS 0x0000000086200000, 0x0000000086100000| Complete 
|  98|0x0000000086200000, 0x0000000086300000, 0x0000000086300000|100%|HC|  |TAMS 0x0000000086300000, 0x0000000086200000| Complete 
|  99|0x0000000086300000, 0x0000000086400000, 0x0000000086400000|100%| O|  |TAMS 0x0000000086400000, 0x0000000086300000| Untracked 
| 100|0x0000000086400000, 0x0000000086500000, 0x0000000086500000|100%| O|  |TAMS 0x0000000086500000, 0x0000000086400000| Untracked 
| 101|0x0000000086500000, 0x0000000086600000, 0x0000000086600000|100%| O|  |TAMS 0x0000000086600000, 0x0000000086500000| Untracked 
| 102|0x0000000086600000, 0x0000000086700000, 0x0000000086700000|100%| O|  |TAMS 0x0000000086700000, 0x0000000086600000| Untracked 
| 103|0x0000000086700000, 0x0000000086800000, 0x0000000086800000|100%| O|  |TAMS 0x0000000086800000, 0x0000000086700000| Untracked 
| 104|0x0000000086800000, 0x0000000086900000, 0x0000000086900000|100%| O|  |TAMS 0x0000000086900000, 0x0000000086800000| Untracked 
| 105|0x0000000086900000, 0x0000000086a00000, 0x0000000086a00000|100%| O|  |TAMS 0x0000000086a00000, 0x0000000086900000| Untracked 
| 106|0x0000000086a00000, 0x0000000086b00000, 0x0000000086b00000|100%| O|  |TAMS 0x0000000086a00000, 0x0000000086a00000| Untracked 
| 107|0x0000000086b00000, 0x0000000086c00000, 0x0000000086c00000|100%| O|  |TAMS 0x0000000086b00000, 0x0000000086b00000| Untracked 
| 108|0x0000000086c00000, 0x0000000086d00000, 0x0000000086d00000|100%| O|  |TAMS 0x0000000086c00000, 0x0000000086c00000| Untracked 
| 109|0x0000000086d00000, 0x0000000086e00000, 0x0000000086e00000|100%| O|  |TAMS 0x0000000086d00000, 0x0000000086d00000| Untracked 
| 110|0x0000000086e00000, 0x0000000086f00000, 0x0000000086f00000|100%| O|  |TAMS 0x0000000086e00000, 0x0000000086e00000| Untracked 
| 111|0x0000000086f00000, 0x0000000087000000, 0x0000000087000000|100%| O|  |TAMS 0x0000000087000000, 0x0000000086f00000| Untracked 
| 112|0x0000000087000000, 0x0000000087100000, 0x0000000087100000|100%|HS|  |TAMS 0x0000000087100000, 0x0000000087000000| Complete 
| 113|0x0000000087100000, 0x0000000087200000, 0x0000000087200000|100%| O|  |TAMS 0x0000000087100000, 0x0000000087100000| Untracked 
| 114|0x0000000087200000, 0x0000000087300000, 0x0000000087300000|100%| O|  |TAMS 0x0000000087300000, 0x0000000087200000| Untracked 
| 115|0x0000000087300000, 0x0000000087400000, 0x0000000087400000|100%| O|  |TAMS 0x0000000087400000, 0x0000000087300000| Untracked 
| 116|0x0000000087400000, 0x0000000087500000, 0x0000000087500000|100%| O|  |TAMS 0x0000000087500000, 0x0000000087400000| Untracked 
| 117|0x0000000087500000, 0x0000000087600000, 0x0000000087600000|100%| O|  |TAMS 0x0000000087600000, 0x0000000087500000| Untracked 
| 118|0x0000000087600000, 0x0000000087700000, 0x0000000087700000|100%| O|  |TAMS 0x0000000087700000, 0x0000000087600000| Untracked 
| 119|0x0000000087700000, 0x0000000087800000, 0x0000000087800000|100%| O|  |TAMS 0x0000000087800000, 0x0000000087700000| Untracked 
| 120|0x0000000087800000, 0x0000000087900000, 0x0000000087900000|100%| O|  |TAMS 0x0000000087900000, 0x0000000087800000| Untracked 
| 121|0x0000000087900000, 0x0000000087a00000, 0x0000000087a00000|100%| O|  |TAMS 0x0000000087a00000, 0x0000000087900000| Untracked 
| 122|0x0000000087a00000, 0x0000000087b00000, 0x0000000087b00000|100%|HS|  |TAMS 0x0000000087b00000, 0x0000000087a00000| Complete 
| 123|0x0000000087b00000, 0x0000000087c00000, 0x0000000087c00000|100%|HC|  |TAMS 0x0000000087c00000, 0x0000000087b00000| Complete 
| 124|0x0000000087c00000, 0x0000000087d00000, 0x0000000087d00000|100%| O|  |TAMS 0x0000000087d00000, 0x0000000087c00000| Untracked 
| 125|0x0000000087d00000, 0x0000000087e00000, 0x0000000087e00000|100%| O|  |TAMS 0x0000000087e00000, 0x0000000087d00000| Untracked 
| 126|0x0000000087e00000, 0x0000000087f00000, 0x0000000087f00000|100%| O|  |TAMS 0x0000000087f00000, 0x0000000087e00000| Untracked 
| 127|0x0000000087f00000, 0x0000000088000000, 0x0000000088000000|100%| O|  |TAMS 0x0000000088000000, 0x0000000087f00000| Untracked 
| 128|0x0000000088000000, 0x0000000088100000, 0x0000000088100000|100%| O|  |TAMS 0x0000000088100000, 0x0000000088000000| Untracked 
| 129|0x0000000088100000, 0x0000000088200000, 0x0000000088200000|100%| O|  |TAMS 0x0000000088200000, 0x0000000088100000| Untracked 
| 130|0x0000000088200000, 0x0000000088300000, 0x0000000088300000|100%| O|  |TAMS 0x0000000088300000, 0x0000000088200000| Untracked 
| 131|0x0000000088300000, 0x0000000088400000, 0x0000000088400000|100%| O|  |TAMS 0x0000000088400000, 0x0000000088300000| Untracked 
| 132|0x0000000088400000, 0x0000000088500000, 0x0000000088500000|100%| O|  |TAMS 0x0000000088500000, 0x0000000088400000| Untracked 
| 133|0x0000000088500000, 0x0000000088600000, 0x0000000088600000|100%| O|  |TAMS 0x0000000088550c00, 0x0000000088500000| Untracked 
| 134|0x0000000088600000, 0x0000000088700000, 0x0000000088700000|100%| O|  |TAMS 0x0000000088600000, 0x0000000088600000| Untracked 
| 135|0x0000000088700000, 0x0000000088800000, 0x0000000088800000|100%| O|  |TAMS 0x0000000088700000, 0x0000000088700000| Untracked 
| 136|0x0000000088800000, 0x0000000088900000, 0x0000000088900000|100%| O|  |TAMS 0x0000000088800000, 0x0000000088800000| Untracked 
| 137|0x0000000088900000, 0x0000000088a00000, 0x0000000088a00000|100%| O|  |TAMS 0x0000000088900000, 0x0000000088900000| Untracked 
| 138|0x0000000088a00000, 0x0000000088b00000, 0x0000000088b00000|100%| O|  |TAMS 0x0000000088b00000, 0x0000000088a00000| Untracked 
| 139|0x0000000088b00000, 0x0000000088c00000, 0x0000000088c00000|100%| O|  |TAMS 0x0000000088b00000, 0x0000000088b00000| Untracked 
| 140|0x0000000088c00000, 0x0000000088d00000, 0x0000000088d00000|100%| O|  |TAMS 0x0000000088d00000, 0x0000000088c00000| Untracked 
| 141|0x0000000088d00000, 0x0000000088e00000, 0x0000000088e00000|100%| O|  |TAMS 0x0000000088e00000, 0x0000000088d00000| Untracked 
| 142|0x0000000088e00000, 0x0000000088f00000, 0x0000000088f00000|100%| O|  |TAMS 0x0000000088f00000, 0x0000000088e00000| Untracked 
| 143|0x0000000088f00000, 0x0000000089000000, 0x0000000089000000|100%| O|  |TAMS 0x0000000088f00000, 0x0000000088f00000| Untracked 
| 144|0x0000000089000000, 0x0000000089100000, 0x0000000089100000|100%| O|  |TAMS 0x0000000089000000, 0x0000000089000000| Untracked 
| 145|0x0000000089100000, 0x0000000089200000, 0x0000000089200000|100%| O|  |TAMS 0x0000000089100000, 0x0000000089100000| Untracked 
| 146|0x0000000089200000, 0x0000000089300000, 0x0000000089300000|100%| O|  |TAMS 0x0000000089200000, 0x0000000089200000| Untracked 
| 147|0x0000000089300000, 0x0000000089400000, 0x0000000089400000|100%| O|  |TAMS 0x0000000089300000, 0x0000000089300000| Untracked 
| 148|0x0000000089400000, 0x0000000089500000, 0x0000000089500000|100%| O|  |TAMS 0x0000000089400000, 0x0000000089400000| Untracked 
| 149|0x0000000089500000, 0x0000000089600000, 0x0000000089600000|100%| O|  |TAMS 0x0000000089500000, 0x0000000089500000| Untracked 
| 150|0x0000000089600000, 0x0000000089700000, 0x0000000089700000|100%| O|  |TAMS 0x0000000089600000, 0x0000000089600000| Untracked 
| 151|0x0000000089700000, 0x0000000089730400, 0x0000000089800000| 18%| O|  |TAMS 0x0000000089700000, 0x0000000089700000| Untracked 
| 152|0x0000000089800000, 0x0000000089800000, 0x0000000089900000|  0%| F|  |TAMS 0x0000000089800000, 0x0000000089800000| Untracked 
| 153|0x0000000089900000, 0x0000000089900000, 0x0000000089a00000|  0%| F|  |TAMS 0x0000000089900000, 0x0000000089900000| Untracked 
| 154|0x0000000089a00000, 0x0000000089a00000, 0x0000000089b00000|  0%| F|  |TAMS 0x0000000089a00000, 0x0000000089a00000| Untracked 
| 155|0x0000000089b00000, 0x0000000089b00000, 0x0000000089c00000|  0%| F|  |TAMS 0x0000000089b00000, 0x0000000089b00000| Untracked 
| 156|0x0000000089c00000, 0x0000000089c00000, 0x0000000089d00000|  0%| F|  |TAMS 0x0000000089c00000, 0x0000000089c00000| Untracked 
| 157|0x0000000089d00000, 0x0000000089d00000, 0x0000000089e00000|  0%| F|  |TAMS 0x0000000089d00000, 0x0000000089d00000| Untracked 
| 158|0x0000000089e00000, 0x0000000089e00000, 0x0000000089f00000|  0%| F|  |TAMS 0x0000000089e00000, 0x0000000089e00000| Untracked 
| 159|0x0000000089f00000, 0x0000000089f00000, 0x000000008a000000|  0%| F|  |TAMS 0x0000000089f00000, 0x0000000089f00000| Untracked 
| 160|0x000000008a000000, 0x000000008a000000, 0x000000008a100000|  0%| F|  |TAMS 0x000000008a000000, 0x000000008a000000| Untracked 
| 161|0x000000008a100000, 0x000000008a100000, 0x000000008a200000|  0%| F|  |TAMS 0x000000008a100000, 0x000000008a100000| Untracked 
| 162|0x000000008a200000, 0x000000008a200000, 0x000000008a300000|  0%| F|  |TAMS 0x000000008a200000, 0x000000008a200000| Untracked 
| 163|0x000000008a300000, 0x000000008a300000, 0x000000008a400000|  0%| F|  |TAMS 0x000000008a300000, 0x000000008a300000| Untracked 
| 164|0x000000008a400000, 0x000000008a400000, 0x000000008a500000|  0%| F|  |TAMS 0x000000008a400000, 0x000000008a400000| Untracked 
| 165|0x000000008a500000, 0x000000008a500000, 0x000000008a600000|  0%| F|  |TAMS 0x000000008a500000, 0x000000008a500000| Untracked 
| 166|0x000000008a600000, 0x000000008a600000, 0x000000008a700000|  0%| F|  |TAMS 0x000000008a600000, 0x000000008a600000| Untracked 
| 167|0x000000008a700000, 0x000000008a700000, 0x000000008a800000|  0%| F|  |TAMS 0x000000008a700000, 0x000000008a700000| Untracked 
| 168|0x000000008a800000, 0x000000008a800000, 0x000000008a900000|  0%| F|  |TAMS 0x000000008a800000, 0x000000008a800000| Untracked 
| 169|0x000000008a900000, 0x000000008a900000, 0x000000008aa00000|  0%| F|  |TAMS 0x000000008a900000, 0x000000008a900000| Untracked 
| 170|0x000000008aa00000, 0x000000008aa00000, 0x000000008ab00000|  0%| F|  |TAMS 0x000000008aa00000, 0x000000008aa00000| Untracked 
| 171|0x000000008ab00000, 0x000000008ab00000, 0x000000008ac00000|  0%| F|  |TAMS 0x000000008ab00000, 0x000000008ab00000| Untracked 
| 172|0x000000008ac00000, 0x000000008ac00000, 0x000000008ad00000|  0%| F|  |TAMS 0x000000008ac00000, 0x000000008ac00000| Untracked 
| 173|0x000000008ad00000, 0x000000008ad00000, 0x000000008ae00000|  0%| F|  |TAMS 0x000000008ad00000, 0x000000008ad00000| Untracked 
| 174|0x000000008ae00000, 0x000000008ae00000, 0x000000008af00000|  0%| F|  |TAMS 0x000000008ae00000, 0x000000008ae00000| Untracked 
| 175|0x000000008af00000, 0x000000008af00000, 0x000000008b000000|  0%| F|  |TAMS 0x000000008af00000, 0x000000008af00000| Untracked 
| 176|0x000000008b000000, 0x000000008b000000, 0x000000008b100000|  0%| F|  |TAMS 0x000000008b000000, 0x000000008b000000| Untracked 
| 177|0x000000008b100000, 0x000000008b100000, 0x000000008b200000|  0%| F|  |TAMS 0x000000008b100000, 0x000000008b100000| Untracked 
| 178|0x000000008b200000, 0x000000008b200000, 0x000000008b300000|  0%| F|  |TAMS 0x000000008b200000, 0x000000008b200000| Untracked 
| 179|0x000000008b300000, 0x000000008b300000, 0x000000008b400000|  0%| F|  |TAMS 0x000000008b300000, 0x000000008b300000| Untracked 
| 180|0x000000008b400000, 0x000000008b400000, 0x000000008b500000|  0%| F|  |TAMS 0x000000008b400000, 0x000000008b400000| Untracked 
| 181|0x000000008b500000, 0x000000008b500000, 0x000000008b600000|  0%| F|  |TAMS 0x000000008b500000, 0x000000008b500000| Untracked 
| 182|0x000000008b600000, 0x000000008b600000, 0x000000008b700000|  0%| F|  |TAMS 0x000000008b600000, 0x000000008b600000| Untracked 
| 183|0x000000008b700000, 0x000000008b700000, 0x000000008b800000|  0%| F|  |TAMS 0x000000008b700000, 0x000000008b700000| Untracked 
| 184|0x000000008b800000, 0x000000008b800000, 0x000000008b900000|  0%| F|  |TAMS 0x000000008b800000, 0x000000008b800000| Untracked 
| 185|0x000000008b900000, 0x000000008b900000, 0x000000008ba00000|  0%| F|  |TAMS 0x000000008b900000, 0x000000008b900000| Untracked 
| 186|0x000000008ba00000, 0x000000008ba00000, 0x000000008bb00000|  0%| F|  |TAMS 0x000000008ba00000, 0x000000008ba00000| Untracked 
| 187|0x000000008bb00000, 0x000000008bb00000, 0x000000008bc00000|  0%| F|  |TAMS 0x000000008bb00000, 0x000000008bb00000| Untracked 
| 188|0x000000008bc00000, 0x000000008bc00000, 0x000000008bd00000|  0%| F|  |TAMS 0x000000008bc00000, 0x000000008bc00000| Untracked 
| 189|0x000000008bd00000, 0x000000008bd00000, 0x000000008be00000|  0%| F|  |TAMS 0x000000008bd00000, 0x000000008bd00000| Untracked 
| 190|0x000000008be00000, 0x000000008be00000, 0x000000008bf00000|  0%| F|  |TAMS 0x000000008be00000, 0x000000008be00000| Untracked 
| 191|0x000000008bf00000, 0x000000008bf00000, 0x000000008c000000|  0%| F|  |TAMS 0x000000008bf00000, 0x000000008bf00000| Untracked 
| 192|0x000000008c000000, 0x000000008c000000, 0x000000008c100000|  0%| F|  |TAMS 0x000000008c000000, 0x000000008c000000| Untracked 
| 193|0x000000008c100000, 0x000000008c100000, 0x000000008c200000|  0%| F|  |TAMS 0x000000008c100000, 0x000000008c100000| Untracked 
| 194|0x000000008c200000, 0x000000008c200000, 0x000000008c300000|  0%| F|  |TAMS 0x000000008c200000, 0x000000008c200000| Untracked 
| 195|0x000000008c300000, 0x000000008c300000, 0x000000008c400000|  0%| F|  |TAMS 0x000000008c300000, 0x000000008c300000| Untracked 
| 196|0x000000008c400000, 0x000000008c400000, 0x000000008c500000|  0%| F|  |TAMS 0x000000008c400000, 0x000000008c400000| Untracked 
| 197|0x000000008c500000, 0x000000008c500000, 0x000000008c600000|  0%| F|  |TAMS 0x000000008c500000, 0x000000008c500000| Untracked 
| 198|0x000000008c600000, 0x000000008c600000, 0x000000008c700000|  0%| F|  |TAMS 0x000000008c600000, 0x000000008c600000| Untracked 
| 199|0x000000008c700000, 0x000000008c700000, 0x000000008c800000|  0%| F|  |TAMS 0x000000008c700000, 0x000000008c700000| Untracked 
| 200|0x000000008c800000, 0x000000008c800000, 0x000000008c900000|  0%| F|  |TAMS 0x000000008c800000, 0x000000008c800000| Untracked 
| 201|0x000000008c900000, 0x000000008c900000, 0x000000008ca00000|  0%| F|  |TAMS 0x000000008c900000, 0x000000008c900000| Untracked 
| 202|0x000000008ca00000, 0x000000008ca00000, 0x000000008cb00000|  0%| F|  |TAMS 0x000000008ca00000, 0x000000008ca00000| Untracked 
| 203|0x000000008cb00000, 0x000000008cb00000, 0x000000008cc00000|  0%| F|  |TAMS 0x000000008cb00000, 0x000000008cb00000| Untracked 
| 204|0x000000008cc00000, 0x000000008cc00000, 0x000000008cd00000|  0%| F|  |TAMS 0x000000008cc00000, 0x000000008cc00000| Untracked 
| 205|0x000000008cd00000, 0x000000008cd00000, 0x000000008ce00000|  0%| F|  |TAMS 0x000000008cd00000, 0x000000008cd00000| Untracked 
| 206|0x000000008ce00000, 0x000000008ce00000, 0x000000008cf00000|  0%| F|  |TAMS 0x000000008ce00000, 0x000000008ce00000| Untracked 
| 207|0x000000008cf00000, 0x000000008cf00000, 0x000000008d000000|  0%| F|  |TAMS 0x000000008cf00000, 0x000000008cf00000| Untracked 
| 208|0x000000008d000000, 0x000000008d000000, 0x000000008d100000|  0%| F|  |TAMS 0x000000008d000000, 0x000000008d000000| Untracked 
| 209|0x000000008d100000, 0x000000008d100000, 0x000000008d200000|  0%| F|  |TAMS 0x000000008d100000, 0x000000008d100000| Untracked 
| 210|0x000000008d200000, 0x000000008d200000, 0x000000008d300000|  0%| F|  |TAMS 0x000000008d200000, 0x000000008d200000| Untracked 
| 211|0x000000008d300000, 0x000000008d300000, 0x000000008d400000|  0%| F|  |TAMS 0x000000008d300000, 0x000000008d300000| Untracked 
| 212|0x000000008d400000, 0x000000008d400000, 0x000000008d500000|  0%| F|  |TAMS 0x000000008d400000, 0x000000008d400000| Untracked 
| 213|0x000000008d500000, 0x000000008d500000, 0x000000008d600000|  0%| F|  |TAMS 0x000000008d500000, 0x000000008d500000| Untracked 
| 214|0x000000008d600000, 0x000000008d600000, 0x000000008d700000|  0%| F|  |TAMS 0x000000008d600000, 0x000000008d600000| Untracked 
| 215|0x000000008d700000, 0x000000008d700000, 0x000000008d800000|  0%| F|  |TAMS 0x000000008d700000, 0x000000008d700000| Untracked 
| 216|0x000000008d800000, 0x000000008d800000, 0x000000008d900000|  0%| F|  |TAMS 0x000000008d800000, 0x000000008d800000| Untracked 
| 217|0x000000008d900000, 0x000000008d900000, 0x000000008da00000|  0%| F|  |TAMS 0x000000008d900000, 0x000000008d900000| Untracked 
| 218|0x000000008da00000, 0x000000008da00000, 0x000000008db00000|  0%| F|  |TAMS 0x000000008da00000, 0x000000008da00000| Untracked 
| 219|0x000000008db00000, 0x000000008db00000, 0x000000008dc00000|  0%| F|  |TAMS 0x000000008db00000, 0x000000008db00000| Untracked 
| 220|0x000000008dc00000, 0x000000008dc00000, 0x000000008dd00000|  0%| F|  |TAMS 0x000000008dc00000, 0x000000008dc00000| Untracked 
| 221|0x000000008dd00000, 0x000000008dd00000, 0x000000008de00000|  0%| F|  |TAMS 0x000000008dd00000, 0x000000008dd00000| Untracked 
| 222|0x000000008de00000, 0x000000008de00000, 0x000000008df00000|  0%| F|  |TAMS 0x000000008de00000, 0x000000008de00000| Untracked 
| 223|0x000000008df00000, 0x000000008df00000, 0x000000008e000000|  0%| F|  |TAMS 0x000000008df00000, 0x000000008df00000| Untracked 
| 224|0x000000008e000000, 0x000000008e000000, 0x000000008e100000|  0%| F|  |TAMS 0x000000008e000000, 0x000000008e000000| Untracked 
| 225|0x000000008e100000, 0x000000008e100000, 0x000000008e200000|  0%| F|  |TAMS 0x000000008e100000, 0x000000008e100000| Untracked 
| 226|0x000000008e200000, 0x000000008e200000, 0x000000008e300000|  0%| F|  |TAMS 0x000000008e200000, 0x000000008e200000| Untracked 
| 227|0x000000008e300000, 0x000000008e300000, 0x000000008e400000|  0%| F|  |TAMS 0x000000008e300000, 0x000000008e300000| Untracked 
| 228|0x000000008e400000, 0x000000008e400000, 0x000000008e500000|  0%| F|  |TAMS 0x000000008e400000, 0x000000008e400000| Untracked 
| 229|0x000000008e500000, 0x000000008e500000, 0x000000008e600000|  0%| F|  |TAMS 0x000000008e500000, 0x000000008e500000| Untracked 
| 230|0x000000008e600000, 0x000000008e600000, 0x000000008e700000|  0%| F|  |TAMS 0x000000008e600000, 0x000000008e600000| Untracked 
| 231|0x000000008e700000, 0x000000008e700000, 0x000000008e800000|  0%| F|  |TAMS 0x000000008e700000, 0x000000008e700000| Untracked 
| 232|0x000000008e800000, 0x000000008e800000, 0x000000008e900000|  0%| F|  |TAMS 0x000000008e800000, 0x000000008e800000| Untracked 
| 233|0x000000008e900000, 0x000000008e900000, 0x000000008ea00000|  0%| F|  |TAMS 0x000000008e900000, 0x000000008e900000| Untracked 
| 234|0x000000008ea00000, 0x000000008ea00000, 0x000000008eb00000|  0%| F|  |TAMS 0x000000008ea00000, 0x000000008ea00000| Untracked 
| 235|0x000000008eb00000, 0x000000008eb00000, 0x000000008ec00000|  0%| F|  |TAMS 0x000000008eb00000, 0x000000008eb00000| Untracked 
| 236|0x000000008ec00000, 0x000000008ec00000, 0x000000008ed00000|  0%| F|  |TAMS 0x000000008ec00000, 0x000000008ec00000| Untracked 
| 237|0x000000008ed00000, 0x000000008ed00000, 0x000000008ee00000|  0%| F|  |TAMS 0x000000008ed00000, 0x000000008ed00000| Untracked 
| 238|0x000000008ee00000, 0x000000008ee00000, 0x000000008ef00000|  0%| F|  |TAMS 0x000000008ee00000, 0x000000008ee00000| Untracked 
| 239|0x000000008ef00000, 0x000000008ef00000, 0x000000008f000000|  0%| F|  |TAMS 0x000000008ef00000, 0x000000008ef00000| Untracked 
| 240|0x000000008f000000, 0x000000008f05eb88, 0x000000008f100000| 37%| E|  |TAMS 0x000000008f000000, 0x000000008f000000| Complete 
| 241|0x000000008f100000, 0x000000008f200000, 0x000000008f200000|100%| E|CS|TAMS 0x000000008f100000, 0x000000008f100000| Complete 
| 242|0x000000008f200000, 0x000000008f300000, 0x000000008f300000|100%| E|CS|TAMS 0x000000008f200000, 0x000000008f200000| Complete 
| 243|0x000000008f300000, 0x000000008f400000, 0x000000008f400000|100%| E|CS|TAMS 0x000000008f300000, 0x000000008f300000| Complete 
| 244|0x000000008f400000, 0x000000008f500000, 0x000000008f500000|100%| E|CS|TAMS 0x000000008f400000, 0x000000008f400000| Complete 
| 245|0x000000008f500000, 0x000000008f600000, 0x000000008f600000|100%| E|CS|TAMS 0x000000008f500000, 0x000000008f500000| Complete 
| 246|0x000000008f600000, 0x000000008f700000, 0x000000008f700000|100%| E|CS|TAMS 0x000000008f600000, 0x000000008f600000| Complete 
| 247|0x000000008f700000, 0x000000008f800000, 0x000000008f800000|100%| E|CS|TAMS 0x000000008f700000, 0x000000008f700000| Complete 
| 248|0x000000008f800000, 0x000000008f900000, 0x000000008f900000|100%| E|CS|TAMS 0x000000008f800000, 0x000000008f800000| Complete 
| 249|0x000000008f900000, 0x000000008fa00000, 0x000000008fa00000|100%| S|CS|TAMS 0x000000008f900000, 0x000000008f900000| Complete 
| 250|0x000000008fa00000, 0x000000008fb00000, 0x000000008fb00000|100%| S|CS|TAMS 0x000000008fa00000, 0x000000008fa00000| Complete 
| 251|0x000000008fb00000, 0x000000008fc00000, 0x000000008fc00000|100%| E|CS|TAMS 0x000000008fb00000, 0x000000008fb00000| Complete 
| 252|0x000000008fc00000, 0x000000008fd00000, 0x000000008fd00000|100%| E|CS|TAMS 0x000000008fc00000, 0x000000008fc00000| Complete 
| 253|0x000000008fd00000, 0x000000008fe00000, 0x000000008fe00000|100%| E|CS|TAMS 0x000000008fd00000, 0x000000008fd00000| Complete 
| 254|0x000000008fe00000, 0x000000008ff00000, 0x000000008ff00000|100%| E|CS|TAMS 0x000000008fe00000, 0x000000008fe00000| Complete 
| 255|0x000000008ff00000, 0x0000000090000000, 0x0000000090000000|100%| E|CS|TAMS 0x000000008ff00000, 0x000000008ff00000| Complete 
| 256|0x0000000090000000, 0x0000000090100000, 0x0000000090100000|100%| E|  |TAMS 0x0000000090000000, 0x0000000090000000| Complete 
| 257|0x0000000090100000, 0x0000000090200000, 0x0000000090200000|100%| E|CS|TAMS 0x0000000090100000, 0x0000000090100000| Complete 

Card table byte_map: [0x000001c72e210000,0x000001c72e610000] _byte_map_base: 0x000001c72de10000

Marking Bits (Prev, Next): (CMBitMap*) 0x000001c71aa6b870, (CMBitMap*) 0x000001c71aa6b838
 Prev Bits: [0x000001c730a10000, 0x000001c732a10000)
 Next Bits: [0x000001c72ea10000, 0x000001c730a10000)

Polling page: 0x000001c719230000

Metaspace:

Usage:
  Non-class:    117.25 MB capacity,   114.69 MB ( 98%) used,     2.16 MB (  2%) free+waste,   405.25 KB ( <1%) overhead. 
      Class:     17.63 MB capacity,    16.29 MB ( 92%) used,     1.15 MB (  7%) free+waste,   185.38 KB (  1%) overhead. 
       Both:    134.88 MB capacity,   130.99 MB ( 97%) used,     3.32 MB (  2%) free+waste,   590.63 KB ( <1%) overhead. 

Virtual space:
  Non-class space:      118.00 MB reserved,     117.45 MB (>99%) committed 
      Class space:        1.00 GB reserved,      17.75 MB (  2%) committed 
             Both:        1.12 GB reserved,     135.20 MB ( 12%) committed 

Chunk freelists:
   Non-Class:  9.00 KB
       Class:  27.00 KB
        Both:  36.00 KB

MaxMetaspaceSize: 17179869184.00 GB
CompressedClassSpaceSize: 1.00 GB

CodeHeap 'non-profiled nmethods': size=120000Kb used=10722Kb max_used=10722Kb free=109277Kb
 bounds [0x000001c725e80000, 0x000001c726900000, 0x000001c72d3b0000]
CodeHeap 'profiled nmethods': size=120000Kb used=37764Kb max_used=37764Kb free=82235Kb
 bounds [0x000001c71e950000, 0x000001c720e50000, 0x000001c725e80000]
CodeHeap 'non-nmethods': size=5760Kb used=2378Kb max_used=2435Kb free=3381Kb
 bounds [0x000001c71e3b0000, 0x000001c71e620000, 0x000001c71e950000]
 total_blobs=18406 nmethods=17413 adapters=903
 compilation: enabled
              stopped_count=0, restarted_count=0
 full_count=0

Compilation events (20 events):
Event: 992.144 Thread 0x000001c735ea1800 nmethod 19668 0x000001c720e1fb90 code [0x000001c720e1fd60, 0x000001c720e1ff78]
Event: 992.144 Thread 0x000001c735ea1800 19669       2       com.android.tools.r8.code.X0::<init> (30 bytes)
Event: 992.144 Thread 0x000001c735ea1800 nmethod 19669 0x000001c720e20090 code [0x000001c720e20260, 0x000001c720e20538]
Event: 992.144 Thread 0x000001c735ea1800 19671       2       com.android.build.gradle.internal.matcher.FileNameWithPrefixPathMatcher::matches (37 bytes)
Event: 992.145 Thread 0x000001c735ea1800 nmethod 19671 0x000001c720e20790 code [0x000001c720e20960, 0x000001c720e20b08]
Event: 992.145 Thread 0x000001c735ea1800 19673       2       com.android.tools.r8.dex.n::d (498 bytes)
Event: 992.148 Thread 0x000001c735ea1800 nmethod 19673 0x000001c720e20c10 code [0x000001c720e20fe0, 0x000001c720e22988]
Event: 992.148 Thread 0x000001c735ea1800 19677       2       com.android.tools.r8.dex.n::h (41 bytes)
Event: 992.149 Thread 0x000001c735ea1800 nmethod 19677 0x000001c720e24090 code [0x000001c720e24260, 0x000001c720e245b8]
Event: 992.149 Thread 0x000001c735ea1800 19679       2       com.android.tools.r8.dex.n$c::<init> (567 bytes)
Event: 992.152 Thread 0x000001c735ea1800 nmethod 19679 0x000001c720e24790 code [0x000001c720e24b40, 0x000001c720e25d78]
Event: 992.152 Thread 0x000001c735ea1800 19688       2       java.io.ObjectOutputStream$BlockDataOutputStream::writeBytes (144 bytes)
Event: 992.153 Thread 0x000001c735ea1800 nmethod 19688 0x000001c720e26690 code [0x000001c720e26860, 0x000001c720e26b98]
Event: 992.153 Thread 0x000001c735ea1800 19672  s    2       com.android.tools.build.apkzlib.utils.CachedSupplier::get (30 bytes)
Event: 992.153 Thread 0x000001c735ea1800 nmethod 19672 0x000001c720e26e10 code [0x000001c720e26fe0, 0x000001c720e272e8]
Event: 992.153 Thread 0x000001c735ea1800 19685       2       com.android.tools.r8.w.a.a.a.h.f0$f::hasNext (14 bytes)
Event: 992.153 Thread 0x000001c735ea1800 nmethod 19685 0x000001c720e27390 code [0x000001c720e27540, 0x000001c720e27658]
Event: 992.153 Thread 0x000001c735ea1800 19665       2       com.android.tools.r8.graph.B::f (20 bytes)
Event: 992.154 Thread 0x000001c735ea1800 nmethod 19665 0x000001c720e27710 code [0x000001c720e278c0, 0x000001c720e279d8]
Event: 992.154 Thread 0x000001c735ea1800 19675       2       com.android.tools.r8.graph.B::g (20 bytes)

GC Heap History (20 events):
Event: 989.598 GC heap before
{Heap before GC invocations=65 (full 0):
 garbage-first heap   total 220160K, used 141523K [0x0000000080000000, 0x0000000100000000)
  region size 1024K, 10 young (10240K), 6 survivors (6144K)
 Metaspace       used 126976K, capacity 130892K, committed 131020K, reserved 1163264K
  class space    used 16020K, capacity 17361K, committed 17408K, reserved 1048576K
}
Event: 989.607 GC heap after
{Heap after GC invocations=66 (full 0):
 garbage-first heap   total 220160K, used 137681K [0x0000000080000000, 0x0000000100000000)
  region size 1024K, 2 young (2048K), 2 survivors (2048K)
 Metaspace       used 126976K, capacity 130892K, committed 131020K, reserved 1163264K
  class space    used 16020K, capacity 17361K, committed 17408K, reserved 1048576K
}
Event: 989.903 GC heap before
{Heap before GC invocations=66 (full 0):
 garbage-first heap   total 220160K, used 178641K [0x0000000080000000, 0x0000000100000000)
  region size 1024K, 43 young (44032K), 2 survivors (2048K)
 Metaspace       used 129756K, capacity 133676K, committed 133836K, reserved 1165312K
  class space    used 16244K, capacity 17585K, committed 17664K, reserved 1048576K
}
Event: 989.909 GC heap after
{Heap after GC invocations=67 (full 0):
 garbage-first heap   total 220160K, used 139576K [0x0000000080000000, 0x0000000100000000)
  region size 1024K, 3 young (3072K), 3 survivors (3072K)
 Metaspace       used 129756K, capacity 133676K, committed 133836K, reserved 1165312K
  class space    used 16244K, capacity 17585K, committed 17664K, reserved 1048576K
}
Event: 990.266 GC heap before
{Heap before GC invocations=68 (full 0):
 garbage-first heap   total 220160K, used 170970K [0x0000000080000000, 0x0000000100000000)
  region size 1024K, 45 young (46080K), 3 survivors (3072K)
 Metaspace       used 130653K, capacity 134514K, committed 134604K, reserved 1167360K
  class space    used 16306K, capacity 17651K, committed 17664K, reserved 1048576K
}
Event: 990.272 GC heap after
{Heap after GC invocations=69 (full 0):
 garbage-first heap   total 220160K, used 132287K [0x0000000080000000, 0x0000000100000000)
  region size 1024K, 6 young (6144K), 6 survivors (6144K)
 Metaspace       used 130653K, capacity 134514K, committed 134604K, reserved 1167360K
  class space    used 16306K, capacity 17651K, committed 17664K, reserved 1048576K
}
Event: 990.307 GC heap before
{Heap before GC invocations=69 (full 0):
 garbage-first heap   total 220160K, used 136383K [0x0000000080000000, 0x0000000100000000)
  region size 1024K, 10 young (10240K), 6 survivors (6144K)
 Metaspace       used 130834K, capacity 134706K, committed 134860K, reserved 1167360K
  class space    used 16321K, capacity 17651K, committed 17664K, reserved 1048576K
}
Event: 990.326 GC heap after
{Heap after GC invocations=70 (full 0):
 garbage-first heap   total 220160K, used 122855K [0x0000000080000000, 0x0000000100000000)
  region size 1024K, 2 young (2048K), 2 survivors (2048K)
 Metaspace       used 130834K, capacity 134706K, committed 134860K, reserved 1167360K
  class space    used 16321K, capacity 17651K, committed 17664K, reserved 1048576K
}
Event: 990.979 GC heap before
{Heap before GC invocations=70 (full 0):
 garbage-first heap   total 220160K, used 173031K [0x0000000080000000, 0x0000000100000000)
  region size 1024K, 52 young (53248K), 2 survivors (2048K)
 Metaspace       used 132066K, capacity 135971K, committed 136140K, reserved 1167360K
  class space    used 16468K, capacity 17815K, committed 17920K, reserved 1048576K
}
Event: 990.990 GC heap after
{Heap after GC invocations=71 (full 0):
 garbage-first heap   total 220160K, used 124389K [0x0000000080000000, 0x0000000100000000)
  region size 1024K, 4 young (4096K), 4 survivors (4096K)
 Metaspace       used 132066K, capacity 135971K, committed 136140K, reserved 1167360K
  class space    used 16468K, capacity 17815K, committed 17920K, reserved 1048576K
}
Event: 991.566 GC heap before
{Heap before GC invocations=72 (full 0):
 garbage-first heap   total 220160K, used 184805K [0x0000000080000000, 0x0000000100000000)
  region size 1024K, 54 young (55296K), 4 survivors (4096K)
 Metaspace       used 132501K, capacity 136405K, committed 136652K, reserved 1167360K
  class space    used 16516K, capacity 17869K, committed 17920K, reserved 1048576K
}
Event: 991.573 GC heap after
{Heap after GC invocations=73 (full 0):
 garbage-first heap   total 220160K, used 137172K [0x0000000080000000, 0x0000000100000000)
  region size 1024K, 7 young (7168K), 7 survivors (7168K)
 Metaspace       used 132501K, capacity 136405K, committed 136652K, reserved 1167360K
  class space    used 16516K, capacity 17869K, committed 17920K, reserved 1048576K
}
Event: 991.577 GC heap before
{Heap before GC invocations=73 (full 0):
 garbage-first heap   total 220160K, used 139220K [0x0000000080000000, 0x0000000100000000)
  region size 1024K, 10 young (10240K), 7 survivors (7168K)
 Metaspace       used 132502K, capacity 136405K, committed 136652K, reserved 1167360K
  class space    used 16516K, capacity 17869K, committed 17920K, reserved 1048576K
}
Event: 991.587 GC heap after
{Heap after GC invocations=74 (full 0):
 garbage-first heap   total 220160K, used 132083K [0x0000000080000000, 0x0000000100000000)
  region size 1024K, 2 young (2048K), 2 survivors (2048K)
 Metaspace       used 132502K, capacity 136405K, committed 136652K, reserved 1167360K
  class space    used 16516K, capacity 17869K, committed 17920K, reserved 1048576K
}
Event: 991.589 GC heap before
{Heap before GC invocations=74 (full 0):
 garbage-first heap   total 220160K, used 132083K [0x0000000080000000, 0x0000000100000000)
  region size 1024K, 4 young (4096K), 2 survivors (2048K)
 Metaspace       used 132502K, capacity 136405K, committed 136652K, reserved 1167360K
  class space    used 16516K, capacity 17869K, committed 17920K, reserved 1048576K
}
Event: 991.592 GC heap after
{Heap after GC invocations=75 (full 0):
 garbage-first heap   total 220160K, used 132214K [0x0000000080000000, 0x0000000100000000)
  region size 1024K, 2 young (2048K), 2 survivors (2048K)
 Metaspace       used 132502K, capacity 136405K, committed 136652K, reserved 1167360K
  class space    used 16516K, capacity 17869K, committed 17920K, reserved 1048576K
}
Event: 991.871 GC heap before
{Heap before GC invocations=75 (full 0):
 garbage-first heap   total 220160K, used 171126K [0x0000000080000000, 0x0000000100000000)
  region size 1024K, 39 young (39936K), 2 survivors (2048K)
 Metaspace       used 133113K, capacity 137024K, committed 137164K, reserved 1169408K
  class space    used 16575K, capacity 17902K, committed 17920K, reserved 1048576K
}
Event: 991.884 GC heap after
{Heap after GC invocations=76 (full 0):
 garbage-first heap   total 220160K, used 143174K [0x0000000080000000, 0x0000000100000000)
  region size 1024K, 5 young (5120K), 5 survivors (5120K)
 Metaspace       used 133113K, capacity 137024K, committed 137164K, reserved 1169408K
  class space    used 16575K, capacity 17902K, committed 17920K, reserved 1048576K
}
Event: 992.105 GC heap before
{Heap before GC invocations=77 (full 0):
 garbage-first heap   total 220160K, used 173894K [0x0000000080000000, 0x0000000100000000)
  region size 1024K, 36 young (36864K), 5 survivors (5120K)
 Metaspace       used 134031K, capacity 138010K, committed 138060K, reserved 1169408K
  class space    used 16676K, capacity 18018K, committed 18048K, reserved 1048576K
}
Event: 992.126 GC heap after
{Heap after GC invocations=78 (full 0):
 garbage-first heap   total 264192K, used 154349K [0x0000000080000000, 0x0000000100000000)
  region size 1024K, 5 young (5120K), 5 survivors (5120K)
 Metaspace       used 134031K, capacity 138010K, committed 138060K, reserved 1169408K
  class space    used 16676K, capacity 18018K, committed 18048K, reserved 1048576K
}

Deoptimization events (20 events):
Event: 992.079 Thread 0x000001c73eb0c000 Uncommon trap: trap_request=0xffffffde fr.pc=0x000001c7268eddb4 relative=0x0000000000000074
Event: 992.079 Thread 0x000001c73eb0c000 Uncommon trap: reason=class_check action=maybe_recompile pc=0x000001c7268eddb4 method=com.android.tools.build.apkzlib.zip.CentralDirectoryHeader.getCompressionInfoWithWait()Lcom/android/tools/build/apkzlib/zip/CentralDirectoryHeaderCompressInfo; @ 4 c2
Event: 992.079 Thread 0x000001c73eb0c000 DEOPT PACKING pc=0x000001c7268eddb4 sp=0x000000c5d0ffd900
Event: 992.079 Thread 0x000001c73eb0c000 DEOPT UNPACKING pc=0x000001c71e3b822f sp=0x000000c5d0ffd888 mode 2
Event: 992.083 Thread 0x000001c73eb0c000 Uncommon trap: trap_request=0xffffffde fr.pc=0x000001c7268eddb4 relative=0x0000000000000074
Event: 992.083 Thread 0x000001c73eb0c000 Uncommon trap: reason=class_check action=maybe_recompile pc=0x000001c7268eddb4 method=com.android.tools.build.apkzlib.zip.CentralDirectoryHeader.getCompressionInfoWithWait()Lcom/android/tools/build/apkzlib/zip/CentralDirectoryHeaderCompressInfo; @ 4 c2
Event: 992.083 Thread 0x000001c73eb0c000 DEOPT PACKING pc=0x000001c7268eddb4 sp=0x000000c5d0ffd8d0
Event: 992.083 Thread 0x000001c73eb0c000 DEOPT UNPACKING pc=0x000001c71e3b822f sp=0x000000c5d0ffd850 mode 2
Event: 992.087 Thread 0x000001c73eb0c000 Uncommon trap: trap_request=0xffffffde fr.pc=0x000001c7268eddb4 relative=0x0000000000000074
Event: 992.088 Thread 0x000001c73eb0c000 Uncommon trap: reason=class_check action=maybe_recompile pc=0x000001c7268eddb4 method=com.android.tools.build.apkzlib.zip.CentralDirectoryHeader.getCompressionInfoWithWait()Lcom/android/tools/build/apkzlib/zip/CentralDirectoryHeaderCompressInfo; @ 4 c2
Event: 992.088 Thread 0x000001c73eb0c000 DEOPT PACKING pc=0x000001c7268eddb4 sp=0x000000c5d0ffd8e0
Event: 992.088 Thread 0x000001c73eb0c000 DEOPT UNPACKING pc=0x000001c71e3b822f sp=0x000000c5d0ffd860 mode 2
Event: 992.151 Thread 0x000001c73d255000 Uncommon trap: trap_request=0xffffff4d fr.pc=0x000001c726579fd0 relative=0x0000000000000610
Event: 992.151 Thread 0x000001c73d255000 Uncommon trap: reason=unstable_if action=reinterpret pc=0x000001c726579fd0 method=java.io.ObjectOutputStream$BlockDataOutputStream.writeBytes(Ljava/lang/String;)V @ 22 c2
Event: 992.151 Thread 0x000001c73d255000 DEOPT PACKING pc=0x000001c726579fd0 sp=0x000000c5d0cfd270
Event: 992.151 Thread 0x000001c73d255000 DEOPT UNPACKING pc=0x000001c71e3b822f sp=0x000000c5d0cfd180 mode 2
Event: 992.152 Thread 0x000001c73d255000 Uncommon trap: trap_request=0xffffff4d fr.pc=0x000001c7262883a4 relative=0x00000000000004e4
Event: 992.152 Thread 0x000001c73d255000 Uncommon trap: reason=unstable_if action=reinterpret pc=0x000001c7262883a4 method=java.io.ObjectOutputStream$BlockDataOutputStream.writeBytes(Ljava/lang/String;)V @ 22 c2
Event: 992.152 Thread 0x000001c73d255000 DEOPT PACKING pc=0x000001c7262883a4 sp=0x000000c5d0cfd1d0
Event: 992.152 Thread 0x000001c73d255000 DEOPT UNPACKING pc=0x000001c71e3b822f sp=0x000000c5d0cfd168 mode 2

Classes redefined (0 events):
No events

Internal exceptions (20 events):
Event: 991.054 Thread 0x000001c73d255000 Exception <a 'sun/nio/fs/WindowsException'{0x000000008cf4a8c0}> (0x000000008cf4a8c0) thrown at [./src/hotspot/share/prims/jni.cpp, line 615]
Event: 991.303 Thread 0x000001c73eb0a000 Exception <a 'sun/nio/fs/WindowsException'{0x000000008b475d48}> (0x000000008b475d48) thrown at [./src/hotspot/share/prims/jni.cpp, line 615]
Event: 991.610 Thread 0x000001c73d257800 Exception <a 'sun/nio/fs/WindowsException'{0x000000008d67e448}> (0x000000008d67e448) thrown at [./src/hotspot/share/prims/jni.cpp, line 615]
Event: 991.610 Thread 0x000001c73d257800 Exception <a 'sun/nio/fs/WindowsException'{0x000000008d67f088}> (0x000000008d67f088) thrown at [./src/hotspot/share/prims/jni.cpp, line 615]
Event: 991.611 Thread 0x000001c73d257800 Exception <a 'sun/nio/fs/WindowsException'{0x000000008d67f4d0}> (0x000000008d67f4d0) thrown at [./src/hotspot/share/prims/jni.cpp, line 615]
Event: 991.611 Thread 0x000001c73d257800 Exception <a 'sun/nio/fs/WindowsException'{0x000000008d6800f0}> (0x000000008d6800f0) thrown at [./src/hotspot/share/prims/jni.cpp, line 615]
Event: 991.611 Thread 0x000001c73d257800 Exception <a 'sun/nio/fs/WindowsException'{0x000000008d680490}> (0x000000008d680490) thrown at [./src/hotspot/share/prims/jni.cpp, line 615]
Event: 991.611 Thread 0x000001c73d257800 Exception <a 'sun/nio/fs/WindowsException'{0x000000008d6810c8}> (0x000000008d6810c8) thrown at [./src/hotspot/share/prims/jni.cpp, line 615]
Event: 991.611 Thread 0x000001c73d257800 Exception <a 'sun/nio/fs/WindowsException'{0x000000008d681408}> (0x000000008d681408) thrown at [./src/hotspot/share/prims/jni.cpp, line 615]
Event: 991.611 Thread 0x000001c73d257800 Exception <a 'sun/nio/fs/WindowsException'{0x000000008d013088}> (0x000000008d013088) thrown at [./src/hotspot/share/prims/jni.cpp, line 615]
Event: 991.693 Thread 0x000001c73d257800 Exception <a 'java/lang/NoSuchMethodError'{0x000000008c397d38}: <clinit>> (0x000000008c397d38) thrown at [./src/hotspot/share/prims/jni.cpp, line 1362]
Event: 991.923 Thread 0x000001c73d256800 Exception <a 'sun/nio/fs/WindowsException'{0x000000008cf6cd38}> (0x000000008cf6cd38) thrown at [./src/hotspot/share/prims/jni.cpp, line 615]
Event: 991.924 Thread 0x000001c73d256800 Exception <a 'sun/nio/fs/WindowsException'{0x000000008cf6d958}> (0x000000008cf6d958) thrown at [./src/hotspot/share/prims/jni.cpp, line 615]
Event: 991.924 Thread 0x000001c73d256800 Exception <a 'sun/nio/fs/WindowsException'{0x000000008cf6dcd0}> (0x000000008cf6dcd0) thrown at [./src/hotspot/share/prims/jni.cpp, line 615]
Event: 991.925 Thread 0x000001c73eb10800 Exception <a 'java/lang/NoSuchMethodError'{0x000000008d3ba598}: 'void java.lang.invoke.DirectMethodHandle$Holder.invokeStatic(java.lang.Object, long)'> (0x000000008d3ba598) thrown at [./src/hotspot/share/interpreter/linkResolver.cpp, line 773]
Event: 991.929 Thread 0x000001c73eb10800 Exception <a 'java/lang/NoSuchMethodError'{0x000000008ce043b8}: 'java.lang.Object java.lang.invoke.DirectMethodHandle$Holder.invokeStaticInit(java.lang.Object, java.lang.Object, long, java.lang.Object)'> (0x000000008ce043b8) thrown at [./src/hotspot/share/interpreter/linkResolver.cpp, line 773]
Event: 991.946 Thread 0x000001c73eb10800 Exception <a 'java/lang/NoSuchMethodError'{0x000000008ce47bc8}: 'java.lang.Object java.lang.invoke.DirectMethodHandle$Holder.invokeStatic(java.lang.Object, java.lang.Object, long)'> (0x000000008ce47bc8) thrown at [./src/hotspot/share/interpreter/linkResolver.cpp, line 773]
Event: 991.947 Thread 0x000001c73eb10800 Exception <a 'java/lang/NoSuchMethodError'{0x000000008cd49ad0}: 'java.lang.Object java.lang.invoke.Invokers$Holder.linkToTargetMethod(java.lang.Object, long, java.lang.Object)'> (0x000000008cd49ad0) thrown at [./src/hotspot/share/interpreter/linkResolver.cpp, line 773]
Event: 991.970 Thread 0x000001c73d256800 Exception <a 'sun/nio/fs/WindowsException'{0x000000008cb53ed0}> (0x000000008cb53ed0) thrown at [./src/hotspot/share/prims/jni.cpp, line 615]
Event: 991.971 Thread 0x000001c73d256800 Exception <a 'sun/nio/fs/WindowsException'{0x000000008cb56ba0}> (0x000000008cb56ba0) thrown at [./src/hotspot/share/prims/jni.cpp, line 615]

Events (20 events):
Event: 992.081 loading class com/android/tools/build/apkzlib/zip/FileUseMap$1
Event: 992.081 loading class com/android/tools/build/apkzlib/zip/FileUseMap$1 done
Event: 992.081 loading class java/util/TreeMap$AscendingSubMap
Event: 992.082 loading class java/util/TreeMap$AscendingSubMap done
Event: 992.082 loading class java/util/TreeMap$NavigableSubMap$SubMapKeyIterator
Event: 992.083 loading class java/util/TreeMap$NavigableSubMap$SubMapKeyIterator done
Event: 992.083 loading class com/android/tools/build/apkzlib/zip/StoredEntry
Event: 992.083 loading class com/android/tools/build/apkzlib/zip/StoredEntry done
Event: 992.083 loading class com/android/tools/build/apkzlib/zip/StoredEntry
Event: 992.083 loading class com/android/tools/build/apkzlib/zip/StoredEntry done
Event: 992.104 Executing VM operation: G1CollectForAllocation
Event: 992.126 Executing VM operation: G1CollectForAllocation done
Event: 992.127 Executing VM operation: RevokeBias
Event: 992.127 Executing VM operation: RevokeBias done
Event: 992.127 Executing VM operation: RevokeBias
Event: 992.127 Executing VM operation: RevokeBias done
Event: 992.127 Executing VM operation: RevokeBias
Event: 992.128 Executing VM operation: RevokeBias done
Event: 992.153 loading class com/google/common/hash/Hashing$Sha1Holder
Event: 992.153 loading class com/google/common/hash/Hashing$Sha1Holder done


Dynamic libraries:
0x00007ff624930000 - 0x00007ff62493a000 	C:\Program Files\Android\Android Studio\jre\bin\java.exe
0x00007ffe371f0000 - 0x00007ffe373e5000 	C:\WINDOWS\SYSTEM32\ntdll.dll
0x00007ffe35a60000 - 0x00007ffe35b1d000 	C:\WINDOWS\System32\KERNEL32.DLL
0x00007ffe34e00000 - 0x00007ffe350c8000 	C:\WINDOWS\System32\KERNELBASE.dll
0x00007ffe35150000 - 0x00007ffe35250000 	C:\WINDOWS\System32\ucrtbase.dll
0x00007ffe180a0000 - 0x00007ffe180b9000 	C:\Program Files\Android\Android Studio\jre\bin\jli.dll
0x00007ffe18830000 - 0x00007ffe18847000 	C:\Program Files\Android\Android Studio\jre\bin\VCRUNTIME140.dll
0x00007ffe35e10000 - 0x00007ffe35fb0000 	C:\WINDOWS\System32\USER32.dll
0x00007ffe34bf0000 - 0x00007ffe34c12000 	C:\WINDOWS\System32\win32u.dll
0x00007ffe102e0000 - 0x00007ffe1057a000 	C:\WINDOWS\WinSxS\amd64_microsoft.windows.common-controls_6595b64144ccf1df_6.0.19041.844_none_ca00b6081b84eb1d\COMCTL32.dll
0x00007ffe35910000 - 0x00007ffe3593a000 	C:\WINDOWS\System32\GDI32.dll
0x00007ffe34cc0000 - 0x00007ffe34dcb000 	C:\WINDOWS\System32\gdi32full.dll
0x00007ffe35b20000 - 0x00007ffe35bbe000 	C:\WINDOWS\System32\msvcrt.dll
0x00007ffe34c20000 - 0x00007ffe34cbd000 	C:\WINDOWS\System32\msvcp_win.dll
0x00007ffe35940000 - 0x00007ffe35970000 	C:\WINDOWS\System32\IMM32.DLL
0x00007ffdf7c40000 - 0x00007ffdf7cdd000 	C:\Program Files\Android\Android Studio\jre\bin\msvcp140.dll
0x00007ffde61b0000 - 0x00007ffde6c6c000 	C:\Program Files\Android\Android Studio\jre\bin\server\jvm.dll
0x00007ffe356c0000 - 0x00007ffe3576c000 	C:\WINDOWS\System32\ADVAPI32.dll
0x00007ffe36320000 - 0x00007ffe363bb000 	C:\WINDOWS\System32\sechost.dll
0x00007ffe36720000 - 0x00007ffe3684b000 	C:\WINDOWS\System32\RPCRT4.dll
0x00007ffe370d0000 - 0x00007ffe370d8000 	C:\WINDOWS\System32\PSAPI.DLL
0x00007ffe168d0000 - 0x00007ffe168d9000 	C:\WINDOWS\SYSTEM32\WSOCK32.dll
0x00007ffe357f0000 - 0x00007ffe3585b000 	C:\WINDOWS\System32\WS2_32.dll
0x00007ffe1e630000 - 0x00007ffe1e657000 	C:\WINDOWS\SYSTEM32\WINMM.dll
0x00007ffe26bf0000 - 0x00007ffe26bfa000 	C:\WINDOWS\SYSTEM32\VERSION.dll
0x00007ffe33250000 - 0x00007ffe33262000 	C:\WINDOWS\SYSTEM32\kernel.appcore.dll
0x00007ffe2e620000 - 0x00007ffe2e631000 	C:\Program Files\Android\Android Studio\jre\bin\verify.dll
0x00007ffe32fe0000 - 0x00007ffe331c4000 	C:\WINDOWS\SYSTEM32\DBGHELP.DLL
0x00007ffe203d0000 - 0x00007ffe203fc000 	C:\WINDOWS\SYSTEM32\dbgcore.DLL
0x00007ffe350d0000 - 0x00007ffe35150000 	C:\WINDOWS\System32\bcryptPrimitives.dll
0x00007ffe2e510000 - 0x00007ffe2e539000 	C:\Program Files\Android\Android Studio\jre\bin\java.dll
0x00007ffe2fb50000 - 0x00007ffe2fb5b000 	C:\Program Files\Android\Android Studio\jre\bin\jimage.dll
0x00007ffe2e4f0000 - 0x00007ffe2e508000 	C:\Program Files\Android\Android Studio\jre\bin\zip.dll
0x00007ffe36980000 - 0x00007ffe370c2000 	C:\WINDOWS\System32\SHELL32.dll
0x00007ffe32850000 - 0x00007ffe32fe0000 	C:\WINDOWS\SYSTEM32\windows.storage.dll
0x00007ffe363c0000 - 0x00007ffe36715000 	C:\WINDOWS\System32\combase.dll
0x00007ffe342d0000 - 0x00007ffe342fc000 	C:\WINDOWS\SYSTEM32\Wldp.dll
0x00007ffe35860000 - 0x00007ffe3590e000 	C:\WINDOWS\System32\SHCORE.dll
0x00007ffe37150000 - 0x00007ffe371a5000 	C:\WINDOWS\System32\shlwapi.dll
0x00007ffe34870000 - 0x00007ffe3488f000 	C:\WINDOWS\SYSTEM32\profapi.dll
0x00007ffe2d350000 - 0x00007ffe2d36a000 	C:\Program Files\Android\Android Studio\jre\bin\net.dll
0x00007ffe1e660000 - 0x00007ffe1e76b000 	C:\WINDOWS\SYSTEM32\WINHTTP.dll
0x00007ffe34040000 - 0x00007ffe340aa000 	C:\WINDOWS\system32\mswsock.dll
0x00007ffe21640000 - 0x00007ffe21654000 	C:\Program Files\Android\Android Studio\jre\bin\nio.dll
0x00007ffe193b0000 - 0x00007ffe193d7000 	C:\Users\Ferz\.gradle\native\fdc75f09e3144964f2cf3f50f0aa648679c211496f362492102eb8c894070792\windows-amd64\native-platform.dll
0x00007ffdfc290000 - 0x00007ffdfc426000 	C:\Users\Ferz\.gradle\native\12488b8bf47d2d4c9fbf2f6322a914ad602e24e48041cd04a747c6da556b65c4\windows-amd64\native-platform-file-events.dll
0x00007ffe2f310000 - 0x00007ffe2f31a000 	C:\Program Files\Android\Android Studio\jre\bin\management.dll
0x00007ffe2f080000 - 0x00007ffe2f08c000 	C:\Program Files\Android\Android Studio\jre\bin\management_ext.dll
0x00007ffe34210000 - 0x00007ffe34228000 	C:\WINDOWS\SYSTEM32\CRYPTSP.dll
0x00007ffe339e0000 - 0x00007ffe33a14000 	C:\WINDOWS\system32\rsaenh.dll
0x00007ffe34dd0000 - 0x00007ffe34df7000 	C:\WINDOWS\System32\bcrypt.dll
0x00007ffe347f0000 - 0x00007ffe3481e000 	C:\WINDOWS\SYSTEM32\USERENV.dll
0x00007ffe34230000 - 0x00007ffe3423c000 	C:\WINDOWS\SYSTEM32\CRYPTBASE.dll
0x00007ffe33d30000 - 0x00007ffe33d6b000 	C:\WINDOWS\SYSTEM32\IPHLPAPI.DLL
0x00007ffe37140000 - 0x00007ffe37148000 	C:\WINDOWS\System32\NSI.dll
0x00007ffe32770000 - 0x00007ffe32787000 	C:\WINDOWS\SYSTEM32\dhcpcsvc6.DLL
0x00007ffe32750000 - 0x00007ffe3276d000 	C:\WINDOWS\SYSTEM32\dhcpcsvc.DLL
0x00007ffe33d70000 - 0x00007ffe33e3c000 	C:\WINDOWS\SYSTEM32\DNSAPI.dll
0x00007ffe2e250000 - 0x00007ffe2e25b000 	C:\WINDOWS\SYSTEM32\WINNSI.DLL
0x00007ffe20ae0000 - 0x00007ffe20b07000 	C:\Program Files\Android\Android Studio\jre\bin\sunec.dll

dbghelp: loaded successfully - version: 4.0.5 - missing functions: none
symbol engine: initialized successfully - sym options: 0x614 - pdb path: .;C:\Program Files\Android\Android Studio\jre\bin;C:\WINDOWS\SYSTEM32;C:\WINDOWS\WinSxS\amd64_microsoft.windows.common-controls_6595b64144ccf1df_6.0.19041.844_none_ca00b6081b84eb1d;C:\Program Files\Android\Android Studio\jre\bin\server;C:\Users\Ferz\.gradle\native\fdc75f09e3144964f2cf3f50f0aa648679c211496f362492102eb8c894070792\windows-amd64;C:\Users\Ferz\.gradle\native\12488b8bf47d2d4c9fbf2f6322a914ad602e24e48041cd04a747c6da556b65c4\windows-amd64

VM Arguments:
jvm_args: --add-opens=java.base/java.util=ALL-UNNAMED --add-opens=java.base/java.lang=ALL-UNNAMED --add-opens=java.base/java.lang.invoke=ALL-UNNAMED --add-opens=java.prefs/java.util.prefs=ALL-UNNAMED -Xmx2048m -Dfile.encoding=UTF-8 -Duser.country=US -Duser.language=en -Duser.variant 
java_command: org.gradle.launcher.daemon.bootstrap.GradleDaemon 6.7.1
java_class_path (initial): C:\Users\Ferz\.gradle\wrapper\dists\gradle-6.7.1-bin\bwlcbys1h7rz3272sye1xwiv6\gradle-6.7.1\lib\gradle-launcher-6.7.1.jar
Launcher Type: SUN_STANDARD

[Global flags]
     intx CICompilerCount                          = 4                                         {product} {ergonomic}
     uint ConcGCThreads                            = 2                                         {product} {ergonomic}
     uint G1ConcRefinementThreads                  = 8                                         {product} {ergonomic}
   size_t G1HeapRegionSize                         = 1048576                                   {product} {ergonomic}
    uintx GCDrainStackTargetSize                   = 64                                        {product} {ergonomic}
   size_t InitialHeapSize                          = 130023424                                 {product} {ergonomic}
   size_t MarkStackSize                            = 4194304                                   {product} {ergonomic}
   size_t MaxHeapSize                              = 2147483648                                {product} {command line}
   size_t MaxNewSize                               = 1287651328                                {product} {ergonomic}
   size_t MinHeapDeltaBytes                        = 1048576                                   {product} {ergonomic}
    uintx NonNMethodCodeHeapSize                   = 5836300                                {pd product} {ergonomic}
    uintx NonProfiledCodeHeapSize                  = 122910970                              {pd product} {ergonomic}
    uintx ProfiledCodeHeapSize                     = 122910970                              {pd product} {ergonomic}
    uintx ReservedCodeCacheSize                    = 251658240                              {pd product} {ergonomic}
     bool SegmentedCodeCache                       = true                                      {product} {ergonomic}
     bool UseCompressedClassPointers               = true                                 {lp64_product} {ergonomic}
     bool UseCompressedOops                        = true                                 {lp64_product} {ergonomic}
     bool UseG1GC                                  = true                                      {product} {ergonomic}
     bool UseLargePagesIndividualAllocation        = false                                  {pd product} {ergonomic}

Logging:
Log output configuration:
 #0: stdout all=warning uptime,level,tags
 #1: stderr all=off uptime,level,tags

Environment Variables:
PATH=C:\Program Files (x86)\NVIDIA Corporation\PhysX\Common;C:\Program Files (x86)\Common Files\Oracle\Java\javapath;C:\WINDOWS\system32;C:\WINDOWS;C:\WINDOWS\System32\Wbem;C:\WINDOWS\System32\WindowsPowerShell\v1.0\;C:\WINDOWS\System32\OpenSSH\;C:\Program Files\dotnet\;C:\Users\Ferz\AppData\Local\Programs\Python\Python38-32\Scripts;C:\Program Files\Git\cmd;C:\Program Files (x86)\NoteBook FanControl\;C:\Program Files\Graphviz\bin;C:\Users\Ferz\AppData\Local\Microsoft\WindowsApps;C:\Users\Ferz\AppData\Local\Programs\Microsoft VS Code\bin;C:\Users\Ferz\AppData\Local\atom\bin
USERNAME=Ferz
OS=Windows_NT
PROCESSOR_IDENTIFIER=Intel64 Family 6 Model 126 Stepping 5, GenuineIntel



---------------  S Y S T E M  ---------------

OS: Windows 10 , 64 bit Build 19041 (10.0.19041.928)
OS uptime: 0 days 6:13 hours

CPU:total 8 (initial active 8) (4 cores per cpu, 2 threads per core) family 6 model 126 stepping 5, cmov, cx8, fxsr, mmx, sse, sse2, sse3, ssse3, sse4.1, sse4.2, popcnt, avx, avx2, aes, clmul, erms, 3dnowpref, lzcnt, ht, tsc, tscinvbit, bmi1, bmi2, adx, evex, sha, fma

Memory: 4k page, system-wide physical 7880M (392M free)
TotalPageFile size 11976M (AvailPageFile size 0M)
current process WorkingSet (physical memory assigned to process): 492M, peak: 493M
current process commit charge ("private bytes"): 651M, peak: 652M

vm_info: OpenJDK 64-Bit Server VM (11.0.8+10-b944.6842174) for windows-amd64 JRE (11.0.8+10-b944.6842174), built on Sep 19 2020 01:11:42 by "builder" with MS VC++ 14.0 (VS2015)

END.
