#
# There is insufficient memory for the Java Runtime Environment to continue.
# Native memory allocation (mmap) failed to map 65536 bytes for Failed to commit area from 0x00000245a93b0000 to 0x00000245a93c0000 of length 65536.
# Possible reasons:
#   The system is out of physical RAM or swap space
#   The process is running with CompressedOops enabled, and the Java Heap may be blocking the growth of the native heap
# Possible solutions:
#   Reduce memory load on the system
#   Increase physical memory or swap space
#   Check if swap backing store is full
#   Decrease Java heap size (-Xmx/-Xms)
#   Decrease number of Java threads
#   Decrease Java thread stack sizes (-Xss)
#   Set larger code cache with -XX:ReservedCodeCacheSize=
#   JVM is running with Unscaled Compressed Oops mode in which the Java heap is
#     placed in the first 4GB address space. The Java Heap base address is the
#     maximum limit for the native heap growth. Please use -XX:HeapBaseMinAddress
#     to set the Java Heap base and to place the Java Heap above 4GB virtual address.
# This output file may be truncated or incomplete.
#
#  Out of Memory Error (./src/hotspot/os/windows/os_windows.cpp:3303), pid=6508, tid=2092
#
# JRE version: OpenJDK Runtime Environment (11.0.8+10) (build 11.0.8+10-b944.6842174)
# Java VM: OpenJDK 64-Bit Server VM (11.0.8+10-b944.6842174, mixed mode, tiered, compressed oops, g1 gc, windows-amd64)
# No core dump will be written. Minidumps are not enabled by default on client versions of Windows
#

---------------  S U M M A R Y ------------

Command Line: --add-opens=java.base/java.util=ALL-UNNAMED --add-opens=java.base/java.lang=ALL-UNNAMED --add-opens=java.base/java.lang.invoke=ALL-UNNAMED --add-opens=java.prefs/java.util.prefs=ALL-UNNAMED -Xmx2048m -Dfile.encoding=UTF-8 -Duser.country=US -Duser.language=en -Duser.variant org.gradle.launcher.daemon.bootstrap.GradleDaemon 6.7.1

Host: Intel(R) Core(TM) i5-1035G1 CPU @ 1.00GHz, 8 cores, 7G,  Windows 10 , 64 bit Build 19041 (10.0.19041.928)
Time: Sat May 29 08:04:25 2021 Pacific Daylight Time elapsed time: 18 seconds (0d 0h 0m 18s)

---------------  T H R E A D  ---------------

Current thread (0x00000245ada55800):  VMThread "VM Thread" [stack: 0x000000ac5ee00000,0x000000ac5ef00000] [id=2092]

Stack: [0x000000ac5ee00000,0x000000ac5ef00000]
[error occurred during error reporting (printing stack bounds), id 0xc0000005, EXCEPTION_ACCESS_VIOLATION (0xc0000005) at pc=0x00000245970f0f67]

Native frames: (J=compiled Java code, j=interpreted, Vv=VM code, C=native code)
V  [jvm.dll+0x5de50a]
V  [jvm.dll+0x7122f5]
V  [jvm.dll+0x71384d]
V  [jvm.dll+0x713e65]
V  [jvm.dll+0x713e1b]
V  [jvm.dll+0x5dd958]
V  [jvm.dll+0x5de0f8]
C  [ntdll.dll+0xa217f]
C  [ntdll.dll+0x51454]
C  [ntdll.dll+0xa0cae]
C  0x00000245970f0f67

VM_Operation (0x000000ac692fcb80): G1CollectForAllocation, mode: safepoint, requested by thread 0x00000245b07de800


---------------  P R O C E S S  ---------------

Threads class SMR info:
_java_thread_list=0x00000245b7bb0c40, length=166, elements={
0x000002459376e800, 0x00000245ada5c000, 0x00000245ada60000, 0x00000245ae3e8000,
0x00000245ae3ea000, 0x00000245ae3eb800, 0x00000245ae3f3800, 0x00000245ada7b000,
0x00000245ae53d000, 0x00000245ae550000, 0x00000245b03a6000, 0x00000245af636000,
0x00000245b02aa800, 0x00000245ae566800, 0x00000245b1340800, 0x00000245b09bf000,
0x00000245afc71800, 0x00000245af022800, 0x00000245b07cf800, 0x00000245b14cf000,
0x00000245b1496800, 0x00000245b1497800, 0x00000245b1495000, 0x00000245b1498000,
0x00000245b1495800, 0x00000245b1499000, 0x00000245b149a000, 0x00000245b149a800,
0x00000245b149b800, 0x00000245b43d6000, 0x00000245b43da000, 0x00000245b43db000,
0x00000245b43dc800, 0x00000245b43d7000, 0x00000245b43de000, 0x00000245b43df800,
0x00000245b43df000, 0x00000245b43e0800, 0x00000245b43e3000, 0x00000245b43e1800,
0x00000245b43e2000, 0x00000245b43dd800, 0x00000245b43e4800, 0x00000245b43e4000,
0x00000245b0a9b000, 0x00000245b0a9d800, 0x00000245b0a97800, 0x00000245b0a9c800,
0x00000245b0a9b800, 0x00000245b0a9e000, 0x00000245b0a98800, 0x00000245b0a99000,
0x00000245b0a9a000, 0x00000245b0e15800, 0x00000245b0e14800, 0x00000245b0e13000,
0x00000245b0e12800, 0x00000245b0e19800, 0x00000245b0e18000, 0x00000245b0e14000,
0x00000245b0e17000, 0x00000245b0e1c000, 0x00000245b0e1a800, 0x00000245b0e19000,
0x00000245b0e16800, 0x00000245b0e1f800, 0x00000245b0e1e800, 0x00000245b0e1d000,
0x00000245b0e1d800, 0x00000245b0e20000, 0x00000245b0e21000, 0x00000245b0e1b000,
0x00000245b0e47000, 0x00000245b0e48000, 0x00000245b0e46800, 0x00000245b0e44800,
0x00000245b0e45800, 0x00000245b0e43000, 0x00000245b0e42000, 0x00000245b0e49000,
0x00000245b0e49800, 0x00000245b0e44000, 0x00000245b0e4f800, 0x00000245b0e4c000,
0x00000245b0e4d000, 0x00000245b0e50000, 0x00000245b0e4b000, 0x00000245b0e4d800,
0x00000245b0e4e800, 0x00000245b0e4a800, 0x00000245b0e51000, 0x00000245b08b5800,
0x00000245b08b8800, 0x00000245b08b6000, 0x00000245b08b7000, 0x00000245b08b9800,
0x00000245b08bb000, 0x00000245b08ba800, 0x00000245b08bc000, 0x00000245b08bc800,
0x00000245b08bd800, 0x00000245b08b8000, 0x00000245b08c0000, 0x00000245b08c4000,
0x00000245b08be800, 0x00000245b08bf000, 0x00000245b08c1000, 0x00000245b08c1800,
0x00000245b08c2800, 0x00000245b08c3000, 0x00000245ae812800, 0x00000245ae815000,
0x00000245ae811000, 0x00000245ae816000, 0x00000245ae812000, 0x00000245ae813800,
0x00000245ae814800, 0x00000245ae810800, 0x00000245ae818800, 0x00000245ae81a000,
0x00000245ae819000, 0x00000245ae81b800, 0x00000245ae817000, 0x00000245ae81c800,
0x00000245ae81d800, 0x00000245ae817800, 0x00000245ae81e000, 0x00000245ae81f000,
0x00000245ae81b000, 0x00000245b0878000, 0x00000245b0876000, 0x00000245b0878800,
0x00000245b087b000, 0x00000245b0879800, 0x00000245b0875800, 0x00000245b087a800,
0x00000245b087c800, 0x00000245b0877000, 0x00000245b0880000, 0x00000245b087f000,
0x00000245b0883800, 0x00000245b087d800, 0x00000245b0881000, 0x00000245b0884000,
0x00000245b0881800, 0x00000245b0882800, 0x00000245b564a000, 0x00000245b07e1000,
0x00000245b22b5800, 0x00000245b07e2800, 0x00000245b07df800, 0x00000245b07e2000,
0x00000245b07dd000, 0x00000245b07de800, 0x00000245b07e3800, 0x00000245b07dd800,
0x00000245b07e0000, 0x00000245ba696800, 0x00000245ba691800, 0x00000245ba693800,
0x00000245ba692800, 0x00000245ba698000, 0x00000245ba694000, 0x00000245ba695000,
0x00000245ba695800, 0x00000245b80f1800
}

Java Threads: ( => current thread )
  0x000002459376e800 JavaThread "main" [_thread_blocked, id=12548, stack(0x000000ac5e800000,0x000000ac5e900000)]
  0x00000245ada5c000 JavaThread "Reference Handler" daemon [_thread_blocked, id=7560, stack(0x000000ac5ef00000,0x000000ac5f000000)]
  0x00000245ada60000 JavaThread "Finalizer" daemon [_thread_blocked, id=3480, stack(0x000000ac5f000000,0x000000ac5f100000)]
  0x00000245ae3e8000 JavaThread "Signal Dispatcher" daemon [_thread_blocked, id=5380, stack(0x000000ac5f100000,0x000000ac5f200000)]
  0x00000245ae3ea000 JavaThread "Attach Listener" daemon [_thread_blocked, id=3372, stack(0x000000ac5f200000,0x000000ac5f300000)]
  0x00000245ae3eb800 JavaThread "C2 CompilerThread0" daemon [_thread_blocked, id=11416, stack(0x000000ac5f300000,0x000000ac5f400000)]
  0x00000245ae3f3800 JavaThread "C1 CompilerThread0" daemon [_thread_blocked, id=1456, stack(0x000000ac5f400000,0x000000ac5f500000)]
  0x00000245ada7b000 JavaThread "Sweeper thread" daemon [_thread_blocked, id=7196, stack(0x000000ac5f500000,0x000000ac5f600000)]
  0x00000245ae53d000 JavaThread "Common-Cleaner" daemon [_thread_blocked, id=14024, stack(0x000000ac5f600000,0x000000ac5f700000)]
  0x00000245ae550000 JavaThread "Service Thread" daemon [_thread_blocked, id=3420, stack(0x000000ac5f700000,0x000000ac5f800000)]
  0x00000245b03a6000 JavaThread "Daemon health stats" [_thread_blocked, id=16108, stack(0x000000ac5fc00000,0x000000ac5fd00000)]
  0x00000245af636000 JavaThread "Incoming local TCP Connector on port 50188" [_thread_in_native, id=8776, stack(0x000000ac5fd00000,0x000000ac5fe00000)]
  0x00000245b02aa800 JavaThread "Daemon periodic checks" [_thread_blocked, id=12156, stack(0x000000ac5fe00000,0x000000ac5ff00000)]
  0x00000245ae566800 JavaThread "Daemon" [_thread_blocked, id=4644, stack(0x000000ac5ff00000,0x000000ac60000000)]
  0x00000245b1340800 JavaThread "Handler for socket connection from /127.0.0.1:50188 to /127.0.0.1:50189" [_thread_in_native, id=5492, stack(0x000000ac60000000,0x000000ac60100000)]
  0x00000245b09bf000 JavaThread "Cancel handler" [_thread_blocked, id=1608, stack(0x000000ac60100000,0x000000ac60200000)]
  0x00000245afc71800 JavaThread "Daemon worker" [_thread_blocked, id=12332, stack(0x000000ac60200000,0x000000ac60300000)]
  0x00000245af022800 JavaThread "Asynchronous log dispatcher for DefaultDaemonConnection: socket connection from /127.0.0.1:50188 to /127.0.0.1:50189" [_thread_blocked, id=132, stack(0x000000ac60400000,0x000000ac60500000)]
  0x00000245b07cf800 JavaThread "Stdin handler" [_thread_blocked, id=9920, stack(0x000000ac60500000,0x000000ac60600000)]
  0x00000245b14cf000 JavaThread "Thread-8" [_thread_blocked, id=14916, stack(0x000000ac60600000,0x000000ac60700000)]
  0x00000245b1496800 JavaThread "Cache worker for file hash cache (C:\Users\Ferz\.gradle\caches\6.7.1\fileHashes)" [_thread_blocked, id=9332, stack(0x000000ac60d00000,0x000000ac60e00000)]
  0x00000245b1497800 JavaThread "File lock request listener" [_thread_in_native, id=14924, stack(0x000000ac60e00000,0x000000ac60f00000)]
  0x00000245b1495000 JavaThread "Cache worker for journal cache (C:\Users\Ferz\.gradle\caches\journal-1)" [_thread_blocked, id=9876, stack(0x000000ac60f00000,0x000000ac61000000)]
  0x00000245b1498000 JavaThread "Cache worker for file hash cache (C:\Users\Ferz\AndroidStudioProjects\rumireazgarbovpractice4\.gradle\6.7.1\fileHashes)" [_thread_blocked, id=9576, stack(0x000000ac61200000,0x000000ac61300000)]
  0x00000245b1495800 JavaThread "Cache worker for checksums cache (C:\Users\Ferz\AndroidStudioProjects\rumireazgarbovpractice4\.gradle\checksums)" [_thread_blocked, id=14248, stack(0x000000ac61300000,0x000000ac61400000)]
  0x00000245b1499000 JavaThread "Cache worker for cache directory md-supplier (C:\Users\Ferz\.gradle\caches\6.7.1\md-supplier)" [_thread_blocked, id=15168, stack(0x000000ac61400000,0x000000ac61500000)]
  0x00000245b149a000 JavaThread "Cache worker for cache directory md-rule (C:\Users\Ferz\.gradle\caches\6.7.1\md-rule)" [_thread_blocked, id=7120, stack(0x000000ac61500000,0x000000ac61600000)]
  0x00000245b149a800 JavaThread "Cache worker for execution history cache (C:\Users\Ferz\.gradle\caches\6.7.1\executionHistory)" [_thread_blocked, id=2872, stack(0x000000ac61600000,0x000000ac61700000)]
  0x00000245b149b800 JavaThread "jar transforms" [_thread_blocked, id=14432, stack(0x000000ac61700000,0x000000ac61800000)]
  0x00000245b43d6000 JavaThread "Cache worker for file content cache (C:\Users\Ferz\.gradle\caches\6.7.1\fileContent)" [_thread_blocked, id=14820, stack(0x000000ac61800000,0x000000ac61900000)]
  0x00000245b43da000 JavaThread "Cache worker for Build Output Cleanup Cache (C:\Users\Ferz\AndroidStudioProjects\rumireazgarbovpractice4\.gradle\buildOutputCleanup)" [_thread_blocked, id=10488, stack(0x000000ac61900000,0x000000ac61a00000)]
  0x00000245b43db000 JavaThread "Build operations" [_thread_blocked, id=12616, stack(0x000000ac61a00000,0x000000ac61b00000)]
  0x00000245b43dc800 JavaThread "Build operations Thread 2" [_thread_blocked, id=2072, stack(0x000000ac61b00000,0x000000ac61c00000)]
  0x00000245b43d7000 JavaThread "Build operations Thread 3" [_thread_blocked, id=13668, stack(0x000000ac61c00000,0x000000ac61d00000)]
  0x00000245b43de000 JavaThread "Build operations Thread 4" [_thread_blocked, id=11408, stack(0x000000ac61d00000,0x000000ac61e00000)]
  0x00000245b43df800 JavaThread "Build operations Thread 5" [_thread_blocked, id=15264, stack(0x000000ac61e00000,0x000000ac61f00000)]
  0x00000245b43df000 JavaThread "Build operations Thread 6" [_thread_blocked, id=13932, stack(0x000000ac61f00000,0x000000ac62000000)]
  0x00000245b43e0800 JavaThread "Build operations Thread 7" [_thread_blocked, id=3440, stack(0x000000ac62000000,0x000000ac62100000)]
  0x00000245b43e3000 JavaThread "Build operations Thread 8" [_thread_blocked, id=11008, stack(0x000000ac62100000,0x000000ac62200000)]
  0x00000245b43e1800 JavaThread "jar transforms Thread 2" [_thread_blocked, id=14760, stack(0x000000ac62200000,0x000000ac62300000)]
  0x00000245b43e2000 JavaThread "jar transforms Thread 3" [_thread_blocked, id=12640, stack(0x000000ac62300000,0x000000ac62400000)]
  0x00000245b43dd800 JavaThread "jar transforms Thread 4" [_thread_blocked, id=11472, stack(0x000000ac62400000,0x000000ac62500000)]
  0x00000245b43e4800 JavaThread "jar transforms Thread 5" [_thread_blocked, id=11832, stack(0x000000ac62500000,0x000000ac62600000)]
  0x00000245b43e4000 JavaThread "jar transforms Thread 6" [_thread_blocked, id=700, stack(0x000000ac62600000,0x000000ac62700000)]
  0x00000245b0a9b000 JavaThread "jar transforms Thread 7" [_thread_blocked, id=15188, stack(0x000000ac62700000,0x000000ac62800000)]
  0x00000245b0a9d800 JavaThread "jar transforms Thread 8" [_thread_blocked, id=11556, stack(0x000000ac62800000,0x000000ac62900000)]
  0x00000245b0a97800 JavaThread "jar transforms Thread 9" [_thread_blocked, id=16124, stack(0x000000ac62900000,0x000000ac62a00000)]
  0x00000245b0a9c800 JavaThread "jar transforms Thread 10" [_thread_blocked, id=14584, stack(0x000000ac62a00000,0x000000ac62b00000)]
  0x00000245b0a9b800 JavaThread "jar transforms Thread 11" [_thread_blocked, id=14804, stack(0x000000ac62b00000,0x000000ac62c00000)]
  0x00000245b0a9e000 JavaThread "jar transforms Thread 12" [_thread_blocked, id=2612, stack(0x000000ac62c00000,0x000000ac62d00000)]
  0x00000245b0a98800 JavaThread "jar transforms Thread 13" [_thread_blocked, id=13992, stack(0x000000ac62d00000,0x000000ac62e00000)]
  0x00000245b0a99000 JavaThread "jar transforms Thread 14" [_thread_blocked, id=16232, stack(0x000000ac62e00000,0x000000ac62f00000)]
  0x00000245b0a9a000 JavaThread "jar transforms Thread 15" [_thread_blocked, id=7436, stack(0x000000ac62f00000,0x000000ac63000000)]
  0x00000245b0e15800 JavaThread "jar transforms Thread 16" [_thread_blocked, id=13528, stack(0x000000ac63000000,0x000000ac63100000)]
  0x00000245b0e14800 JavaThread "jar transforms Thread 17" [_thread_blocked, id=528, stack(0x000000ac63100000,0x000000ac63200000)]
  0x00000245b0e13000 JavaThread "jar transforms Thread 18" [_thread_blocked, id=5228, stack(0x000000ac63200000,0x000000ac63300000)]
  0x00000245b0e12800 JavaThread "jar transforms Thread 19" [_thread_blocked, id=13256, stack(0x000000ac63300000,0x000000ac63400000)]
  0x00000245b0e19800 JavaThread "jar transforms Thread 20" [_thread_blocked, id=13772, stack(0x000000ac63400000,0x000000ac63500000)]
  0x00000245b0e18000 JavaThread "jar transforms Thread 21" [_thread_blocked, id=10192, stack(0x000000ac63500000,0x000000ac63600000)]
  0x00000245b0e14000 JavaThread "jar transforms Thread 22" [_thread_blocked, id=11460, stack(0x000000ac63600000,0x000000ac63700000)]
  0x00000245b0e17000 JavaThread "jar transforms Thread 23" [_thread_blocked, id=10264, stack(0x000000ac63700000,0x000000ac63800000)]
  0x00000245b0e1c000 JavaThread "jar transforms Thread 24" [_thread_blocked, id=6556, stack(0x000000ac63800000,0x000000ac63900000)]
  0x00000245b0e1a800 JavaThread "jar transforms Thread 25" [_thread_blocked, id=13648, stack(0x000000ac63900000,0x000000ac63a00000)]
  0x00000245b0e19000 JavaThread "jar transforms Thread 26" [_thread_blocked, id=8616, stack(0x000000ac63a00000,0x000000ac63b00000)]
  0x00000245b0e16800 JavaThread "jar transforms Thread 27" [_thread_blocked, id=2292, stack(0x000000ac63b00000,0x000000ac63c00000)]
  0x00000245b0e1f800 JavaThread "jar transforms Thread 28" [_thread_blocked, id=15172, stack(0x000000ac63c00000,0x000000ac63d00000)]
  0x00000245b0e1e800 JavaThread "jar transforms Thread 29" [_thread_blocked, id=13420, stack(0x000000ac63d00000,0x000000ac63e00000)]
  0x00000245b0e1d000 JavaThread "jar transforms Thread 30" [_thread_blocked, id=14328, stack(0x000000ac63e00000,0x000000ac63f00000)]
  0x00000245b0e1d800 JavaThread "jar transforms Thread 31" [_thread_blocked, id=10736, stack(0x000000ac63f00000,0x000000ac64000000)]
  0x00000245b0e20000 JavaThread "jar transforms Thread 32" [_thread_blocked, id=14344, stack(0x000000ac64000000,0x000000ac64100000)]
  0x00000245b0e21000 JavaThread "jar transforms Thread 33" [_thread_blocked, id=3272, stack(0x000000ac64100000,0x000000ac64200000)]
  0x00000245b0e1b000 JavaThread "jar transforms Thread 34" [_thread_blocked, id=13452, stack(0x000000ac64200000,0x000000ac64300000)]
  0x00000245b0e47000 JavaThread "jar transforms Thread 35" [_thread_blocked, id=14112, stack(0x000000ac64300000,0x000000ac64400000)]
  0x00000245b0e48000 JavaThread "jar transforms Thread 36" [_thread_blocked, id=12020, stack(0x000000ac64400000,0x000000ac64500000)]
  0x00000245b0e46800 JavaThread "jar transforms Thread 37" [_thread_blocked, id=16272, stack(0x000000ac64500000,0x000000ac64600000)]
  0x00000245b0e44800 JavaThread "jar transforms Thread 38" [_thread_blocked, id=4208, stack(0x000000ac64600000,0x000000ac64700000)]
  0x00000245b0e45800 JavaThread "jar transforms Thread 39" [_thread_blocked, id=684, stack(0x000000ac64700000,0x000000ac64800000)]
  0x00000245b0e43000 JavaThread "jar transforms Thread 40" [_thread_blocked, id=10924, stack(0x000000ac64800000,0x000000ac64900000)]
  0x00000245b0e42000 JavaThread "jar transforms Thread 41" [_thread_blocked, id=11516, stack(0x000000ac64900000,0x000000ac64a00000)]
  0x00000245b0e49000 JavaThread "jar transforms Thread 42" [_thread_blocked, id=14984, stack(0x000000ac64a00000,0x000000ac64b00000)]
  0x00000245b0e49800 JavaThread "jar transforms Thread 43" [_thread_blocked, id=11940, stack(0x000000ac64b00000,0x000000ac64c00000)]
  0x00000245b0e44000 JavaThread "jar transforms Thread 44" [_thread_blocked, id=15292, stack(0x000000ac64c00000,0x000000ac64d00000)]
  0x00000245b0e4f800 JavaThread "jar transforms Thread 45" [_thread_blocked, id=12372, stack(0x000000ac64d00000,0x000000ac64e00000)]
  0x00000245b0e4c000 JavaThread "jar transforms Thread 46" [_thread_blocked, id=12376, stack(0x000000ac64e00000,0x000000ac64f00000)]
  0x00000245b0e4d000 JavaThread "jar transforms Thread 47" [_thread_blocked, id=13252, stack(0x000000ac64f00000,0x000000ac65000000)]
  0x00000245b0e50000 JavaThread "jar transforms Thread 48" [_thread_blocked, id=6016, stack(0x000000ac65000000,0x000000ac65100000)]
  0x00000245b0e4b000 JavaThread "jar transforms Thread 49" [_thread_blocked, id=13828, stack(0x000000ac65100000,0x000000ac65200000)]
  0x00000245b0e4d800 JavaThread "jar transforms Thread 50" [_thread_blocked, id=1520, stack(0x000000ac65200000,0x000000ac65300000)]
  0x00000245b0e4e800 JavaThread "jar transforms Thread 51" [_thread_blocked, id=6752, stack(0x000000ac65300000,0x000000ac65400000)]
  0x00000245b0e4a800 JavaThread "jar transforms Thread 52" [_thread_blocked, id=4464, stack(0x000000ac65400000,0x000000ac65500000)]
  0x00000245b0e51000 JavaThread "jar transforms Thread 53" [_thread_blocked, id=13616, stack(0x000000ac65500000,0x000000ac65600000)]
  0x00000245b08b5800 JavaThread "jar transforms Thread 54" [_thread_blocked, id=13552, stack(0x000000ac65600000,0x000000ac65700000)]
  0x00000245b08b8800 JavaThread "jar transforms Thread 55" [_thread_blocked, id=10628, stack(0x000000ac65700000,0x000000ac65800000)]
  0x00000245b08b6000 JavaThread "jar transforms Thread 56" [_thread_blocked, id=12016, stack(0x000000ac65800000,0x000000ac65900000)]
  0x00000245b08b7000 JavaThread "jar transforms Thread 57" [_thread_blocked, id=13388, stack(0x000000ac65900000,0x000000ac65a00000)]
  0x00000245b08b9800 JavaThread "jar transforms Thread 58" [_thread_blocked, id=13864, stack(0x000000ac65a00000,0x000000ac65b00000)]
  0x00000245b08bb000 JavaThread "jar transforms Thread 59" [_thread_blocked, id=2744, stack(0x000000ac65b00000,0x000000ac65c00000)]
  0x00000245b08ba800 JavaThread "jar transforms Thread 60" [_thread_blocked, id=13912, stack(0x000000ac65c00000,0x000000ac65d00000)]
  0x00000245b08bc000 JavaThread "jar transforms Thread 61" [_thread_blocked, id=7760, stack(0x000000ac65d00000,0x000000ac65e00000)]
  0x00000245b08bc800 JavaThread "jar transforms Thread 62" [_thread_blocked, id=13784, stack(0x000000ac65e00000,0x000000ac65f00000)]
  0x00000245b08bd800 JavaThread "jar transforms Thread 63" [_thread_blocked, id=3880, stack(0x000000ac65f00000,0x000000ac66000000)]
  0x00000245b08b8000 JavaThread "jar transforms Thread 64" [_thread_blocked, id=12968, stack(0x000000ac66000000,0x000000ac66100000)]
  0x00000245b08c0000 JavaThread "jar transforms Thread 65" [_thread_blocked, id=13512, stack(0x000000ac66100000,0x000000ac66200000)]
  0x00000245b08c4000 JavaThread "jar transforms Thread 66" [_thread_blocked, id=13692, stack(0x000000ac66200000,0x000000ac66300000)]
  0x00000245b08be800 JavaThread "jar transforms Thread 67" [_thread_blocked, id=12608, stack(0x000000ac66300000,0x000000ac66400000)]
  0x00000245b08bf000 JavaThread "jar transforms Thread 68" [_thread_blocked, id=4976, stack(0x000000ac66400000,0x000000ac66500000)]
  0x00000245b08c1000 JavaThread "jar transforms Thread 69" [_thread_blocked, id=5308, stack(0x000000ac66500000,0x000000ac66600000)]
  0x00000245b08c1800 JavaThread "jar transforms Thread 70" [_thread_blocked, id=13472, stack(0x000000ac66600000,0x000000ac66700000)]
  0x00000245b08c2800 JavaThread "jar transforms Thread 71" [_thread_blocked, id=3160, stack(0x000000ac66700000,0x000000ac66800000)]
  0x00000245b08c3000 JavaThread "jar transforms Thread 72" [_thread_blocked, id=13740, stack(0x000000ac66800000,0x000000ac66900000)]
  0x00000245ae812800 JavaThread "jar transforms Thread 73" [_thread_blocked, id=10244, stack(0x000000ac66900000,0x000000ac66a00000)]
  0x00000245ae815000 JavaThread "jar transforms Thread 74" [_thread_blocked, id=14324, stack(0x000000ac66a00000,0x000000ac66b00000)]
  0x00000245ae811000 JavaThread "jar transforms Thread 75" [_thread_blocked, id=14176, stack(0x000000ac66b00000,0x000000ac66c00000)]
  0x00000245ae816000 JavaThread "jar transforms Thread 76" [_thread_blocked, id=4012, stack(0x000000ac66c00000,0x000000ac66d00000)]
  0x00000245ae812000 JavaThread "jar transforms Thread 77" [_thread_blocked, id=12472, stack(0x000000ac66d00000,0x000000ac66e00000)]
  0x00000245ae813800 JavaThread "jar transforms Thread 78" [_thread_blocked, id=9416, stack(0x000000ac66e00000,0x000000ac66f00000)]
  0x00000245ae814800 JavaThread "jar transforms Thread 79" [_thread_blocked, id=13776, stack(0x000000ac66f00000,0x000000ac67000000)]
  0x00000245ae810800 JavaThread "jar transforms Thread 80" [_thread_blocked, id=15120, stack(0x000000ac67000000,0x000000ac67100000)]
  0x00000245ae818800 JavaThread "jar transforms Thread 81" [_thread_blocked, id=8900, stack(0x000000ac67100000,0x000000ac67200000)]
  0x00000245ae81a000 JavaThread "jar transforms Thread 82" [_thread_blocked, id=13868, stack(0x000000ac67200000,0x000000ac67300000)]
  0x00000245ae819000 JavaThread "jar transforms Thread 83" [_thread_blocked, id=14232, stack(0x000000ac67300000,0x000000ac67400000)]
  0x00000245ae81b800 JavaThread "jar transforms Thread 84" [_thread_blocked, id=13768, stack(0x000000ac67400000,0x000000ac67500000)]
  0x00000245ae817000 JavaThread "jar transforms Thread 85" [_thread_blocked, id=6164, stack(0x000000ac67500000,0x000000ac67600000)]
  0x00000245ae81c800 JavaThread "jar transforms Thread 86" [_thread_blocked, id=4940, stack(0x000000ac67600000,0x000000ac67700000)]
  0x00000245ae81d800 JavaThread "jar transforms Thread 87" [_thread_blocked, id=14484, stack(0x000000ac67700000,0x000000ac67800000)]
  0x00000245ae817800 JavaThread "jar transforms Thread 88" [_thread_blocked, id=7700, stack(0x000000ac67800000,0x000000ac67900000)]
  0x00000245ae81e000 JavaThread "jar transforms Thread 89" [_thread_blocked, id=940, stack(0x000000ac67900000,0x000000ac67a00000)]
  0x00000245ae81f000 JavaThread "jar transforms Thread 90" [_thread_blocked, id=6436, stack(0x000000ac67a00000,0x000000ac67b00000)]
  0x00000245ae81b000 JavaThread "jar transforms Thread 91" [_thread_blocked, id=13712, stack(0x000000ac67b00000,0x000000ac67c00000)]
  0x00000245b0878000 JavaThread "jar transforms Thread 92" [_thread_blocked, id=15040, stack(0x000000ac67c00000,0x000000ac67d00000)]
  0x00000245b0876000 JavaThread "jar transforms Thread 93" [_thread_blocked, id=13896, stack(0x000000ac67d00000,0x000000ac67e00000)]
  0x00000245b0878800 JavaThread "jar transforms Thread 94" [_thread_blocked, id=13324, stack(0x000000ac67e00000,0x000000ac67f00000)]
  0x00000245b087b000 JavaThread "jar transforms Thread 95" [_thread_blocked, id=13704, stack(0x000000ac67f00000,0x000000ac68000000)]
  0x00000245b0879800 JavaThread "jar transforms Thread 96" [_thread_blocked, id=16292, stack(0x000000ac68000000,0x000000ac68100000)]
  0x00000245b0875800 JavaThread "jar transforms Thread 97" [_thread_blocked, id=12624, stack(0x000000ac68100000,0x000000ac68200000)]
  0x00000245b087a800 JavaThread "Memory manager" [_thread_blocked, id=12036, stack(0x000000ac68200000,0x000000ac68300000)]
  0x00000245b087c800 JavaThread "build event listener" [_thread_blocked, id=4884, stack(0x000000ac68300000,0x000000ac68400000)]
  0x00000245b0877000 JavaThread "build event listener" [_thread_blocked, id=15220, stack(0x000000ac68400000,0x000000ac68500000)]
  0x00000245b0880000 JavaThread "Execution worker for ':'" [_thread_blocked, id=1692, stack(0x000000ac68500000,0x000000ac68600000)]
  0x00000245b087f000 JavaThread "Execution worker for ':' Thread 2" [_thread_blocked, id=9904, stack(0x000000ac68600000,0x000000ac68700000)]
  0x00000245b0883800 JavaThread "Execution worker for ':' Thread 3" [_thread_blocked, id=15016, stack(0x000000ac68700000,0x000000ac68800000)]
  0x00000245b087d800 JavaThread "Execution worker for ':' Thread 4" [_thread_blocked, id=13708, stack(0x000000ac68800000,0x000000ac68900000)]
  0x00000245b0881000 JavaThread "Execution worker for ':' Thread 5" [_thread_blocked, id=8572, stack(0x000000ac68900000,0x000000ac68a00000)]
  0x00000245b0884000 JavaThread "Execution worker for ':' Thread 6" [_thread_blocked, id=16344, stack(0x000000ac68a00000,0x000000ac68b00000)]
  0x00000245b0881800 JavaThread "Execution worker for ':' Thread 7" [_thread_blocked, id=10768, stack(0x000000ac68b00000,0x000000ac68c00000)]
  0x00000245b0882800 JavaThread "Cache worker for execution history cache (C:\Users\Ferz\AndroidStudioProjects\rumireazgarbovpractice4\.gradle\6.7.1\executionHistory)" [_thread_blocked, id=15024, stack(0x000000ac68c00000,0x000000ac68d00000)]
  0x00000245b564a000 JavaThread "C2 CompilerThread1" daemon [_thread_blocked, id=8140, stack(0x000000ac61000000,0x000000ac61100000)]
  0x00000245b07e1000 JavaThread "WorkerExecutor Queue" [_thread_blocked, id=15324, stack(0x000000ac61100000,0x000000ac61200000)]
  0x00000245b22b5800 JavaThread "C2 CompilerThread2" daemon [_thread_in_native, id=6640, stack(0x000000ac68d00000,0x000000ac68e00000)]
  0x00000245b07e2800 JavaThread "WorkerExecutor Queue Thread 2" [_thread_blocked, id=14108, stack(0x000000ac68e00000,0x000000ac68f00000)]
  0x00000245b07df800 JavaThread "WorkerExecutor Queue Thread 3" [_thread_blocked, id=14776, stack(0x000000ac68f00000,0x000000ac69000000)]
  0x00000245b07e2000 JavaThread "WorkerExecutor Queue Thread 4" [_thread_blocked, id=6300, stack(0x000000ac69000000,0x000000ac69100000)]
  0x00000245b07dd000 JavaThread "WorkerExecutor Queue Thread 5" [_thread_blocked, id=7396, stack(0x000000ac69100000,0x000000ac69200000)]
  0x00000245b07de800 JavaThread "WorkerExecutor Queue Thread 6" [_thread_blocked, id=13332, stack(0x000000ac69200000,0x000000ac69300000)]
  0x00000245b07e3800 JavaThread "WorkerExecutor Queue Thread 7" [_thread_in_native, id=9644, stack(0x000000ac69300000,0x000000ac69400000)]
  0x00000245b07dd800 JavaThread "WorkerExecutor Queue Thread 8" [_thread_blocked, id=1092, stack(0x000000ac69400000,0x000000ac69500000)]
  0x00000245b07e0000 JavaThread "WorkerExecutor Queue Thread 9" [_thread_blocked, id=11884, stack(0x000000ac69500000,0x000000ac69600000)]
  0x00000245ba696800 JavaThread "ForkJoinPool-1-worker-3" daemon [_thread_blocked, id=13468, stack(0x000000ac69600000,0x000000ac69700000)]
  0x00000245ba691800 JavaThread "ForkJoinPool-1-worker-5" daemon [_thread_blocked, id=7588, stack(0x000000ac69700000,0x000000ac69800000)]
  0x00000245ba693800 JavaThread "ForkJoinPool-1-worker-9" daemon [_thread_blocked, id=14020, stack(0x000000ac69800000,0x000000ac69900000)]
  0x00000245ba692800 JavaThread "ForkJoinPool-1-worker-7" daemon [_thread_blocked, id=7460, stack(0x000000ac69900000,0x000000ac69a00000)]
  0x00000245ba698000 JavaThread "ForkJoinPool-1-worker-11" daemon [_thread_blocked, id=12672, stack(0x000000ac69a00000,0x000000ac69b00000)]
  0x00000245ba694000 JavaThread "ForkJoinPool-1-worker-13" daemon [_thread_blocked, id=16340, stack(0x000000ac69b00000,0x000000ac69c00000)]
  0x00000245ba695000 JavaThread "ForkJoinPool-1-worker-15" daemon [_thread_blocked, id=14972, stack(0x000000ac69c00000,0x000000ac69d00000)]
  0x00000245ba695800 JavaThread "ForkJoinPool-1-worker-1" daemon [_thread_blocked, id=8088, stack(0x000000ac69d00000,0x000000ac69e00000)]
  0x00000245b80f1800 JavaThread "pool-4-thread-1" [_thread_blocked, id=6636, stack(0x000000ac69e00000,0x000000ac69f00000)]

Other Threads:
=>0x00000245ada55800 VMThread "VM Thread" [stack: 0x000000ac5ee00000,0x000000ac5ef00000] [id=2092]
  0x00000245ae551800 WatcherThread [stack: 0x000000ac5f800000,0x000000ac5f900000] [id=14532]
  0x0000024593781000 GCTaskThread "GC Thread#0" [stack: 0x000000ac5e900000,0x000000ac5ea00000] [id=2896]
  0x00000245af07a800 GCTaskThread "GC Thread#1" [stack: 0x000000ac5fa00000,0x000000ac5fb00000] [id=16184]
  0x00000245b10dd800 GCTaskThread "GC Thread#2" [stack: 0x000000ac60700000,0x000000ac60800000] [id=13672]
  0x00000245afac2800 GCTaskThread "GC Thread#3" [stack: 0x000000ac60800000,0x000000ac60900000] [id=15196]
  0x00000245b079b000 GCTaskThread "GC Thread#4" [stack: 0x000000ac60900000,0x000000ac60a00000] [id=14876]
  0x00000245b0673800 GCTaskThread "GC Thread#5" [stack: 0x000000ac60a00000,0x000000ac60b00000] [id=10988]
  0x00000245b0674000 GCTaskThread "GC Thread#6" [stack: 0x000000ac60b00000,0x000000ac60c00000] [id=12912]
  0x00000245af37b800 GCTaskThread "GC Thread#7" [stack: 0x000000ac60c00000,0x000000ac60d00000] [id=2860]
  0x00000245937b3800 ConcurrentGCThread "G1 Main Marker" [stack: 0x000000ac5ea00000,0x000000ac5eb00000] [id=14908]
  0x00000245937b6000 ConcurrentGCThread "G1 Conc#0" [stack: 0x000000ac5eb00000,0x000000ac5ec00000] [id=12692]
  0x00000245b045c800 ConcurrentGCThread "G1 Conc#1" [stack: 0x000000ac60300000,0x000000ac60400000] [id=11280]
  0x0000024593844800 ConcurrentGCThread "G1 Refine#0" [stack: 0x000000ac5ec00000,0x000000ac5ed00000] [id=4852]
  0x0000024593847000 ConcurrentGCThread "G1 Young RemSet Sampling" [stack: 0x000000ac5ed00000,0x000000ac5ee00000] [id=14172]

Threads with active compile tasks:
C2 CompilerThread0  18068 13121 %     4       java.util.IdentityHashMap::resize @ 58 (153 bytes)
C2 CompilerThread1  18068 12902 %     4       org.gradle.internal.instantiation.generator.AbstractClassGenerator::inspectType @ 163 (560 bytes)
C2 CompilerThread2  18068 12256 %     4       com.android.tools.r8.dex.n::a @ 315 (913 bytes)

VM state:at safepoint (normal execution)

VM Mutex/Monitor currently owned by a thread:  ([mutex/lock_event])
[0x000002459376adc0] Threads_lock - owner thread: 0x00000245ada55800
[0x000002459376a0d0] Heap_lock - owner thread: 0x00000245b07de800

Heap address: 0x0000000080000000, size: 2048 MB, Compressed Oops mode: 32-bit
Narrow klass base: 0x0000000000000000, Narrow klass shift: 3
Compressed class space size: 1073741824 Address: 0x0000000100000000

Heap:
 garbage-first heap   total 273408K, used 119099K [0x0000000080000000, 0x0000000100000000)
  region size 1024K, 1 young (1024K), 1 survivors (1024K)
 Metaspace       used 93692K, capacity 96066K, committed 97356K, reserved 1132544K
  class space    used 12054K, capacity 12930K, committed 13440K, reserved 1048576K
Heap Regions: E=young(eden), S=young(survivor), O=old, HS=humongous(starts), HC=humongous(continues), CS=collection set, F=free, A=archive, TAMS=top-at-mark-start (previous, next)
|   0|0x0000000080000000, 0x0000000080100000, 0x0000000080100000|100%| O|  |TAMS 0x0000000080100000, 0x0000000080000000| Untracked 
|   1|0x0000000080100000, 0x0000000080200000, 0x0000000080200000|100%| O|  |TAMS 0x0000000080200000, 0x0000000080100000| Untracked 
|   2|0x0000000080200000, 0x0000000080300000, 0x0000000080300000|100%| O|  |TAMS 0x0000000080300000, 0x0000000080200000| Untracked 
|   3|0x0000000080300000, 0x0000000080400000, 0x0000000080400000|100%|HS|  |TAMS 0x0000000080400000, 0x0000000080300000| Complete 
|   4|0x0000000080400000, 0x0000000080500000, 0x0000000080500000|100%|HC|  |TAMS 0x0000000080500000, 0x0000000080400000| Complete 
|   5|0x0000000080500000, 0x0000000080600000, 0x0000000080600000|100%|HC|  |TAMS 0x0000000080600000, 0x0000000080500000| Complete 
|   6|0x0000000080600000, 0x0000000080700000, 0x0000000080700000|100%| O|  |TAMS 0x0000000080700000, 0x0000000080600000| Untracked 
|   7|0x0000000080700000, 0x0000000080800000, 0x0000000080800000|100%| O|  |TAMS 0x0000000080800000, 0x0000000080700000| Untracked 
|   8|0x0000000080800000, 0x0000000080900000, 0x0000000080900000|100%| O|  |TAMS 0x0000000080900000, 0x0000000080800000| Complete 
|   9|0x0000000080900000, 0x0000000080a00000, 0x0000000080a00000|100%| O|  |TAMS 0x0000000080a00000, 0x0000000080900000| Untracked 
|  10|0x0000000080a00000, 0x0000000080b00000, 0x0000000080b00000|100%| O|  |TAMS 0x0000000080b00000, 0x0000000080a00000| Untracked 
|  11|0x0000000080b00000, 0x0000000080c00000, 0x0000000080c00000|100%| O|  |TAMS 0x0000000080c00000, 0x0000000080b00000| Untracked 
|  12|0x0000000080c00000, 0x0000000080d00000, 0x0000000080d00000|100%| O|  |TAMS 0x0000000080d00000, 0x0000000080c00000| Complete 
|  13|0x0000000080d00000, 0x0000000080e00000, 0x0000000080e00000|100%| O|  |TAMS 0x0000000080e00000, 0x0000000080d00000| Untracked 
|  14|0x0000000080e00000, 0x0000000080f00000, 0x0000000080f00000|100%| O|  |TAMS 0x0000000080f00000, 0x0000000080e00000| Untracked 
|  15|0x0000000080f00000, 0x0000000081000000, 0x0000000081000000|100%| O|  |TAMS 0x0000000081000000, 0x0000000080f00000| Untracked 
|  16|0x0000000081000000, 0x0000000081100000, 0x0000000081100000|100%| O|  |TAMS 0x0000000081100000, 0x0000000081000000| Untracked 
|  17|0x0000000081100000, 0x0000000081200000, 0x0000000081200000|100%| O|  |TAMS 0x0000000081200000, 0x0000000081100000| Untracked 
|  18|0x0000000081200000, 0x0000000081300000, 0x0000000081300000|100%| O|  |TAMS 0x0000000081300000, 0x0000000081200000| Untracked 
|  19|0x0000000081300000, 0x0000000081400000, 0x0000000081400000|100%| O|  |TAMS 0x0000000081400000, 0x0000000081300000| Untracked 
|  20|0x0000000081400000, 0x0000000081500000, 0x0000000081500000|100%| O|  |TAMS 0x0000000081500000, 0x0000000081400000| Untracked 
|  21|0x0000000081500000, 0x0000000081600000, 0x0000000081600000|100%|HS|  |TAMS 0x0000000081600000, 0x0000000081500000| Complete 
|  22|0x0000000081600000, 0x0000000081700000, 0x0000000081700000|100%|HS|  |TAMS 0x0000000081700000, 0x0000000081600000| Complete 
|  23|0x0000000081700000, 0x0000000081800000, 0x0000000081800000|100%|HC|  |TAMS 0x0000000081800000, 0x0000000081700000| Complete 
|  24|0x0000000081800000, 0x0000000081900000, 0x0000000081900000|100%| O|  |TAMS 0x0000000081900000, 0x0000000081800000| Untracked 
|  25|0x0000000081900000, 0x0000000081a00000, 0x0000000081a00000|100%| O|  |TAMS 0x0000000081a00000, 0x0000000081900000| Untracked 
|  26|0x0000000081a00000, 0x0000000081b00000, 0x0000000081b00000|100%| O|  |TAMS 0x0000000081b00000, 0x0000000081a00000| Untracked 
|  27|0x0000000081b00000, 0x0000000081c00000, 0x0000000081c00000|100%| O|  |TAMS 0x0000000081c00000, 0x0000000081b00000| Untracked 
|  28|0x0000000081c00000, 0x0000000081d00000, 0x0000000081d00000|100%| O|  |TAMS 0x0000000081d00000, 0x0000000081c00000| Complete 
|  29|0x0000000081d00000, 0x0000000081e00000, 0x0000000081e00000|100%| O|  |TAMS 0x0000000081e00000, 0x0000000081d00000| Untracked 
|  30|0x0000000081e00000, 0x0000000081f00000, 0x0000000081f00000|100%| O|  |TAMS 0x0000000081f00000, 0x0000000081e00000| Untracked 
|  31|0x0000000081f00000, 0x0000000082000000, 0x0000000082000000|100%| O|  |TAMS 0x0000000082000000, 0x0000000081f00000| Complete 
|  32|0x0000000082000000, 0x0000000082100000, 0x0000000082100000|100%| O|  |TAMS 0x0000000082100000, 0x0000000082000000| Untracked 
|  33|0x0000000082100000, 0x0000000082200000, 0x0000000082200000|100%| O|  |TAMS 0x0000000082200000, 0x0000000082100000| Untracked 
|  34|0x0000000082200000, 0x0000000082300000, 0x0000000082300000|100%| O|  |TAMS 0x0000000082300000, 0x0000000082200000| Complete 
|  35|0x0000000082300000, 0x0000000082400000, 0x0000000082400000|100%| O|  |TAMS 0x0000000082400000, 0x0000000082300000| Untracked 
|  36|0x0000000082400000, 0x0000000082500000, 0x0000000082500000|100%| O|  |TAMS 0x0000000082500000, 0x0000000082400000| Complete 
|  37|0x0000000082500000, 0x0000000082600000, 0x0000000082600000|100%| O|  |TAMS 0x0000000082600000, 0x0000000082500000| Untracked 
|  38|0x0000000082600000, 0x0000000082700000, 0x0000000082700000|100%| O|  |TAMS 0x0000000082700000, 0x0000000082600000| Untracked 
|  39|0x0000000082700000, 0x0000000082800000, 0x0000000082800000|100%| O|  |TAMS 0x0000000082800000, 0x0000000082700000| Untracked 
|  40|0x0000000082800000, 0x0000000082900000, 0x0000000082900000|100%| O|  |TAMS 0x0000000082900000, 0x0000000082800000| Untracked 
|  41|0x0000000082900000, 0x0000000082a00000, 0x0000000082a00000|100%| O|  |TAMS 0x0000000082a00000, 0x0000000082900000| Untracked 
|  42|0x0000000082a00000, 0x0000000082b00000, 0x0000000082b00000|100%| O|  |TAMS 0x0000000082b00000, 0x0000000082a00000| Untracked 
|  43|0x0000000082b00000, 0x0000000082c00000, 0x0000000082c00000|100%| O|  |TAMS 0x0000000082c00000, 0x0000000082b00000| Untracked 
|  44|0x0000000082c00000, 0x0000000082d00000, 0x0000000082d00000|100%| O|  |TAMS 0x0000000082d00000, 0x0000000082c00000| Untracked 
|  45|0x0000000082d00000, 0x0000000082e00000, 0x0000000082e00000|100%| O|  |TAMS 0x0000000082e00000, 0x0000000082d00000| Untracked 
|  46|0x0000000082e00000, 0x0000000082f00000, 0x0000000082f00000|100%| O|  |TAMS 0x0000000082f00000, 0x0000000082e00000| Untracked 
|  47|0x0000000082f00000, 0x0000000083000000, 0x0000000083000000|100%| O|  |TAMS 0x0000000083000000, 0x0000000082f00000| Untracked 
|  48|0x0000000083000000, 0x0000000083100000, 0x0000000083100000|100%| O|  |TAMS 0x0000000083100000, 0x0000000083000000| Complete 
|  49|0x0000000083100000, 0x0000000083200000, 0x0000000083200000|100%| O|  |TAMS 0x0000000083200000, 0x0000000083100000| Untracked 
|  50|0x0000000083200000, 0x0000000083300000, 0x0000000083300000|100%| O|  |TAMS 0x0000000083300000, 0x0000000083200000| Untracked 
|  51|0x0000000083300000, 0x0000000083400000, 0x0000000083400000|100%| O|  |TAMS 0x0000000083400000, 0x0000000083300000| Untracked 
|  52|0x0000000083400000, 0x0000000083500000, 0x0000000083500000|100%| O|  |TAMS 0x0000000083500000, 0x0000000083400000| Untracked 
|  53|0x0000000083500000, 0x0000000083600000, 0x0000000083600000|100%| O|  |TAMS 0x0000000083600000, 0x0000000083500000| Untracked 
|  54|0x0000000083600000, 0x0000000083700000, 0x0000000083700000|100%| O|  |TAMS 0x0000000083700000, 0x0000000083600000| Untracked 
|  55|0x0000000083700000, 0x0000000083800000, 0x0000000083800000|100%| O|  |TAMS 0x0000000083800000, 0x0000000083700000| Untracked 
|  56|0x0000000083800000, 0x0000000083900000, 0x0000000083900000|100%| O|  |TAMS 0x0000000083900000, 0x0000000083800000| Complete 
|  57|0x0000000083900000, 0x0000000083a00000, 0x0000000083a00000|100%| O|  |TAMS 0x0000000083a00000, 0x0000000083900000| Complete 
|  58|0x0000000083a00000, 0x0000000083b00000, 0x0000000083b00000|100%| O|  |TAMS 0x0000000083b00000, 0x0000000083a00000| Complete 
|  59|0x0000000083b00000, 0x0000000083c00000, 0x0000000083c00000|100%| O|  |TAMS 0x0000000083c00000, 0x0000000083b00000| Complete 
|  60|0x0000000083c00000, 0x0000000083d00000, 0x0000000083d00000|100%| O|  |TAMS 0x0000000083d00000, 0x0000000083c00000| Complete 
|  61|0x0000000083d00000, 0x0000000083e00000, 0x0000000083e00000|100%| O|  |TAMS 0x0000000083e00000, 0x0000000083d00000| Complete 
|  62|0x0000000083e00000, 0x0000000083f00000, 0x0000000083f00000|100%| O|  |TAMS 0x0000000083f00000, 0x0000000083e00000| Complete 
|  63|0x0000000083f00000, 0x0000000083f00000, 0x0000000084000000|  0%| F|  |TAMS 0x0000000083f00000, 0x0000000083f00000| Untracked 
|  64|0x0000000084000000, 0x0000000084000000, 0x0000000084100000|  0%| F|  |TAMS 0x0000000084000000, 0x0000000084000000| Untracked 
|  65|0x0000000084100000, 0x0000000084100000, 0x0000000084200000|  0%| F|  |TAMS 0x0000000084100000, 0x0000000084100000| Untracked 
|  66|0x0000000084200000, 0x0000000084200000, 0x0000000084300000|  0%| F|  |TAMS 0x0000000084200000, 0x0000000084200000| Untracked 
|  67|0x0000000084300000, 0x0000000084400000, 0x0000000084400000|100%|HS|  |TAMS 0x0000000084400000, 0x0000000084300000| Complete 
|  68|0x0000000084400000, 0x0000000084500000, 0x0000000084500000|100%|HC|  |TAMS 0x0000000084500000, 0x0000000084400000| Complete 
|  69|0x0000000084500000, 0x0000000084600000, 0x0000000084600000|100%|HS|  |TAMS 0x0000000084600000, 0x0000000084500000| Complete 
|  70|0x0000000084600000, 0x0000000084700000, 0x0000000084700000|100%|HS|  |TAMS 0x0000000084700000, 0x0000000084600000| Complete 
|  71|0x0000000084700000, 0x0000000084800000, 0x0000000084800000|100%| O|  |TAMS 0x0000000084800000, 0x0000000084700000| Complete 
|  72|0x0000000084800000, 0x0000000084900000, 0x0000000084900000|100%|HS|  |TAMS 0x0000000084800000, 0x0000000084800000| Complete 
|  73|0x0000000084900000, 0x0000000084a00000, 0x0000000084a00000|100%| O|  |TAMS 0x0000000084900000, 0x0000000084900000| Untracked 
|  74|0x0000000084a00000, 0x0000000084b00000, 0x0000000084b00000|100%| O|  |TAMS 0x0000000084a00000, 0x0000000084a00000| Untracked 
|  75|0x0000000084b00000, 0x0000000084c00000, 0x0000000084c00000|100%| O|  |TAMS 0x0000000084c00000, 0x0000000084b00000| Complete 
|  76|0x0000000084c00000, 0x0000000084d00000, 0x0000000084d00000|100%|HS|  |TAMS 0x0000000084c00000, 0x0000000084c00000| Complete 
|  77|0x0000000084d00000, 0x0000000084e00000, 0x0000000084e00000|100%| O|  |TAMS 0x0000000084e00000, 0x0000000084d00000| Untracked 
|  78|0x0000000084e00000, 0x0000000084f00000, 0x0000000084f00000|100%| O|  |TAMS 0x0000000084f00000, 0x0000000084e00000| Untracked 
|  79|0x0000000084f00000, 0x0000000084f00000, 0x0000000085000000|  0%| F|  |TAMS 0x0000000084f00000, 0x0000000084f00000| Untracked 
|  80|0x0000000085000000, 0x0000000085100000, 0x0000000085100000|100%| O|  |TAMS 0x0000000085100000, 0x0000000085000000| Complete 
|  81|0x0000000085100000, 0x0000000085200000, 0x0000000085200000|100%| O|  |TAMS 0x0000000085200000, 0x0000000085100000| Complete 
|  82|0x0000000085200000, 0x0000000085300000, 0x0000000085300000|100%| O|  |TAMS 0x0000000085300000, 0x0000000085200000| Complete 
|  83|0x0000000085300000, 0x0000000085400000, 0x0000000085400000|100%| O|  |TAMS 0x0000000085400000, 0x0000000085300000| Complete 
|  84|0x0000000085400000, 0x0000000085500000, 0x0000000085500000|100%| O|  |TAMS 0x0000000085500000, 0x0000000085400000| Untracked 
|  85|0x0000000085500000, 0x0000000085600000, 0x0000000085600000|100%| O|  |TAMS 0x0000000085600000, 0x0000000085500000| Untracked 
|  86|0x0000000085600000, 0x0000000085700000, 0x0000000085700000|100%| O|  |TAMS 0x0000000085700000, 0x0000000085600000| Untracked 
|  87|0x0000000085700000, 0x0000000085800000, 0x0000000085800000|100%| O|  |TAMS 0x0000000085800000, 0x0000000085700000| Complete 
|  88|0x0000000085800000, 0x0000000085900000, 0x0000000085900000|100%| O|  |TAMS 0x0000000085900000, 0x0000000085800000| Untracked 
|  89|0x0000000085900000, 0x0000000085a00000, 0x0000000085a00000|100%| O|  |TAMS 0x0000000085a00000, 0x0000000085900000| Complete 
|  90|0x0000000085a00000, 0x0000000085b00000, 0x0000000085b00000|100%| O|  |TAMS 0x0000000085b00000, 0x0000000085a00000| Complete 
|  91|0x0000000085b00000, 0x0000000085c00000, 0x0000000085c00000|100%| O|  |TAMS 0x0000000085c00000, 0x0000000085b00000| Untracked 
|  92|0x0000000085c00000, 0x0000000085d00000, 0x0000000085d00000|100%| O|  |TAMS 0x0000000085d00000, 0x0000000085c00000| Untracked 
|  93|0x0000000085d00000, 0x0000000085e00000, 0x0000000085e00000|100%| O|  |TAMS 0x0000000085e00000, 0x0000000085d00000| Untracked 
|  94|0x0000000085e00000, 0x0000000085f00000, 0x0000000085f00000|100%| O|  |TAMS 0x0000000085f00000, 0x0000000085e00000| Untracked 
|  95|0x0000000085f00000, 0x0000000086000000, 0x0000000086000000|100%| O|  |TAMS 0x0000000086000000, 0x0000000085f00000| Untracked 
|  96|0x0000000086000000, 0x0000000086100000, 0x0000000086100000|100%| O|  |TAMS 0x0000000086100000, 0x0000000086000000| Untracked 
|  97|0x0000000086100000, 0x0000000086200000, 0x0000000086200000|100%| O|  |TAMS 0x0000000086200000, 0x0000000086100000| Complete 
|  98|0x0000000086200000, 0x0000000086300000, 0x0000000086300000|100%| O|  |TAMS 0x0000000086300000, 0x0000000086200000| Complete 
|  99|0x0000000086300000, 0x0000000086300000, 0x0000000086400000|  0%| F|  |TAMS 0x0000000086300000, 0x0000000086300000| Untracked 
| 100|0x0000000086400000, 0x0000000086500000, 0x0000000086500000|100%| O|  |TAMS 0x0000000086500000, 0x0000000086400000| Complete 
| 101|0x0000000086500000, 0x0000000086600000, 0x0000000086600000|100%| O|  |TAMS 0x0000000086600000, 0x0000000086500000| Complete 
| 102|0x0000000086600000, 0x0000000086700000, 0x0000000086700000|100%| O|  |TAMS 0x0000000086700000, 0x0000000086600000| Untracked 
| 103|0x0000000086700000, 0x0000000086800000, 0x0000000086800000|100%| O|  |TAMS 0x0000000086800000, 0x0000000086700000| Untracked 
| 104|0x0000000086800000, 0x0000000086900000, 0x0000000086900000|100%| O|  |TAMS 0x0000000086900000, 0x0000000086800000| Untracked 
| 105|0x0000000086900000, 0x0000000086a00000, 0x0000000086a00000|100%| O|  |TAMS 0x0000000086a00000, 0x0000000086900000| Untracked 
| 106|0x0000000086a00000, 0x0000000086b00000, 0x0000000086b00000|100%| O|  |TAMS 0x0000000086b00000, 0x0000000086a00000| Untracked 
| 107|0x0000000086b00000, 0x0000000086c00000, 0x0000000086c00000|100%| O|  |TAMS 0x0000000086c00000, 0x0000000086b00000| Untracked 
| 108|0x0000000086c00000, 0x0000000086d00000, 0x0000000086d00000|100%| O|  |TAMS 0x0000000086d00000, 0x0000000086c00000| Untracked 
| 109|0x0000000086d00000, 0x0000000086e00000, 0x0000000086e00000|100%| O|  |TAMS 0x0000000086e00000, 0x0000000086d00000| Untracked 
| 110|0x0000000086e00000, 0x0000000086e00000, 0x0000000086f00000|  0%| F|  |TAMS 0x0000000086e00000, 0x0000000086e00000| Untracked 
| 111|0x0000000086f00000, 0x0000000086f00000, 0x0000000087000000|  0%| F|  |TAMS 0x0000000086f00000, 0x0000000086f00000| Untracked 
| 112|0x0000000087000000, 0x0000000087100000, 0x0000000087100000|100%| O|  |TAMS 0x0000000087100000, 0x0000000087000000| Untracked 
| 113|0x0000000087100000, 0x0000000087200000, 0x0000000087200000|100%| O|  |TAMS 0x0000000087200000, 0x0000000087100000| Untracked 
| 114|0x0000000087200000, 0x0000000087300000, 0x0000000087300000|100%| O|  |TAMS 0x0000000087300000, 0x0000000087200000| Complete 
| 115|0x0000000087300000, 0x0000000087400000, 0x0000000087400000|100%| O|  |TAMS 0x0000000087400000, 0x0000000087300000| Complete 
| 116|0x0000000087400000, 0x0000000087500000, 0x0000000087500000|100%| O|  |TAMS 0x0000000087500000, 0x0000000087400000| Complete 
| 117|0x0000000087500000, 0x0000000087500000, 0x0000000087600000|  0%| F|  |TAMS 0x0000000087500000, 0x0000000087500000| Untracked 
| 118|0x0000000087600000, 0x0000000087700000, 0x0000000087700000|100%| O|  |TAMS 0x0000000087642400, 0x0000000087600000| Untracked 
| 119|0x0000000087700000, 0x0000000087800000, 0x0000000087800000|100%| O|  |TAMS 0x0000000087700000, 0x0000000087700000| Untracked 
| 120|0x0000000087800000, 0x0000000087900000, 0x0000000087900000|100%| O|  |TAMS 0x0000000087800000, 0x0000000087800000| Untracked 
| 121|0x0000000087900000, 0x0000000087a00000, 0x0000000087a00000|100%| O|  |TAMS 0x0000000087900000, 0x0000000087900000| Untracked 
| 122|0x0000000087a00000, 0x0000000087b00000, 0x0000000087b00000|100%| O|  |TAMS 0x0000000087a00000, 0x0000000087a00000| Untracked 
| 123|0x0000000087b00000, 0x0000000087c00000, 0x0000000087c00000|100%| O|  |TAMS 0x0000000087b00000, 0x0000000087b00000| Untracked 
| 124|0x0000000087c00000, 0x0000000087c4ec00, 0x0000000087d00000| 30%| O|  |TAMS 0x0000000087c00000, 0x0000000087c00000| Untracked 
| 125|0x0000000087d00000, 0x0000000087d00000, 0x0000000087e00000|  0%| F|  |TAMS 0x0000000087d00000, 0x0000000087d00000| Untracked 
| 126|0x0000000087e00000, 0x0000000087e00000, 0x0000000087f00000|  0%| F|  |TAMS 0x0000000087e00000, 0x0000000087e00000| Untracked 
| 127|0x0000000087f00000, 0x0000000087f00000, 0x0000000088000000|  0%| F|  |TAMS 0x0000000087f00000, 0x0000000087f00000| Untracked 
| 128|0x0000000088000000, 0x0000000088000000, 0x0000000088100000|  0%| F|  |TAMS 0x0000000088000000, 0x0000000088000000| Untracked 
| 129|0x0000000088100000, 0x0000000088100000, 0x0000000088200000|  0%| F|  |TAMS 0x0000000088100000, 0x0000000088100000| Untracked 
| 130|0x0000000088200000, 0x0000000088200000, 0x0000000088300000|  0%| F|  |TAMS 0x0000000088200000, 0x0000000088200000| Untracked 
| 131|0x0000000088300000, 0x0000000088300000, 0x0000000088400000|  0%| F|  |TAMS 0x0000000088300000, 0x0000000088300000| Untracked 
| 132|0x0000000088400000, 0x0000000088400000, 0x0000000088500000|  0%| F|  |TAMS 0x0000000088400000, 0x0000000088400000| Untracked 
| 133|0x0000000088500000, 0x0000000088500000, 0x0000000088600000|  0%| F|  |TAMS 0x0000000088500000, 0x0000000088500000| Untracked 
| 134|0x0000000088600000, 0x0000000088600000, 0x0000000088700000|  0%| F|  |TAMS 0x0000000088600000, 0x0000000088600000| Untracked 
| 135|0x0000000088700000, 0x0000000088700000, 0x0000000088800000|  0%| F|  |TAMS 0x0000000088700000, 0x0000000088700000| Untracked 
| 136|0x0000000088800000, 0x0000000088800000, 0x0000000088900000|  0%| F|  |TAMS 0x0000000088800000, 0x0000000088800000| Untracked 
| 137|0x0000000088900000, 0x0000000088900000, 0x0000000088a00000|  0%| F|  |TAMS 0x0000000088900000, 0x0000000088900000| Untracked 
| 138|0x0000000088a00000, 0x0000000088a00000, 0x0000000088b00000|  0%| F|  |TAMS 0x0000000088a00000, 0x0000000088a00000| Untracked 
| 139|0x0000000088b00000, 0x0000000088b00000, 0x0000000088c00000|  0%| F|  |TAMS 0x0000000088b00000, 0x0000000088b00000| Untracked 
| 140|0x0000000088c00000, 0x0000000088c00000, 0x0000000088d00000|  0%| F|  |TAMS 0x0000000088c00000, 0x0000000088c00000| Untracked 
| 141|0x0000000088d00000, 0x0000000088d00000, 0x0000000088e00000|  0%| F|  |TAMS 0x0000000088d00000, 0x0000000088d00000| Untracked 
| 142|0x0000000088e00000, 0x0000000088e00000, 0x0000000088f00000|  0%| F|  |TAMS 0x0000000088e00000, 0x0000000088e00000| Untracked 
| 143|0x0000000088f00000, 0x0000000088f00000, 0x0000000089000000|  0%| F|  |TAMS 0x0000000088f00000, 0x0000000088f00000| Untracked 
| 144|0x0000000089000000, 0x0000000089000000, 0x0000000089100000|  0%| F|  |TAMS 0x0000000089000000, 0x0000000089000000| Untracked 
| 145|0x0000000089100000, 0x0000000089100000, 0x0000000089200000|  0%| F|  |TAMS 0x0000000089100000, 0x0000000089100000| Untracked 
| 146|0x0000000089200000, 0x0000000089200000, 0x0000000089300000|  0%| F|  |TAMS 0x0000000089200000, 0x0000000089200000| Untracked 
| 147|0x0000000089300000, 0x0000000089300000, 0x0000000089400000|  0%| F|  |TAMS 0x0000000089300000, 0x0000000089300000| Untracked 
| 148|0x0000000089400000, 0x0000000089400000, 0x0000000089500000|  0%| F|  |TAMS 0x0000000089400000, 0x0000000089400000| Untracked 
| 149|0x0000000089500000, 0x0000000089500000, 0x0000000089600000|  0%| F|  |TAMS 0x0000000089500000, 0x0000000089500000| Untracked 
| 150|0x0000000089600000, 0x0000000089600000, 0x0000000089700000|  0%| F|  |TAMS 0x0000000089600000, 0x0000000089600000| Untracked 
| 151|0x0000000089700000, 0x0000000089700000, 0x0000000089800000|  0%| F|  |TAMS 0x0000000089700000, 0x0000000089700000| Untracked 
| 152|0x0000000089800000, 0x0000000089800000, 0x0000000089900000|  0%| F|  |TAMS 0x0000000089800000, 0x0000000089800000| Untracked 
| 153|0x0000000089900000, 0x0000000089900000, 0x0000000089a00000|  0%| F|  |TAMS 0x0000000089900000, 0x0000000089900000| Untracked 
| 154|0x0000000089a00000, 0x0000000089a00000, 0x0000000089b00000|  0%| F|  |TAMS 0x0000000089a00000, 0x0000000089a00000| Untracked 
| 155|0x0000000089b00000, 0x0000000089b00000, 0x0000000089c00000|  0%| F|  |TAMS 0x0000000089b00000, 0x0000000089b00000| Untracked 
| 156|0x0000000089c00000, 0x0000000089c00000, 0x0000000089d00000|  0%| F|  |TAMS 0x0000000089c00000, 0x0000000089c00000| Untracked 
| 157|0x0000000089d00000, 0x0000000089d00000, 0x0000000089e00000|  0%| F|  |TAMS 0x0000000089d00000, 0x0000000089d00000| Untracked 
| 158|0x0000000089e00000, 0x0000000089e00000, 0x0000000089f00000|  0%| F|  |TAMS 0x0000000089e00000, 0x0000000089e00000| Untracked 
| 159|0x0000000089f00000, 0x0000000089f00000, 0x000000008a000000|  0%| F|  |TAMS 0x0000000089f00000, 0x0000000089f00000| Untracked 
| 160|0x000000008a000000, 0x000000008a000000, 0x000000008a100000|  0%| F|  |TAMS 0x000000008a000000, 0x000000008a000000| Untracked 
| 161|0x000000008a100000, 0x000000008a100000, 0x000000008a200000|  0%| F|  |TAMS 0x000000008a100000, 0x000000008a100000| Untracked 
| 162|0x000000008a200000, 0x000000008a200000, 0x000000008a300000|  0%| F|  |TAMS 0x000000008a200000, 0x000000008a200000| Untracked 
| 163|0x000000008a300000, 0x000000008a300000, 0x000000008a400000|  0%| F|  |TAMS 0x000000008a300000, 0x000000008a300000| Untracked 
| 164|0x000000008a400000, 0x000000008a400000, 0x000000008a500000|  0%| F|  |TAMS 0x000000008a400000, 0x000000008a400000| Untracked 
| 165|0x000000008a500000, 0x000000008a500000, 0x000000008a600000|  0%| F|  |TAMS 0x000000008a500000, 0x000000008a500000| Untracked 
| 166|0x000000008a600000, 0x000000008a600000, 0x000000008a700000|  0%| F|  |TAMS 0x000000008a600000, 0x000000008a600000| Untracked 
| 167|0x000000008a700000, 0x000000008a700000, 0x000000008a800000|  0%| F|  |TAMS 0x000000008a700000, 0x000000008a700000| Untracked 
| 168|0x000000008a800000, 0x000000008a800000, 0x000000008a900000|  0%| F|  |TAMS 0x000000008a800000, 0x000000008a800000| Untracked 
| 169|0x000000008a900000, 0x000000008a900000, 0x000000008aa00000|  0%| F|  |TAMS 0x000000008a900000, 0x000000008a900000| Untracked 
| 170|0x000000008aa00000, 0x000000008aa00000, 0x000000008ab00000|  0%| F|  |TAMS 0x000000008aa00000, 0x000000008aa00000| Untracked 
| 171|0x000000008ab00000, 0x000000008ab00000, 0x000000008ac00000|  0%| F|  |TAMS 0x000000008ab00000, 0x000000008ab00000| Untracked 
| 172|0x000000008ac00000, 0x000000008ac00000, 0x000000008ad00000|  0%| F|  |TAMS 0x000000008ac00000, 0x000000008ac00000| Untracked 
| 173|0x000000008ad00000, 0x000000008ae00000, 0x000000008ae00000|100%| S|CS|TAMS 0x000000008ad00000, 0x000000008ad00000| Complete 
| 174|0x000000008ae00000, 0x000000008ae00000, 0x000000008af00000|  0%| F|  |TAMS 0x000000008ae00000, 0x000000008ae00000| Untracked 
| 175|0x000000008af00000, 0x000000008af00000, 0x000000008b000000|  0%| F|  |TAMS 0x000000008af00000, 0x000000008af00000| Untracked 
| 176|0x000000008b000000, 0x000000008b000000, 0x000000008b100000|  0%| F|  |TAMS 0x000000008b000000, 0x000000008b000000| Untracked 
| 177|0x000000008b100000, 0x000000008b100000, 0x000000008b200000|  0%| F|  |TAMS 0x000000008b100000, 0x000000008b100000| Untracked 
| 178|0x000000008b200000, 0x000000008b200000, 0x000000008b300000|  0%| F|  |TAMS 0x000000008b200000, 0x000000008b200000| Untracked 

Card table byte_map: [0x00000245a6820000,0x00000245a6c20000] _byte_map_base: 0x00000245a6420000

Marking Bits (Prev, Next): (CMBitMap*) 0x00000245937aadb0, (CMBitMap*) 0x00000245937aad78
 Prev Bits: [0x00000245a9020000, 0x00000245ab020000)
 Next Bits: [0x00000245a7020000, 0x00000245a9020000)

Polling page: 0x0000024591590000

Metaspace:

Usage:
  Non-class:     81.19 MB capacity,    79.72 MB ( 98%) used,     1.20 MB (  1%) free+waste,   264.19 KB ( <1%) overhead. 
      Class:     12.63 MB capacity,    11.77 MB ( 93%) used,   757.58 KB (  6%) free+waste,   118.31 KB ( <1%) overhead. 
       Both:     93.81 MB capacity,    91.50 MB ( 98%) used,     1.94 MB (  2%) free+waste,   382.50 KB ( <1%) overhead. 

Virtual space:
  Non-class space:       82.00 MB reserved,      81.95 MB (>99%) committed 
      Class space:        1.00 GB reserved,      13.13 MB (  1%) committed 
             Both:        1.08 GB reserved,      95.07 MB (  9%) committed 

Chunk freelists:
   Non-Class:  652.00 KB
       Class:  510.00 KB
        Both:  1.13 MB

MaxMetaspaceSize: 17179869184.00 GB
CompressedClassSpaceSize: 1.00 GB

CodeHeap 'non-profiled nmethods': size=120000Kb used=7119Kb max_used=7119Kb free=112880Kb
 bounds [0x000002459ebc0000, 0x000002459f2c0000, 0x00000245a60f0000]
CodeHeap 'profiled nmethods': size=120000Kb used=29116Kb max_used=29116Kb free=90883Kb
 bounds [0x0000024597690000, 0x0000024599310000, 0x000002459ebc0000]
CodeHeap 'non-nmethods': size=5760Kb used=2290Kb max_used=2348Kb free=3469Kb
 bounds [0x00000245970f0000, 0x0000024597360000, 0x0000024597690000]
 total_blobs=13540 nmethods=12661 adapters=789
 compilation: enabled
              stopped_count=0, restarted_count=0
 full_count=0

Compilation events (20 events):
Event: 17.983 Thread 0x00000245ae3eb800 nmethod 12867 0x000002459f2b2210 code [0x000002459f2b23c0, 0x000002459f2b2598]
Event: 17.983 Thread 0x00000245ae3eb800 12868       4       java.util.stream.ReferencePipeline$2$1::begin (13 bytes)
Event: 17.983 Thread 0x00000245ae3eb800 nmethod 12868 0x000002459f2b2710 code [0x000002459f2b28a0, 0x000002459f2b2938]
Event: 17.983 Thread 0x00000245ae3eb800 12892       4       java.util.stream.SpinedBuffer::accept (94 bytes)
Event: 17.986 Thread 0x00000245ae3f3800 13118       2       com.android.tools.r8.code.c0::a (1 bytes)
Event: 17.986 Thread 0x00000245ae3f3800 nmethod 13118 0x00000245992fe990 code [0x00000245992feb40, 0x00000245992fec38]
Event: 17.989 Thread 0x00000245ae3f3800 13119       2       com.google.common.collect.ImmutableMap$Builder::put (35 bytes)
Event: 17.990 Thread 0x00000245ae3f3800 nmethod 13119 0x00000245992fed10 code [0x00000245992feee0, 0x00000245992ff258]
Event: 17.990 Thread 0x00000245ae3f3800 13120       2       com.google.common.collect.ImmutableMap::entryOf (15 bytes)
Event: 17.990 Thread 0x00000245ae3f3800 nmethod 13120 0x00000245992ff410 code [0x00000245992ff5c0, 0x00000245992ff7e8]
Event: 17.994 Thread 0x00000245ae3f3800 13122       2       com.android.tools.r8.code.l0::a (1 bytes)
Event: 17.994 Thread 0x00000245ae3f3800 nmethod 13122 0x00000245992ff890 code [0x00000245992ffa40, 0x00000245992ffb38]
Event: 17.997 Thread 0x00000245ae3f3800 13123       2       com.android.tools.r8.graph.O$b$a::a (13 bytes)
Event: 17.998 Thread 0x00000245ae3f3800 nmethod 13123 0x00000245992ffc10 code [0x00000245992ffe00, 0x00000245992fffd8]
Event: 17.998 Thread 0x00000245ae3f3800 13124       2       com.android.tools.r8.graph.t0$o::a (12 bytes)
Event: 17.998 Thread 0x00000245ae3f3800 nmethod 13124 0x0000024599300190 code [0x0000024599300340, 0x0000024599300488]
Event: 18.002 Thread 0x00000245ae3f3800 13126       3       com.android.tools.r8.graph.s1::d (97 bytes)
Event: 18.003 Thread 0x00000245ae3f3800 nmethod 13126 0x0000024599300590 code [0x00000245993007c0, 0x0000024599301018]
Event: 18.015 Thread 0x00000245ae3eb800 nmethod 12892 0x000002459f2b2a10 code [0x000002459f2b2c00, 0x000002459f2b3958]
Event: 18.015 Thread 0x00000245ae3eb800 13121 %     4       java.util.IdentityHashMap::resize @ 58 (153 bytes)

GC Heap History (20 events):
Event: 15.089 GC heap after
{Heap after GC invocations=24 (full 0):
 garbage-first heap   total 152576K, used 69511K [0x0000000080000000, 0x0000000100000000)
  region size 1024K, 2 young (2048K), 2 survivors (2048K)
 Metaspace       used 91161K, capacity 93974K, committed 94156K, reserved 1130496K
  class space    used 12112K, capacity 13209K, committed 13312K, reserved 1048576K
}
Event: 15.649 GC heap before
{Heap before GC invocations=24 (full 0):
 garbage-first heap   total 152576K, used 123783K [0x0000000080000000, 0x0000000100000000)
  region size 1024K, 55 young (56320K), 2 survivors (2048K)
 Metaspace       used 91715K, capacity 94501K, committed 94668K, reserved 1130496K
  class space    used 12118K, capacity 13210K, committed 13312K, reserved 1048576K
}
Event: 15.652 GC heap after
{Heap after GC invocations=25 (full 0):
 garbage-first heap   total 152576K, used 69581K [0x0000000080000000, 0x0000000100000000)
  region size 1024K, 2 young (2048K), 2 survivors (2048K)
 Metaspace       used 91715K, capacity 94501K, committed 94668K, reserved 1130496K
  class space    used 12118K, capacity 13210K, committed 13312K, reserved 1048576K
}
Event: 16.146 GC heap before
{Heap before GC invocations=25 (full 0):
 garbage-first heap   total 152576K, used 124877K [0x0000000080000000, 0x0000000100000000)
  region size 1024K, 56 young (57344K), 2 survivors (2048K)
 Metaspace       used 92213K, capacity 94994K, committed 95180K, reserved 1130496K
  class space    used 12137K, capacity 13215K, committed 13312K, reserved 1048576K
}
Event: 16.149 GC heap after
{Heap after GC invocations=26 (full 0):
 garbage-first heap   total 152576K, used 69862K [0x0000000080000000, 0x0000000100000000)
  region size 1024K, 2 young (2048K), 2 survivors (2048K)
 Metaspace       used 92213K, capacity 94994K, committed 95180K, reserved 1130496K
  class space    used 12137K, capacity 13215K, committed 13312K, reserved 1048576K
}
Event: 16.179 GC heap before
{Heap before GC invocations=26 (full 0):
 garbage-first heap   total 152576K, used 72934K [0x0000000080000000, 0x0000000100000000)
  region size 1024K, 6 young (6144K), 2 survivors (2048K)
 Metaspace       used 92241K, capacity 95088K, committed 95180K, reserved 1130496K
  class space    used 12139K, capacity 13220K, committed 13312K, reserved 1048576K
}
Event: 16.185 GC heap after
{Heap after GC invocations=27 (full 0):
 garbage-first heap   total 152576K, used 69907K [0x0000000080000000, 0x0000000100000000)
  region size 1024K, 2 young (2048K), 2 survivors (2048K)
 Metaspace       used 92241K, capacity 95088K, committed 95180K, reserved 1130496K
  class space    used 12139K, capacity 13220K, committed 13312K, reserved 1048576K
}
Event: 16.375 GC heap before
{Heap before GC invocations=28 (full 0):
 garbage-first heap   total 152576K, used 85267K [0x0000000080000000, 0x0000000100000000)
  region size 1024K, 11 young (11264K), 2 survivors (2048K)
 Metaspace       used 91573K, capacity 93886K, committed 95436K, reserved 1132544K
  class space    used 11876K, capacity 12728K, committed 13312K, reserved 1048576K
}
Event: 16.383 GC heap after
{Heap after GC invocations=29 (full 0):
 garbage-first heap   total 152576K, used 78876K [0x0000000080000000, 0x0000000100000000)
  region size 1024K, 5 young (5120K), 5 survivors (5120K)
 Metaspace       used 91573K, capacity 93886K, committed 95436K, reserved 1132544K
  class space    used 11876K, capacity 12728K, committed 13312K, reserved 1048576K
}
Event: 16.799 GC heap before
{Heap before GC invocations=30 (full 0):
 garbage-first heap   total 152576K, used 119836K [0x0000000080000000, 0x0000000100000000)
  region size 1024K, 42 young (43008K), 5 survivors (5120K)
 Metaspace       used 92489K, capacity 94813K, committed 96332K, reserved 1132544K
  class space    used 11986K, capacity 12861K, committed 13440K, reserved 1048576K
}
Event: 16.816 GC heap after
{Heap after GC invocations=31 (full 0):
 garbage-first heap   total 152576K, used 93263K [0x0000000080000000, 0x0000000100000000)
  region size 1024K, 6 young (6144K), 6 survivors (6144K)
 Metaspace       used 92489K, capacity 94813K, committed 96332K, reserved 1132544K
  class space    used 11986K, capacity 12861K, committed 13440K, reserved 1048576K
}
Event: 17.028 GC heap before
{Heap before GC invocations=31 (full 0):
 garbage-first heap   total 152576K, used 119887K [0x0000000080000000, 0x0000000100000000)
  region size 1024K, 32 young (32768K), 6 survivors (6144K)
 Metaspace       used 92812K, capacity 95240K, committed 96588K, reserved 1132544K
  class space    used 12001K, capacity 12893K, committed 13440K, reserved 1048576K
}
Event: 17.056 GC heap after
{Heap after GC invocations=32 (full 0):
 garbage-first heap   total 183296K, used 106907K [0x0000000080000000, 0x0000000100000000)
  region size 1024K, 4 young (4096K), 4 survivors (4096K)
 Metaspace       used 92812K, capacity 95240K, committed 96588K, reserved 1132544K
  class space    used 12001K, capacity 12893K, committed 13440K, reserved 1048576K
}
Event: 17.347 GC heap before
{Heap before GC invocations=33 (full 0):
 garbage-first heap   total 183296K, used 135579K [0x0000000080000000, 0x0000000100000000)
  region size 1024K, 33 young (33792K), 4 survivors (4096K)
 Metaspace       used 92896K, capacity 95255K, committed 96588K, reserved 1132544K
  class space    used 12002K, capacity 12893K, committed 13440K, reserved 1048576K
}
Event: 17.366 GC heap after
{Heap after GC invocations=34 (full 0):
 garbage-first heap   total 183296K, used 119551K [0x0000000080000000, 0x0000000100000000)
  region size 1024K, 5 young (5120K), 5 survivors (5120K)
 Metaspace       used 92896K, capacity 95255K, committed 96588K, reserved 1132544K
  class space    used 12002K, capacity 12893K, committed 13440K, reserved 1048576K
}
Event: 17.620 GC heap before
{Heap before GC invocations=34 (full 0):
 garbage-first heap   total 183296K, used 142079K [0x0000000080000000, 0x0000000100000000)
  region size 1024K, 28 young (28672K), 5 survivors (5120K)
 Metaspace       used 93073K, capacity 95474K, committed 96844K, reserved 1132544K
  class space    used 12006K, capacity 12894K, committed 13440K, reserved 1048576K
}
Event: 17.635 GC heap after
{Heap after GC invocations=35 (full 0):
 garbage-first heap   total 183296K, used 123949K [0x0000000080000000, 0x0000000100000000)
  region size 1024K, 3 young (3072K), 3 survivors (3072K)
 Metaspace       used 93073K, capacity 95474K, committed 96844K, reserved 1132544K
  class space    used 12006K, capacity 12894K, committed 13440K, reserved 1048576K
}
Event: 17.965 GC heap before
{Heap before GC invocations=36 (full 0):
 garbage-first heap   total 183296K, used 142381K [0x0000000080000000, 0x0000000100000000)
  region size 1024K, 25 young (25600K), 3 survivors (3072K)
 Metaspace       used 93509K, capacity 95906K, committed 97100K, reserved 1132544K
  class space    used 12027K, capacity 12898K, committed 13440K, reserved 1048576K
}
Event: 17.974 GC heap after
{Heap after GC invocations=37 (full 0):
 garbage-first heap   total 183296K, used 123571K [0x0000000080000000, 0x0000000100000000)
  region size 1024K, 3 young (3072K), 3 survivors (3072K)
 Metaspace       used 93509K, capacity 95906K, committed 97100K, reserved 1132544K
  class space    used 12027K, capacity 12898K, committed 13440K, reserved 1048576K
}
Event: 18.023 GC heap before
{Heap before GC invocations=37 (full 0):
 garbage-first heap   total 183296K, used 129715K [0x0000000080000000, 0x0000000100000000)
  region size 1024K, 8 young (8192K), 3 survivors (3072K)
 Metaspace       used 93692K, capacity 96066K, committed 97356K, reserved 1132544K
  class space    used 12054K, capacity 12930K, committed 13440K, reserved 1048576K
}

Deoptimization events (20 events):
Event: 17.835 Thread 0x00000245b087d800 Uncommon trap: trap_request=0xffffffc6 fr.pc=0x000002459f1425cc relative=0x00000000000002ec
Event: 17.835 Thread 0x00000245b087d800 Uncommon trap: reason=bimorphic_or_optimized_type_check action=maybe_recompile pc=0x000002459f1425cc method=java.util.Comparator.lambda$thenComparing$36697e65$1(Ljava/util/Comparator;Ljava/lang/Object;Ljava/lang/Object;)I @ 3 c2
Event: 17.835 Thread 0x00000245b087d800 DEOPT PACKING pc=0x000002459f1425cc sp=0x000000ac688fae20
Event: 17.835 Thread 0x00000245b087d800 DEOPT UNPACKING pc=0x00000245970f822f sp=0x000000ac688fad48 mode 2
Event: 17.835 Thread 0x00000245b087d800 Uncommon trap: trap_request=0xffffffc6 fr.pc=0x000002459f1425cc relative=0x00000000000002ec
Event: 17.835 Thread 0x00000245b087d800 Uncommon trap: reason=bimorphic_or_optimized_type_check action=maybe_recompile pc=0x000002459f1425cc method=java.util.Comparator.lambda$thenComparing$36697e65$1(Ljava/util/Comparator;Ljava/lang/Object;Ljava/lang/Object;)I @ 3 c2
Event: 17.835 Thread 0x00000245b087d800 DEOPT PACKING pc=0x000002459f1425cc sp=0x000000ac688fae20
Event: 17.835 Thread 0x00000245b087d800 DEOPT UNPACKING pc=0x00000245970f822f sp=0x000000ac688fad48 mode 2
Event: 17.835 Thread 0x00000245b087d800 Uncommon trap: trap_request=0xffffffc6 fr.pc=0x000002459f1425cc relative=0x00000000000002ec
Event: 17.836 Thread 0x00000245b087d800 Uncommon trap: reason=bimorphic_or_optimized_type_check action=maybe_recompile pc=0x000002459f1425cc method=java.util.Comparator.lambda$thenComparing$36697e65$1(Ljava/util/Comparator;Ljava/lang/Object;Ljava/lang/Object;)I @ 3 c2
Event: 17.836 Thread 0x00000245b087d800 DEOPT PACKING pc=0x000002459f1425cc sp=0x000000ac688fae20
Event: 17.836 Thread 0x00000245b087d800 DEOPT UNPACKING pc=0x00000245970f822f sp=0x000000ac688fad48 mode 2
Event: 17.843 Thread 0x00000245b087d800 Uncommon trap: trap_request=0xffffffc6 fr.pc=0x000002459f1425cc relative=0x00000000000002ec
Event: 17.843 Thread 0x00000245b087d800 Uncommon trap: reason=bimorphic_or_optimized_type_check action=maybe_recompile pc=0x000002459f1425cc method=java.util.Comparator.lambda$thenComparing$36697e65$1(Ljava/util/Comparator;Ljava/lang/Object;Ljava/lang/Object;)I @ 3 c2
Event: 17.843 Thread 0x00000245b087d800 DEOPT PACKING pc=0x000002459f1425cc sp=0x000000ac688fae20
Event: 17.843 Thread 0x00000245b087d800 DEOPT UNPACKING pc=0x00000245970f822f sp=0x000000ac688fad48 mode 2
Event: 17.937 Thread 0x00000245b087d800 Uncommon trap: trap_request=0xffffff7e fr.pc=0x000002459f28462c relative=0x000000000000066c
Event: 17.937 Thread 0x00000245b087d800 Uncommon trap: reason=predicate action=maybe_recompile pc=0x000002459f28462c method=java.util.TimSort.binarySort([Ljava/lang/Object;IIILjava/util/Comparator;)V @ 34 c2
Event: 17.937 Thread 0x00000245b087d800 DEOPT PACKING pc=0x000002459f28462c sp=0x000000ac688f8650
Event: 17.937 Thread 0x00000245b087d800 DEOPT UNPACKING pc=0x00000245970f822f sp=0x000000ac688f8610 mode 2

Classes redefined (0 events):
No events

Internal exceptions (20 events):
Event: 16.558 Thread 0x00000245b0881000 Exception <a 'sun/nio/fs/WindowsException'{0x0000000088132160}> (0x0000000088132160) thrown at [./src/hotspot/share/prims/jni.cpp, line 615]
Event: 16.559 Thread 0x00000245b0881000 Exception <a 'sun/nio/fs/WindowsException'{0x0000000088132d78}> (0x0000000088132d78) thrown at [./src/hotspot/share/prims/jni.cpp, line 615]
Event: 16.559 Thread 0x00000245b0881000 Exception <a 'sun/nio/fs/WindowsException'{0x000000008814e4c8}> (0x000000008814e4c8) thrown at [./src/hotspot/share/prims/jni.cpp, line 615]
Event: 16.577 Thread 0x00000245b0881000 Exception <a 'sun/nio/fs/WindowsException'{0x0000000087f39ed8}> (0x0000000087f39ed8) thrown at [./src/hotspot/share/prims/jni.cpp, line 615]
Event: 16.577 Thread 0x00000245b0881000 Exception <a 'sun/nio/fs/WindowsException'{0x0000000087f3ab10}> (0x0000000087f3ab10) thrown at [./src/hotspot/share/prims/jni.cpp, line 615]
Event: 16.700 Thread 0x00000245b087d800 Exception <a 'java/lang/NoSuchMethodError'{0x00000000873eae70}: <clinit>> (0x00000000873eae70) thrown at [./src/hotspot/share/prims/jni.cpp, line 1362]
Event: 16.700 Thread 0x00000245b087d800 Exception <a 'java/lang/NoSuchMethodError'{0x00000000873f3060}: <clinit>> (0x00000000873f3060) thrown at [./src/hotspot/share/prims/jni.cpp, line 1362]
Event: 16.700 Thread 0x00000245b087d800 Exception <a 'java/lang/NoSuchMethodError'{0x00000000873f5528}: <clinit>> (0x00000000873f5528) thrown at [./src/hotspot/share/prims/jni.cpp, line 1362]
Event: 16.702 Thread 0x00000245b087d800 Exception <a 'java/lang/NoSuchMethodError'{0x0000000087262728}: <clinit>> (0x0000000087262728) thrown at [./src/hotspot/share/prims/jni.cpp, line 1362]
Event: 16.702 Thread 0x00000245b087d800 Exception <a 'java/lang/NoSuchMethodError'{0x0000000087263960}: <clinit>> (0x0000000087263960) thrown at [./src/hotspot/share/prims/jni.cpp, line 1362]
Event: 17.919 Thread 0x00000245b087d800 Exception <a 'sun/nio/fs/WindowsException'{0x000000008a2f4e80}> (0x000000008a2f4e80) thrown at [./src/hotspot/share/prims/jni.cpp, line 615]
Event: 17.920 Thread 0x00000245b087d800 Exception <a 'sun/nio/fs/WindowsException'{0x000000008a100938}> (0x000000008a100938) thrown at [./src/hotspot/share/prims/jni.cpp, line 615]
Event: 17.920 Thread 0x00000245b087d800 Exception <a 'sun/nio/fs/WindowsException'{0x000000008a100d78}> (0x000000008a100d78) thrown at [./src/hotspot/share/prims/jni.cpp, line 615]
Event: 17.920 Thread 0x00000245b087d800 Exception <a 'sun/nio/fs/WindowsException'{0x000000008a101990}> (0x000000008a101990) thrown at [./src/hotspot/share/prims/jni.cpp, line 615]
Event: 17.920 Thread 0x00000245b087d800 Exception <a 'sun/nio/fs/WindowsException'{0x000000008a101d18}> (0x000000008a101d18) thrown at [./src/hotspot/share/prims/jni.cpp, line 615]
Event: 17.921 Thread 0x00000245b087d800 Exception <a 'sun/nio/fs/WindowsException'{0x000000008a102948}> (0x000000008a102948) thrown at [./src/hotspot/share/prims/jni.cpp, line 615]
Event: 17.921 Thread 0x00000245b087d800 Exception <a 'sun/nio/fs/WindowsException'{0x000000008a102c70}> (0x000000008a102c70) thrown at [./src/hotspot/share/prims/jni.cpp, line 615]
Event: 17.921 Thread 0x00000245b087d800 Exception <a 'sun/nio/fs/WindowsException'{0x000000008a103870}> (0x000000008a103870) thrown at [./src/hotspot/share/prims/jni.cpp, line 615]
Event: 17.937 Thread 0x00000245b087d800 Exception <a 'java/lang/NoSuchMethodError'{0x000000008a0b4e80}: <clinit>> (0x000000008a0b4e80) thrown at [./src/hotspot/share/prims/jni.cpp, line 1362]
Event: 17.940 Thread 0x00000245b087d800 Exception <a 'java/lang/NoSuchMethodError'{0x000000008a0f47a0}: <clinit>> (0x000000008a0f47a0) thrown at [./src/hotspot/share/prims/jni.cpp, line 1362]

Events (20 events):
Event: 17.997 loading class com/android/build/gradle/internal/services/Aapt2DaemonManagerMaintainer$firstDaemonStarted$1
Event: 17.997 loading class com/android/build/gradle/internal/services/Aapt2DaemonManagerMaintainer$firstDaemonStarted$1 done
Event: 17.998 loading class com/android/build/gradle/internal/services/Aapt2Daemon$sam$java_lang_Runnable$0
Event: 17.998 loading class com/android/build/gradle/internal/services/Aapt2Daemon$sam$java_lang_Runnable$0 done
Event: 17.999 Thread 0x00000245b80f1800 Thread added: 0x00000245b80f1800
Event: 17.999 loading class com/android/build/gradle/internal/services/Aapt2DaemonManagerMaintainer$firstDaemonStarted$2
Event: 17.999 loading class com/android/build/gradle/internal/services/Aapt2DaemonManagerMaintainer$firstDaemonStarted$2 done
Event: 18.000 loading class com/android/builder/internal/aapt/v2/Aapt2DaemonManager$LeasedAaptDaemon
Event: 18.000 loading class com/android/builder/internal/aapt/v2/Aapt2DaemonManager$LeasedAaptDaemon done
Event: 18.000 loading class com/android/builder/internal/aapt/v2/Aapt2DaemonManager$leaseDaemon$1
Event: 18.000 loading class com/android/builder/internal/aapt/v2/Aapt2DaemonManager$leaseDaemon$1 done
Event: 18.000 loading class com/android/builder/internal/aapt/v2/Aapt2Daemon$WhenMappings
Event: 18.000 loading class com/android/builder/internal/aapt/v2/Aapt2Daemon$WhenMappings done
Event: 18.001 loading class com/android/builder/internal/aapt/v2/Aapt2DaemonImpl$WaitForReadyOnStdOut
Event: 18.001 loading class com/android/builder/internal/aapt/v2/Aapt2DaemonImpl$WaitForReadyOnStdOut done
Event: 18.001 loading class java/lang/ProcessBuilder
Event: 18.002 loading class java/lang/ProcessBuilder done
Event: 18.003 loading class java/lang/ProcessImpl
Event: 18.004 loading class java/lang/ProcessImpl done
Event: 18.023 Executing VM operation: G1CollectForAllocation


Dynamic libraries:
0x00007ff624930000 - 0x00007ff62493a000 	C:\Program Files\Android\Android Studio\jre\bin\java.exe
0x00007ffe371f0000 - 0x00007ffe373e5000 	C:\WINDOWS\SYSTEM32\ntdll.dll
0x00007ffe35a60000 - 0x00007ffe35b1d000 	C:\WINDOWS\System32\KERNEL32.DLL
0x00007ffe34e00000 - 0x00007ffe350c8000 	C:\WINDOWS\System32\KERNELBASE.dll
0x00007ffe35150000 - 0x00007ffe35250000 	C:\WINDOWS\System32\ucrtbase.dll
0x00007ffe20af0000 - 0x00007ffe20b09000 	C:\Program Files\Android\Android Studio\jre\bin\jli.dll
0x00007ffe200b0000 - 0x00007ffe200c7000 	C:\Program Files\Android\Android Studio\jre\bin\VCRUNTIME140.dll
0x00007ffe35e10000 - 0x00007ffe35fb0000 	C:\WINDOWS\System32\USER32.dll
0x00007ffe34bf0000 - 0x00007ffe34c12000 	C:\WINDOWS\System32\win32u.dll
0x00007ffe102e0000 - 0x00007ffe1057a000 	C:\WINDOWS\WinSxS\amd64_microsoft.windows.common-controls_6595b64144ccf1df_6.0.19041.844_none_ca00b6081b84eb1d\COMCTL32.dll
0x00007ffe35b20000 - 0x00007ffe35bbe000 	C:\WINDOWS\System32\msvcrt.dll
0x00007ffe35910000 - 0x00007ffe3593a000 	C:\WINDOWS\System32\GDI32.dll
0x00007ffe34cc0000 - 0x00007ffe34dcb000 	C:\WINDOWS\System32\gdi32full.dll
0x00007ffe34c20000 - 0x00007ffe34cbd000 	C:\WINDOWS\System32\msvcp_win.dll
0x00007ffe35940000 - 0x00007ffe35970000 	C:\WINDOWS\System32\IMM32.DLL
0x00007ffe190b0000 - 0x00007ffe1914d000 	C:\Program Files\Android\Android Studio\jre\bin\msvcp140.dll
0x00007ffde61b0000 - 0x00007ffde6c6c000 	C:\Program Files\Android\Android Studio\jre\bin\server\jvm.dll
0x00007ffe356c0000 - 0x00007ffe3576c000 	C:\WINDOWS\System32\ADVAPI32.dll
0x00007ffe36320000 - 0x00007ffe363bb000 	C:\WINDOWS\System32\sechost.dll
0x00007ffe36720000 - 0x00007ffe3684b000 	C:\WINDOWS\System32\RPCRT4.dll
0x00007ffe370d0000 - 0x00007ffe370d8000 	C:\WINDOWS\System32\PSAPI.DLL
0x00007ffe1e630000 - 0x00007ffe1e657000 	C:\WINDOWS\SYSTEM32\WINMM.dll
0x00007ffe168d0000 - 0x00007ffe168d9000 	C:\WINDOWS\SYSTEM32\WSOCK32.dll
0x00007ffe26bf0000 - 0x00007ffe26bfa000 	C:\WINDOWS\SYSTEM32\VERSION.dll
0x00007ffe357f0000 - 0x00007ffe3585b000 	C:\WINDOWS\System32\WS2_32.dll
0x00007ffe33250000 - 0x00007ffe33262000 	C:\WINDOWS\SYSTEM32\kernel.appcore.dll
0x00007ffe2e510000 - 0x00007ffe2e521000 	C:\Program Files\Android\Android Studio\jre\bin\verify.dll
0x00007ffe32fe0000 - 0x00007ffe331c4000 	C:\WINDOWS\SYSTEM32\DBGHELP.DLL
0x00007ffe203d0000 - 0x00007ffe203fc000 	C:\WINDOWS\SYSTEM32\dbgcore.DLL
0x00007ffe350d0000 - 0x00007ffe35150000 	C:\WINDOWS\System32\bcryptPrimitives.dll
0x00007ffe2d340000 - 0x00007ffe2d369000 	C:\Program Files\Android\Android Studio\jre\bin\java.dll
0x00007ffe2f080000 - 0x00007ffe2f08b000 	C:\Program Files\Android\Android Studio\jre\bin\jimage.dll
0x00007ffe2e4f0000 - 0x00007ffe2e508000 	C:\Program Files\Android\Android Studio\jre\bin\zip.dll
0x00007ffe36980000 - 0x00007ffe370c2000 	C:\WINDOWS\System32\SHELL32.dll
0x00007ffe32850000 - 0x00007ffe32fe0000 	C:\WINDOWS\SYSTEM32\windows.storage.dll
0x00007ffe363c0000 - 0x00007ffe36715000 	C:\WINDOWS\System32\combase.dll
0x00007ffe342d0000 - 0x00007ffe342fc000 	C:\WINDOWS\SYSTEM32\Wldp.dll
0x00007ffe35860000 - 0x00007ffe3590e000 	C:\WINDOWS\System32\SHCORE.dll
0x00007ffe37150000 - 0x00007ffe371a5000 	C:\WINDOWS\System32\shlwapi.dll
0x00007ffe34870000 - 0x00007ffe3488f000 	C:\WINDOWS\SYSTEM32\profapi.dll
0x00007ffe21640000 - 0x00007ffe2165a000 	C:\Program Files\Android\Android Studio\jre\bin\net.dll
0x00007ffe1e660000 - 0x00007ffe1e76b000 	C:\WINDOWS\SYSTEM32\WINHTTP.dll
0x00007ffe34040000 - 0x00007ffe340aa000 	C:\WINDOWS\system32\mswsock.dll
0x00007ffe214b0000 - 0x00007ffe214c4000 	C:\Program Files\Android\Android Studio\jre\bin\nio.dll
0x00007ffe19ff0000 - 0x00007ffe1a017000 	C:\Users\Ferz\.gradle\native\fdc75f09e3144964f2cf3f50f0aa648679c211496f362492102eb8c894070792\windows-amd64\native-platform.dll
0x00007ffdfe290000 - 0x00007ffdfe426000 	C:\Users\Ferz\.gradle\native\12488b8bf47d2d4c9fbf2f6322a914ad602e24e48041cd04a747c6da556b65c4\windows-amd64\native-platform-file-events.dll
0x00007ffe2db90000 - 0x00007ffe2db9a000 	C:\Program Files\Android\Android Studio\jre\bin\management.dll
0x00007ffe2db20000 - 0x00007ffe2db2c000 	C:\Program Files\Android\Android Studio\jre\bin\management_ext.dll
0x00007ffe34210000 - 0x00007ffe34228000 	C:\WINDOWS\SYSTEM32\CRYPTSP.dll
0x00007ffe339e0000 - 0x00007ffe33a14000 	C:\WINDOWS\system32\rsaenh.dll
0x00007ffe34dd0000 - 0x00007ffe34df7000 	C:\WINDOWS\System32\bcrypt.dll
0x00007ffe347f0000 - 0x00007ffe3481e000 	C:\WINDOWS\SYSTEM32\USERENV.dll
0x00007ffe34230000 - 0x00007ffe3423c000 	C:\WINDOWS\SYSTEM32\CRYPTBASE.dll
0x00007ffe33d30000 - 0x00007ffe33d6b000 	C:\WINDOWS\SYSTEM32\IPHLPAPI.DLL
0x00007ffe37140000 - 0x00007ffe37148000 	C:\WINDOWS\System32\NSI.dll
0x00007ffe32770000 - 0x00007ffe32787000 	C:\WINDOWS\SYSTEM32\dhcpcsvc6.DLL
0x00007ffe32750000 - 0x00007ffe3276d000 	C:\WINDOWS\SYSTEM32\dhcpcsvc.DLL
0x00007ffe33d70000 - 0x00007ffe33e3c000 	C:\WINDOWS\SYSTEM32\DNSAPI.dll
0x00007ffe2e250000 - 0x00007ffe2e25b000 	C:\WINDOWS\SYSTEM32\WINNSI.DLL

dbghelp: loaded successfully - version: 4.0.5 - missing functions: none
symbol engine: initialized successfully - sym options: 0x614 - pdb path: .;C:\Program Files\Android\Android Studio\jre\bin;C:\WINDOWS\SYSTEM32;C:\WINDOWS\WinSxS\amd64_microsoft.windows.common-controls_6595b64144ccf1df_6.0.19041.844_none_ca00b6081b84eb1d;C:\Program Files\Android\Android Studio\jre\bin\server;C:\Users\Ferz\.gradle\native\fdc75f09e3144964f2cf3f50f0aa648679c211496f362492102eb8c894070792\windows-amd64;C:\Users\Ferz\.gradle\native\12488b8bf47d2d4c9fbf2f6322a914ad602e24e48041cd04a747c6da556b65c4\windows-amd64

VM Arguments:
jvm_args: --add-opens=java.base/java.util=ALL-UNNAMED --add-opens=java.base/java.lang=ALL-UNNAMED --add-opens=java.base/java.lang.invoke=ALL-UNNAMED --add-opens=java.prefs/java.util.prefs=ALL-UNNAMED -Xmx2048m -Dfile.encoding=UTF-8 -Duser.country=US -Duser.language=en -Duser.variant 
java_command: org.gradle.launcher.daemon.bootstrap.GradleDaemon 6.7.1
java_class_path (initial): C:\Users\Ferz\.gradle\wrapper\dists\gradle-6.7.1-bin\bwlcbys1h7rz3272sye1xwiv6\gradle-6.7.1\lib\gradle-launcher-6.7.1.jar
Launcher Type: SUN_STANDARD

[Global flags]
     intx CICompilerCount                          = 4                                         {product} {ergonomic}
     uint ConcGCThreads                            = 2                                         {product} {ergonomic}
     uint G1ConcRefinementThreads                  = 8                                         {product} {ergonomic}
   size_t G1HeapRegionSize                         = 1048576                                   {product} {ergonomic}
    uintx GCDrainStackTargetSize                   = 64                                        {product} {ergonomic}
   size_t InitialHeapSize                          = 130023424                                 {product} {ergonomic}
   size_t MarkStackSize                            = 4194304                                   {product} {ergonomic}
   size_t MaxHeapSize                              = 2147483648                                {product} {command line}
   size_t MaxNewSize                               = 1287651328                                {product} {ergonomic}
   size_t MinHeapDeltaBytes                        = 1048576                                   {product} {ergonomic}
    uintx NonNMethodCodeHeapSize                   = 5836300                                {pd product} {ergonomic}
    uintx NonProfiledCodeHeapSize                  = 122910970                              {pd product} {ergonomic}
    uintx ProfiledCodeHeapSize                     = 122910970                              {pd product} {ergonomic}
    uintx ReservedCodeCacheSize                    = 251658240                              {pd product} {ergonomic}
     bool SegmentedCodeCache                       = true                                      {product} {ergonomic}
     bool UseCompressedClassPointers               = true                                 {lp64_product} {ergonomic}
     bool UseCompressedOops                        = true                                 {lp64_product} {ergonomic}
     bool UseG1GC                                  = true                                      {product} {ergonomic}
     bool UseLargePagesIndividualAllocation        = false                                  {pd product} {ergonomic}

Logging:
Log output configuration:
 #0: stdout all=warning uptime,level,tags
 #1: stderr all=off uptime,level,tags

Environment Variables:
PATH=C:\Program Files (x86)\NVIDIA Corporation\PhysX\Common;C:\Program Files (x86)\Common Files\Oracle\Java\javapath;C:\WINDOWS\system32;C:\WINDOWS;C:\WINDOWS\System32\Wbem;C:\WINDOWS\System32\WindowsPowerShell\v1.0\;C:\WINDOWS\System32\OpenSSH\;C:\Program Files\dotnet\;C:\Users\Ferz\AppData\Local\Programs\Python\Python38-32\Scripts;C:\Program Files\Git\cmd;C:\Program Files (x86)\NoteBook FanControl\;C:\Program Files\Graphviz\bin;C:\Users\Ferz\AppData\Local\Microsoft\WindowsApps;C:\Users\Ferz\AppData\Local\Programs\Microsoft VS Code\bin;C:\Users\Ferz\AppData\Local\atom\bin
USERNAME=Ferz
OS=Windows_NT
PROCESSOR_IDENTIFIER=Intel64 Family 6 Model 126 Stepping 5, GenuineIntel



---------------  S Y S T E M  ---------------

OS: Windows 10 , 64 bit Build 19041 (10.0.19041.928)
OS uptime: 0 days 5:51 hours

CPU:total 8 (initial active 8) (4 cores per cpu, 2 threads per core) family 6 model 126 stepping 5, cmov, cx8, fxsr, mmx, sse, sse2, sse3, ssse3, sse4.1, sse4.2, popcnt, avx, avx2, aes, clmul, erms, 3dnowpref, lzcnt, ht, tsc, tscinvbit, bmi1, bmi2, adx, evex, sha, fma

Memory: 4k page, system-wide physical 7880M (597M free)
TotalPageFile size 11976M (AvailPageFile size 4M)
current process WorkingSet (physical memory assigned to process): 482M, peak: 482M
current process commit charge ("private bytes"): 611M, peak: 612M

vm_info: OpenJDK 64-Bit Server VM (11.0.8+10-b944.6842174) for windows-amd64 JRE (11.0.8+10-b944.6842174), built on Sep 19 2020 01:11:42 by "builder" with MS VC++ 14.0 (VS2015)

END.
