#
# There is insufficient memory for the Java Runtime Environment to continue.
# Native memory allocation (malloc) failed to allocate 1257296 bytes for Chunk::new
# Possible reasons:
#   The system is out of physical RAM or swap space
#   The process is running with CompressedOops enabled, and the Java Heap may be blocking the growth of the native heap
# Possible solutions:
#   Reduce memory load on the system
#   Increase physical memory or swap space
#   Check if swap backing store is full
#   Decrease Java heap size (-Xmx/-Xms)
#   Decrease number of Java threads
#   Decrease Java thread stack sizes (-Xss)
#   Set larger code cache with -XX:ReservedCodeCacheSize=
#   JVM is running with Unscaled Compressed Oops mode in which the Java heap is
#     placed in the first 4GB address space. The Java Heap base address is the
#     maximum limit for the native heap growth. Please use -XX:HeapBaseMinAddress
#     to set the Java Heap base and to place the Java Heap above 4GB virtual address.
# This output file may be truncated or incomplete.
#
#  Out of Memory Error (./src/hotspot/share/memory/arena.cpp:197), pid=7344, tid=2080
#
# JRE version: OpenJDK Runtime Environment (11.0.8+10) (build 11.0.8+10-b944.6842174)
# Java VM: OpenJDK 64-Bit Server VM (11.0.8+10-b944.6842174, mixed mode, tiered, compressed oops, g1 gc, windows-amd64)
# No core dump will be written. Minidumps are not enabled by default on client versions of Windows
#

---------------  S U M M A R Y ------------

Command Line: --add-opens=java.base/java.util=ALL-UNNAMED --add-opens=java.base/java.lang=ALL-UNNAMED --add-opens=java.base/java.lang.invoke=ALL-UNNAMED --add-opens=java.prefs/java.util.prefs=ALL-UNNAMED -Xmx2048m -Dfile.encoding=UTF-8 -Duser.country=US -Duser.language=en -Duser.variant org.gradle.launcher.daemon.bootstrap.GradleDaemon 6.7.1

Host: Intel(R) Core(TM) i5-1035G1 CPU @ 1.00GHz, 8 cores, 7G,  Windows 10 , 64 bit Build 19041 (10.0.19041.928)
Time: Sat May 29 08:01:58 2021 Pacific Daylight Time elapsed time: 9856 seconds (0d 2h 44m 16s)

---------------  T H R E A D  ---------------

Current thread (0x00000211b1fbe000):  JavaThread "C2 CompilerThread0" daemon [_thread_in_native, id=2080, stack(0x0000001276500000,0x0000001276600000)]


Current CompileTask:
C2:9856591 15593  s!   4       jdk.internal.loader.URLClassPath::getLoader (194 bytes)

Stack: [0x0000001276500000,0x0000001276600000]
Native frames: (J=compiled Java code, j=interpreted, Vv=VM code, C=native code)
V  [jvm.dll+0x5de50a]
V  [jvm.dll+0x7122f5]
V  [jvm.dll+0x71384d]
V  [jvm.dll+0x713f03]
V  [jvm.dll+0x23e728]
V  [jvm.dll+0xb899c]
V  [jvm.dll+0xb8e9c]
V  [jvm.dll+0x35020b]
V  [jvm.dll+0x31dea3]
V  [jvm.dll+0x31d39a]
V  [jvm.dll+0x1f7702]
V  [jvm.dll+0x1f68d4]
V  [jvm.dll+0x17f32c]
V  [jvm.dll+0x205047]
V  [jvm.dll+0x203891]
V  [jvm.dll+0x6dad3f]
V  [jvm.dll+0x6d3895]
V  [jvm.dll+0x5dd4a6]
C  [ucrtbase.dll+0x21bb2]
C  [KERNEL32.DLL+0x17034]
C  [ntdll.dll+0x52651]


---------------  P R O C E S S  ---------------

Threads class SMR info:
_java_thread_list=0x00000211bbd72b80, length=155, elements={
0x0000021197c9a800, 0x00000211b1f9f000, 0x00000211b1fa8800, 0x00000211b1fbc800,
0x00000211b1fbd000, 0x00000211b1fbe000, 0x00000211b1fc4800, 0x00000211b1fc6000,
0x00000211b2a79800, 0x00000211b2a81800, 0x00000211b42f5800, 0x00000211b3862800,
0x00000211b395f800, 0x00000211b3c42800, 0x00000211b3c43800, 0x00000211b3c44000,
0x00000211b6b8f800, 0x00000211b6b8a000, 0x00000211b526b000, 0x00000211b6b8b800,
0x00000211b6b8c800, 0x00000211b6b8e000, 0x00000211b6b8d000, 0x00000211b6b8f000,
0x00000211b6b89000, 0x00000211b6b8a800, 0x00000211b6b96000, 0x00000211b6b93800,
0x00000211b6b92000, 0x00000211b6b97000, 0x00000211b6b95800, 0x00000211b6b91000,
0x00000211b6b97800, 0x00000211b6b93000, 0x00000211b5263000, 0x00000211b5262000,
0x00000211b5261800, 0x00000211b525f000, 0x00000211b525d000, 0x00000211b5260800,
0x00000211b525e000, 0x00000211b5264000, 0x00000211b5265800, 0x00000211b525f800,
0x00000211b5268800, 0x00000211b5266000, 0x00000211b5264800, 0x00000211b5268000,
0x00000211b5269800, 0x00000211b526a800, 0x00000211b526c000, 0x00000211b3c41800,
0x00000211b6ab6800, 0x00000211b6ab6000, 0x00000211b6ab7800, 0x00000211b6ab8800,
0x00000211b6ab9000, 0x00000211b6aba000, 0x00000211b6ab4000, 0x00000211b6aba800,
0x00000211b6ab5000, 0x00000211b6abd000, 0x00000211b6abc800, 0x00000211b6abe000,
0x00000211b6abf000, 0x00000211b6abf800, 0x00000211b6ac0800, 0x00000211b6abb800,
0x00000211b6ac2000, 0x00000211b6ac1800, 0x00000211b6ac3000, 0x00000211b5321800,
0x00000211b5328000, 0x00000211b5324000, 0x00000211b5323000, 0x00000211b5324800,
0x00000211b5325800, 0x00000211b5326800, 0x00000211b5327000, 0x00000211b5322000,
0x00000211b532b000, 0x00000211b532d800, 0x00000211b532e800, 0x00000211b532c000,
0x00000211b5329000, 0x00000211b5329800, 0x00000211b532f800, 0x00000211b5330000,
0x00000211b532d000, 0x00000211b532a800, 0x00000211b55c8800, 0x00000211b55cc000,
0x00000211b55cf000, 0x00000211b55cc800, 0x00000211b55c9800, 0x00000211b55cb000,
0x00000211b55cd800, 0x00000211b55ce000, 0x00000211b55d0000, 0x00000211b55ca000,
0x00000211b55d5800, 0x00000211b55d3000, 0x00000211b55d6800, 0x00000211b55d4000,
0x00000211b55d0800, 0x00000211b55d7000, 0x00000211b55d1800, 0x00000211b55d2800,
0x00000211b55d5000, 0x00000211b310b800, 0x00000211b310e800, 0x00000211b310e000,
0x00000211b310c000, 0x00000211b3110800, 0x00000211b310a800, 0x00000211b3111000,
0x00000211b3112000, 0x00000211b310d000, 0x00000211b3115000, 0x00000211b3113000,
0x00000211b3113800, 0x00000211b3114800, 0x00000211b310f800, 0x00000211b3118800,
0x00000211b3119800, 0x00000211b3116000, 0x00000211b3117000, 0x00000211b3117800,
0x00000211bb7a6800, 0x00000211bb7a9000, 0x00000211bb7aa000, 0x00000211bb7a4800,
0x00000211bb7ab000, 0x00000211bb7a5000, 0x00000211bb7ab800, 0x00000211bb7a7800,
0x00000211bb7a8800, 0x00000211bb7a6000, 0x00000211bb7b0800, 0x00000211bb7af800,
0x00000211bb7b1800, 0x00000211bb7b2000, 0x00000211bb7ae000, 0x00000211bb7ac800,
0x00000211bb7b3000, 0x00000211bb7ad000, 0x00000211bb7af000, 0x00000211b5ef7800,
0x00000211b5efc800, 0x00000211b5ef9000, 0x00000211b5ef7000, 0x00000211b5efa000,
0x00000211b5efb000, 0x00000211b5efb800, 0x00000211b5efd800
}

Java Threads: ( => current thread )
  0x0000021197c9a800 JavaThread "main" [_thread_blocked, id=8004, stack(0x0000001275a00000,0x0000001275b00000)]
  0x00000211b1f9f000 JavaThread "Reference Handler" daemon [_thread_blocked, id=7712, stack(0x0000001276100000,0x0000001276200000)]
  0x00000211b1fa8800 JavaThread "Finalizer" daemon [_thread_blocked, id=2208, stack(0x0000001276200000,0x0000001276300000)]
  0x00000211b1fbc800 JavaThread "Signal Dispatcher" daemon [_thread_blocked, id=12584, stack(0x0000001276300000,0x0000001276400000)]
  0x00000211b1fbd000 JavaThread "Attach Listener" daemon [_thread_blocked, id=8344, stack(0x0000001276400000,0x0000001276500000)]
=>0x00000211b1fbe000 JavaThread "C2 CompilerThread0" daemon [_thread_in_native, id=2080, stack(0x0000001276500000,0x0000001276600000)]
  0x00000211b1fc4800 JavaThread "C1 CompilerThread0" daemon [_thread_blocked, id=12356, stack(0x0000001276600000,0x0000001276700000)]
  0x00000211b1fc6000 JavaThread "Sweeper thread" daemon [_thread_in_vm, id=7828, stack(0x0000001276700000,0x0000001276800000)]
  0x00000211b2a79800 JavaThread "Common-Cleaner" daemon [_thread_blocked, id=6644, stack(0x0000001276800000,0x0000001276900000)]
  0x00000211b2a81800 JavaThread "Service Thread" daemon [_thread_blocked, id=2976, stack(0x0000001276900000,0x0000001276a00000)]
  0x00000211b42f5800 JavaThread "Daemon health stats" [_thread_blocked, id=1740, stack(0x0000001276e00000,0x0000001276f00000)]
  0x00000211b3862800 JavaThread "Incoming local TCP Connector on port 60523" [_thread_in_native, id=9144, stack(0x0000001276f00000,0x0000001277000000)]
  0x00000211b395f800 JavaThread "Daemon periodic checks" [_thread_blocked, id=2432, stack(0x0000001277000000,0x0000001277100000)]
  0x00000211b3c42800 JavaThread "Cache worker for file hash cache (C:\Users\Ferz\.gradle\caches\6.7.1\fileHashes)" [_thread_blocked, id=11912, stack(0x0000001277f00000,0x0000001278000000)]
  0x00000211b3c43800 JavaThread "File lock request listener" [_thread_in_native, id=6508, stack(0x0000001278000000,0x0000001278100000)]
  0x00000211b3c44000 JavaThread "Cache worker for journal cache (C:\Users\Ferz\.gradle\caches\journal-1)" [_thread_blocked, id=452, stack(0x0000001278200000,0x0000001278300000)]
  0x00000211b6b8f800 JavaThread "Cache worker for execution history cache (C:\Users\Ferz\.gradle\caches\6.7.1\executionHistory)" [_thread_blocked, id=11420, stack(0x0000001279d00000,0x0000001279e00000)]
  0x00000211b6b8a000 JavaThread "Cache worker for file content cache (C:\Users\Ferz\.gradle\caches\6.7.1\fileContent)" [_thread_blocked, id=4952, stack(0x0000001279e00000,0x0000001279f00000)]
  0x00000211b526b000 JavaThread "Memory manager" [_thread_blocked, id=3856, stack(0x000000127f400000,0x000000127f500000)]
  0x00000211b6b8b800 JavaThread "Daemon Thread 3" [_thread_blocked, id=11136, stack(0x0000001275900000,0x0000001275a00000)]
  0x00000211b6b8c800 JavaThread "Handler for socket connection from /127.0.0.1:60523 to /127.0.0.1:52533" [_thread_in_native, id=12024, stack(0x0000001276b00000,0x0000001276c00000)]
  0x00000211b6b8e000 JavaThread "Cancel handler" [_thread_blocked, id=2144, stack(0x0000001276d00000,0x0000001276e00000)]
  0x00000211b6b8d000 JavaThread "Daemon worker Thread 3" [_thread_blocked, id=1952, stack(0x0000001277100000,0x0000001277200000)]
  0x00000211b6b8f000 JavaThread "Asynchronous log dispatcher for DefaultDaemonConnection: socket connection from /127.0.0.1:60523 to /127.0.0.1:52533" [_thread_blocked, id=7824, stack(0x0000001277200000,0x0000001277300000)]
  0x00000211b6b89000 JavaThread "Stdin handler" [_thread_blocked, id=5440, stack(0x0000001277300000,0x0000001277400000)]
  0x00000211b6b8a800 JavaThread "Thread-261" [_thread_blocked, id=6636, stack(0x0000001277400000,0x0000001277500000)]
  0x00000211b6b96000 JavaThread "Cache worker for file hash cache (C:\Users\Ferz\AndroidStudioProjects\rumireazgarbovpractice4\.gradle\6.7.1\fileHashes)" [_thread_blocked, id=10600, stack(0x0000001277500000,0x0000001277600000)]
  0x00000211b6b93800 JavaThread "Cache worker for checksums cache (C:\Users\Ferz\AndroidStudioProjects\rumireazgarbovpractice4\.gradle\checksums)" [_thread_blocked, id=2172, stack(0x0000001277600000,0x0000001277700000)]
  0x00000211b6b92000 JavaThread "Cache worker for cache directory md-supplier (C:\Users\Ferz\.gradle\caches\6.7.1\md-supplier)" [_thread_blocked, id=11192, stack(0x0000001277700000,0x0000001277800000)]
  0x00000211b6b97000 JavaThread "Cache worker for cache directory md-rule (C:\Users\Ferz\.gradle\caches\6.7.1\md-rule)" [_thread_blocked, id=13232, stack(0x0000001277800000,0x0000001277900000)]
  0x00000211b6b95800 JavaThread "C2 CompilerThread1" daemon [_thread_blocked, id=5928, stack(0x0000001278300000,0x0000001278400000)]
  0x00000211b6b91000 JavaThread "Cache worker for Build Output Cleanup Cache (C:\Users\Ferz\AndroidStudioProjects\rumireazgarbovpractice4\.gradle\buildOutputCleanup)" [_thread_blocked, id=12708, stack(0x0000001278500000,0x0000001278600000)]
  0x00000211b6b97800 JavaThread "Build operations" [_thread_blocked, id=2848, stack(0x0000001278600000,0x0000001278700000)]
  0x00000211b6b93000 JavaThread "Build operations Thread 2" [_thread_blocked, id=2440, stack(0x0000001278700000,0x0000001278800000)]
  0x00000211b5263000 JavaThread "Build operations Thread 3" [_thread_blocked, id=1520, stack(0x0000001278800000,0x0000001278900000)]
  0x00000211b5262000 JavaThread "Build operations Thread 4" [_thread_blocked, id=2236, stack(0x0000001278900000,0x0000001278a00000)]
  0x00000211b5261800 JavaThread "Build operations Thread 5" [_thread_blocked, id=16244, stack(0x0000001278a00000,0x0000001278b00000)]
  0x00000211b525f000 JavaThread "Build operations Thread 6" [_thread_blocked, id=5184, stack(0x0000001278b00000,0x0000001278c00000)]
  0x00000211b525d000 JavaThread "Build operations Thread 7" [_thread_blocked, id=12036, stack(0x0000001278c00000,0x0000001278d00000)]
  0x00000211b5260800 JavaThread "Build operations Thread 8" [_thread_blocked, id=7988, stack(0x0000001278d00000,0x0000001278e00000)]
  0x00000211b525e000 JavaThread "jar transforms Thread 195" [_thread_blocked, id=8576, stack(0x0000001278e00000,0x0000001278f00000)]
  0x00000211b5264000 JavaThread "jar transforms Thread 196" [_thread_blocked, id=13272, stack(0x0000001278f00000,0x0000001279000000)]
  0x00000211b5265800 JavaThread "jar transforms Thread 197" [_thread_blocked, id=14200, stack(0x0000001279000000,0x0000001279100000)]
  0x00000211b525f800 JavaThread "jar transforms Thread 198" [_thread_blocked, id=14832, stack(0x0000001279100000,0x0000001279200000)]
  0x00000211b5268800 JavaThread "jar transforms Thread 199" [_thread_blocked, id=1192, stack(0x0000001279200000,0x0000001279300000)]
  0x00000211b5266000 JavaThread "jar transforms Thread 200" [_thread_blocked, id=10172, stack(0x0000001279300000,0x0000001279400000)]
  0x00000211b5264800 JavaThread "jar transforms Thread 201" [_thread_blocked, id=6776, stack(0x0000001279400000,0x0000001279500000)]
  0x00000211b5268000 JavaThread "jar transforms Thread 202" [_thread_blocked, id=2088, stack(0x0000001279500000,0x0000001279600000)]
  0x00000211b5269800 JavaThread "jar transforms Thread 203" [_thread_blocked, id=9548, stack(0x0000001279600000,0x0000001279700000)]
  0x00000211b526a800 JavaThread "jar transforms Thread 204" [_thread_blocked, id=8996, stack(0x0000001279700000,0x0000001279800000)]
  0x00000211b526c000 JavaThread "jar transforms Thread 205" [_thread_blocked, id=12964, stack(0x0000001279800000,0x0000001279900000)]
  0x00000211b3c41800 JavaThread "jar transforms Thread 206" [_thread_blocked, id=11004, stack(0x0000001279900000,0x0000001279a00000)]
  0x00000211b6ab6800 JavaThread "jar transforms Thread 207" [_thread_blocked, id=14552, stack(0x0000001279a00000,0x0000001279b00000)]
  0x00000211b6ab6000 JavaThread "jar transforms Thread 208" [_thread_blocked, id=4172, stack(0x0000001279b00000,0x0000001279c00000)]
  0x00000211b6ab7800 JavaThread "jar transforms Thread 209" [_thread_blocked, id=4548, stack(0x0000001279c00000,0x0000001279d00000)]
  0x00000211b6ab8800 JavaThread "jar transforms Thread 210" [_thread_blocked, id=1988, stack(0x0000001279f00000,0x000000127a000000)]
  0x00000211b6ab9000 JavaThread "jar transforms Thread 211" [_thread_blocked, id=12736, stack(0x000000127a000000,0x000000127a100000)]
  0x00000211b6aba000 JavaThread "jar transforms Thread 212" [_thread_blocked, id=1408, stack(0x000000127a100000,0x000000127a200000)]
  0x00000211b6ab4000 JavaThread "jar transforms Thread 213" [_thread_blocked, id=10676, stack(0x000000127a200000,0x000000127a300000)]
  0x00000211b6aba800 JavaThread "jar transforms Thread 214" [_thread_blocked, id=2680, stack(0x000000127a300000,0x000000127a400000)]
  0x00000211b6ab5000 JavaThread "jar transforms Thread 215" [_thread_blocked, id=14540, stack(0x000000127a400000,0x000000127a500000)]
  0x00000211b6abd000 JavaThread "jar transforms Thread 216" [_thread_blocked, id=8312, stack(0x000000127a500000,0x000000127a600000)]
  0x00000211b6abc800 JavaThread "jar transforms Thread 217" [_thread_blocked, id=7908, stack(0x000000127a600000,0x000000127a700000)]
  0x00000211b6abe000 JavaThread "jar transforms Thread 218" [_thread_blocked, id=14120, stack(0x000000127a700000,0x000000127a800000)]
  0x00000211b6abf000 JavaThread "jar transforms Thread 219" [_thread_blocked, id=13888, stack(0x000000127a800000,0x000000127a900000)]
  0x00000211b6abf800 JavaThread "jar transforms Thread 220" [_thread_blocked, id=13372, stack(0x000000127a900000,0x000000127aa00000)]
  0x00000211b6ac0800 JavaThread "jar transforms Thread 221" [_thread_blocked, id=1444, stack(0x000000127aa00000,0x000000127ab00000)]
  0x00000211b6abb800 JavaThread "jar transforms Thread 222" [_thread_blocked, id=11824, stack(0x000000127ab00000,0x000000127ac00000)]
  0x00000211b6ac2000 JavaThread "jar transforms Thread 223" [_thread_blocked, id=10180, stack(0x000000127ac00000,0x000000127ad00000)]
  0x00000211b6ac1800 JavaThread "jar transforms Thread 224" [_thread_blocked, id=12760, stack(0x000000127ad00000,0x000000127ae00000)]
  0x00000211b6ac3000 JavaThread "jar transforms Thread 225" [_thread_blocked, id=9948, stack(0x000000127ae00000,0x000000127af00000)]
  0x00000211b5321800 JavaThread "jar transforms Thread 226" [_thread_blocked, id=13596, stack(0x000000127af00000,0x000000127b000000)]
  0x00000211b5328000 JavaThread "jar transforms Thread 227" [_thread_blocked, id=13964, stack(0x000000127b000000,0x000000127b100000)]
  0x00000211b5324000 JavaThread "jar transforms Thread 228" [_thread_blocked, id=2588, stack(0x000000127b100000,0x000000127b200000)]
  0x00000211b5323000 JavaThread "jar transforms Thread 229" [_thread_blocked, id=9876, stack(0x000000127b200000,0x000000127b300000)]
  0x00000211b5324800 JavaThread "jar transforms Thread 230" [_thread_blocked, id=14332, stack(0x000000127b300000,0x000000127b400000)]
  0x00000211b5325800 JavaThread "jar transforms Thread 231" [_thread_blocked, id=2576, stack(0x000000127b400000,0x000000127b500000)]
  0x00000211b5326800 JavaThread "jar transforms Thread 232" [_thread_blocked, id=15232, stack(0x000000127b500000,0x000000127b600000)]
  0x00000211b5327000 JavaThread "jar transforms Thread 233" [_thread_blocked, id=14248, stack(0x000000127b600000,0x000000127b700000)]
  0x00000211b5322000 JavaThread "jar transforms Thread 234" [_thread_blocked, id=6624, stack(0x000000127b700000,0x000000127b800000)]
  0x00000211b532b000 JavaThread "jar transforms Thread 235" [_thread_blocked, id=1796, stack(0x000000127b800000,0x000000127b900000)]
  0x00000211b532d800 JavaThread "jar transforms Thread 236" [_thread_blocked, id=12740, stack(0x000000127b900000,0x000000127ba00000)]
  0x00000211b532e800 JavaThread "jar transforms Thread 237" [_thread_blocked, id=14768, stack(0x000000127ba00000,0x000000127bb00000)]
  0x00000211b532c000 JavaThread "jar transforms Thread 238" [_thread_blocked, id=15080, stack(0x000000127bb00000,0x000000127bc00000)]
  0x00000211b5329000 JavaThread "jar transforms Thread 239" [_thread_blocked, id=7576, stack(0x000000127bc00000,0x000000127bd00000)]
  0x00000211b5329800 JavaThread "jar transforms Thread 240" [_thread_blocked, id=6612, stack(0x000000127bd00000,0x000000127be00000)]
  0x00000211b532f800 JavaThread "jar transforms Thread 241" [_thread_blocked, id=15056, stack(0x000000127be00000,0x000000127bf00000)]
  0x00000211b5330000 JavaThread "jar transforms Thread 242" [_thread_blocked, id=9556, stack(0x000000127bf00000,0x000000127c000000)]
  0x00000211b532d000 JavaThread "jar transforms Thread 243" [_thread_blocked, id=1596, stack(0x000000127c000000,0x000000127c100000)]
  0x00000211b532a800 JavaThread "jar transforms Thread 244" [_thread_blocked, id=16028, stack(0x000000127c100000,0x000000127c200000)]
  0x00000211b55c8800 JavaThread "jar transforms Thread 245" [_thread_blocked, id=16024, stack(0x000000127c200000,0x000000127c300000)]
  0x00000211b55cc000 JavaThread "jar transforms Thread 246" [_thread_blocked, id=13612, stack(0x000000127c300000,0x000000127c400000)]
  0x00000211b55cf000 JavaThread "jar transforms Thread 247" [_thread_blocked, id=14000, stack(0x000000127c400000,0x000000127c500000)]
  0x00000211b55cc800 JavaThread "jar transforms Thread 248" [_thread_blocked, id=14748, stack(0x000000127c500000,0x000000127c600000)]
  0x00000211b55c9800 JavaThread "jar transforms Thread 249" [_thread_blocked, id=4392, stack(0x000000127c600000,0x000000127c700000)]
  0x00000211b55cb000 JavaThread "jar transforms Thread 250" [_thread_blocked, id=1428, stack(0x000000127c700000,0x000000127c800000)]
  0x00000211b55cd800 JavaThread "jar transforms Thread 251" [_thread_blocked, id=8212, stack(0x000000127c800000,0x000000127c900000)]
  0x00000211b55ce000 JavaThread "jar transforms Thread 252" [_thread_blocked, id=7840, stack(0x000000127c900000,0x000000127ca00000)]
  0x00000211b55d0000 JavaThread "jar transforms Thread 253" [_thread_blocked, id=3444, stack(0x000000127ca00000,0x000000127cb00000)]
  0x00000211b55ca000 JavaThread "jar transforms Thread 254" [_thread_blocked, id=2508, stack(0x000000127cb00000,0x000000127cc00000)]
  0x00000211b55d5800 JavaThread "jar transforms Thread 255" [_thread_blocked, id=14972, stack(0x000000127cc00000,0x000000127cd00000)]
  0x00000211b55d3000 JavaThread "jar transforms Thread 256" [_thread_blocked, id=13948, stack(0x000000127cd00000,0x000000127ce00000)]
  0x00000211b55d6800 JavaThread "jar transforms Thread 257" [_thread_blocked, id=12324, stack(0x000000127ce00000,0x000000127cf00000)]
  0x00000211b55d4000 JavaThread "jar transforms Thread 258" [_thread_blocked, id=14396, stack(0x000000127cf00000,0x000000127d000000)]
  0x00000211b55d0800 JavaThread "jar transforms Thread 259" [_thread_blocked, id=12512, stack(0x000000127d000000,0x000000127d100000)]
  0x00000211b55d7000 JavaThread "jar transforms Thread 260" [_thread_blocked, id=13916, stack(0x000000127d100000,0x000000127d200000)]
  0x00000211b55d1800 JavaThread "jar transforms Thread 261" [_thread_blocked, id=6336, stack(0x000000127d200000,0x000000127d300000)]
  0x00000211b55d2800 JavaThread "jar transforms Thread 262" [_thread_blocked, id=11484, stack(0x000000127d300000,0x000000127d400000)]
  0x00000211b55d5000 JavaThread "jar transforms Thread 263" [_thread_blocked, id=6856, stack(0x000000127d400000,0x000000127d500000)]
  0x00000211b310b800 JavaThread "jar transforms Thread 264" [_thread_blocked, id=5036, stack(0x000000127d500000,0x000000127d600000)]
  0x00000211b310e800 JavaThread "jar transforms Thread 265" [_thread_blocked, id=14944, stack(0x000000127d600000,0x000000127d700000)]
  0x00000211b310e000 JavaThread "jar transforms Thread 266" [_thread_blocked, id=12612, stack(0x000000127d700000,0x000000127d800000)]
  0x00000211b310c000 JavaThread "jar transforms Thread 267" [_thread_blocked, id=14752, stack(0x000000127d800000,0x000000127d900000)]
  0x00000211b3110800 JavaThread "jar transforms Thread 268" [_thread_blocked, id=1704, stack(0x000000127d900000,0x000000127da00000)]
  0x00000211b310a800 JavaThread "jar transforms Thread 269" [_thread_blocked, id=13384, stack(0x000000127da00000,0x000000127db00000)]
  0x00000211b3111000 JavaThread "jar transforms Thread 270" [_thread_blocked, id=8812, stack(0x000000127db00000,0x000000127dc00000)]
  0x00000211b3112000 JavaThread "jar transforms Thread 271" [_thread_blocked, id=13760, stack(0x000000127dc00000,0x000000127dd00000)]
  0x00000211b310d000 JavaThread "jar transforms Thread 272" [_thread_blocked, id=13056, stack(0x000000127dd00000,0x000000127de00000)]
  0x00000211b3115000 JavaThread "jar transforms Thread 273" [_thread_blocked, id=13444, stack(0x000000127de00000,0x000000127df00000)]
  0x00000211b3113000 JavaThread "jar transforms Thread 274" [_thread_blocked, id=2824, stack(0x000000127df00000,0x000000127e000000)]
  0x00000211b3113800 JavaThread "jar transforms Thread 275" [_thread_blocked, id=4496, stack(0x000000127e000000,0x000000127e100000)]
  0x00000211b3114800 JavaThread "jar transforms Thread 276" [_thread_blocked, id=14604, stack(0x000000127e100000,0x000000127e200000)]
  0x00000211b310f800 JavaThread "jar transforms Thread 277" [_thread_blocked, id=6424, stack(0x000000127e200000,0x000000127e300000)]
  0x00000211b3118800 JavaThread "jar transforms Thread 278" [_thread_blocked, id=9600, stack(0x000000127e300000,0x000000127e400000)]
  0x00000211b3119800 JavaThread "jar transforms Thread 279" [_thread_blocked, id=5448, stack(0x000000127e400000,0x000000127e500000)]
  0x00000211b3116000 JavaThread "jar transforms Thread 280" [_thread_blocked, id=10156, stack(0x000000127e500000,0x000000127e600000)]
  0x00000211b3117000 JavaThread "jar transforms Thread 281" [_thread_blocked, id=14860, stack(0x000000127e600000,0x000000127e700000)]
  0x00000211b3117800 JavaThread "jar transforms Thread 282" [_thread_blocked, id=1908, stack(0x000000127e700000,0x000000127e800000)]
  0x00000211bb7a6800 JavaThread "jar transforms Thread 283" [_thread_blocked, id=13428, stack(0x000000127e800000,0x000000127e900000)]
  0x00000211bb7a9000 JavaThread "jar transforms Thread 284" [_thread_blocked, id=14284, stack(0x000000127e900000,0x000000127ea00000)]
  0x00000211bb7aa000 JavaThread "jar transforms Thread 285" [_thread_blocked, id=2932, stack(0x000000127ea00000,0x000000127eb00000)]
  0x00000211bb7a4800 JavaThread "jar transforms Thread 286" [_thread_blocked, id=9436, stack(0x000000127eb00000,0x000000127ec00000)]
  0x00000211bb7ab000 JavaThread "jar transforms Thread 287" [_thread_blocked, id=14436, stack(0x000000127ec00000,0x000000127ed00000)]
  0x00000211bb7a5000 JavaThread "jar transforms Thread 288" [_thread_blocked, id=11644, stack(0x000000127ed00000,0x000000127ee00000)]
  0x00000211bb7ab800 JavaThread "jar transforms Thread 289" [_thread_blocked, id=5524, stack(0x000000127ee00000,0x000000127ef00000)]
  0x00000211bb7a7800 JavaThread "jar transforms Thread 290" [_thread_blocked, id=12040, stack(0x000000127ef00000,0x000000127f000000)]
  0x00000211bb7a8800 JavaThread "jar transforms Thread 291" [_thread_blocked, id=12564, stack(0x000000127f000000,0x000000127f100000)]
  0x00000211bb7a6000 JavaThread "build event listener" [_thread_blocked, id=9788, stack(0x000000127f100000,0x000000127f200000)]
  0x00000211bb7b0800 JavaThread "build event listener" [_thread_blocked, id=10456, stack(0x000000127f200000,0x000000127f300000)]
  0x00000211bb7af800 JavaThread "Execution worker for ':'" [_thread_blocked, id=9408, stack(0x000000127f300000,0x000000127f400000)]
  0x00000211bb7b1800 JavaThread "Execution worker for ':' Thread 2" [_thread_blocked, id=14980, stack(0x000000127f500000,0x000000127f600000)]
  0x00000211bb7b2000 JavaThread "Execution worker for ':' Thread 3" [_thread_blocked, id=14856, stack(0x000000127f600000,0x000000127f700000)]
  0x00000211bb7ae000 JavaThread "Execution worker for ':' Thread 4" [_thread_blocked, id=14940, stack(0x000000127f700000,0x000000127f800000)]
  0x00000211bb7ac800 JavaThread "Execution worker for ':' Thread 5" [_thread_blocked, id=8060, stack(0x000000127f800000,0x000000127f900000)]
  0x00000211bb7b3000 JavaThread "Execution worker for ':' Thread 6" [_thread_blocked, id=3084, stack(0x000000127f900000,0x000000127fa00000)]
  0x00000211bb7ad000 JavaThread "Execution worker for ':' Thread 7" [_thread_blocked, id=15060, stack(0x000000127fa00000,0x000000127fb00000)]
  0x00000211bb7af000 JavaThread "Cache worker for execution history cache (C:\Users\Ferz\AndroidStudioProjects\rumireazgarbovpractice4\.gradle\6.7.1\executionHistory)" [_thread_blocked, id=15236, stack(0x000000127fb00000,0x000000127fc00000)]
  0x00000211b5ef7800 JavaThread "WorkerExecutor Queue" [_thread_blocked, id=13068, stack(0x000000127fc00000,0x000000127fd00000)]
  0x00000211b5efc800 JavaThread "WorkerExecutor Queue Thread 2" [_thread_blocked, id=5288, stack(0x000000127fd00000,0x000000127fe00000)]
  0x00000211b5ef9000 JavaThread "WorkerExecutor Queue Thread 3" [_thread_blocked, id=3224, stack(0x000000127fe00000,0x000000127ff00000)]
  0x00000211b5ef7000 JavaThread "WorkerExecutor Queue Thread 4" [_thread_in_Java, id=14848, stack(0x0000001278400000,0x0000001278500000)]
  0x00000211b5efa000 JavaThread "WorkerExecutor Queue Thread 5" [_thread_blocked, id=11908, stack(0x000000127ff00000,0x0000001280000000)]
  0x00000211b5efb000 JavaThread "WorkerExecutor Queue Thread 6" [_thread_blocked, id=14696, stack(0x0000001200000000,0x0000001200100000)]
  0x00000211b5efb800 JavaThread "WorkerExecutor Queue Thread 7" [_thread_blocked, id=14064, stack(0x0000001200100000,0x0000001200200000)]
  0x00000211b5efd800 JavaThread "WorkerExecutor Queue Thread 8" [_thread_in_vm, id=9296, stack(0x0000001200200000,0x0000001200300000)]

Other Threads:
  0x00000211b1f98800 VMThread "VM Thread" [stack: 0x0000001276000000,0x0000001276100000] [id=6320]
  0x00000211b2a82800 WatcherThread [stack: 0x0000001276a00000,0x0000001276b00000] [id=7952]
  0x0000021197cb3000 GCTaskThread "GC Thread#0" [stack: 0x0000001275b00000,0x0000001275c00000] [id=5924]
  0x00000211b35d9800 GCTaskThread "GC Thread#1" [stack: 0x0000001276c00000,0x0000001276d00000] [id=4244]
  0x00000211b3999800 GCTaskThread "GC Thread#2" [stack: 0x0000001277900000,0x0000001277a00000] [id=6388]
  0x00000211b48c1000 GCTaskThread "GC Thread#3" [stack: 0x0000001277a00000,0x0000001277b00000] [id=8940]
  0x00000211b3abc800 GCTaskThread "GC Thread#4" [stack: 0x0000001277b00000,0x0000001277c00000] [id=13216]
  0x00000211b50f0000 GCTaskThread "GC Thread#5" [stack: 0x0000001277c00000,0x0000001277d00000] [id=9616]
  0x00000211b447f800 GCTaskThread "GC Thread#6" [stack: 0x0000001277d00000,0x0000001277e00000] [id=876]
  0x00000211b4483000 GCTaskThread "GC Thread#7" [stack: 0x0000001277e00000,0x0000001277f00000] [id=12268]
  0x0000021197ce4800 ConcurrentGCThread "G1 Main Marker" [stack: 0x0000001275c00000,0x0000001275d00000] [id=1808]
  0x0000021197ce7800 ConcurrentGCThread "G1 Conc#0" [stack: 0x0000001275d00000,0x0000001275e00000] [id=3564]
  0x00000211b4481000 ConcurrentGCThread "G1 Conc#1" [stack: 0x0000001278100000,0x0000001278200000] [id=2856]
  0x0000021197d73800 ConcurrentGCThread "G1 Refine#0" [stack: 0x0000001275e00000,0x0000001275f00000] [id=8072]
  0x00000211b5130000 ConcurrentGCThread "G1 Refine#1" [stack: 0x0000001275700000,0x0000001275800000] [id=2900]
  0x00000211bbf13800 ConcurrentGCThread "G1 Refine#2" [stack: 0x0000001275800000,0x0000001275900000] [id=13036]
  0x00000211b1df0800 ConcurrentGCThread "G1 Young RemSet Sampling" [stack: 0x0000001275f00000,0x0000001276000000] [id=12596]

Threads with active compile tasks:
C2 CompilerThread09856652 15593  s!   4       jdk.internal.loader.URLClassPath::getLoader (194 bytes)

VM state:not at safepoint (normal execution)

VM Mutex/Monitor currently owned by a thread:  ([mutex/lock_event])
[0x0000021197c97400] CompiledIC_lock - owner thread: 0x00000211b1fc6000

Heap address: 0x0000000080000000, size: 2048 MB, Compressed Oops mode: 32-bit
Narrow klass base: 0x0000000000000000, Narrow klass shift: 3
Compressed class space size: 1073741824 Address: 0x0000000100000000

Heap:
 garbage-first heap   total 183296K, used 123904K [0x0000000080000000, 0x0000000100000000)
  region size 1024K, 16 young (16384K), 2 survivors (2048K)
 Metaspace       used 112863K, capacity 115535K, committed 116044K, reserved 1155072K
  class space    used 13848K, capacity 14760K, committed 14924K, reserved 1048576K
Heap Regions: E=young(eden), S=young(survivor), O=old, HS=humongous(starts), HC=humongous(continues), CS=collection set, F=free, A=archive, TAMS=top-at-mark-start (previous, next)
|   0|0x0000000080000000, 0x0000000080100000, 0x0000000080100000|100%| O|  |TAMS 0x0000000080100000, 0x0000000080000000| Untracked 
|   1|0x0000000080100000, 0x0000000080200000, 0x0000000080200000|100%| O|  |TAMS 0x0000000080200000, 0x0000000080100000| Untracked 
|   2|0x0000000080200000, 0x0000000080300000, 0x0000000080300000|100%| O|  |TAMS 0x0000000080300000, 0x0000000080200000| Untracked 
|   3|0x0000000080300000, 0x0000000080400000, 0x0000000080400000|100%|HS|  |TAMS 0x0000000080400000, 0x0000000080300000| Complete 
|   4|0x0000000080400000, 0x0000000080500000, 0x0000000080500000|100%|HC|  |TAMS 0x0000000080500000, 0x0000000080400000| Complete 
|   5|0x0000000080500000, 0x0000000080600000, 0x0000000080600000|100%|HC|  |TAMS 0x0000000080600000, 0x0000000080500000| Complete 
|   6|0x0000000080600000, 0x0000000080700000, 0x0000000080700000|100%| O|  |TAMS 0x0000000080700000, 0x0000000080600000| Untracked 
|   7|0x0000000080700000, 0x0000000080800000, 0x0000000080800000|100%| O|  |TAMS 0x0000000080800000, 0x0000000080700000| Untracked 
|   8|0x0000000080800000, 0x0000000080900000, 0x0000000080900000|100%| O|  |TAMS 0x0000000080900000, 0x0000000080800000| Complete 
|   9|0x0000000080900000, 0x0000000080a00000, 0x0000000080a00000|100%| O|  |TAMS 0x0000000080a00000, 0x0000000080900000| Untracked 
|  10|0x0000000080a00000, 0x0000000080b00000, 0x0000000080b00000|100%| O|  |TAMS 0x0000000080b00000, 0x0000000080a00000| Untracked 
|  11|0x0000000080b00000, 0x0000000080c00000, 0x0000000080c00000|100%| O|  |TAMS 0x0000000080c00000, 0x0000000080b00000| Untracked 
|  12|0x0000000080c00000, 0x0000000080d00000, 0x0000000080d00000|100%| O|  |TAMS 0x0000000080d00000, 0x0000000080c00000| Complete 
|  13|0x0000000080d00000, 0x0000000080e00000, 0x0000000080e00000|100%| O|  |TAMS 0x0000000080e00000, 0x0000000080d00000| Untracked 
|  14|0x0000000080e00000, 0x0000000080f00000, 0x0000000080f00000|100%| O|  |TAMS 0x0000000080f00000, 0x0000000080e00000| Untracked 
|  15|0x0000000080f00000, 0x0000000081000000, 0x0000000081000000|100%| O|  |TAMS 0x0000000081000000, 0x0000000080f00000| Complete 
|  16|0x0000000081000000, 0x0000000081100000, 0x0000000081100000|100%|HS|  |TAMS 0x0000000081100000, 0x0000000081000000| Complete 
|  17|0x0000000081100000, 0x0000000081200000, 0x0000000081200000|100%|HC|  |TAMS 0x0000000081200000, 0x0000000081100000| Complete 
|  18|0x0000000081200000, 0x0000000081300000, 0x0000000081300000|100%|HS|  |TAMS 0x0000000081300000, 0x0000000081200000| Complete 
|  19|0x0000000081300000, 0x0000000081400000, 0x0000000081400000|100%|HC|  |TAMS 0x0000000081400000, 0x0000000081300000| Complete 
|  20|0x0000000081400000, 0x0000000081500000, 0x0000000081500000|100%|HC|  |TAMS 0x0000000081500000, 0x0000000081400000| Complete 
|  21|0x0000000081500000, 0x0000000081600000, 0x0000000081600000|100%|HS|  |TAMS 0x0000000081600000, 0x0000000081500000| Complete 
|  22|0x0000000081600000, 0x0000000081700000, 0x0000000081700000|100%|HC|  |TAMS 0x0000000081700000, 0x0000000081600000| Complete 
|  23|0x0000000081700000, 0x0000000081800000, 0x0000000081800000|100%|HC|  |TAMS 0x0000000081800000, 0x0000000081700000| Complete 
|  24|0x0000000081800000, 0x0000000081900000, 0x0000000081900000|100%|HC|  |TAMS 0x0000000081900000, 0x0000000081800000| Complete 
|  25|0x0000000081900000, 0x0000000081a00000, 0x0000000081a00000|100%| O|  |TAMS 0x0000000081a00000, 0x0000000081900000| Untracked 
|  26|0x0000000081a00000, 0x0000000081b00000, 0x0000000081b00000|100%| O|  |TAMS 0x0000000081b00000, 0x0000000081a00000| Untracked 
|  27|0x0000000081b00000, 0x0000000081c00000, 0x0000000081c00000|100%| O|  |TAMS 0x0000000081c00000, 0x0000000081b00000| Untracked 
|  28|0x0000000081c00000, 0x0000000081d00000, 0x0000000081d00000|100%| O|  |TAMS 0x0000000081d00000, 0x0000000081c00000| Complete 
|  29|0x0000000081d00000, 0x0000000081e00000, 0x0000000081e00000|100%| O|  |TAMS 0x0000000081e00000, 0x0000000081d00000| Complete 
|  30|0x0000000081e00000, 0x0000000081f00000, 0x0000000081f00000|100%| O|  |TAMS 0x0000000081f00000, 0x0000000081e00000| Complete 
|  31|0x0000000081f00000, 0x0000000082000000, 0x0000000082000000|100%| O|  |TAMS 0x0000000082000000, 0x0000000081f00000| Complete 
|  32|0x0000000082000000, 0x0000000082100000, 0x0000000082100000|100%|HS|  |TAMS 0x0000000082100000, 0x0000000082000000| Complete 
|  33|0x0000000082100000, 0x0000000082200000, 0x0000000082200000|100%|HC|  |TAMS 0x0000000082200000, 0x0000000082100000| Complete 
|  34|0x0000000082200000, 0x0000000082300000, 0x0000000082300000|100%|HC|  |TAMS 0x0000000082300000, 0x0000000082200000| Complete 
|  35|0x0000000082300000, 0x0000000082400000, 0x0000000082400000|100%|HS|  |TAMS 0x0000000082400000, 0x0000000082300000| Complete 
|  36|0x0000000082400000, 0x0000000082500000, 0x0000000082500000|100%|HC|  |TAMS 0x0000000082500000, 0x0000000082400000| Complete 
|  37|0x0000000082500000, 0x0000000082600000, 0x0000000082600000|100%|HC|  |TAMS 0x0000000082600000, 0x0000000082500000| Complete 
|  38|0x0000000082600000, 0x0000000082700000, 0x0000000082700000|100%|HC|  |TAMS 0x0000000082700000, 0x0000000082600000| Complete 
|  39|0x0000000082700000, 0x0000000082800000, 0x0000000082800000|100%| O|  |TAMS 0x0000000082800000, 0x0000000082700000| Untracked 
|  40|0x0000000082800000, 0x0000000082900000, 0x0000000082900000|100%| O|  |TAMS 0x0000000082900000, 0x0000000082800000| Untracked 
|  41|0x0000000082900000, 0x0000000082a00000, 0x0000000082a00000|100%| O|  |TAMS 0x0000000082a00000, 0x0000000082900000| Untracked 
|  42|0x0000000082a00000, 0x0000000082b00000, 0x0000000082b00000|100%| O|  |TAMS 0x0000000082b00000, 0x0000000082a00000| Untracked 
|  43|0x0000000082b00000, 0x0000000082c00000, 0x0000000082c00000|100%| O|  |TAMS 0x0000000082c00000, 0x0000000082b00000| Untracked 
|  44|0x0000000082c00000, 0x0000000082d00000, 0x0000000082d00000|100%| O|  |TAMS 0x0000000082d00000, 0x0000000082c00000| Untracked 
|  45|0x0000000082d00000, 0x0000000082e00000, 0x0000000082e00000|100%| O|  |TAMS 0x0000000082e00000, 0x0000000082d00000| Complete 
|  46|0x0000000082e00000, 0x0000000082f00000, 0x0000000082f00000|100%| O|  |TAMS 0x0000000082f00000, 0x0000000082e00000| Complete 
|  47|0x0000000082f00000, 0x0000000083000000, 0x0000000083000000|100%| O|  |TAMS 0x0000000083000000, 0x0000000082f00000| Untracked 
|  48|0x0000000083000000, 0x0000000083100000, 0x0000000083100000|100%|HS|  |TAMS 0x0000000083100000, 0x0000000083000000| Complete 
|  49|0x0000000083100000, 0x0000000083200000, 0x0000000083200000|100%|HS|  |TAMS 0x0000000083200000, 0x0000000083100000| Complete 
|  50|0x0000000083200000, 0x0000000083300000, 0x0000000083300000|100%|HC|  |TAMS 0x0000000083300000, 0x0000000083200000| Complete 
|  51|0x0000000083300000, 0x0000000083400000, 0x0000000083400000|100%| O|  |TAMS 0x0000000083400000, 0x0000000083300000| Untracked 
|  52|0x0000000083400000, 0x0000000083500000, 0x0000000083500000|100%| O|  |TAMS 0x0000000083500000, 0x0000000083400000| Untracked 
|  53|0x0000000083500000, 0x0000000083600000, 0x0000000083600000|100%| O|  |TAMS 0x0000000083600000, 0x0000000083500000| Complete 
|  54|0x0000000083600000, 0x0000000083700000, 0x0000000083700000|100%| O|  |TAMS 0x0000000083700000, 0x0000000083600000| Complete 
|  55|0x0000000083700000, 0x0000000083800000, 0x0000000083800000|100%| O|  |TAMS 0x0000000083800000, 0x0000000083700000| Untracked 
|  56|0x0000000083800000, 0x0000000083900000, 0x0000000083900000|100%| O|  |TAMS 0x0000000083900000, 0x0000000083800000| Untracked 
|  57|0x0000000083900000, 0x0000000083a00000, 0x0000000083a00000|100%| O|  |TAMS 0x0000000083a00000, 0x0000000083900000| Untracked 
|  58|0x0000000083a00000, 0x0000000083b00000, 0x0000000083b00000|100%| O|  |TAMS 0x0000000083b00000, 0x0000000083a00000| Untracked 
|  59|0x0000000083b00000, 0x0000000083c00000, 0x0000000083c00000|100%| O|  |TAMS 0x0000000083c00000, 0x0000000083b00000| Complete 
|  60|0x0000000083c00000, 0x0000000083d00000, 0x0000000083d00000|100%| O|  |TAMS 0x0000000083d00000, 0x0000000083c00000| Complete 
|  61|0x0000000083d00000, 0x0000000083e00000, 0x0000000083e00000|100%| O|  |TAMS 0x0000000083e00000, 0x0000000083d00000| Complete 
|  62|0x0000000083e00000, 0x0000000083f00000, 0x0000000083f00000|100%| O|  |TAMS 0x0000000083f00000, 0x0000000083e00000| Complete 
|  63|0x0000000083f00000, 0x0000000084000000, 0x0000000084000000|100%| O|  |TAMS 0x0000000084000000, 0x0000000083f00000| Untracked 
|  64|0x0000000084000000, 0x0000000084100000, 0x0000000084100000|100%| O|  |TAMS 0x0000000084100000, 0x0000000084000000| Untracked 
|  65|0x0000000084100000, 0x0000000084200000, 0x0000000084200000|100%| O|  |TAMS 0x0000000084200000, 0x0000000084100000| Untracked 
|  66|0x0000000084200000, 0x0000000084300000, 0x0000000084300000|100%| O|  |TAMS 0x0000000084300000, 0x0000000084200000| Untracked 
|  67|0x0000000084300000, 0x0000000084400000, 0x0000000084400000|100%| O|  |TAMS 0x0000000084400000, 0x0000000084300000| Untracked 
|  68|0x0000000084400000, 0x0000000084500000, 0x0000000084500000|100%| O|  |TAMS 0x0000000084500000, 0x0000000084400000| Untracked 
|  69|0x0000000084500000, 0x0000000084600000, 0x0000000084600000|100%| O|  |TAMS 0x0000000084600000, 0x0000000084500000| Untracked 
|  70|0x0000000084600000, 0x0000000084700000, 0x0000000084700000|100%| O|  |TAMS 0x0000000084700000, 0x0000000084600000| Untracked 
|  71|0x0000000084700000, 0x0000000084800000, 0x0000000084800000|100%| O|  |TAMS 0x0000000084800000, 0x0000000084700000| Untracked 
|  72|0x0000000084800000, 0x0000000084900000, 0x0000000084900000|100%| O|  |TAMS 0x0000000084900000, 0x0000000084800000| Untracked 
|  73|0x0000000084900000, 0x0000000084a00000, 0x0000000084a00000|100%| O|  |TAMS 0x0000000084a00000, 0x0000000084900000| Untracked 
|  74|0x0000000084a00000, 0x0000000084b00000, 0x0000000084b00000|100%| O|  |TAMS 0x0000000084b00000, 0x0000000084a00000| Untracked 
|  75|0x0000000084b00000, 0x0000000084c00000, 0x0000000084c00000|100%| O|  |TAMS 0x0000000084c00000, 0x0000000084b00000| Untracked 
|  76|0x0000000084c00000, 0x0000000084d00000, 0x0000000084d00000|100%| O|  |TAMS 0x0000000084d00000, 0x0000000084c00000| Complete 
|  77|0x0000000084d00000, 0x0000000084e00000, 0x0000000084e00000|100%| O|  |TAMS 0x0000000084e00000, 0x0000000084d00000| Complete 
|  78|0x0000000084e00000, 0x0000000084f00000, 0x0000000084f00000|100%| O|  |TAMS 0x0000000084f00000, 0x0000000084e00000| Untracked 
|  79|0x0000000084f00000, 0x0000000085000000, 0x0000000085000000|100%| O|  |TAMS 0x0000000085000000, 0x0000000084f00000| Complete 
|  80|0x0000000085000000, 0x0000000085100000, 0x0000000085100000|100%| O|  |TAMS 0x0000000085100000, 0x0000000085000000| Complete 
|  81|0x0000000085100000, 0x0000000085100000, 0x0000000085200000|  0%| F|  |TAMS 0x0000000085100000, 0x0000000085100000| Untracked 
|  82|0x0000000085200000, 0x0000000085300000, 0x0000000085300000|100%| O|  |TAMS 0x0000000085300000, 0x0000000085200000| Complete 
|  83|0x0000000085300000, 0x0000000085400000, 0x0000000085400000|100%| O|  |TAMS 0x0000000085400000, 0x0000000085300000| Untracked 
|  84|0x0000000085400000, 0x0000000085500000, 0x0000000085500000|100%| O|  |TAMS 0x0000000085500000, 0x0000000085400000| Complete 
|  85|0x0000000085500000, 0x0000000085600000, 0x0000000085600000|100%| O|  |TAMS 0x0000000085600000, 0x0000000085500000| Complete 
|  86|0x0000000085600000, 0x0000000085700000, 0x0000000085700000|100%| O|  |TAMS 0x0000000085700000, 0x0000000085600000| Complete 
|  87|0x0000000085700000, 0x0000000085800000, 0x0000000085800000|100%| O|  |TAMS 0x0000000085800000, 0x0000000085700000| Complete 
|  88|0x0000000085800000, 0x0000000085900000, 0x0000000085900000|100%| O|  |TAMS 0x0000000085900000, 0x0000000085800000| Complete 
|  89|0x0000000085900000, 0x0000000085a00000, 0x0000000085a00000|100%| O|  |TAMS 0x0000000085a00000, 0x0000000085900000| Complete 
|  90|0x0000000085a00000, 0x0000000085b00000, 0x0000000085b00000|100%| O|  |TAMS 0x0000000085b00000, 0x0000000085a00000| Untracked 
|  91|0x0000000085b00000, 0x0000000085c00000, 0x0000000085c00000|100%| O|  |TAMS 0x0000000085c00000, 0x0000000085b00000| Complete 
|  92|0x0000000085c00000, 0x0000000085d00000, 0x0000000085d00000|100%| O|  |TAMS 0x0000000085d00000, 0x0000000085c00000| Complete 
|  93|0x0000000085d00000, 0x0000000085e00000, 0x0000000085e00000|100%| O|  |TAMS 0x0000000085e00000, 0x0000000085d00000| Complete 
|  94|0x0000000085e00000, 0x0000000085f00000, 0x0000000085f00000|100%| O|  |TAMS 0x0000000085f00000, 0x0000000085e00000| Complete 
|  95|0x0000000085f00000, 0x0000000085f00000, 0x0000000086000000|  0%| F|  |TAMS 0x0000000085f00000, 0x0000000085f00000| Untracked 
|  96|0x0000000086000000, 0x0000000086100000, 0x0000000086100000|100%| O|  |TAMS 0x0000000086100000, 0x0000000086000000| Complete 
|  97|0x0000000086100000, 0x0000000086200000, 0x0000000086200000|100%| O|  |TAMS 0x0000000086200000, 0x0000000086100000| Complete 
|  98|0x0000000086200000, 0x0000000086300000, 0x0000000086300000|100%| O|  |TAMS 0x0000000086300000, 0x0000000086200000| Complete 
|  99|0x0000000086300000, 0x0000000086400000, 0x0000000086400000|100%| O|  |TAMS 0x0000000086400000, 0x0000000086300000| Complete 
| 100|0x0000000086400000, 0x0000000086500000, 0x0000000086500000|100%| O|  |TAMS 0x0000000086500000, 0x0000000086400000| Complete 
| 101|0x0000000086500000, 0x0000000086600000, 0x0000000086600000|100%| O|  |TAMS 0x0000000086600000, 0x0000000086500000| Complete 
| 102|0x0000000086600000, 0x0000000086600000, 0x0000000086700000|  0%| F|  |TAMS 0x0000000086600000, 0x0000000086600000| Untracked 
| 103|0x0000000086700000, 0x0000000086800000, 0x0000000086800000|100%| O|  |TAMS 0x0000000086800000, 0x0000000086700000| Complete 
| 104|0x0000000086800000, 0x0000000086900000, 0x0000000086900000|100%| O|  |TAMS 0x0000000086900000, 0x0000000086800000| Complete 
| 105|0x0000000086900000, 0x0000000086900000, 0x0000000086a00000|  0%| F|  |TAMS 0x0000000086900000, 0x0000000086900000| Untracked 
| 106|0x0000000086a00000, 0x0000000086a00000, 0x0000000086b00000|  0%| F|  |TAMS 0x0000000086a00000, 0x0000000086a00000| Untracked 
| 107|0x0000000086b00000, 0x0000000086b00000, 0x0000000086c00000|  0%| F|  |TAMS 0x0000000086b00000, 0x0000000086b00000| Untracked 
| 108|0x0000000086c00000, 0x0000000086c00000, 0x0000000086d00000|  0%| F|  |TAMS 0x0000000086c00000, 0x0000000086c00000| Untracked 
| 109|0x0000000086d00000, 0x0000000086e00000, 0x0000000086e00000|100%| O|  |TAMS 0x0000000086e00000, 0x0000000086d00000| Complete 
| 110|0x0000000086e00000, 0x0000000086f00000, 0x0000000086f00000|100%| O|  |TAMS 0x0000000086f00000, 0x0000000086e00000| Complete 
| 111|0x0000000086f00000, 0x0000000087000000, 0x0000000087000000|100%| O|  |TAMS 0x0000000087000000, 0x0000000086f00000| Complete 
| 112|0x0000000087000000, 0x0000000087100000, 0x0000000087100000|100%| O|  |TAMS 0x0000000087100000, 0x0000000087000000| Complete 
| 113|0x0000000087100000, 0x0000000087200000, 0x0000000087200000|100%| O|  |TAMS 0x0000000087200000, 0x0000000087100000| Complete 
| 114|0x0000000087200000, 0x0000000087200000, 0x0000000087300000|  0%| F|  |TAMS 0x0000000087200000, 0x0000000087200000| Untracked 
| 115|0x0000000087300000, 0x0000000087300000, 0x0000000087400000|  0%| F|  |TAMS 0x0000000087300000, 0x0000000087300000| Untracked 
| 116|0x0000000087400000, 0x0000000087400000, 0x0000000087500000|  0%| F|  |TAMS 0x0000000087400000, 0x0000000087400000| Untracked 
| 117|0x0000000087500000, 0x0000000087500000, 0x0000000087600000|  0%| F|  |TAMS 0x0000000087500000, 0x0000000087500000| Untracked 
| 118|0x0000000087600000, 0x0000000087600000, 0x0000000087700000|  0%| F|  |TAMS 0x0000000087600000, 0x0000000087600000| Untracked 
| 119|0x0000000087700000, 0x0000000087700000, 0x0000000087800000|  0%| F|  |TAMS 0x0000000087700000, 0x0000000087700000| Untracked 
| 120|0x0000000087800000, 0x0000000087800000, 0x0000000087900000|  0%| F|  |TAMS 0x0000000087800000, 0x0000000087800000| Untracked 
| 121|0x0000000087900000, 0x0000000087900000, 0x0000000087a00000|  0%| F|  |TAMS 0x0000000087900000, 0x0000000087900000| Untracked 
| 122|0x0000000087a00000, 0x0000000087a00000, 0x0000000087b00000|  0%| F|  |TAMS 0x0000000087a00000, 0x0000000087a00000| Untracked 
| 123|0x0000000087b00000, 0x0000000087b00000, 0x0000000087c00000|  0%| F|  |TAMS 0x0000000087b00000, 0x0000000087b00000| Untracked 
| 124|0x0000000087c00000, 0x0000000087c00000, 0x0000000087d00000|  0%| F|  |TAMS 0x0000000087c00000, 0x0000000087c00000| Untracked 
| 125|0x0000000087d00000, 0x0000000087d00000, 0x0000000087e00000|  0%| F|  |TAMS 0x0000000087d00000, 0x0000000087d00000| Untracked 
| 126|0x0000000087e00000, 0x0000000087e00000, 0x0000000087f00000|  0%| F|  |TAMS 0x0000000087e00000, 0x0000000087e00000| Untracked 
| 127|0x0000000087f00000, 0x0000000087f00000, 0x0000000088000000|  0%| F|  |TAMS 0x0000000087f00000, 0x0000000087f00000| Untracked 
| 128|0x0000000088000000, 0x0000000088000000, 0x0000000088100000|  0%| F|  |TAMS 0x0000000088000000, 0x0000000088000000| Untracked 
| 129|0x0000000088100000, 0x0000000088100000, 0x0000000088200000|  0%| F|  |TAMS 0x0000000088100000, 0x0000000088100000| Untracked 
| 130|0x0000000088200000, 0x0000000088200000, 0x0000000088300000|  0%| F|  |TAMS 0x0000000088200000, 0x0000000088200000| Untracked 
| 131|0x0000000088300000, 0x0000000088400000, 0x0000000088400000|100%| S|CS|TAMS 0x0000000088300000, 0x0000000088300000| Complete 
| 132|0x0000000088400000, 0x0000000088500000, 0x0000000088500000|100%| S|CS|TAMS 0x0000000088400000, 0x0000000088400000| Complete 
| 133|0x0000000088500000, 0x0000000088500000, 0x0000000088600000|  0%| F|  |TAMS 0x0000000088500000, 0x0000000088500000| Untracked 
| 134|0x0000000088600000, 0x0000000088600000, 0x0000000088700000|  0%| F|  |TAMS 0x0000000088600000, 0x0000000088600000| Untracked 
| 135|0x0000000088700000, 0x0000000088700000, 0x0000000088800000|  0%| F|  |TAMS 0x0000000088700000, 0x0000000088700000| Untracked 
| 136|0x0000000088800000, 0x0000000088800000, 0x0000000088900000|  0%| F|  |TAMS 0x0000000088800000, 0x0000000088800000| Untracked 
| 137|0x0000000088900000, 0x0000000088900000, 0x0000000088a00000|  0%| F|  |TAMS 0x0000000088900000, 0x0000000088900000| Untracked 
| 138|0x0000000088a00000, 0x0000000088a00000, 0x0000000088b00000|  0%| F|  |TAMS 0x0000000088a00000, 0x0000000088a00000| Untracked 
| 139|0x0000000088b00000, 0x0000000088b00000, 0x0000000088c00000|  0%| F|  |TAMS 0x0000000088b00000, 0x0000000088b00000| Untracked 
| 140|0x0000000088c00000, 0x0000000088c00000, 0x0000000088d00000|  0%| F|  |TAMS 0x0000000088c00000, 0x0000000088c00000| Untracked 
| 141|0x0000000088d00000, 0x0000000088d00000, 0x0000000088e00000|  0%| F|  |TAMS 0x0000000088d00000, 0x0000000088d00000| Untracked 
| 142|0x0000000088e00000, 0x0000000088e00000, 0x0000000088f00000|  0%| F|  |TAMS 0x0000000088e00000, 0x0000000088e00000| Untracked 
| 143|0x0000000088f00000, 0x0000000088f00000, 0x0000000089000000|  0%| F|  |TAMS 0x0000000088f00000, 0x0000000088f00000| Untracked 
| 144|0x0000000089000000, 0x0000000089000000, 0x0000000089100000|  0%| F|  |TAMS 0x0000000089000000, 0x0000000089000000| Untracked 
| 145|0x0000000089100000, 0x0000000089100000, 0x0000000089200000|  0%| F|  |TAMS 0x0000000089100000, 0x0000000089100000| Untracked 
| 146|0x0000000089200000, 0x0000000089200000, 0x0000000089300000|  0%| F|  |TAMS 0x0000000089200000, 0x0000000089200000| Untracked 
| 147|0x0000000089300000, 0x0000000089300000, 0x0000000089400000|  0%| F|  |TAMS 0x0000000089300000, 0x0000000089300000| Untracked 
| 148|0x0000000089400000, 0x0000000089400000, 0x0000000089500000|  0%| F|  |TAMS 0x0000000089400000, 0x0000000089400000| Untracked 
| 149|0x0000000089500000, 0x0000000089500000, 0x0000000089600000|  0%| F|  |TAMS 0x0000000089500000, 0x0000000089500000| Untracked 
| 150|0x0000000089600000, 0x0000000089600000, 0x0000000089700000|  0%| F|  |TAMS 0x0000000089600000, 0x0000000089600000| Untracked 
| 151|0x0000000089700000, 0x0000000089700000, 0x0000000089800000|  0%| F|  |TAMS 0x0000000089700000, 0x0000000089700000| Untracked 
| 152|0x0000000089800000, 0x0000000089800000, 0x0000000089900000|  0%| F|  |TAMS 0x0000000089800000, 0x0000000089800000| Untracked 
| 153|0x0000000089900000, 0x0000000089900000, 0x0000000089a00000|  0%| F|  |TAMS 0x0000000089900000, 0x0000000089900000| Untracked 
| 154|0x0000000089a00000, 0x0000000089a00000, 0x0000000089b00000|  0%| F|  |TAMS 0x0000000089a00000, 0x0000000089a00000| Untracked 
| 155|0x0000000089b00000, 0x0000000089b00000, 0x0000000089c00000|  0%| F|  |TAMS 0x0000000089b00000, 0x0000000089b00000| Untracked 
| 156|0x0000000089c00000, 0x0000000089c00000, 0x0000000089d00000|  0%| F|  |TAMS 0x0000000089c00000, 0x0000000089c00000| Untracked 
| 157|0x0000000089d00000, 0x0000000089d00000, 0x0000000089e00000|  0%| F|  |TAMS 0x0000000089d00000, 0x0000000089d00000| Untracked 
| 158|0x0000000089e00000, 0x0000000089e00000, 0x0000000089f00000|  0%| F|  |TAMS 0x0000000089e00000, 0x0000000089e00000| Untracked 
| 159|0x0000000089f00000, 0x0000000089f00000, 0x000000008a000000|  0%| F|  |TAMS 0x0000000089f00000, 0x0000000089f00000| Untracked 
| 160|0x000000008a000000, 0x000000008a000000, 0x000000008a100000|  0%| F|  |TAMS 0x000000008a000000, 0x000000008a000000| Untracked 
| 161|0x000000008a100000, 0x000000008a100000, 0x000000008a200000|  0%| F|  |TAMS 0x000000008a100000, 0x000000008a100000| Untracked 
| 162|0x000000008a200000, 0x000000008a200000, 0x000000008a300000|  0%| F|  |TAMS 0x000000008a200000, 0x000000008a200000| Untracked 
| 163|0x000000008a300000, 0x000000008a300000, 0x000000008a400000|  0%| F|  |TAMS 0x000000008a300000, 0x000000008a300000| Untracked 
| 164|0x000000008a400000, 0x000000008a400000, 0x000000008a500000|  0%| F|  |TAMS 0x000000008a400000, 0x000000008a400000| Untracked 
| 165|0x000000008a500000, 0x000000008a5842f0, 0x000000008a600000| 51%| E|  |TAMS 0x000000008a500000, 0x000000008a500000| Complete 
| 166|0x000000008a600000, 0x000000008a700000, 0x000000008a700000|100%| E|CS|TAMS 0x000000008a600000, 0x000000008a600000| Complete 
| 167|0x000000008a700000, 0x000000008a800000, 0x000000008a800000|100%| E|CS|TAMS 0x000000008a700000, 0x000000008a700000| Complete 
| 168|0x000000008a800000, 0x000000008a900000, 0x000000008a900000|100%| E|CS|TAMS 0x000000008a800000, 0x000000008a800000| Complete 
| 169|0x000000008a900000, 0x000000008aa00000, 0x000000008aa00000|100%| E|CS|TAMS 0x000000008a900000, 0x000000008a900000| Complete 
| 170|0x000000008aa00000, 0x000000008ab00000, 0x000000008ab00000|100%| E|CS|TAMS 0x000000008aa00000, 0x000000008aa00000| Complete 
| 171|0x000000008ab00000, 0x000000008ac00000, 0x000000008ac00000|100%| E|CS|TAMS 0x000000008ab00000, 0x000000008ab00000| Complete 
| 172|0x000000008ac00000, 0x000000008ad00000, 0x000000008ad00000|100%| E|CS|TAMS 0x000000008ac00000, 0x000000008ac00000| Complete 
| 173|0x000000008ad00000, 0x000000008ae00000, 0x000000008ae00000|100%| E|CS|TAMS 0x000000008ad00000, 0x000000008ad00000| Complete 
| 174|0x000000008ae00000, 0x000000008af00000, 0x000000008af00000|100%| E|CS|TAMS 0x000000008ae00000, 0x000000008ae00000| Complete 
| 175|0x000000008af00000, 0x000000008b000000, 0x000000008b000000|100%| E|  |TAMS 0x000000008af00000, 0x000000008af00000| Complete 
| 176|0x000000008b000000, 0x000000008b100000, 0x000000008b100000|100%| E|CS|TAMS 0x000000008b000000, 0x000000008b000000| Complete 
| 177|0x000000008b100000, 0x000000008b200000, 0x000000008b200000|100%| E|CS|TAMS 0x000000008b100000, 0x000000008b100000| Complete 
| 178|0x000000008b200000, 0x000000008b300000, 0x000000008b300000|100%| E|CS|TAMS 0x000000008b200000, 0x000000008b200000| Complete 

Card table byte_map: [0x00000211aad50000,0x00000211ab150000] _byte_map_base: 0x00000211aa950000

Marking Bits (Prev, Next): (CMBitMap*) 0x0000021197cdbc08, (CMBitMap*) 0x0000021197cdbc40
 Prev Bits: [0x00000211ab550000, 0x00000211ad550000)
 Next Bits: [0x00000211ad550000, 0x00000211af550000)

Polling page: 0x0000021195bf0000

Metaspace:

Usage:
  Non-class:     98.41 MB capacity,    96.71 MB ( 98%) used,     1.44 MB (  1%) free+waste,   270.69 KB ( <1%) overhead. 
      Class:     14.41 MB capacity,    13.52 MB ( 94%) used,   792.55 KB (  5%) free+waste,   118.88 KB ( <1%) overhead. 
       Both:    112.83 MB capacity,   110.24 MB ( 98%) used,     2.21 MB (  2%) free+waste,   389.56 KB ( <1%) overhead. 

Virtual space:
  Non-class space:      104.00 MB reserved,      98.75 MB ( 95%) committed 
      Class space:        1.00 GB reserved,      14.57 MB (  1%) committed 
             Both:        1.10 GB reserved,     113.32 MB ( 10%) committed 

Chunk freelists:
   Non-Class:  217.00 KB
       Class:  120.00 KB
        Both:  337.00 KB

MaxMetaspaceSize: 17179869184.00 GB
CompressedClassSpaceSize: 1.00 GB

CodeHeap 'non-profiled nmethods': size=120000Kb used=9851Kb max_used=9905Kb free=110148Kb
 bounds [0x00000211a30f0000, 0x00000211a3aa0000, 0x00000211aa620000]
CodeHeap 'profiled nmethods': size=120000Kb used=30703Kb max_used=30759Kb free=89296Kb
 bounds [0x000002119bbc0000, 0x000002119d9e0000, 0x00000211a30f0000]
CodeHeap 'non-nmethods': size=5760Kb used=2362Kb max_used=2437Kb free=3397Kb
 bounds [0x000002119b620000, 0x000002119b890000, 0x000002119bbc0000]
 total_blobs=15026 nmethods=14057 adapters=879
 compilation: enabled
              stopped_count=1, restarted_count=1
 full_count=1

Compilation events (20 events):
Event: 9856.527 Thread 0x00000211b1fc4800 15815       2       java.net.URLClassLoader::getAndVerifyPackage (109 bytes)
Event: 9856.527 Thread 0x00000211b6b95800 nmethod 15809 0x00000211a3a95110 code [0x00000211a3a952a0, 0x00000211a3a95338]
Event: 9856.528 Thread 0x00000211b6b95800 15617       4       java.lang.String::equalsIgnoreCase (45 bytes)
Event: 9856.528 Thread 0x00000211b1fc4800 nmethod 15815 0x000002119d9d0290 code [0x000002119d9d0560, 0x000002119d9d0f68]
Event: 9856.532 Thread 0x00000211b1fc4800 15816       3       com.android.aaptcompiler.XmlStringBuilder::append (494 bytes)
Event: 9856.535 Thread 0x00000211b1fc4800 nmethod 15816 0x000002119d9d1510 code [0x000002119d9d1b40, 0x000002119d9d4cd8]
Event: 9856.538 Thread 0x00000211b1fc4800 15822       1       com.android.aaptcompiler.Style::setParent (6 bytes)
Event: 9856.538 Thread 0x00000211b1fc4800 nmethod 15822 0x00000211a3a95410 code [0x00000211a3a955c0, 0x00000211a3a956b8]
Event: 9856.538 Thread 0x00000211b1fc4800 15823       2       com.sun.xml.internal.stream.events.StartElementEvent::getNamespaceURI (46 bytes)
Event: 9856.539 Thread 0x00000211b1fc4800 nmethod 15823 0x000002119be44110 code [0x000002119be442e0, 0x000002119be444b8]
Event: 9856.541 Thread 0x00000211b6b95800 nmethod 15617 0x00000211a3a95710 code [0x00000211a3a958e0, 0x00000211a3a95fb8]
Event: 9856.541 Thread 0x00000211b6b95800 15810       4       com.sun.org.apache.xerces.internal.impl.XMLEntityScanner::scanContent (690 bytes)
Event: 9856.545 Thread 0x00000211b1fc4800 15824 %     3       com.android.aaptcompiler.ResourceUtilsKt::parseXmlAttributeName @ 133 (309 bytes)
Event: 9856.547 Thread 0x00000211b1fc4800 nmethod 15824% 0x000002119d9d5c90 code [0x000002119d9d6040, 0x000002119d9d7908]
Event: 9856.547 Thread 0x00000211b1fc4800 15825       2       com.android.aaptcompiler.TableExtractor::parseStyleImpl (552 bytes)
Event: 9856.552 Thread 0x00000211b1fc4800 nmethod 15825 0x000002119d9d8210 code [0x000002119d9d8740, 0x000002119d9da338]
Event: 9856.552 Thread 0x00000211b1fc4800 15826       3       com.android.aaptcompiler.ResourceUtilsKt::extractResourceName (332 bytes)
Event: 9856.555 Thread 0x00000211b1fc4800 nmethod 15826 0x000002119d9db310 code [0x000002119d9db760, 0x000002119d9dd958]
Event: 9856.565 Thread 0x00000211b6b95800 nmethod 15810 0x00000211a3a96490 code [0x00000211a3a96660, 0x00000211a3a96f18]
Event: 9856.565 Thread 0x00000211b6b95800 15827       4       java.lang.String::regionMatches (150 bytes)

GC Heap History (20 events):
Event: 9852.045 GC heap before
{Heap before GC invocations=66 (full 0):
 garbage-first heap   total 152576K, used 99643K [0x0000000080000000, 0x0000000100000000)
  region size 1024K, 11 young (11264K), 6 survivors (6144K)
 Metaspace       used 109022K, capacity 111596K, committed 112204K, reserved 1146880K
  class space    used 13537K, capacity 14462K, committed 14668K, reserved 1048576K
}
Event: 9852.063 GC heap after
{Heap after GC invocations=67 (full 0):
 garbage-first heap   total 152576K, used 98012K [0x0000000080000000, 0x0000000100000000)
  region size 1024K, 2 young (2048K), 2 survivors (2048K)
 Metaspace       used 109022K, capacity 111596K, committed 112204K, reserved 1146880K
  class space    used 13537K, capacity 14462K, committed 14668K, reserved 1048576K
}
Event: 9852.563 GC heap before
{Heap before GC invocations=68 (full 0):
 garbage-first heap   total 152576K, used 120540K [0x0000000080000000, 0x0000000100000000)
  region size 1024K, 21 young (21504K), 2 survivors (2048K)
 Metaspace       used 109044K, capacity 111645K, committed 112460K, reserved 1146880K
  class space    used 13535K, capacity 14457K, committed 14668K, reserved 1048576K
}
Event: 9852.571 GC heap after
{Heap after GC invocations=69 (full 0):
 garbage-first heap   total 152576K, used 103806K [0x0000000080000000, 0x0000000100000000)
  region size 1024K, 3 young (3072K), 3 survivors (3072K)
 Metaspace       used 109044K, capacity 111645K, committed 112460K, reserved 1146880K
  class space    used 13535K, capacity 14457K, committed 14668K, reserved 1048576K
}
Event: 9852.660 GC heap before
{Heap before GC invocations=69 (full 0):
 garbage-first heap   total 152576K, used 107902K [0x0000000080000000, 0x0000000100000000)
  region size 1024K, 7 young (7168K), 3 survivors (3072K)
 Metaspace       used 109080K, capacity 111645K, committed 112460K, reserved 1146880K
  class space    used 13535K, capacity 14457K, committed 14668K, reserved 1048576K
}
Event: 9852.666 GC heap after
{Heap after GC invocations=70 (full 0):
 garbage-first heap   total 152576K, used 104822K [0x0000000080000000, 0x0000000100000000)
  region size 1024K, 1 young (1024K), 1 survivors (1024K)
 Metaspace       used 109080K, capacity 111645K, committed 112460K, reserved 1146880K
  class space    used 13535K, capacity 14457K, committed 14668K, reserved 1048576K
}
Event: 9852.983 GC heap before
{Heap before GC invocations=70 (full 0):
 garbage-first heap   total 152576K, used 119158K [0x0000000080000000, 0x0000000100000000)
  region size 1024K, 16 young (16384K), 1 survivors (1024K)
 Metaspace       used 109098K, capacity 111714K, committed 112460K, reserved 1146880K
  class space    used 13536K, capacity 14459K, committed 14668K, reserved 1048576K
}
Event: 9852.989 GC heap after
{Heap after GC invocations=71 (full 0):
 garbage-first heap   total 152576K, used 107290K [0x0000000080000000, 0x0000000100000000)
  region size 1024K, 2 young (2048K), 2 survivors (2048K)
 Metaspace       used 109098K, capacity 111714K, committed 112460K, reserved 1146880K
  class space    used 13536K, capacity 14459K, committed 14668K, reserved 1048576K
}
Event: 9853.696 GC heap before
{Heap before GC invocations=72 (full 0):
 garbage-first heap   total 152576K, used 123674K [0x0000000080000000, 0x0000000100000000)
  region size 1024K, 17 young (17408K), 2 survivors (2048K)
 Metaspace       used 109646K, capacity 112261K, committed 112716K, reserved 1146880K
  class space    used 13592K, capacity 14514K, committed 14668K, reserved 1048576K
}
Event: 9853.704 GC heap after
{Heap after GC invocations=73 (full 0):
 garbage-first heap   total 152576K, used 109708K [0x0000000080000000, 0x0000000100000000)
  region size 1024K, 3 young (3072K), 3 survivors (3072K)
 Metaspace       used 109646K, capacity 112261K, committed 112716K, reserved 1146880K
  class space    used 13592K, capacity 14514K, committed 14668K, reserved 1048576K
}
Event: 9853.954 GC heap before
{Heap before GC invocations=73 (full 0):
 garbage-first heap   total 152576K, used 117900K [0x0000000080000000, 0x0000000100000000)
  region size 1024K, 7 young (7168K), 3 survivors (3072K)
 Metaspace       used 109678K, capacity 112261K, committed 112716K, reserved 1146880K
  class space    used 13594K, capacity 14514K, committed 14668K, reserved 1048576K
}
Event: 9853.965 GC heap after
{Heap after GC invocations=74 (full 0):
 garbage-first heap   total 152576K, used 108634K [0x0000000080000000, 0x0000000100000000)
  region size 1024K, 1 young (1024K), 1 survivors (1024K)
 Metaspace       used 109678K, capacity 112261K, committed 112716K, reserved 1146880K
  class space    used 13594K, capacity 14514K, committed 14668K, reserved 1048576K
}
Event: 9854.945 GC heap before
{Heap before GC invocations=74 (full 0):
 garbage-first heap   total 152576K, used 123994K [0x0000000080000000, 0x0000000100000000)
  region size 1024K, 16 young (16384K), 1 survivors (1024K)
 Metaspace       used 109724K, capacity 112329K, committed 112972K, reserved 1146880K
  class space    used 13596K, capacity 14515K, committed 14668K, reserved 1048576K
}
Event: 9854.951 GC heap after
{Heap after GC invocations=75 (full 0):
 garbage-first heap   total 152576K, used 110592K [0x0000000080000000, 0x0000000100000000)
  region size 1024K, 2 young (2048K), 2 survivors (2048K)
 Metaspace       used 109724K, capacity 112329K, committed 112972K, reserved 1146880K
  class space    used 13596K, capacity 14515K, committed 14668K, reserved 1048576K
}
Event: 9855.720 GC heap before
{Heap before GC invocations=76 (full 0):
 garbage-first heap   total 152576K, used 140288K [0x0000000080000000, 0x0000000100000000)
  region size 1024K, 17 young (17408K), 2 survivors (2048K)
 Metaspace       used 109999K, capacity 112581K, committed 112972K, reserved 1146880K
  class space    used 13615K, capacity 14526K, committed 14668K, reserved 1048576K
}
Event: 9855.734 GC heap after
{Heap after GC invocations=77 (full 0):
 garbage-first heap   total 152576K, used 111287K [0x0000000080000000, 0x0000000100000000)
  region size 1024K, 2 young (2048K), 2 survivors (2048K)
 Metaspace       used 109999K, capacity 112581K, committed 112972K, reserved 1146880K
  class space    used 13615K, capacity 14526K, committed 14668K, reserved 1048576K
}
Event: 9855.787 GC heap before
{Heap before GC invocations=77 (full 0):
 garbage-first heap   total 152576K, used 115383K [0x0000000080000000, 0x0000000100000000)
  region size 1024K, 7 young (7168K), 2 survivors (2048K)
 Metaspace       used 110050K, capacity 112721K, committed 113228K, reserved 1148928K
  class space    used 13616K, capacity 14528K, committed 14668K, reserved 1048576K
}
Event: 9855.800 GC heap after
{Heap after GC invocations=78 (full 0):
 garbage-first heap   total 152576K, used 111521K [0x0000000080000000, 0x0000000100000000)
  region size 1024K, 1 young (1024K), 1 survivors (1024K)
 Metaspace       used 110050K, capacity 112721K, committed 113228K, reserved 1148928K
  class space    used 13616K, capacity 14528K, committed 14668K, reserved 1048576K
}
Event: 9856.150 GC heap before
{Heap before GC invocations=78 (full 0):
 garbage-first heap   total 152576K, used 125857K [0x0000000080000000, 0x0000000100000000)
  region size 1024K, 16 young (16384K), 1 survivors (1024K)
 Metaspace       used 111119K, capacity 113711K, committed 114124K, reserved 1148928K
  class space    used 13701K, capacity 14600K, committed 14796K, reserved 1048576K
}
Event: 9856.185 GC heap after
{Heap after GC invocations=79 (full 0):
 garbage-first heap   total 183296K, used 113664K [0x0000000080000000, 0x0000000100000000)
  region size 1024K, 2 young (2048K), 2 survivors (2048K)
 Metaspace       used 111119K, capacity 113711K, committed 114124K, reserved 1148928K
  class space    used 13701K, capacity 14600K, committed 14796K, reserved 1048576K
}

Deoptimization events (20 events):
Event: 9856.526 Thread 0x00000211b5ef7000 DEOPT PACKING pc=0x000002119c2e32b0 sp=0x00000012784fccf0
Event: 9856.526 Thread 0x00000211b5ef7000 DEOPT UNPACKING pc=0x000002119b648ade sp=0x00000012784fc210 mode 0
Event: 9856.531 Thread 0x00000211b5ef7000 DEOPT PACKING pc=0x000002119d963dd9 sp=0x00000012784fcd10
Event: 9856.532 Thread 0x00000211b5ef7000 DEOPT UNPACKING pc=0x000002119b648ade sp=0x00000012784fc288 mode 0
Event: 9856.532 Thread 0x00000211b5ef7000 DEOPT PACKING pc=0x000002119c2e32b0 sp=0x00000012784fd0c0
Event: 9856.532 Thread 0x00000211b5ef7000 DEOPT UNPACKING pc=0x000002119b648ade sp=0x00000012784fc5e0 mode 0
Event: 9856.537 Thread 0x00000211b5ef7000 DEOPT PACKING pc=0x000002119c2e32b0 sp=0x00000012784fce80
Event: 9856.537 Thread 0x00000211b5ef7000 DEOPT UNPACKING pc=0x000002119b648ade sp=0x00000012784fc3a0 mode 0
Event: 9856.542 Thread 0x00000211b5ef7000 DEOPT PACKING pc=0x000002119c2e32b0 sp=0x00000012784fcb20
Event: 9856.542 Thread 0x00000211b5ef7000 DEOPT UNPACKING pc=0x000002119b648ade sp=0x00000012784fc040 mode 0
Event: 9856.546 Thread 0x00000211b5ef7000 DEOPT PACKING pc=0x000002119c2e32b0 sp=0x00000012784fc790
Event: 9856.546 Thread 0x00000211b5ef7000 DEOPT UNPACKING pc=0x000002119b648ade sp=0x00000012784fbcb0 mode 0
Event: 9856.548 Thread 0x00000211b5ef7000 DEOPT PACKING pc=0x000002119d9bee5f sp=0x00000012784fcc70
Event: 9856.548 Thread 0x00000211b5ef7000 DEOPT UNPACKING pc=0x000002119b648ade sp=0x00000012784fc1b0 mode 0
Event: 9856.552 Thread 0x00000211b5ef7000 DEOPT PACKING pc=0x000002119c2e32b0 sp=0x00000012784fce80
Event: 9856.552 Thread 0x00000211b5ef7000 DEOPT UNPACKING pc=0x000002119b648ade sp=0x00000012784fc3a0 mode 0
Event: 9856.559 Thread 0x00000211b5ef7000 DEOPT PACKING pc=0x000002119c2e32b0 sp=0x00000012784fcc80
Event: 9856.559 Thread 0x00000211b5ef7000 DEOPT UNPACKING pc=0x000002119b648ade sp=0x00000012784fc1a0 mode 0
Event: 9856.562 Thread 0x00000211b5ef7000 DEOPT PACKING pc=0x000002119c2e32b0 sp=0x00000012784fd0c0
Event: 9856.562 Thread 0x00000211b5ef7000 DEOPT UNPACKING pc=0x000002119b648ade sp=0x00000012784fc5e0 mode 0

Classes redefined (0 events):
No events

Internal exceptions (20 events):
Event: 9850.203 Thread 0x00000211bb7ae000 Exception <a 'java/lang/NoSuchMethodError'{0x0000000086dace48}: <clinit>> (0x0000000086dace48) thrown at [./src/hotspot/share/prims/jni.cpp, line 1362]
Event: 9852.036 Thread 0x00000211bb7b2000 Implicit null exception at 0x00000211a3957974 to 0x00000211a3957bcc
Event: 9853.383 Thread 0x00000211bb7b2000 Exception <a 'java/lang/NoSuchMethodError'{0x0000000088df8a30}: <clinit>> (0x0000000088df8a30) thrown at [./src/hotspot/share/prims/jni.cpp, line 1362]
Event: 9853.386 Thread 0x00000211bb7b2000 Exception <a 'java/lang/NoSuchMethodError'{0x0000000088c07d18}: <clinit>> (0x0000000088c07d18) thrown at [./src/hotspot/share/prims/jni.cpp, line 1362]
Event: 9853.407 Thread 0x00000211bb7b2000 Exception <a 'java/lang/NoSuchMethodError'{0x0000000088c6dee8}: <clinit>> (0x0000000088c6dee8) thrown at [./src/hotspot/share/prims/jni.cpp, line 1362]
Event: 9853.408 Thread 0x00000211bb7b2000 Exception <a 'java/lang/NoSuchMethodError'{0x0000000088c70808}: <clinit>> (0x0000000088c70808) thrown at [./src/hotspot/share/prims/jni.cpp, line 1362]
Event: 9853.409 Thread 0x00000211bb7b2000 Exception <a 'java/lang/NoSuchMethodError'{0x0000000088c74e88}: <clinit>> (0x0000000088c74e88) thrown at [./src/hotspot/share/prims/jni.cpp, line 1362]
Event: 9853.409 Thread 0x00000211bb7b2000 Exception <a 'java/lang/NoSuchMethodError'{0x0000000088c7fec0}: <clinit>> (0x0000000088c7fec0) thrown at [./src/hotspot/share/prims/jni.cpp, line 1362]
Event: 9853.425 Thread 0x00000211bb7b2000 Exception <a 'java/lang/NoSuchMethodError'{0x0000000088cd27f8}: <clinit>> (0x0000000088cd27f8) thrown at [./src/hotspot/share/prims/jni.cpp, line 1362]
Event: 9853.433 Thread 0x00000211bb7b2000 Exception <a 'java/lang/NoSuchMethodError'{0x0000000088b049b0}: <clinit>> (0x0000000088b049b0) thrown at [./src/hotspot/share/prims/jni.cpp, line 1362]
Event: 9853.434 Thread 0x00000211bb7b2000 Exception <a 'java/lang/NoSuchMethodError'{0x0000000088b07e18}: <clinit>> (0x0000000088b07e18) thrown at [./src/hotspot/share/prims/jni.cpp, line 1362]
Event: 9853.434 Thread 0x00000211bb7b2000 Exception <a 'java/lang/NoSuchMethodError'{0x0000000088b0aa88}: <clinit>> (0x0000000088b0aa88) thrown at [./src/hotspot/share/prims/jni.cpp, line 1362]
Event: 9853.437 Thread 0x00000211bb7b2000 Exception <a 'java/lang/NoSuchMethodError'{0x0000000088b22a98}: <clinit>> (0x0000000088b22a98) thrown at [./src/hotspot/share/prims/jni.cpp, line 1362]
Event: 9853.439 Thread 0x00000211bb7b2000 Exception <a 'java/lang/NoSuchMethodError'{0x0000000088b39db8}: <clinit>> (0x0000000088b39db8) thrown at [./src/hotspot/share/prims/jni.cpp, line 1362]
Event: 9853.441 Thread 0x00000211bb7b2000 Exception <a 'java/lang/NoSuchMethodError'{0x0000000088b4ea80}: <clinit>> (0x0000000088b4ea80) thrown at [./src/hotspot/share/prims/jni.cpp, line 1362]
Event: 9853.446 Thread 0x00000211bb7b2000 Exception <a 'java/lang/NoSuchMethodError'{0x0000000088b6e658}: <clinit>> (0x0000000088b6e658) thrown at [./src/hotspot/share/prims/jni.cpp, line 1362]
Event: 9853.453 Thread 0x00000211bb7b2000 Exception <a 'java/lang/NoSuchMethodError'{0x0000000088b90890}: <clinit>> (0x0000000088b90890) thrown at [./src/hotspot/share/prims/jni.cpp, line 1362]
Event: 9853.455 Thread 0x00000211bb7b2000 Exception <a 'java/lang/NoSuchMethodError'{0x0000000088ba33f0}: <clinit>> (0x0000000088ba33f0) thrown at [./src/hotspot/share/prims/jni.cpp, line 1362]
Event: 9853.629 Thread 0x00000211bb7b2000 Implicit null exception at 0x00000211a3630c6c to 0x00000211a36312ac
Event: 9855.646 Thread 0x00000211bb7b2000 Exception <a 'java/lang/NoSuchMethodError'{0x00000000888cb048}: <clinit>> (0x00000000888cb048) thrown at [./src/hotspot/share/prims/jni.cpp, line 1362]

Events (20 events):
Event: 9856.569 loading class com/android/aapt/Resources$Id
Event: 9856.569 loading class com/android/aapt/Resources$Id done
Event: 9856.570 loading class com/android/aapt/Resources$Reference
Event: 9856.570 loading class com/android/aapt/Resources$Reference done
Event: 9856.571 loading class com/android/aapt/Resources$Plural
Event: 9856.571 loading class com/android/aapt/Resources$Plural done
Event: 9856.572 loading class com/android/aapt/Resources$String
Event: 9856.572 loading class com/android/aapt/Resources$String done
Event: 9856.573 loading class com/android/aaptcompiler/Styleable
Event: 9856.573 loading class com/android/aaptcompiler/Styleable done
Event: 9856.573 loading class com/android/aaptcompiler/ArrayResource
Event: 9856.573 loading class com/android/aaptcompiler/ArrayResource done
Event: 9856.574 loading class com/android/aapt/Resources$Style$1
Event: 9856.574 loading class com/android/aapt/Resources$Style$1 done
Event: 9856.576 loading class com/android/aapt/Resources$Plural$1
Event: 9856.576 loading class com/android/aapt/Resources$Plural$1 done
Event: 9856.578 loading class com/android/aapt/Resources$Style$Builder
Event: 9856.578 loading class com/android/aapt/Resources$Style$Builder done
Event: 9856.578 loading class com/android/aapt/Resources$Plural$Builder
Event: 9856.578 loading class com/android/aapt/Resources$Plural$Builder done


Dynamic libraries:
0x00007ff624930000 - 0x00007ff62493a000 	C:\Program Files\Android\Android Studio\jre\bin\java.exe
0x00007ffe371f0000 - 0x00007ffe373e5000 	C:\WINDOWS\SYSTEM32\ntdll.dll
0x00007ffe35a60000 - 0x00007ffe35b1d000 	C:\WINDOWS\System32\KERNEL32.DLL
0x00007ffe34e00000 - 0x00007ffe350c8000 	C:\WINDOWS\System32\KERNELBASE.dll
0x00007ffe35150000 - 0x00007ffe35250000 	C:\WINDOWS\System32\ucrtbase.dll
0x00007ffe20af0000 - 0x00007ffe20b09000 	C:\Program Files\Android\Android Studio\jre\bin\jli.dll
0x00007ffe200b0000 - 0x00007ffe200c7000 	C:\Program Files\Android\Android Studio\jre\bin\VCRUNTIME140.dll
0x00007ffe35e10000 - 0x00007ffe35fb0000 	C:\WINDOWS\System32\USER32.dll
0x00007ffe102e0000 - 0x00007ffe1057a000 	C:\WINDOWS\WinSxS\amd64_microsoft.windows.common-controls_6595b64144ccf1df_6.0.19041.844_none_ca00b6081b84eb1d\COMCTL32.dll
0x00007ffe34bf0000 - 0x00007ffe34c12000 	C:\WINDOWS\System32\win32u.dll
0x00007ffe35b20000 - 0x00007ffe35bbe000 	C:\WINDOWS\System32\msvcrt.dll
0x00007ffe35910000 - 0x00007ffe3593a000 	C:\WINDOWS\System32\GDI32.dll
0x00007ffe34cc0000 - 0x00007ffe34dcb000 	C:\WINDOWS\System32\gdi32full.dll
0x00007ffe34c20000 - 0x00007ffe34cbd000 	C:\WINDOWS\System32\msvcp_win.dll
0x00007ffe35940000 - 0x00007ffe35970000 	C:\WINDOWS\System32\IMM32.DLL
0x00007ffe190b0000 - 0x00007ffe1914d000 	C:\Program Files\Android\Android Studio\jre\bin\msvcp140.dll
0x00007ffde61b0000 - 0x00007ffde6c6c000 	C:\Program Files\Android\Android Studio\jre\bin\server\jvm.dll
0x00007ffe356c0000 - 0x00007ffe3576c000 	C:\WINDOWS\System32\ADVAPI32.dll
0x00007ffe36320000 - 0x00007ffe363bb000 	C:\WINDOWS\System32\sechost.dll
0x00007ffe36720000 - 0x00007ffe3684b000 	C:\WINDOWS\System32\RPCRT4.dll
0x00007ffe370d0000 - 0x00007ffe370d8000 	C:\WINDOWS\System32\PSAPI.DLL
0x00007ffe26bf0000 - 0x00007ffe26bfa000 	C:\WINDOWS\SYSTEM32\VERSION.dll
0x00007ffe1e630000 - 0x00007ffe1e657000 	C:\WINDOWS\SYSTEM32\WINMM.dll
0x00007ffe168d0000 - 0x00007ffe168d9000 	C:\WINDOWS\SYSTEM32\WSOCK32.dll
0x00007ffe357f0000 - 0x00007ffe3585b000 	C:\WINDOWS\System32\ws2_32.DLL
0x00007ffe33250000 - 0x00007ffe33262000 	C:\WINDOWS\SYSTEM32\kernel.appcore.dll
0x00007ffe2e510000 - 0x00007ffe2e521000 	C:\Program Files\Android\Android Studio\jre\bin\verify.dll
0x00007ffe32fe0000 - 0x00007ffe331c4000 	C:\WINDOWS\SYSTEM32\DBGHELP.DLL
0x00007ffe203d0000 - 0x00007ffe203fc000 	C:\WINDOWS\SYSTEM32\dbgcore.DLL
0x00007ffe350d0000 - 0x00007ffe35150000 	C:\WINDOWS\System32\bcryptPrimitives.dll
0x00007ffe2d340000 - 0x00007ffe2d369000 	C:\Program Files\Android\Android Studio\jre\bin\java.dll
0x00007ffe2f080000 - 0x00007ffe2f08b000 	C:\Program Files\Android\Android Studio\jre\bin\jimage.dll
0x00007ffe2e4f0000 - 0x00007ffe2e508000 	C:\Program Files\Android\Android Studio\jre\bin\zip.dll
0x00007ffe36980000 - 0x00007ffe370c2000 	C:\WINDOWS\System32\SHELL32.dll
0x00007ffe32850000 - 0x00007ffe32fe0000 	C:\WINDOWS\SYSTEM32\windows.storage.dll
0x00007ffe363c0000 - 0x00007ffe36715000 	C:\WINDOWS\System32\combase.dll
0x00007ffe342d0000 - 0x00007ffe342fc000 	C:\WINDOWS\SYSTEM32\Wldp.dll
0x00007ffe35860000 - 0x00007ffe3590e000 	C:\WINDOWS\System32\SHCORE.dll
0x00007ffe37150000 - 0x00007ffe371a5000 	C:\WINDOWS\System32\shlwapi.dll
0x00007ffe34870000 - 0x00007ffe3488f000 	C:\WINDOWS\SYSTEM32\profapi.dll
0x00007ffe21640000 - 0x00007ffe2165a000 	C:\Program Files\Android\Android Studio\jre\bin\net.dll
0x00007ffe1e660000 - 0x00007ffe1e76b000 	C:\WINDOWS\SYSTEM32\WINHTTP.dll
0x00007ffe34040000 - 0x00007ffe340aa000 	C:\WINDOWS\system32\mswsock.dll
0x00007ffe214b0000 - 0x00007ffe214c4000 	C:\Program Files\Android\Android Studio\jre\bin\nio.dll
0x00007ffe19ff0000 - 0x00007ffe1a017000 	C:\Users\Ferz\.gradle\native\fdc75f09e3144964f2cf3f50f0aa648679c211496f362492102eb8c894070792\windows-amd64\native-platform.dll
0x00007ffdfe290000 - 0x00007ffdfe426000 	C:\Users\Ferz\.gradle\native\12488b8bf47d2d4c9fbf2f6322a914ad602e24e48041cd04a747c6da556b65c4\windows-amd64\native-platform-file-events.dll
0x00007ffe2db90000 - 0x00007ffe2db9a000 	C:\Program Files\Android\Android Studio\jre\bin\management.dll
0x00007ffe2db20000 - 0x00007ffe2db2c000 	C:\Program Files\Android\Android Studio\jre\bin\management_ext.dll
0x00007ffe34210000 - 0x00007ffe34228000 	C:\WINDOWS\SYSTEM32\CRYPTSP.dll
0x00007ffe339e0000 - 0x00007ffe33a14000 	C:\WINDOWS\system32\rsaenh.dll
0x00007ffe34dd0000 - 0x00007ffe34df7000 	C:\WINDOWS\System32\bcrypt.dll
0x00007ffe347f0000 - 0x00007ffe3481e000 	C:\WINDOWS\SYSTEM32\USERENV.dll
0x00007ffe34230000 - 0x00007ffe3423c000 	C:\WINDOWS\SYSTEM32\CRYPTBASE.dll
0x00007ffe33d30000 - 0x00007ffe33d6b000 	C:\WINDOWS\SYSTEM32\IPHLPAPI.DLL
0x00007ffe37140000 - 0x00007ffe37148000 	C:\WINDOWS\System32\NSI.dll
0x00007ffe32770000 - 0x00007ffe32787000 	C:\WINDOWS\SYSTEM32\dhcpcsvc6.DLL
0x00007ffe32750000 - 0x00007ffe3276d000 	C:\WINDOWS\SYSTEM32\dhcpcsvc.DLL
0x00007ffe33d70000 - 0x00007ffe33e3c000 	C:\WINDOWS\SYSTEM32\DNSAPI.dll
0x00007ffe2e250000 - 0x00007ffe2e25b000 	C:\WINDOWS\SYSTEM32\WINNSI.DLL
0x00007ffe1c370000 - 0x00007ffe1c397000 	C:\Program Files\Android\Android Studio\jre\bin\sunec.dll
0x00007ffe1dfb0000 - 0x00007ffe1dfba000 	C:\Windows\System32\rasadhlp.dll
0x00007ffe1e3a0000 - 0x00007ffe1e41f000 	C:\WINDOWS\System32\fwpuclnt.dll

dbghelp: loaded successfully - version: 4.0.5 - missing functions: none
symbol engine: initialized successfully - sym options: 0x614 - pdb path: .;C:\Program Files\Android\Android Studio\jre\bin;C:\WINDOWS\SYSTEM32;C:\WINDOWS\WinSxS\amd64_microsoft.windows.common-controls_6595b64144ccf1df_6.0.19041.844_none_ca00b6081b84eb1d;C:\Program Files\Android\Android Studio\jre\bin\server;C:\Users\Ferz\.gradle\native\fdc75f09e3144964f2cf3f50f0aa648679c211496f362492102eb8c894070792\windows-amd64;C:\Users\Ferz\.gradle\native\12488b8bf47d2d4c9fbf2f6322a914ad602e24e48041cd04a747c6da556b65c4\windows-amd64

VM Arguments:
jvm_args: --add-opens=java.base/java.util=ALL-UNNAMED --add-opens=java.base/java.lang=ALL-UNNAMED --add-opens=java.base/java.lang.invoke=ALL-UNNAMED --add-opens=java.prefs/java.util.prefs=ALL-UNNAMED -Xmx2048m -Dfile.encoding=UTF-8 -Duser.country=US -Duser.language=en -Duser.variant 
java_command: org.gradle.launcher.daemon.bootstrap.GradleDaemon 6.7.1
java_class_path (initial): C:\Users\Ferz\.gradle\wrapper\dists\gradle-6.7.1-bin\bwlcbys1h7rz3272sye1xwiv6\gradle-6.7.1\lib\gradle-launcher-6.7.1.jar
Launcher Type: SUN_STANDARD

[Global flags]
     intx CICompilerCount                          = 4                                         {product} {ergonomic}
     uint ConcGCThreads                            = 2                                         {product} {ergonomic}
     uint G1ConcRefinementThreads                  = 8                                         {product} {ergonomic}
   size_t G1HeapRegionSize                         = 1048576                                   {product} {ergonomic}
    uintx GCDrainStackTargetSize                   = 64                                        {product} {ergonomic}
   size_t InitialHeapSize                          = 130023424                                 {product} {ergonomic}
   size_t MarkStackSize                            = 4194304                                   {product} {ergonomic}
   size_t MaxHeapSize                              = 2147483648                                {product} {command line}
   size_t MaxNewSize                               = 1287651328                                {product} {ergonomic}
   size_t MinHeapDeltaBytes                        = 1048576                                   {product} {ergonomic}
    uintx NonNMethodCodeHeapSize                   = 5836300                                {pd product} {ergonomic}
    uintx NonProfiledCodeHeapSize                  = 122910970                              {pd product} {ergonomic}
    uintx ProfiledCodeHeapSize                     = 122910970                              {pd product} {ergonomic}
    uintx ReservedCodeCacheSize                    = 251658240                              {pd product} {ergonomic}
     bool SegmentedCodeCache                       = true                                      {product} {ergonomic}
     bool UseCompressedClassPointers               = true                                 {lp64_product} {ergonomic}
     bool UseCompressedOops                        = true                                 {lp64_product} {ergonomic}
     bool UseG1GC                                  = true                                      {product} {ergonomic}
     bool UseLargePagesIndividualAllocation        = false                                  {pd product} {ergonomic}

Logging:
Log output configuration:
 #0: stdout all=warning uptime,level,tags
 #1: stderr all=off uptime,level,tags

Environment Variables:
PATH=C:\Program Files (x86)\NVIDIA Corporation\PhysX\Common;C:\Program Files (x86)\Common Files\Oracle\Java\javapath;C:\WINDOWS\system32;C:\WINDOWS;C:\WINDOWS\System32\Wbem;C:\WINDOWS\System32\WindowsPowerShell\v1.0\;C:\WINDOWS\System32\OpenSSH\;C:\Program Files\dotnet\;C:\Users\Ferz\AppData\Local\Programs\Python\Python38-32\Scripts;C:\Program Files\Git\cmd;C:\Program Files (x86)\NoteBook FanControl\;C:\Program Files\Graphviz\bin;C:\Users\Ferz\AppData\Local\Microsoft\WindowsApps;C:\Users\Ferz\AppData\Local\Programs\Microsoft VS Code\bin;C:\Users\Ferz\AppData\Local\atom\bin
USERNAME=Ferz
OS=Windows_NT
PROCESSOR_IDENTIFIER=Intel64 Family 6 Model 126 Stepping 5, GenuineIntel



---------------  S Y S T E M  ---------------

OS: Windows 10 , 64 bit Build 19041 (10.0.19041.928)
OS uptime: 0 days 5:48 hours

CPU:total 8 (initial active 8) (4 cores per cpu, 2 threads per core) family 6 model 126 stepping 5, cmov, cx8, fxsr, mmx, sse, sse2, sse3, ssse3, sse4.1, sse4.2, popcnt, avx, avx2, aes, clmul, erms, 3dnowpref, lzcnt, ht, tsc, tscinvbit, bmi1, bmi2, adx, evex, sha, fma

Memory: 4k page, system-wide physical 7880M (244M free)
TotalPageFile size 11976M (AvailPageFile size 93M)
current process WorkingSet (physical memory assigned to process): 391M, peak: 438M
current process commit charge ("private bytes"): 542M, peak: 546M

vm_info: OpenJDK 64-Bit Server VM (11.0.8+10-b944.6842174) for windows-amd64 JRE (11.0.8+10-b944.6842174), built on Sep 19 2020 01:11:42 by "builder" with MS VC++ 14.0 (VS2015)

END.
