#
# There is insufficient memory for the Java Runtime Environment to continue.
# Native memory allocation (mmap) failed to map 85983232 bytes for Failed to commit area from 0x000000008ef00000 to 0x0000000094100000 of length 85983232.
# Possible reasons:
#   The system is out of physical RAM or swap space
#   The process is running with CompressedOops enabled, and the Java Heap may be blocking the growth of the native heap
# Possible solutions:
#   Reduce memory load on the system
#   Increase physical memory or swap space
#   Check if swap backing store is full
#   Decrease Java heap size (-Xmx/-Xms)
#   Decrease number of Java threads
#   Decrease Java thread stack sizes (-Xss)
#   Set larger code cache with -XX:ReservedCodeCacheSize=
#   JVM is running with Unscaled Compressed Oops mode in which the Java heap is
#     placed in the first 4GB address space. The Java Heap base address is the
#     maximum limit for the native heap growth. Please use -XX:HeapBaseMinAddress
#     to set the Java Heap base and to place the Java Heap above 4GB virtual address.
# This output file may be truncated or incomplete.
#
#  Out of Memory Error (./src/hotspot/os/windows/os_windows.cpp:3303), pid=2056, tid=3108
#
# JRE version: OpenJDK Runtime Environment (11.0.8+10) (build 11.0.8+10-b944.6842174)
# Java VM: OpenJDK 64-Bit Server VM (11.0.8+10-b944.6842174, mixed mode, tiered, compressed oops, g1 gc, windows-amd64)
# No core dump will be written. Minidumps are not enabled by default on client versions of Windows
#

---------------  S U M M A R Y ------------

Command Line: --add-opens=java.base/java.util=ALL-UNNAMED --add-opens=java.base/java.lang=ALL-UNNAMED --add-opens=java.base/java.lang.invoke=ALL-UNNAMED --add-opens=java.prefs/java.util.prefs=ALL-UNNAMED -Xmx2048m -Dfile.encoding=UTF-8 -Duser.country=US -Duser.language=en -Duser.variant org.gradle.launcher.daemon.bootstrap.GradleDaemon 6.7.1

Host: Intel(R) Core(TM) i5-1035G1 CPU @ 1.00GHz, 8 cores, 7G,  Windows 10 , 64 bit Build 19041 (10.0.19041.928)
Time: Sat May 29 08:27:06 2021 Pacific Daylight Time elapsed time: 14 seconds (0d 0h 0m 14s)

---------------  T H R E A D  ---------------

Current thread (0x000002ad33e17800):  VMThread "VM Thread" [stack: 0x000000f10f300000,0x000000f10f400000] [id=3108]

Stack: [0x000000f10f300000,0x000000f10f400000]
[error occurred during error reporting (printing stack bounds), id 0xc0000005, EXCEPTION_ACCESS_VIOLATION (0xc0000005) at pc=0x000002ad1ccd0f67]

Native frames: (J=compiled Java code, j=interpreted, Vv=VM code, C=native code)
V  [jvm.dll+0x5de50a]
V  [jvm.dll+0x7122f5]
V  [jvm.dll+0x71384d]
V  [jvm.dll+0x713e65]
V  [jvm.dll+0x713e1b]
V  [jvm.dll+0x5dd958]
V  [jvm.dll+0x5de0f8]
C  [ntdll.dll+0xa217f]
C  [ntdll.dll+0x51454]
C  [ntdll.dll+0xa0cae]
C  0x000002ad1ccd0f67

VM_Operation (0x000000f119bfde40): G1CollectForAllocation, mode: safepoint, requested by thread 0x000002ad3e0d4800


---------------  P R O C E S S  ---------------

Threads class SMR info:
_java_thread_list=0x000002ad36f62160, length=164, elements={
0x000002ad19329000, 0x000002ad33e1b800, 0x000002ad33e1f000, 0x000002ad347d8000,
0x000002ad347da000, 0x000002ad347db800, 0x000002ad347e1800, 0x000002ad33e3d800,
0x000002ad3492a800, 0x000002ad34937000, 0x000002ad361eb800, 0x000002ad35fd8800,
0x000002ad3586c000, 0x000002ad358a6000, 0x000002ad358a6800, 0x000002ad35bb2800,
0x000002ad3587f800, 0x000002ad35acb800, 0x000002ad35acc800, 0x000002ad35a1a800,
0x000002ad36317000, 0x000002ad36317800, 0x000002ad36316000, 0x000002ad369f9800,
0x000002ad36315800, 0x000002ad36f10800, 0x000002ad36f14000, 0x000002ad36f17000,
0x000002ad36f12000, 0x000002ad36f14800, 0x000002ad36f11800, 0x000002ad36f1a800,
0x000002ad36f18000, 0x000002ad36f15800, 0x000002ad36f19800, 0x000002ad36f16800,
0x000002ad36f1e800, 0x000002ad36f1d800, 0x000002ad36f1c000, 0x000002ad36f1b000,
0x000002ad36f1d000, 0x000002ad36f19000, 0x000002ad36f1f800, 0x000002ad34f5f000,
0x000002ad34f5e800, 0x000002ad34f60000, 0x000002ad34f60800, 0x000002ad34f5b000,
0x000002ad34f61800, 0x000002ad34f5d800, 0x000002ad34f5c000, 0x000002ad34f62800,
0x000002ad34f5c800, 0x000002ad34f69000, 0x000002ad34f63000, 0x000002ad34f65800,
0x000002ad34f67800, 0x000002ad34f64000, 0x000002ad34f65000, 0x000002ad34f68000,
0x000002ad34f66800, 0x000002ad34f69800, 0x000002ad34f02800, 0x000002ad34f03800,
0x000002ad34f05000, 0x000002ad34f07800, 0x000002ad34f06800, 0x000002ad34f02000,
0x000002ad34f06000, 0x000002ad34f09000, 0x000002ad34f08800, 0x000002ad34f0a000,
0x000002ad34f04000, 0x000002ad34f0f000, 0x000002ad34f0f800, 0x000002ad34f10800,
0x000002ad34f0b800, 0x000002ad34f0c800, 0x000002ad34f0d000, 0x000002ad34f0e000,
0x000002ad34f0a800, 0x000002ad370c4000, 0x000002ad370c7000, 0x000002ad370c4800,
0x000002ad370c5800, 0x000002ad370c6800, 0x000002ad370c8000, 0x000002ad370c2800,
0x000002ad370c9000, 0x000002ad370c3000, 0x000002ad370cd800, 0x000002ad370cd000,
0x000002ad370cc000, 0x000002ad370ce800, 0x000002ad370cf800, 0x000002ad370c9800,
0x000002ad370d0000, 0x000002ad370ca800, 0x000002ad370d1000, 0x000002ad370cb000,
0x000002ad39650800, 0x000002ad39652000, 0x000002ad39654800, 0x000002ad39654000,
0x000002ad39657000, 0x000002ad39651800, 0x000002ad39655800, 0x000002ad39658800,
0x000002ad39653000, 0x000002ad3965c000, 0x000002ad3965a800, 0x000002ad39659800,
0x000002ad39658000, 0x000002ad3965b000, 0x000002ad39656800, 0x000002ad3965e800,
0x000002ad3965f800, 0x000002ad3965d000, 0x000002ad3965d800, 0x000002ad34bb4000,
0x000002ad34bb1800, 0x000002ad34bb3800, 0x000002ad34bb2800, 0x000002ad34bae800,
0x000002ad34bb5000, 0x000002ad34baf000, 0x000002ad34bb0000, 0x000002ad34bb1000,
0x000002ad34bb9000, 0x000002ad34bba000, 0x000002ad34bb6800, 0x000002ad34bbb800,
0x000002ad34bb7800, 0x000002ad34bba800, 0x000002ad34bb6000, 0x000002ad34bbc800,
0x000002ad34bbd000, 0x000002ad3abaf000, 0x000002ad3abb0000, 0x000002ad3abb1000,
0x000002ad3abad000, 0x000002ad3abad800, 0x000002ad3abae800, 0x000002ad3abac000,
0x000002ad3abb3800, 0x000002ad3abb2800, 0x000002ad3abb6800, 0x000002ad3abb7800,
0x000002ad3abb1800, 0x000002ad3abb6000, 0x000002ad3abb8000, 0x000002ad3abb9000,
0x000002ad3abba000, 0x000002ad3abb4000, 0x000002ad3abb5000, 0x000002ad34bb8000,
0x000002ad3e0d3000, 0x000002ad3e0d4800, 0x000002ad3e0d1000, 0x000002ad3e0d6000,
0x000002ad3e0d2000, 0x000002ad3e0d5800, 0x000002ad3e0d3800, 0x000002ad3e0d0800
}

Java Threads: ( => current thread )
  0x000002ad19329000 JavaThread "main" [_thread_blocked, id=2740, stack(0x000000f10ed00000,0x000000f10ee00000)]
  0x000002ad33e1b800 JavaThread "Reference Handler" daemon [_thread_blocked, id=9584, stack(0x000000f10f400000,0x000000f10f500000)]
  0x000002ad33e1f000 JavaThread "Finalizer" daemon [_thread_blocked, id=8408, stack(0x000000f10f500000,0x000000f10f600000)]
  0x000002ad347d8000 JavaThread "Signal Dispatcher" daemon [_thread_blocked, id=11456, stack(0x000000f10f600000,0x000000f10f700000)]
  0x000002ad347da000 JavaThread "Attach Listener" daemon [_thread_blocked, id=16368, stack(0x000000f10f700000,0x000000f10f800000)]
  0x000002ad347db800 JavaThread "C2 CompilerThread0" daemon [_thread_blocked, id=15408, stack(0x000000f10f800000,0x000000f10f900000)]
  0x000002ad347e1800 JavaThread "C1 CompilerThread0" daemon [_thread_blocked, id=4364, stack(0x000000f10f900000,0x000000f10fa00000)]
  0x000002ad33e3d800 JavaThread "Sweeper thread" daemon [_thread_blocked, id=3612, stack(0x000000f10fa00000,0x000000f10fb00000)]
  0x000002ad3492a800 JavaThread "Common-Cleaner" daemon [_thread_blocked, id=14864, stack(0x000000f10fb00000,0x000000f10fc00000)]
  0x000002ad34937000 JavaThread "Service Thread" daemon [_thread_blocked, id=4116, stack(0x000000f10fc00000,0x000000f10fd00000)]
  0x000002ad361eb800 JavaThread "Daemon health stats" [_thread_blocked, id=14300, stack(0x000000f110000000,0x000000f110100000)]
  0x000002ad35fd8800 JavaThread "Incoming local TCP Connector on port 60650" [_thread_in_native, id=3608, stack(0x000000f110200000,0x000000f110300000)]
  0x000002ad3586c000 JavaThread "Daemon periodic checks" [_thread_blocked, id=13608, stack(0x000000f110300000,0x000000f110400000)]
  0x000002ad358a6000 JavaThread "Daemon" [_thread_blocked, id=3016, stack(0x000000f110400000,0x000000f110500000)]
  0x000002ad358a6800 JavaThread "Handler for socket connection from /127.0.0.1:60650 to /127.0.0.1:60651" [_thread_in_native, id=16220, stack(0x000000f110500000,0x000000f110600000)]
  0x000002ad35bb2800 JavaThread "Cancel handler" [_thread_blocked, id=6600, stack(0x000000f110600000,0x000000f110700000)]
  0x000002ad3587f800 JavaThread "Daemon worker" [_thread_blocked, id=12376, stack(0x000000f110700000,0x000000f110800000)]
  0x000002ad35acb800 JavaThread "Asynchronous log dispatcher for DefaultDaemonConnection: socket connection from /127.0.0.1:60650 to /127.0.0.1:60651" [_thread_blocked, id=11884, stack(0x000000f110800000,0x000000f110900000)]
  0x000002ad35acc800 JavaThread "Stdin handler" [_thread_blocked, id=14164, stack(0x000000f110900000,0x000000f110a00000)]
  0x000002ad35a1a800 JavaThread "Thread-8" [_thread_blocked, id=144, stack(0x000000f110a00000,0x000000f110b00000)]
  0x000002ad36317000 JavaThread "Cache worker for file hash cache (C:\Users\Ferz\.gradle\caches\6.7.1\fileHashes)" [_thread_blocked, id=15288, stack(0x000000f111100000,0x000000f111200000)]
  0x000002ad36317800 JavaThread "File lock request listener" [_thread_in_native, id=5480, stack(0x000000f111200000,0x000000f111300000)]
  0x000002ad36316000 JavaThread "Cache worker for journal cache (C:\Users\Ferz\.gradle\caches\journal-1)" [_thread_blocked, id=16128, stack(0x000000f111400000,0x000000f111500000)]
  0x000002ad369f9800 JavaThread "C2 CompilerThread1" daemon [_thread_in_native, id=14148, stack(0x000000f111500000,0x000000f111600000)]
  0x000002ad36315800 JavaThread "Cache worker for file hash cache (C:\Users\Ferz\AndroidStudioProjects\rumireazgarbovpractice4\.gradle\6.7.1\fileHashes)" [_thread_blocked, id=13944, stack(0x000000f111600000,0x000000f111700000)]
  0x000002ad36f10800 JavaThread "Cache worker for checksums cache (C:\Users\Ferz\AndroidStudioProjects\rumireazgarbovpractice4\.gradle\checksums)" [_thread_blocked, id=14928, stack(0x000000f111700000,0x000000f111800000)]
  0x000002ad36f14000 JavaThread "Cache worker for cache directory md-supplier (C:\Users\Ferz\.gradle\caches\6.7.1\md-supplier)" [_thread_blocked, id=14364, stack(0x000000f111800000,0x000000f111900000)]
  0x000002ad36f17000 JavaThread "Cache worker for cache directory md-rule (C:\Users\Ferz\.gradle\caches\6.7.1\md-rule)" [_thread_blocked, id=14932, stack(0x000000f111900000,0x000000f111a00000)]
  0x000002ad36f12000 JavaThread "Cache worker for execution history cache (C:\Users\Ferz\.gradle\caches\6.7.1\executionHistory)" [_thread_blocked, id=5024, stack(0x000000f111a00000,0x000000f111b00000)]
  0x000002ad36f14800 JavaThread "jar transforms" [_thread_blocked, id=11480, stack(0x000000f111b00000,0x000000f111c00000)]
  0x000002ad36f11800 JavaThread "Cache worker for file content cache (C:\Users\Ferz\.gradle\caches\6.7.1\fileContent)" [_thread_blocked, id=12640, stack(0x000000f111c00000,0x000000f111d00000)]
  0x000002ad36f1a800 JavaThread "Cache worker for Build Output Cleanup Cache (C:\Users\Ferz\AndroidStudioProjects\rumireazgarbovpractice4\.gradle\buildOutputCleanup)" [_thread_blocked, id=12340, stack(0x000000f111d00000,0x000000f111e00000)]
  0x000002ad36f18000 JavaThread "Build operations" [_thread_blocked, id=8484, stack(0x000000f111e00000,0x000000f111f00000)]
  0x000002ad36f15800 JavaThread "Build operations Thread 2" [_thread_blocked, id=11336, stack(0x000000f111f00000,0x000000f112000000)]
  0x000002ad36f19800 JavaThread "Build operations Thread 3" [_thread_blocked, id=16100, stack(0x000000f112000000,0x000000f112100000)]
  0x000002ad36f16800 JavaThread "Build operations Thread 4" [_thread_blocked, id=8060, stack(0x000000f112100000,0x000000f112200000)]
  0x000002ad36f1e800 JavaThread "Build operations Thread 5" [_thread_blocked, id=7820, stack(0x000000f112200000,0x000000f112300000)]
  0x000002ad36f1d800 JavaThread "Build operations Thread 6" [_thread_blocked, id=11644, stack(0x000000f112300000,0x000000f112400000)]
  0x000002ad36f1c000 JavaThread "Build operations Thread 7" [_thread_blocked, id=10220, stack(0x000000f112400000,0x000000f112500000)]
  0x000002ad36f1b000 JavaThread "Build operations Thread 8" [_thread_blocked, id=9452, stack(0x000000f112500000,0x000000f112600000)]
  0x000002ad36f1d000 JavaThread "jar transforms Thread 2" [_thread_blocked, id=5396, stack(0x000000f112600000,0x000000f112700000)]
  0x000002ad36f19000 JavaThread "jar transforms Thread 3" [_thread_blocked, id=2488, stack(0x000000f112700000,0x000000f112800000)]
  0x000002ad36f1f800 JavaThread "jar transforms Thread 4" [_thread_blocked, id=4396, stack(0x000000f112800000,0x000000f112900000)]
  0x000002ad34f5f000 JavaThread "jar transforms Thread 5" [_thread_blocked, id=14444, stack(0x000000f112900000,0x000000f112a00000)]
  0x000002ad34f5e800 JavaThread "jar transforms Thread 6" [_thread_blocked, id=6624, stack(0x000000f112a00000,0x000000f112b00000)]
  0x000002ad34f60000 JavaThread "jar transforms Thread 7" [_thread_blocked, id=13780, stack(0x000000f112b00000,0x000000f112c00000)]
  0x000002ad34f60800 JavaThread "jar transforms Thread 8" [_thread_blocked, id=7488, stack(0x000000f112c00000,0x000000f112d00000)]
  0x000002ad34f5b000 JavaThread "jar transforms Thread 9" [_thread_blocked, id=9120, stack(0x000000f112d00000,0x000000f112e00000)]
  0x000002ad34f61800 JavaThread "jar transforms Thread 10" [_thread_blocked, id=15808, stack(0x000000f112e00000,0x000000f112f00000)]
  0x000002ad34f5d800 JavaThread "jar transforms Thread 11" [_thread_blocked, id=16312, stack(0x000000f112f00000,0x000000f113000000)]
  0x000002ad34f5c000 JavaThread "jar transforms Thread 12" [_thread_blocked, id=12332, stack(0x000000f113000000,0x000000f113100000)]
  0x000002ad34f62800 JavaThread "jar transforms Thread 13" [_thread_blocked, id=1228, stack(0x000000f113100000,0x000000f113200000)]
  0x000002ad34f5c800 JavaThread "jar transforms Thread 14" [_thread_blocked, id=11408, stack(0x000000f113200000,0x000000f113300000)]
  0x000002ad34f69000 JavaThread "jar transforms Thread 15" [_thread_blocked, id=12812, stack(0x000000f113300000,0x000000f113400000)]
  0x000002ad34f63000 JavaThread "jar transforms Thread 16" [_thread_blocked, id=6048, stack(0x000000f113400000,0x000000f113500000)]
  0x000002ad34f65800 JavaThread "jar transforms Thread 17" [_thread_blocked, id=13552, stack(0x000000f113500000,0x000000f113600000)]
  0x000002ad34f67800 JavaThread "jar transforms Thread 18" [_thread_blocked, id=3860, stack(0x000000f113600000,0x000000f113700000)]
  0x000002ad34f64000 JavaThread "jar transforms Thread 19" [_thread_blocked, id=12124, stack(0x000000f113700000,0x000000f113800000)]
  0x000002ad34f65000 JavaThread "jar transforms Thread 20" [_thread_blocked, id=13704, stack(0x000000f113800000,0x000000f113900000)]
  0x000002ad34f68000 JavaThread "jar transforms Thread 21" [_thread_blocked, id=8904, stack(0x000000f113900000,0x000000f113a00000)]
  0x000002ad34f66800 JavaThread "jar transforms Thread 22" [_thread_blocked, id=14232, stack(0x000000f113a00000,0x000000f113b00000)]
  0x000002ad34f69800 JavaThread "jar transforms Thread 23" [_thread_blocked, id=11288, stack(0x000000f113b00000,0x000000f113c00000)]
  0x000002ad34f02800 JavaThread "jar transforms Thread 24" [_thread_blocked, id=2176, stack(0x000000f113c00000,0x000000f113d00000)]
  0x000002ad34f03800 JavaThread "jar transforms Thread 25" [_thread_blocked, id=12968, stack(0x000000f113d00000,0x000000f113e00000)]
  0x000002ad34f05000 JavaThread "jar transforms Thread 26" [_thread_blocked, id=8264, stack(0x000000f113e00000,0x000000f113f00000)]
  0x000002ad34f07800 JavaThread "jar transforms Thread 27" [_thread_blocked, id=12076, stack(0x000000f113f00000,0x000000f114000000)]
  0x000002ad34f06800 JavaThread "jar transforms Thread 28" [_thread_blocked, id=7484, stack(0x000000f114000000,0x000000f114100000)]
  0x000002ad34f02000 JavaThread "jar transforms Thread 29" [_thread_blocked, id=13732, stack(0x000000f114100000,0x000000f114200000)]
  0x000002ad34f06000 JavaThread "jar transforms Thread 30" [_thread_blocked, id=6808, stack(0x000000f114200000,0x000000f114300000)]
  0x000002ad34f09000 JavaThread "jar transforms Thread 31" [_thread_blocked, id=1692, stack(0x000000f114300000,0x000000f114400000)]
  0x000002ad34f08800 JavaThread "jar transforms Thread 32" [_thread_blocked, id=7024, stack(0x000000f114400000,0x000000f114500000)]
  0x000002ad34f0a000 JavaThread "jar transforms Thread 33" [_thread_blocked, id=12852, stack(0x000000f114500000,0x000000f114600000)]
  0x000002ad34f04000 JavaThread "jar transforms Thread 34" [_thread_blocked, id=2272, stack(0x000000f114600000,0x000000f114700000)]
  0x000002ad34f0f000 JavaThread "jar transforms Thread 35" [_thread_blocked, id=4564, stack(0x000000f114700000,0x000000f114800000)]
  0x000002ad34f0f800 JavaThread "jar transforms Thread 36" [_thread_blocked, id=8292, stack(0x000000f114800000,0x000000f114900000)]
  0x000002ad34f10800 JavaThread "jar transforms Thread 37" [_thread_blocked, id=13208, stack(0x000000f114900000,0x000000f114a00000)]
  0x000002ad34f0b800 JavaThread "jar transforms Thread 38" [_thread_blocked, id=10756, stack(0x000000f114a00000,0x000000f114b00000)]
  0x000002ad34f0c800 JavaThread "jar transforms Thread 39" [_thread_blocked, id=10720, stack(0x000000f114b00000,0x000000f114c00000)]
  0x000002ad34f0d000 JavaThread "jar transforms Thread 40" [_thread_blocked, id=4084, stack(0x000000f114c00000,0x000000f114d00000)]
  0x000002ad34f0e000 JavaThread "jar transforms Thread 41" [_thread_blocked, id=9204, stack(0x000000f114d00000,0x000000f114e00000)]
  0x000002ad34f0a800 JavaThread "jar transforms Thread 42" [_thread_blocked, id=1032, stack(0x000000f114e00000,0x000000f114f00000)]
  0x000002ad370c4000 JavaThread "jar transforms Thread 43" [_thread_blocked, id=5556, stack(0x000000f114f00000,0x000000f115000000)]
  0x000002ad370c7000 JavaThread "jar transforms Thread 44" [_thread_blocked, id=9772, stack(0x000000f115000000,0x000000f115100000)]
  0x000002ad370c4800 JavaThread "jar transforms Thread 45" [_thread_blocked, id=9784, stack(0x000000f115100000,0x000000f115200000)]
  0x000002ad370c5800 JavaThread "jar transforms Thread 46" [_thread_blocked, id=9528, stack(0x000000f115200000,0x000000f115300000)]
  0x000002ad370c6800 JavaThread "jar transforms Thread 47" [_thread_blocked, id=9124, stack(0x000000f115300000,0x000000f115400000)]
  0x000002ad370c8000 JavaThread "jar transforms Thread 48" [_thread_blocked, id=8972, stack(0x000000f115400000,0x000000f115500000)]
  0x000002ad370c2800 JavaThread "jar transforms Thread 49" [_thread_blocked, id=7224, stack(0x000000f115500000,0x000000f115600000)]
  0x000002ad370c9000 JavaThread "jar transforms Thread 50" [_thread_blocked, id=8992, stack(0x000000f115600000,0x000000f115700000)]
  0x000002ad370c3000 JavaThread "jar transforms Thread 51" [_thread_blocked, id=8856, stack(0x000000f115700000,0x000000f115800000)]
  0x000002ad370cd800 JavaThread "jar transforms Thread 52" [_thread_blocked, id=12680, stack(0x000000f115800000,0x000000f115900000)]
  0x000002ad370cd000 JavaThread "jar transforms Thread 53" [_thread_blocked, id=4796, stack(0x000000f115900000,0x000000f115a00000)]
  0x000002ad370cc000 JavaThread "jar transforms Thread 54" [_thread_blocked, id=1160, stack(0x000000f115a00000,0x000000f115b00000)]
  0x000002ad370ce800 JavaThread "jar transforms Thread 55" [_thread_blocked, id=11352, stack(0x000000f115b00000,0x000000f115c00000)]
  0x000002ad370cf800 JavaThread "jar transforms Thread 56" [_thread_blocked, id=13052, stack(0x000000f115c00000,0x000000f115d00000)]
  0x000002ad370c9800 JavaThread "jar transforms Thread 57" [_thread_blocked, id=7036, stack(0x000000f115d00000,0x000000f115e00000)]
  0x000002ad370d0000 JavaThread "jar transforms Thread 58" [_thread_blocked, id=14144, stack(0x000000f115e00000,0x000000f115f00000)]
  0x000002ad370ca800 JavaThread "jar transforms Thread 59" [_thread_blocked, id=15248, stack(0x000000f115f00000,0x000000f116000000)]
  0x000002ad370d1000 JavaThread "jar transforms Thread 60" [_thread_blocked, id=12800, stack(0x000000f116000000,0x000000f116100000)]
  0x000002ad370cb000 JavaThread "jar transforms Thread 61" [_thread_blocked, id=13104, stack(0x000000f116100000,0x000000f116200000)]
  0x000002ad39650800 JavaThread "jar transforms Thread 62" [_thread_blocked, id=13400, stack(0x000000f116200000,0x000000f116300000)]
  0x000002ad39652000 JavaThread "jar transforms Thread 63" [_thread_blocked, id=3204, stack(0x000000f116300000,0x000000f116400000)]
  0x000002ad39654800 JavaThread "jar transforms Thread 64" [_thread_blocked, id=15956, stack(0x000000f116400000,0x000000f116500000)]
  0x000002ad39654000 JavaThread "jar transforms Thread 65" [_thread_blocked, id=1428, stack(0x000000f116500000,0x000000f116600000)]
  0x000002ad39657000 JavaThread "jar transforms Thread 66" [_thread_blocked, id=1320, stack(0x000000f116600000,0x000000f116700000)]
  0x000002ad39651800 JavaThread "jar transforms Thread 67" [_thread_blocked, id=13468, stack(0x000000f116700000,0x000000f116800000)]
  0x000002ad39655800 JavaThread "jar transforms Thread 68" [_thread_blocked, id=15104, stack(0x000000f116800000,0x000000f116900000)]
  0x000002ad39658800 JavaThread "jar transforms Thread 69" [_thread_blocked, id=2600, stack(0x000000f116900000,0x000000f116a00000)]
  0x000002ad39653000 JavaThread "jar transforms Thread 70" [_thread_blocked, id=15300, stack(0x000000f116a00000,0x000000f116b00000)]
  0x000002ad3965c000 JavaThread "jar transforms Thread 71" [_thread_blocked, id=15872, stack(0x000000f116b00000,0x000000f116c00000)]
  0x000002ad3965a800 JavaThread "jar transforms Thread 72" [_thread_blocked, id=14360, stack(0x000000f116c00000,0x000000f116d00000)]
  0x000002ad39659800 JavaThread "jar transforms Thread 73" [_thread_blocked, id=13864, stack(0x000000f116d00000,0x000000f116e00000)]
  0x000002ad39658000 JavaThread "jar transforms Thread 74" [_thread_blocked, id=10180, stack(0x000000f116e00000,0x000000f116f00000)]
  0x000002ad3965b000 JavaThread "jar transforms Thread 75" [_thread_blocked, id=12424, stack(0x000000f116f00000,0x000000f117000000)]
  0x000002ad39656800 JavaThread "jar transforms Thread 76" [_thread_blocked, id=15164, stack(0x000000f117000000,0x000000f117100000)]
  0x000002ad3965e800 JavaThread "jar transforms Thread 77" [_thread_blocked, id=10860, stack(0x000000f117100000,0x000000f117200000)]
  0x000002ad3965f800 JavaThread "jar transforms Thread 78" [_thread_blocked, id=6856, stack(0x000000f117200000,0x000000f117300000)]
  0x000002ad3965d000 JavaThread "jar transforms Thread 79" [_thread_blocked, id=14192, stack(0x000000f117300000,0x000000f117400000)]
  0x000002ad3965d800 JavaThread "jar transforms Thread 80" [_thread_blocked, id=12700, stack(0x000000f117400000,0x000000f117500000)]
  0x000002ad34bb4000 JavaThread "jar transforms Thread 81" [_thread_blocked, id=16212, stack(0x000000f117500000,0x000000f117600000)]
  0x000002ad34bb1800 JavaThread "jar transforms Thread 82" [_thread_blocked, id=15372, stack(0x000000f117600000,0x000000f117700000)]
  0x000002ad34bb3800 JavaThread "jar transforms Thread 83" [_thread_blocked, id=13136, stack(0x000000f117700000,0x000000f117800000)]
  0x000002ad34bb2800 JavaThread "jar transforms Thread 84" [_thread_blocked, id=5884, stack(0x000000f117800000,0x000000f117900000)]
  0x000002ad34bae800 JavaThread "jar transforms Thread 85" [_thread_blocked, id=10904, stack(0x000000f117900000,0x000000f117a00000)]
  0x000002ad34bb5000 JavaThread "jar transforms Thread 86" [_thread_blocked, id=7460, stack(0x000000f117a00000,0x000000f117b00000)]
  0x000002ad34baf000 JavaThread "jar transforms Thread 87" [_thread_blocked, id=15224, stack(0x000000f117b00000,0x000000f117c00000)]
  0x000002ad34bb0000 JavaThread "jar transforms Thread 88" [_thread_blocked, id=9976, stack(0x000000f117c00000,0x000000f117d00000)]
  0x000002ad34bb1000 JavaThread "jar transforms Thread 89" [_thread_blocked, id=13420, stack(0x000000f117d00000,0x000000f117e00000)]
  0x000002ad34bb9000 JavaThread "jar transforms Thread 90" [_thread_blocked, id=13252, stack(0x000000f117e00000,0x000000f117f00000)]
  0x000002ad34bba000 JavaThread "jar transforms Thread 91" [_thread_blocked, id=9084, stack(0x000000f117f00000,0x000000f118000000)]
  0x000002ad34bb6800 JavaThread "jar transforms Thread 92" [_thread_blocked, id=15272, stack(0x000000f118000000,0x000000f118100000)]
  0x000002ad34bbb800 JavaThread "jar transforms Thread 93" [_thread_blocked, id=14952, stack(0x000000f118100000,0x000000f118200000)]
  0x000002ad34bb7800 JavaThread "jar transforms Thread 94" [_thread_blocked, id=15256, stack(0x000000f118200000,0x000000f118300000)]
  0x000002ad34bba800 JavaThread "jar transforms Thread 95" [_thread_blocked, id=15356, stack(0x000000f118300000,0x000000f118400000)]
  0x000002ad34bb6000 JavaThread "jar transforms Thread 96" [_thread_blocked, id=6160, stack(0x000000f118400000,0x000000f118500000)]
  0x000002ad34bbc800 JavaThread "jar transforms Thread 97" [_thread_blocked, id=13768, stack(0x000000f118500000,0x000000f118600000)]
  0x000002ad34bbd000 JavaThread "Memory manager" [_thread_blocked, id=12548, stack(0x000000f118600000,0x000000f118700000)]
  0x000002ad3abaf000 JavaThread "build event listener" [_thread_blocked, id=12152, stack(0x000000f118700000,0x000000f118800000)]
  0x000002ad3abb0000 JavaThread "build event listener" [_thread_blocked, id=3156, stack(0x000000f118800000,0x000000f118900000)]
  0x000002ad3abb1000 JavaThread "Execution worker for ':'" [_thread_blocked, id=9908, stack(0x000000f118900000,0x000000f118a00000)]
  0x000002ad3abad000 JavaThread "Execution worker for ':' Thread 2" [_thread_blocked, id=8704, stack(0x000000f118a00000,0x000000f118b00000)]
  0x000002ad3abad800 JavaThread "Execution worker for ':' Thread 3" [_thread_blocked, id=14712, stack(0x000000f118b00000,0x000000f118c00000)]
  0x000002ad3abae800 JavaThread "Execution worker for ':' Thread 4" [_thread_blocked, id=14996, stack(0x000000f118c00000,0x000000f118d00000)]
  0x000002ad3abac000 JavaThread "Execution worker for ':' Thread 5" [_thread_blocked, id=13748, stack(0x000000f118d00000,0x000000f118e00000)]
  0x000002ad3abb3800 JavaThread "Execution worker for ':' Thread 6" [_thread_blocked, id=13428, stack(0x000000f118e00000,0x000000f118f00000)]
  0x000002ad3abb2800 JavaThread "Execution worker for ':' Thread 7" [_thread_blocked, id=14736, stack(0x000000f118f00000,0x000000f119000000)]
  0x000002ad3abb6800 JavaThread "Cache worker for execution history cache (C:\Users\Ferz\AndroidStudioProjects\rumireazgarbovpractice4\.gradle\6.7.1\executionHistory)" [_thread_blocked, id=13000, stack(0x000000f119000000,0x000000f119100000)]
  0x000002ad3abb7800 JavaThread "WorkerExecutor Queue" [_thread_blocked, id=15932, stack(0x000000f119100000,0x000000f119200000)]
  0x000002ad3abb1800 JavaThread "WorkerExecutor Queue Thread 2" [_thread_blocked, id=14780, stack(0x000000f119200000,0x000000f119300000)]
  0x000002ad3abb6000 JavaThread "WorkerExecutor Queue Thread 3" [_thread_blocked, id=4884, stack(0x000000f119300000,0x000000f119400000)]
  0x000002ad3abb8000 JavaThread "WorkerExecutor Queue Thread 4" [_thread_blocked, id=524, stack(0x000000f119400000,0x000000f119500000)]
  0x000002ad3abb9000 JavaThread "WorkerExecutor Queue Thread 5" [_thread_blocked, id=15896, stack(0x000000f119500000,0x000000f119600000)]
  0x000002ad3abba000 JavaThread "WorkerExecutor Queue Thread 6" [_thread_blocked, id=16348, stack(0x000000f119600000,0x000000f119700000)]
  0x000002ad3abb4000 JavaThread "pool-4-thread-1" [_thread_blocked, id=9576, stack(0x000000f119700000,0x000000f119800000)]
  0x000002ad3abb5000 JavaThread "stderr" [_thread_in_native, id=2000, stack(0x000000f119800000,0x000000f119900000)]
  0x000002ad34bb8000 JavaThread "stdout" [_thread_in_native, id=8520, stack(0x000000f119900000,0x000000f119a00000)]
  0x000002ad3e0d3000 JavaThread "ForkJoinPool-1-worker-3" daemon [_thread_blocked, id=15664, stack(0x000000f119a00000,0x000000f119b00000)]
  0x000002ad3e0d4800 JavaThread "ForkJoinPool-1-worker-5" daemon [_thread_blocked, id=13028, stack(0x000000f119b00000,0x000000f119c00000)]
  0x000002ad3e0d1000 JavaThread "ForkJoinPool-1-worker-7" daemon [_thread_blocked, id=6932, stack(0x000000f119c00000,0x000000f119d00000)]
  0x000002ad3e0d6000 JavaThread "ForkJoinPool-1-worker-9" daemon [_thread_blocked, id=15676, stack(0x000000f119d00000,0x000000f119e00000)]
  0x000002ad3e0d2000 JavaThread "ForkJoinPool-1-worker-11" daemon [_thread_blocked, id=2720, stack(0x000000f119e00000,0x000000f119f00000)]
  0x000002ad3e0d5800 JavaThread "ForkJoinPool-1-worker-13" daemon [_thread_blocked, id=15584, stack(0x000000f119f00000,0x000000f11a000000)]
  0x000002ad3e0d3800 JavaThread "ForkJoinPool-1-worker-15" daemon [_thread_blocked, id=4392, stack(0x000000f11a000000,0x000000f11a100000)]
  0x000002ad3e0d0800 JavaThread "ForkJoinPool-1-worker-1" daemon [_thread_blocked, id=14016, stack(0x000000f11a100000,0x000000f11a200000)]

Other Threads:
=>0x000002ad33e17800 VMThread "VM Thread" [stack: 0x000000f10f300000,0x000000f10f400000] [id=3108]
  0x000002ad34940000 WatcherThread [stack: 0x000000f10fd00000,0x000000f10fe00000] [id=15912]
  0x000002ad19340800 GCTaskThread "GC Thread#0" [stack: 0x000000f10ee00000,0x000000f10ef00000] [id=16032]
  0x000002ad3564b800 GCTaskThread "GC Thread#1" [stack: 0x000000f10ff00000,0x000000f110000000] [id=8616]
  0x000002ad35c25000 GCTaskThread "GC Thread#2" [stack: 0x000000f110b00000,0x000000f110c00000] [id=14392]
  0x000002ad3614f800 GCTaskThread "GC Thread#3" [stack: 0x000000f110c00000,0x000000f110d00000] [id=9052]
  0x000002ad36323800 GCTaskThread "GC Thread#4" [stack: 0x000000f110d00000,0x000000f110e00000] [id=14484]
  0x000002ad36210800 GCTaskThread "GC Thread#5" [stack: 0x000000f110e00000,0x000000f110f00000] [id=6620]
  0x000002ad362ec800 GCTaskThread "GC Thread#6" [stack: 0x000000f110f00000,0x000000f111000000] [id=16040]
  0x000002ad36275000 GCTaskThread "GC Thread#7" [stack: 0x000000f111000000,0x000000f111100000] [id=8528]
  0x000002ad19373800 ConcurrentGCThread "G1 Main Marker" [stack: 0x000000f10ef00000,0x000000f10f000000] [id=11176]
  0x000002ad19376000 ConcurrentGCThread "G1 Conc#0" [stack: 0x000000f10f000000,0x000000f10f100000] [id=15568]
  0x000002ad369b3000 ConcurrentGCThread "G1 Conc#1" [stack: 0x000000f111300000,0x000000f111400000] [id=8332]
  0x000002ad33c70800 ConcurrentGCThread "G1 Refine#0" [stack: 0x000000f10f100000,0x000000f10f200000] [id=13064]
  0x000002ad3bcc2800 ConcurrentGCThread "G1 Refine#1" [stack: 0x000000f11a200000,0x000000f11a300000] [id=15064]
  0x000002ad19407800 ConcurrentGCThread "G1 Young RemSet Sampling" [stack: 0x000000f10f200000,0x000000f10f300000] [id=16200]

Threads with active compile tasks:
C2 CompilerThread0  14795 11200       4       java.util.StringJoiner::add (104 bytes)
C2 CompilerThread1  14795 10090 %     4       com.android.tools.r8.dex.n::a @ 315 (913 bytes)

VM state:at safepoint (normal execution)

VM Mutex/Monitor currently owned by a thread:  ([mutex/lock_event])
[0x000002ad19324f00] Threads_lock - owner thread: 0x000002ad33e17800
[0x000002ad193259b0] Heap_lock - owner thread: 0x000002ad3e0d4800

Heap address: 0x0000000080000000, size: 2048 MB, Compressed Oops mode: 32-bit
Narrow klass base: 0x0000000000000000, Narrow klass shift: 3
Compressed class space size: 1073741824 Address: 0x0000000100000000

Heap:
 garbage-first heap   total 328704K, used 136256K [0x0000000080000000, 0x0000000100000000)
  region size 1024K, 6 young (6144K), 6 survivors (6144K)
 Metaspace       used 89371K, capacity 91791K, committed 91980K, reserved 1128448K
  class space    used 11715K, capacity 12599K, committed 12672K, reserved 1048576K
Heap Regions: E=young(eden), S=young(survivor), O=old, HS=humongous(starts), HC=humongous(continues), CS=collection set, F=free, A=archive, TAMS=top-at-mark-start (previous, next)
|   0|0x0000000080000000, 0x0000000080100000, 0x0000000080100000|100%| O|  |TAMS 0x0000000080100000, 0x0000000080100000| Untracked 
|   1|0x0000000080100000, 0x0000000080200000, 0x0000000080200000|100%| O|  |TAMS 0x0000000080200000, 0x0000000080200000| Untracked 
|   2|0x0000000080200000, 0x0000000080300000, 0x0000000080300000|100%| O|  |TAMS 0x0000000080300000, 0x0000000080300000| Untracked 
|   3|0x0000000080300000, 0x0000000080400000, 0x0000000080400000|100%|HS|  |TAMS 0x0000000080400000, 0x0000000080400000| Complete 
|   4|0x0000000080400000, 0x0000000080500000, 0x0000000080500000|100%|HC|  |TAMS 0x0000000080500000, 0x0000000080500000| Complete 
|   5|0x0000000080500000, 0x0000000080600000, 0x0000000080600000|100%|HC|  |TAMS 0x0000000080600000, 0x0000000080600000| Complete 
|   6|0x0000000080600000, 0x0000000080700000, 0x0000000080700000|100%| O|  |TAMS 0x0000000080700000, 0x0000000080700000| Untracked 
|   7|0x0000000080700000, 0x0000000080800000, 0x0000000080800000|100%| O|  |TAMS 0x0000000080800000, 0x0000000080800000| Untracked 
|   8|0x0000000080800000, 0x0000000080900000, 0x0000000080900000|100%| O|  |TAMS 0x0000000080900000, 0x0000000080900000| Untracked 
|   9|0x0000000080900000, 0x0000000080a00000, 0x0000000080a00000|100%| O|  |TAMS 0x0000000080a00000, 0x0000000080a00000| Untracked 
|  10|0x0000000080a00000, 0x0000000080b00000, 0x0000000080b00000|100%| O|  |TAMS 0x0000000080b00000, 0x0000000080b00000| Untracked 
|  11|0x0000000080b00000, 0x0000000080c00000, 0x0000000080c00000|100%| O|  |TAMS 0x0000000080c00000, 0x0000000080c00000| Untracked 
|  12|0x0000000080c00000, 0x0000000080d00000, 0x0000000080d00000|100%| O|  |TAMS 0x0000000080d00000, 0x0000000080d00000| Untracked 
|  13|0x0000000080d00000, 0x0000000080e00000, 0x0000000080e00000|100%| O|  |TAMS 0x0000000080e00000, 0x0000000080e00000| Untracked 
|  14|0x0000000080e00000, 0x0000000080f00000, 0x0000000080f00000|100%| O|  |TAMS 0x0000000080f00000, 0x0000000080f00000| Untracked 
|  15|0x0000000080f00000, 0x0000000081000000, 0x0000000081000000|100%| O|  |TAMS 0x0000000081000000, 0x0000000081000000| Untracked 
|  16|0x0000000081000000, 0x0000000081100000, 0x0000000081100000|100%| O|  |TAMS 0x0000000081100000, 0x0000000081100000| Untracked 
|  17|0x0000000081100000, 0x0000000081200000, 0x0000000081200000|100%| O|  |TAMS 0x0000000081200000, 0x0000000081200000| Untracked 
|  18|0x0000000081200000, 0x0000000081300000, 0x0000000081300000|100%| O|  |TAMS 0x0000000081300000, 0x0000000081300000| Untracked 
|  19|0x0000000081300000, 0x0000000081400000, 0x0000000081400000|100%| O|  |TAMS 0x0000000081400000, 0x0000000081400000| Untracked 
|  20|0x0000000081400000, 0x0000000081500000, 0x0000000081500000|100%| O|  |TAMS 0x0000000081500000, 0x0000000081500000| Untracked 
|  21|0x0000000081500000, 0x0000000081600000, 0x0000000081600000|100%| O|  |TAMS 0x0000000081600000, 0x0000000081600000| Untracked 
|  22|0x0000000081600000, 0x0000000081700000, 0x0000000081700000|100%|HS|  |TAMS 0x0000000081700000, 0x0000000081700000| Complete 
|  23|0x0000000081700000, 0x0000000081800000, 0x0000000081800000|100%|HS|  |TAMS 0x0000000081800000, 0x0000000081800000| Complete 
|  24|0x0000000081800000, 0x0000000081900000, 0x0000000081900000|100%|HC|  |TAMS 0x0000000081900000, 0x0000000081900000| Complete 
|  25|0x0000000081900000, 0x0000000081a00000, 0x0000000081a00000|100%| O|  |TAMS 0x0000000081a00000, 0x0000000081a00000| Untracked 
|  26|0x0000000081a00000, 0x0000000081b00000, 0x0000000081b00000|100%| O|  |TAMS 0x0000000081b00000, 0x0000000081b00000| Untracked 
|  27|0x0000000081b00000, 0x0000000081c00000, 0x0000000081c00000|100%| O|  |TAMS 0x0000000081c00000, 0x0000000081c00000| Untracked 
|  28|0x0000000081c00000, 0x0000000081d00000, 0x0000000081d00000|100%| O|  |TAMS 0x0000000081d00000, 0x0000000081d00000| Untracked 
|  29|0x0000000081d00000, 0x0000000081e00000, 0x0000000081e00000|100%| O|  |TAMS 0x0000000081e00000, 0x0000000081e00000| Untracked 
|  30|0x0000000081e00000, 0x0000000081f00000, 0x0000000081f00000|100%| O|  |TAMS 0x0000000081f00000, 0x0000000081f00000| Untracked 
|  31|0x0000000081f00000, 0x0000000082000000, 0x0000000082000000|100%| O|  |TAMS 0x0000000082000000, 0x0000000082000000| Untracked 
|  32|0x0000000082000000, 0x0000000082100000, 0x0000000082100000|100%| O|  |TAMS 0x0000000082100000, 0x0000000082100000| Untracked 
|  33|0x0000000082100000, 0x0000000082200000, 0x0000000082200000|100%| O|  |TAMS 0x0000000082200000, 0x0000000082200000| Untracked 
|  34|0x0000000082200000, 0x0000000082300000, 0x0000000082300000|100%| O|  |TAMS 0x0000000082300000, 0x0000000082300000| Untracked 
|  35|0x0000000082300000, 0x0000000082400000, 0x0000000082400000|100%| O|  |TAMS 0x0000000082400000, 0x0000000082400000| Untracked 
|  36|0x0000000082400000, 0x0000000082500000, 0x0000000082500000|100%| O|  |TAMS 0x0000000082500000, 0x0000000082500000| Untracked 
|  37|0x0000000082500000, 0x0000000082600000, 0x0000000082600000|100%| O|  |TAMS 0x0000000082600000, 0x0000000082600000| Untracked 
|  38|0x0000000082600000, 0x0000000082700000, 0x0000000082700000|100%| O|  |TAMS 0x0000000082700000, 0x0000000082700000| Untracked 
|  39|0x0000000082700000, 0x0000000082800000, 0x0000000082800000|100%| O|  |TAMS 0x0000000082800000, 0x0000000082800000| Untracked 
|  40|0x0000000082800000, 0x0000000082900000, 0x0000000082900000|100%| O|  |TAMS 0x0000000082900000, 0x0000000082900000| Untracked 
|  41|0x0000000082900000, 0x0000000082a00000, 0x0000000082a00000|100%| O|  |TAMS 0x0000000082a00000, 0x0000000082a00000| Untracked 
|  42|0x0000000082a00000, 0x0000000082b00000, 0x0000000082b00000|100%| O|  |TAMS 0x0000000082b00000, 0x0000000082b00000| Untracked 
|  43|0x0000000082b00000, 0x0000000082c00000, 0x0000000082c00000|100%| O|  |TAMS 0x0000000082c00000, 0x0000000082c00000| Untracked 
|  44|0x0000000082c00000, 0x0000000082d00000, 0x0000000082d00000|100%| O|  |TAMS 0x0000000082d00000, 0x0000000082d00000| Untracked 
|  45|0x0000000082d00000, 0x0000000082e00000, 0x0000000082e00000|100%| O|  |TAMS 0x0000000082e00000, 0x0000000082e00000| Untracked 
|  46|0x0000000082e00000, 0x0000000082f00000, 0x0000000082f00000|100%| O|  |TAMS 0x0000000082f00000, 0x0000000082f00000| Untracked 
|  47|0x0000000082f00000, 0x0000000083000000, 0x0000000083000000|100%| O|  |TAMS 0x0000000083000000, 0x0000000083000000| Untracked 
|  48|0x0000000083000000, 0x0000000083100000, 0x0000000083100000|100%| O|  |TAMS 0x0000000083100000, 0x0000000083100000| Untracked 
|  49|0x0000000083100000, 0x0000000083200000, 0x0000000083200000|100%| O|  |TAMS 0x0000000083200000, 0x0000000083200000| Untracked 
|  50|0x0000000083200000, 0x0000000083300000, 0x0000000083300000|100%| O|  |TAMS 0x0000000083300000, 0x0000000083300000| Untracked 
|  51|0x0000000083300000, 0x0000000083400000, 0x0000000083400000|100%| O|  |TAMS 0x0000000083400000, 0x0000000083400000| Untracked 
|  52|0x0000000083400000, 0x0000000083500000, 0x0000000083500000|100%| O|  |TAMS 0x0000000083500000, 0x0000000083500000| Untracked 
|  53|0x0000000083500000, 0x0000000083600000, 0x0000000083600000|100%| O|  |TAMS 0x0000000083600000, 0x0000000083600000| Untracked 
|  54|0x0000000083600000, 0x0000000083700000, 0x0000000083700000|100%| O|  |TAMS 0x0000000083700000, 0x0000000083700000| Untracked 
|  55|0x0000000083700000, 0x0000000083800000, 0x0000000083800000|100%| O|  |TAMS 0x0000000083800000, 0x0000000083800000| Untracked 
|  56|0x0000000083800000, 0x0000000083900000, 0x0000000083900000|100%| O|  |TAMS 0x0000000083900000, 0x0000000083900000| Untracked 
|  57|0x0000000083900000, 0x0000000083a00000, 0x0000000083a00000|100%| O|  |TAMS 0x0000000083a00000, 0x0000000083a00000| Untracked 
|  58|0x0000000083a00000, 0x0000000083b00000, 0x0000000083b00000|100%| O|  |TAMS 0x0000000083b00000, 0x0000000083b00000| Untracked 
|  59|0x0000000083b00000, 0x0000000083c00000, 0x0000000083c00000|100%| O|  |TAMS 0x0000000083c00000, 0x0000000083c00000| Untracked 
|  60|0x0000000083c00000, 0x0000000083c10000, 0x0000000083d00000|  6%| O|  |TAMS 0x0000000083c00000, 0x0000000083c10000| Untracked 
|  61|0x0000000083d00000, 0x0000000083e00000, 0x0000000083e00000|100%|HS|  |TAMS 0x0000000083e00000, 0x0000000083e00000| Complete 
|  62|0x0000000083e00000, 0x0000000083f00000, 0x0000000083f00000|100%|HC|  |TAMS 0x0000000083f00000, 0x0000000083f00000| Complete 
|  63|0x0000000083f00000, 0x0000000084000000, 0x0000000084000000|100%|HS|  |TAMS 0x0000000084000000, 0x0000000084000000| Complete 
|  64|0x0000000084000000, 0x0000000084100000, 0x0000000084100000|100%|HS|  |TAMS 0x0000000084100000, 0x0000000084100000| Complete 
|  65|0x0000000084100000, 0x0000000084200000, 0x0000000084200000|100%| O|  |TAMS 0x0000000084200000, 0x0000000084200000| Untracked 
|  66|0x0000000084200000, 0x0000000084300000, 0x0000000084300000|100%| O|  |TAMS 0x0000000084300000, 0x0000000084300000| Untracked 
|  67|0x0000000084300000, 0x0000000084400000, 0x0000000084400000|100%|HS|  |TAMS 0x0000000084300000, 0x0000000084400000| Complete 
|  68|0x0000000084400000, 0x0000000084400000, 0x0000000084500000|  0%| F|  |TAMS 0x0000000084400000, 0x0000000084400000| Untracked 
|  69|0x0000000084500000, 0x0000000084600000, 0x0000000084600000|100%| O|  |TAMS 0x0000000084600000, 0x0000000084600000| Untracked 
|  70|0x0000000084600000, 0x0000000084700000, 0x0000000084700000|100%| O|  |TAMS 0x0000000084700000, 0x0000000084700000| Untracked 
|  71|0x0000000084700000, 0x0000000084800000, 0x0000000084800000|100%| O|  |TAMS 0x0000000084800000, 0x0000000084800000| Untracked 
|  72|0x0000000084800000, 0x0000000084900000, 0x0000000084900000|100%|HS|  |TAMS 0x0000000084800000, 0x0000000084900000| Complete 
|  73|0x0000000084900000, 0x0000000084a00000, 0x0000000084a00000|100%| O|  |TAMS 0x0000000084a00000, 0x0000000084a00000| Untracked 
|  74|0x0000000084a00000, 0x0000000084b00000, 0x0000000084b00000|100%| O|  |TAMS 0x0000000084b00000, 0x0000000084b00000| Untracked 
|  75|0x0000000084b00000, 0x0000000084c00000, 0x0000000084c00000|100%| O|  |TAMS 0x0000000084c00000, 0x0000000084c00000| Untracked 
|  76|0x0000000084c00000, 0x0000000084d00000, 0x0000000084d00000|100%| O|  |TAMS 0x0000000084d00000, 0x0000000084d00000| Untracked 
|  77|0x0000000084d00000, 0x0000000084e00000, 0x0000000084e00000|100%| O|  |TAMS 0x0000000084e00000, 0x0000000084e00000| Untracked 
|  78|0x0000000084e00000, 0x0000000084f00000, 0x0000000084f00000|100%|HS|  |TAMS 0x0000000084e00000, 0x0000000084f00000| Complete 
|  79|0x0000000084f00000, 0x0000000085000000, 0x0000000085000000|100%|HS|  |TAMS 0x0000000084f00000, 0x0000000085000000| Complete 
|  80|0x0000000085000000, 0x0000000085000000, 0x0000000085100000|  0%| F|  |TAMS 0x0000000085000000, 0x0000000085000000| Untracked 
|  81|0x0000000085100000, 0x0000000085200000, 0x0000000085200000|100%| O|  |TAMS 0x0000000085100000, 0x0000000085200000| Untracked 
|  82|0x0000000085200000, 0x0000000085300000, 0x0000000085300000|100%| O|  |TAMS 0x0000000085300000, 0x0000000085300000| Untracked 
|  83|0x0000000085300000, 0x0000000085400000, 0x0000000085400000|100%| O|  |TAMS 0x0000000085300000, 0x0000000085400000| Untracked 
|  84|0x0000000085400000, 0x0000000085500000, 0x0000000085500000|100%| O|  |TAMS 0x0000000085500000, 0x0000000085500000| Untracked 
|  85|0x0000000085500000, 0x0000000085600000, 0x0000000085600000|100%| O|  |TAMS 0x0000000085600000, 0x0000000085600000| Untracked 
|  86|0x0000000085600000, 0x0000000085600000, 0x0000000085700000|  0%| F|  |TAMS 0x0000000085600000, 0x0000000085600000| Untracked 
|  87|0x0000000085700000, 0x0000000085800000, 0x0000000085800000|100%| O|  |TAMS 0x0000000085800000, 0x0000000085800000| Untracked 
|  88|0x0000000085800000, 0x0000000085900000, 0x0000000085900000|100%| O|  |TAMS 0x0000000085900000, 0x0000000085900000| Untracked 
|  89|0x0000000085900000, 0x0000000085a00000, 0x0000000085a00000|100%| O|  |TAMS 0x0000000085a00000, 0x0000000085a00000| Untracked 
|  90|0x0000000085a00000, 0x0000000085b00000, 0x0000000085b00000|100%| O|  |TAMS 0x0000000085b00000, 0x0000000085b00000| Untracked 
|  91|0x0000000085b00000, 0x0000000085c00000, 0x0000000085c00000|100%| O|  |TAMS 0x0000000085c00000, 0x0000000085c00000| Untracked 
|  92|0x0000000085c00000, 0x0000000085d00000, 0x0000000085d00000|100%| O|  |TAMS 0x0000000085d00000, 0x0000000085d00000| Untracked 
|  93|0x0000000085d00000, 0x0000000085e00000, 0x0000000085e00000|100%| O|  |TAMS 0x0000000085e00000, 0x0000000085e00000| Untracked 
|  94|0x0000000085e00000, 0x0000000085f00000, 0x0000000085f00000|100%| O|  |TAMS 0x0000000085f00000, 0x0000000085f00000| Untracked 
|  95|0x0000000085f00000, 0x0000000086000000, 0x0000000086000000|100%| O|  |TAMS 0x0000000086000000, 0x0000000086000000| Untracked 
|  96|0x0000000086000000, 0x0000000086100000, 0x0000000086100000|100%| O|  |TAMS 0x0000000086100000, 0x0000000086100000| Untracked 
|  97|0x0000000086100000, 0x0000000086200000, 0x0000000086200000|100%| O|  |TAMS 0x0000000086200000, 0x0000000086200000| Untracked 
|  98|0x0000000086200000, 0x0000000086300000, 0x0000000086300000|100%| O|  |TAMS 0x0000000086300000, 0x0000000086300000| Untracked 
|  99|0x0000000086300000, 0x0000000086400000, 0x0000000086400000|100%| O|  |TAMS 0x0000000086400000, 0x0000000086400000| Untracked 
| 100|0x0000000086400000, 0x0000000086500000, 0x0000000086500000|100%| O|  |TAMS 0x0000000086500000, 0x0000000086500000| Untracked 
| 101|0x0000000086500000, 0x0000000086600000, 0x0000000086600000|100%| O|  |TAMS 0x0000000086600000, 0x0000000086600000| Untracked 
| 102|0x0000000086600000, 0x0000000086700000, 0x0000000086700000|100%| O|  |TAMS 0x0000000086700000, 0x0000000086700000| Untracked 
| 103|0x0000000086700000, 0x0000000086800000, 0x0000000086800000|100%| O|  |TAMS 0x0000000086800000, 0x0000000086800000| Untracked 
| 104|0x0000000086800000, 0x0000000086900000, 0x0000000086900000|100%| O|  |TAMS 0x0000000086900000, 0x0000000086900000| Untracked 
| 105|0x0000000086900000, 0x0000000086a00000, 0x0000000086a00000|100%| O|  |TAMS 0x0000000086a00000, 0x0000000086a00000| Untracked 
| 106|0x0000000086a00000, 0x0000000086b00000, 0x0000000086b00000|100%| O|  |TAMS 0x0000000086b00000, 0x0000000086b00000| Untracked 
| 107|0x0000000086b00000, 0x0000000086c00000, 0x0000000086c00000|100%| O|  |TAMS 0x0000000086c00000, 0x0000000086c00000| Untracked 
| 108|0x0000000086c00000, 0x0000000086d00000, 0x0000000086d00000|100%| O|  |TAMS 0x0000000086d00000, 0x0000000086d00000| Untracked 
| 109|0x0000000086d00000, 0x0000000086e00000, 0x0000000086e00000|100%| O|  |TAMS 0x0000000086e00000, 0x0000000086e00000| Untracked 
| 110|0x0000000086e00000, 0x0000000086f00000, 0x0000000086f00000|100%| O|  |TAMS 0x0000000086f00000, 0x0000000086f00000| Untracked 
| 111|0x0000000086f00000, 0x0000000087000000, 0x0000000087000000|100%| O|  |TAMS 0x0000000087000000, 0x0000000087000000| Untracked 
| 112|0x0000000087000000, 0x0000000087100000, 0x0000000087100000|100%| O|  |TAMS 0x0000000087100000, 0x0000000087100000| Untracked 
| 113|0x0000000087100000, 0x0000000087200000, 0x0000000087200000|100%| O|  |TAMS 0x0000000087200000, 0x0000000087200000| Untracked 
| 114|0x0000000087200000, 0x0000000087300000, 0x0000000087300000|100%| O|  |TAMS 0x0000000087300000, 0x0000000087300000| Untracked 
| 115|0x0000000087300000, 0x0000000087400000, 0x0000000087400000|100%| O|  |TAMS 0x0000000087400000, 0x0000000087400000| Untracked 
| 116|0x0000000087400000, 0x0000000087400000, 0x0000000087500000|  0%| F|  |TAMS 0x0000000087400000, 0x0000000087400000| Untracked 
| 117|0x0000000087500000, 0x0000000087600000, 0x0000000087600000|100%| O|  |TAMS 0x0000000087600000, 0x0000000087600000| Untracked 
| 118|0x0000000087600000, 0x0000000087700000, 0x0000000087700000|100%| O|  |TAMS 0x0000000087700000, 0x0000000087700000| Untracked 
| 119|0x0000000087700000, 0x0000000087800000, 0x0000000087800000|100%| O|  |TAMS 0x0000000087800000, 0x0000000087800000| Untracked 
| 120|0x0000000087800000, 0x0000000087900000, 0x0000000087900000|100%| O|  |TAMS 0x0000000087900000, 0x0000000087900000| Untracked 
| 121|0x0000000087900000, 0x0000000087900000, 0x0000000087a00000|  0%| F|  |TAMS 0x0000000087900000, 0x0000000087900000| Untracked 
| 122|0x0000000087a00000, 0x0000000087b00000, 0x0000000087b00000|100%| O|  |TAMS 0x0000000087af7000, 0x0000000087b00000| Untracked 
| 123|0x0000000087b00000, 0x0000000087c00000, 0x0000000087c00000|100%| O|  |TAMS 0x0000000087b00000, 0x0000000087c00000| Untracked 
| 124|0x0000000087c00000, 0x0000000087d00000, 0x0000000087d00000|100%| O|  |TAMS 0x0000000087c00000, 0x0000000087d00000| Untracked 
| 125|0x0000000087d00000, 0x0000000087e00000, 0x0000000087e00000|100%|HS|  |TAMS 0x0000000087d00000, 0x0000000087e00000| Complete 
| 126|0x0000000087e00000, 0x0000000087f00000, 0x0000000087f00000|100%| O|  |TAMS 0x0000000087e00000, 0x0000000087f00000| Untracked 
| 127|0x0000000087f00000, 0x0000000088000000, 0x0000000088000000|100%| O|  |TAMS 0x0000000087f00000, 0x0000000088000000| Untracked 
| 128|0x0000000088000000, 0x0000000088100000, 0x0000000088100000|100%| O|  |TAMS 0x0000000088000000, 0x0000000088100000| Untracked 
| 129|0x0000000088100000, 0x0000000088200000, 0x0000000088200000|100%| O|  |TAMS 0x0000000088100000, 0x0000000088200000| Untracked 
| 130|0x0000000088200000, 0x0000000088300000, 0x0000000088300000|100%| O|  |TAMS 0x0000000088200000, 0x0000000088300000| Untracked 
| 131|0x0000000088300000, 0x0000000088400000, 0x0000000088400000|100%| O|  |TAMS 0x0000000088300000, 0x0000000088400000| Untracked 
| 132|0x0000000088400000, 0x0000000088500000, 0x0000000088500000|100%| O|  |TAMS 0x0000000088400000, 0x0000000088500000| Untracked 
| 133|0x0000000088500000, 0x0000000088500000, 0x0000000088600000|  0%| F|  |TAMS 0x0000000088500000, 0x0000000088500000| Untracked 
| 134|0x0000000088600000, 0x0000000088600000, 0x0000000088700000|  0%| F|  |TAMS 0x0000000088600000, 0x0000000088600000| Untracked 
| 135|0x0000000088700000, 0x0000000088700000, 0x0000000088800000|  0%| F|  |TAMS 0x0000000088700000, 0x0000000088700000| Untracked 
| 136|0x0000000088800000, 0x0000000088800000, 0x0000000088900000|  0%| F|  |TAMS 0x0000000088800000, 0x0000000088800000| Untracked 
| 137|0x0000000088900000, 0x0000000088900000, 0x0000000088a00000|  0%| F|  |TAMS 0x0000000088900000, 0x0000000088900000| Untracked 
| 138|0x0000000088a00000, 0x0000000088a00000, 0x0000000088b00000|  0%| F|  |TAMS 0x0000000088a00000, 0x0000000088a00000| Untracked 
| 139|0x0000000088b00000, 0x0000000088b00000, 0x0000000088c00000|  0%| F|  |TAMS 0x0000000088b00000, 0x0000000088b00000| Untracked 
| 140|0x0000000088c00000, 0x0000000088c00000, 0x0000000088d00000|  0%| F|  |TAMS 0x0000000088c00000, 0x0000000088c00000| Untracked 
| 141|0x0000000088d00000, 0x0000000088d00000, 0x0000000088e00000|  0%| F|  |TAMS 0x0000000088d00000, 0x0000000088d00000| Untracked 
| 142|0x0000000088e00000, 0x0000000088e00000, 0x0000000088f00000|  0%| F|  |TAMS 0x0000000088e00000, 0x0000000088e00000| Untracked 
| 143|0x0000000088f00000, 0x0000000088f00000, 0x0000000089000000|  0%| F|  |TAMS 0x0000000088f00000, 0x0000000088f00000| Untracked 
| 144|0x0000000089000000, 0x0000000089000000, 0x0000000089100000|  0%| F|  |TAMS 0x0000000089000000, 0x0000000089000000| Untracked 
| 145|0x0000000089100000, 0x0000000089100000, 0x0000000089200000|  0%| F|  |TAMS 0x0000000089100000, 0x0000000089100000| Untracked 
| 146|0x0000000089200000, 0x0000000089200000, 0x0000000089300000|  0%| F|  |TAMS 0x0000000089200000, 0x0000000089200000| Untracked 
| 147|0x0000000089300000, 0x0000000089300000, 0x0000000089400000|  0%| F|  |TAMS 0x0000000089300000, 0x0000000089300000| Untracked 
| 148|0x0000000089400000, 0x0000000089400000, 0x0000000089500000|  0%| F|  |TAMS 0x0000000089400000, 0x0000000089400000| Untracked 
| 149|0x0000000089500000, 0x0000000089500000, 0x0000000089600000|  0%| F|  |TAMS 0x0000000089500000, 0x0000000089500000| Untracked 
| 150|0x0000000089600000, 0x0000000089600000, 0x0000000089700000|  0%| F|  |TAMS 0x0000000089600000, 0x0000000089600000| Untracked 
| 151|0x0000000089700000, 0x0000000089700000, 0x0000000089800000|  0%| F|  |TAMS 0x0000000089700000, 0x0000000089700000| Untracked 
| 152|0x0000000089800000, 0x0000000089800000, 0x0000000089900000|  0%| F|  |TAMS 0x0000000089800000, 0x0000000089800000| Untracked 
| 153|0x0000000089900000, 0x0000000089900000, 0x0000000089a00000|  0%| F|  |TAMS 0x0000000089900000, 0x0000000089900000| Untracked 
| 154|0x0000000089a00000, 0x0000000089a00000, 0x0000000089b00000|  0%| F|  |TAMS 0x0000000089a00000, 0x0000000089a00000| Untracked 
| 155|0x0000000089b00000, 0x0000000089b00000, 0x0000000089c00000|  0%| F|  |TAMS 0x0000000089b00000, 0x0000000089b00000| Untracked 
| 156|0x0000000089c00000, 0x0000000089c00000, 0x0000000089d00000|  0%| F|  |TAMS 0x0000000089c00000, 0x0000000089c00000| Untracked 
| 157|0x0000000089d00000, 0x0000000089d00000, 0x0000000089e00000|  0%| F|  |TAMS 0x0000000089d00000, 0x0000000089d00000| Untracked 
| 158|0x0000000089e00000, 0x0000000089e00000, 0x0000000089f00000|  0%| F|  |TAMS 0x0000000089e00000, 0x0000000089e00000| Untracked 
| 159|0x0000000089f00000, 0x0000000089f00000, 0x000000008a000000|  0%| F|  |TAMS 0x0000000089f00000, 0x0000000089f00000| Untracked 
| 160|0x000000008a000000, 0x000000008a000000, 0x000000008a100000|  0%| F|  |TAMS 0x000000008a000000, 0x000000008a000000| Untracked 
| 161|0x000000008a100000, 0x000000008a100000, 0x000000008a200000|  0%| F|  |TAMS 0x000000008a100000, 0x000000008a100000| Untracked 
| 162|0x000000008a200000, 0x000000008a200000, 0x000000008a300000|  0%| F|  |TAMS 0x000000008a200000, 0x000000008a200000| Untracked 
| 163|0x000000008a300000, 0x000000008a300000, 0x000000008a400000|  0%| F|  |TAMS 0x000000008a300000, 0x000000008a300000| Untracked 
| 164|0x000000008a400000, 0x000000008a400000, 0x000000008a500000|  0%| F|  |TAMS 0x000000008a400000, 0x000000008a400000| Untracked 
| 165|0x000000008a500000, 0x000000008a500000, 0x000000008a600000|  0%| F|  |TAMS 0x000000008a500000, 0x000000008a500000| Untracked 
| 166|0x000000008a600000, 0x000000008a600000, 0x000000008a700000|  0%| F|  |TAMS 0x000000008a600000, 0x000000008a600000| Untracked 
| 167|0x000000008a700000, 0x000000008a700000, 0x000000008a800000|  0%| F|  |TAMS 0x000000008a700000, 0x000000008a700000| Untracked 
| 168|0x000000008a800000, 0x000000008a800000, 0x000000008a900000|  0%| F|  |TAMS 0x000000008a800000, 0x000000008a800000| Untracked 
| 169|0x000000008a900000, 0x000000008a900000, 0x000000008aa00000|  0%| F|  |TAMS 0x000000008a900000, 0x000000008a900000| Untracked 
| 170|0x000000008aa00000, 0x000000008aa00000, 0x000000008ab00000|  0%| F|  |TAMS 0x000000008aa00000, 0x000000008aa00000| Untracked 
| 171|0x000000008ab00000, 0x000000008ab00000, 0x000000008ac00000|  0%| F|  |TAMS 0x000000008ab00000, 0x000000008ab00000| Untracked 
| 172|0x000000008ac00000, 0x000000008ac00000, 0x000000008ad00000|  0%| F|  |TAMS 0x000000008ac00000, 0x000000008ac00000| Untracked 
| 173|0x000000008ad00000, 0x000000008ad00000, 0x000000008ae00000|  0%| F|  |TAMS 0x000000008ad00000, 0x000000008ad00000| Untracked 
| 174|0x000000008ae00000, 0x000000008ae00000, 0x000000008af00000|  0%| F|  |TAMS 0x000000008ae00000, 0x000000008ae00000| Untracked 
| 175|0x000000008af00000, 0x000000008af00000, 0x000000008b000000|  0%| F|  |TAMS 0x000000008af00000, 0x000000008af00000| Untracked 
| 176|0x000000008b000000, 0x000000008b000000, 0x000000008b100000|  0%| F|  |TAMS 0x000000008b000000, 0x000000008b000000| Untracked 
| 177|0x000000008b100000, 0x000000008b100000, 0x000000008b200000|  0%| F|  |TAMS 0x000000008b100000, 0x000000008b100000| Untracked 
| 178|0x000000008b200000, 0x000000008b200000, 0x000000008b300000|  0%| F|  |TAMS 0x000000008b200000, 0x000000008b200000| Untracked 
| 179|0x000000008b300000, 0x000000008b300000, 0x000000008b400000|  0%| F|  |TAMS 0x000000008b300000, 0x000000008b300000| Untracked 
| 180|0x000000008b400000, 0x000000008b400000, 0x000000008b500000|  0%| F|  |TAMS 0x000000008b400000, 0x000000008b400000| Untracked 
| 181|0x000000008b500000, 0x000000008b500000, 0x000000008b600000|  0%| F|  |TAMS 0x000000008b500000, 0x000000008b500000| Untracked 
| 182|0x000000008b600000, 0x000000008b600000, 0x000000008b700000|  0%| F|  |TAMS 0x000000008b600000, 0x000000008b600000| Untracked 
| 183|0x000000008b700000, 0x000000008b700000, 0x000000008b800000|  0%| F|  |TAMS 0x000000008b700000, 0x000000008b700000| Untracked 
| 184|0x000000008b800000, 0x000000008b800000, 0x000000008b900000|  0%| F|  |TAMS 0x000000008b800000, 0x000000008b800000| Untracked 
| 185|0x000000008b900000, 0x000000008b900000, 0x000000008ba00000|  0%| F|  |TAMS 0x000000008b900000, 0x000000008b900000| Untracked 
| 186|0x000000008ba00000, 0x000000008ba00000, 0x000000008bb00000|  0%| F|  |TAMS 0x000000008ba00000, 0x000000008ba00000| Untracked 
| 187|0x000000008bb00000, 0x000000008bb00000, 0x000000008bc00000|  0%| F|  |TAMS 0x000000008bb00000, 0x000000008bb00000| Untracked 
| 188|0x000000008bc00000, 0x000000008bc00000, 0x000000008bd00000|  0%| F|  |TAMS 0x000000008bc00000, 0x000000008bc00000| Untracked 
| 189|0x000000008bd00000, 0x000000008bd00000, 0x000000008be00000|  0%| F|  |TAMS 0x000000008bd00000, 0x000000008bd00000| Untracked 
| 190|0x000000008be00000, 0x000000008be00000, 0x000000008bf00000|  0%| F|  |TAMS 0x000000008be00000, 0x000000008be00000| Untracked 
| 191|0x000000008bf00000, 0x000000008bf00000, 0x000000008c000000|  0%| F|  |TAMS 0x000000008bf00000, 0x000000008bf00000| Untracked 
| 192|0x000000008c000000, 0x000000008c000000, 0x000000008c100000|  0%| F|  |TAMS 0x000000008c000000, 0x000000008c000000| Untracked 
| 193|0x000000008c100000, 0x000000008c100000, 0x000000008c200000|  0%| F|  |TAMS 0x000000008c100000, 0x000000008c100000| Untracked 
| 194|0x000000008c200000, 0x000000008c200000, 0x000000008c300000|  0%| F|  |TAMS 0x000000008c200000, 0x000000008c200000| Untracked 
| 195|0x000000008c300000, 0x000000008c300000, 0x000000008c400000|  0%| F|  |TAMS 0x000000008c300000, 0x000000008c300000| Untracked 
| 196|0x000000008c400000, 0x000000008c400000, 0x000000008c500000|  0%| F|  |TAMS 0x000000008c400000, 0x000000008c400000| Untracked 
| 197|0x000000008c500000, 0x000000008c500000, 0x000000008c600000|  0%| F|  |TAMS 0x000000008c500000, 0x000000008c500000| Untracked 
| 198|0x000000008c600000, 0x000000008c600000, 0x000000008c700000|  0%| F|  |TAMS 0x000000008c600000, 0x000000008c600000| Untracked 
| 199|0x000000008c700000, 0x000000008c700000, 0x000000008c800000|  0%| F|  |TAMS 0x000000008c700000, 0x000000008c700000| Untracked 
| 200|0x000000008c800000, 0x000000008c800000, 0x000000008c900000|  0%| F|  |TAMS 0x000000008c800000, 0x000000008c800000| Untracked 
| 201|0x000000008c900000, 0x000000008c900000, 0x000000008ca00000|  0%| F|  |TAMS 0x000000008c900000, 0x000000008c900000| Untracked 
| 202|0x000000008ca00000, 0x000000008ca00000, 0x000000008cb00000|  0%| F|  |TAMS 0x000000008ca00000, 0x000000008ca00000| Untracked 
| 203|0x000000008cb00000, 0x000000008cb00000, 0x000000008cc00000|  0%| F|  |TAMS 0x000000008cb00000, 0x000000008cb00000| Untracked 
| 204|0x000000008cc00000, 0x000000008cc00000, 0x000000008cd00000|  0%| F|  |TAMS 0x000000008cc00000, 0x000000008cc00000| Untracked 
| 205|0x000000008cd00000, 0x000000008ce00000, 0x000000008ce00000|100%| S|CS|TAMS 0x000000008cd00000, 0x000000008cd00000| Complete 
| 206|0x000000008ce00000, 0x000000008cf00000, 0x000000008cf00000|100%| S|CS|TAMS 0x000000008ce00000, 0x000000008ce00000| Complete 
| 207|0x000000008cf00000, 0x000000008d000000, 0x000000008d000000|100%| S|CS|TAMS 0x000000008cf00000, 0x000000008cf00000| Complete 
| 208|0x000000008d000000, 0x000000008d100000, 0x000000008d100000|100%| S|CS|TAMS 0x000000008d000000, 0x000000008d000000| Complete 
| 209|0x000000008d100000, 0x000000008d200000, 0x000000008d200000|100%| S|CS|TAMS 0x000000008d100000, 0x000000008d100000| Complete 
| 210|0x000000008d200000, 0x000000008d300000, 0x000000008d300000|100%| S|CS|TAMS 0x000000008d200000, 0x000000008d200000| Complete 
| 211|0x000000008d300000, 0x000000008d300000, 0x000000008d400000|  0%| F|  |TAMS 0x000000008d300000, 0x000000008d300000| Untracked 
| 212|0x000000008d400000, 0x000000008d400000, 0x000000008d500000|  0%| F|  |TAMS 0x000000008d400000, 0x000000008d400000| Untracked 
| 213|0x000000008d500000, 0x000000008d500000, 0x000000008d600000|  0%| F|  |TAMS 0x000000008d500000, 0x000000008d500000| Untracked 
| 214|0x000000008d600000, 0x000000008d600000, 0x000000008d700000|  0%| F|  |TAMS 0x000000008d600000, 0x000000008d600000| Untracked 
| 215|0x000000008d700000, 0x000000008d700000, 0x000000008d800000|  0%| F|  |TAMS 0x000000008d700000, 0x000000008d700000| Untracked 
| 216|0x000000008d800000, 0x000000008d800000, 0x000000008d900000|  0%| F|  |TAMS 0x000000008d800000, 0x000000008d800000| Untracked 
| 217|0x000000008d900000, 0x000000008d900000, 0x000000008da00000|  0%| F|  |TAMS 0x000000008d900000, 0x000000008d900000| Untracked 
| 218|0x000000008da00000, 0x000000008da00000, 0x000000008db00000|  0%| F|  |TAMS 0x000000008da00000, 0x000000008da00000| Untracked 
| 219|0x000000008db00000, 0x000000008db00000, 0x000000008dc00000|  0%| F|  |TAMS 0x000000008db00000, 0x000000008db00000| Untracked 
| 220|0x000000008dc00000, 0x000000008dc00000, 0x000000008dd00000|  0%| F|  |TAMS 0x000000008dc00000, 0x000000008dc00000| Untracked 
| 221|0x000000008dd00000, 0x000000008dd00000, 0x000000008de00000|  0%| F|  |TAMS 0x000000008dd00000, 0x000000008dd00000| Untracked 
| 222|0x000000008de00000, 0x000000008de00000, 0x000000008df00000|  0%| F|  |TAMS 0x000000008de00000, 0x000000008de00000| Untracked 
| 223|0x000000008df00000, 0x000000008df00000, 0x000000008e000000|  0%| F|  |TAMS 0x000000008df00000, 0x000000008df00000| Untracked 
| 224|0x000000008e000000, 0x000000008e000000, 0x000000008e100000|  0%| F|  |TAMS 0x000000008e000000, 0x000000008e000000| Untracked 
| 225|0x000000008e100000, 0x000000008e100000, 0x000000008e200000|  0%| F|  |TAMS 0x000000008e100000, 0x000000008e100000| Untracked 
| 226|0x000000008e200000, 0x000000008e200000, 0x000000008e300000|  0%| F|  |TAMS 0x000000008e200000, 0x000000008e200000| Untracked 
| 227|0x000000008e300000, 0x000000008e300000, 0x000000008e400000|  0%| F|  |TAMS 0x000000008e300000, 0x000000008e300000| Untracked 
| 228|0x000000008e400000, 0x000000008e400000, 0x000000008e500000|  0%| F|  |TAMS 0x000000008e400000, 0x000000008e400000| Untracked 
| 229|0x000000008e500000, 0x000000008e500000, 0x000000008e600000|  0%| F|  |TAMS 0x000000008e500000, 0x000000008e500000| Untracked 
| 230|0x000000008e600000, 0x000000008e600000, 0x000000008e700000|  0%| F|  |TAMS 0x000000008e600000, 0x000000008e600000| Untracked 
| 231|0x000000008e700000, 0x000000008e700000, 0x000000008e800000|  0%| F|  |TAMS 0x000000008e700000, 0x000000008e700000| Untracked 
| 232|0x000000008e800000, 0x000000008e800000, 0x000000008e900000|  0%| F|  |TAMS 0x000000008e800000, 0x000000008e800000| Untracked 
| 233|0x000000008e900000, 0x000000008e900000, 0x000000008ea00000|  0%| F|  |TAMS 0x000000008e900000, 0x000000008e900000| Untracked 
| 234|0x000000008ea00000, 0x000000008ea00000, 0x000000008eb00000|  0%| F|  |TAMS 0x000000008ea00000, 0x000000008ea00000| Untracked 
| 235|0x000000008eb00000, 0x000000008eb00000, 0x000000008ec00000|  0%| F|  |TAMS 0x000000008eb00000, 0x000000008eb00000| Untracked 
| 236|0x000000008ec00000, 0x000000008ec00000, 0x000000008ed00000|  0%| F|  |TAMS 0x000000008ec00000, 0x000000008ec00000| Untracked 
| 237|0x000000008ed00000, 0x000000008ed00000, 0x000000008ee00000|  0%| F|  |TAMS 0x000000008ed00000, 0x000000008ed00000| Untracked 
| 238|0x000000008ee00000, 0x000000008ee00000, 0x000000008ef00000|  0%| F|  |TAMS 0x000000008ee00000, 0x000000008ee00000| Untracked 

Card table byte_map: [0x000002ad2cb50000,0x000002ad2cf50000] _byte_map_base: 0x000002ad2c750000

Marking Bits (Prev, Next): (CMBitMap*) 0x000002ad1936a970, (CMBitMap*) 0x000002ad1936a938
 Prev Bits: [0x000002ad2f350000, 0x000002ad31350000)
 Next Bits: [0x000002ad2d350000, 0x000002ad2f350000)

Polling page: 0x000002ad1ccb0000

Metaspace:

Usage:
  Non-class:     77.34 MB capacity,    75.84 MB ( 98%) used,     1.26 MB (  2%) free+waste,   246.81 KB ( <1%) overhead. 
      Class:     12.30 MB capacity,    11.44 MB ( 93%) used,   771.12 KB (  6%) free+waste,   112.75 KB ( <1%) overhead. 
       Both:     89.64 MB capacity,    87.28 MB ( 97%) used,     2.01 MB (  2%) free+waste,   359.56 KB ( <1%) overhead. 

Virtual space:
  Non-class space:       78.00 MB reserved,      77.45 MB (>99%) committed 
      Class space:        1.00 GB reserved,      12.38 MB (  1%) committed 
             Both:        1.08 GB reserved,      89.82 MB (  8%) committed 

Chunk freelists:
   Non-Class:  52.00 KB
       Class:  9.00 KB
        Both:  61.00 KB

MaxMetaspaceSize: 17179869184.00 GB
CompressedClassSpaceSize: 1.00 GB

CodeHeap 'non-profiled nmethods': size=120000Kb used=5380Kb max_used=5380Kb free=114619Kb
 bounds [0x000002ad247a0000, 0x000002ad24cf0000, 0x000002ad2bcd0000]
CodeHeap 'profiled nmethods': size=120000Kb used=21663Kb max_used=21663Kb free=98337Kb
 bounds [0x000002ad1d270000, 0x000002ad1e7a0000, 0x000002ad247a0000]
CodeHeap 'non-nmethods': size=5760Kb used=2294Kb max_used=2333Kb free=3465Kb
 bounds [0x000002ad1ccd0000, 0x000002ad1cf40000, 0x000002ad1d270000]
 total_blobs=11601 nmethods=10726 adapters=785
 compilation: enabled
              stopped_count=0, restarted_count=0
 full_count=0

Compilation events (20 events):
Event: 14.696 Thread 0x000002ad347e1800 11192       2       com.android.tools.r8.dex.r$$Lambda$1108/0x0000000100c3e840::get$Lambda (11 bytes)
Event: 14.697 Thread 0x000002ad347e1800 nmethod 11192 0x000002ad1e794590 code [0x000002ad1e794740, 0x000002ad1e794998]
Event: 14.697 Thread 0x000002ad347e1800 11193       2       com.android.tools.r8.dex.r$$Lambda$1108/0x0000000100c3e840::<init> (20 bytes)
Event: 14.697 Thread 0x000002ad347e1800 nmethod 11193 0x000002ad1e794a90 code [0x000002ad1e794c40, 0x000002ad1e794e58]
Event: 14.702 Thread 0x000002ad347db800 nmethod 11176 0x000002ad24cde010 code [0x000002ad24cde1e0, 0x000002ad24cde558]
Event: 14.703 Thread 0x000002ad347db800 11194       4       java.util.IdentityHashMap::resize (153 bytes)
Event: 14.719 Thread 0x000002ad347db800 nmethod 11194 0x000002ad24cde990 code [0x000002ad24cdeb40, 0x000002ad24cdf408]
Event: 14.719 Thread 0x000002ad347db800 11045       4       com.android.tools.r8.w.a.a.a.h.f0$f::hasNext (14 bytes)
Event: 14.720 Thread 0x000002ad347db800 nmethod 11045 0x000002ad24cdf710 code [0x000002ad24cdf8a0, 0x000002ad24cdf918]
Event: 14.720 Thread 0x000002ad347db800 10742       4       com.android.tools.r8.dex.P$g::b (31 bytes)
Event: 14.728 Thread 0x000002ad347e1800 11195 %     3       java.lang.String::join @ 28 (59 bytes)
Event: 14.729 Thread 0x000002ad347e1800 nmethod 11195% 0x000002ad1e794f10 code [0x000002ad1e795140, 0x000002ad1e7957c8]
Event: 14.729 Thread 0x000002ad347e1800 11197 %     3       com.android.tools.r8.naming.v$b::a @ 22 (88 bytes)
Event: 14.732 Thread 0x000002ad347e1800 nmethod 11197% 0x000002ad1e795b10 code [0x000002ad1e795ec0, 0x000002ad1e7975b8]
Event: 14.732 Thread 0x000002ad347e1800 11198       3       java.lang.String::join (59 bytes)
Event: 14.732 Thread 0x000002ad347e1800 nmethod 11198 0x000002ad1e798010 code [0x000002ad1e798240, 0x000002ad1e798808]
Event: 14.732 Thread 0x000002ad347e1800 11199       3       com.android.tools.r8.naming.v$b::a (88 bytes)
Event: 14.734 Thread 0x000002ad347e1800 nmethod 11199 0x000002ad1e798b10 code [0x000002ad1e798ea0, 0x000002ad1e79a478]
Event: 14.740 Thread 0x000002ad347db800 nmethod 10742 0x000002ad24cdf990 code [0x000002ad24cdfbc0, 0x000002ad24ce0960]
Event: 14.740 Thread 0x000002ad347db800 11200       4       java.util.StringJoiner::add (104 bytes)

GC Heap History (20 events):
Event: 12.198 GC heap after
{Heap after GC invocations=25 (full 0):
 garbage-first heap   total 152576K, used 79059K [0x0000000080000000, 0x0000000100000000)
  region size 1024K, 2 young (2048K), 2 survivors (2048K)
 Metaspace       used 83255K, capacity 85356K, committed 85580K, reserved 1124352K
  class space    used 10815K, capacity 11576K, committed 11648K, reserved 1048576K
}
Event: 12.383 GC heap before
{Heap before GC invocations=25 (full 0):
 garbage-first heap   total 152576K, used 114899K [0x0000000080000000, 0x0000000100000000)
  region size 1024K, 30 young (30720K), 2 survivors (2048K)
 Metaspace       used 83969K, capacity 86141K, committed 86476K, reserved 1124352K
  class space    used 10917K, capacity 11691K, committed 11776K, reserved 1048576K
}
Event: 12.389 GC heap after
{Heap after GC invocations=26 (full 0):
 garbage-first heap   total 152576K, used 88492K [0x0000000080000000, 0x0000000100000000)
  region size 1024K, 4 young (4096K), 4 survivors (4096K)
 Metaspace       used 83969K, capacity 86141K, committed 86476K, reserved 1124352K
  class space    used 10917K, capacity 11691K, committed 11776K, reserved 1048576K
}
Event: 12.450 GC heap before
{Heap before GC invocations=27 (full 0):
 garbage-first heap   total 152576K, used 91564K [0x0000000080000000, 0x0000000100000000)
  region size 1024K, 9 young (9216K), 4 survivors (4096K)
 Metaspace       used 84268K, capacity 86437K, committed 86732K, reserved 1124352K
  class space    used 10959K, capacity 11726K, committed 11776K, reserved 1048576K
}
Event: 12.456 GC heap after
{Heap after GC invocations=28 (full 0):
 garbage-first heap   total 183296K, used 89401K [0x0000000080000000, 0x0000000100000000)
  region size 1024K, 1 young (1024K), 1 survivors (1024K)
 Metaspace       used 84268K, capacity 86437K, committed 86732K, reserved 1124352K
  class space    used 10959K, capacity 11726K, committed 11776K, reserved 1048576K
}
Event: 12.762 GC heap before
{Heap before GC invocations=29 (full 0):
 garbage-first heap   total 183296K, used 122169K [0x0000000080000000, 0x0000000100000000)
  region size 1024K, 32 young (32768K), 1 survivors (1024K)
 Metaspace       used 84739K, capacity 86944K, committed 87116K, reserved 1124352K
  class space    used 11030K, capacity 11799K, committed 11904K, reserved 1048576K
}
Event: 12.774 GC heap after
{Heap after GC invocations=30 (full 0):
 garbage-first heap   total 183296K, used 98712K [0x0000000080000000, 0x0000000100000000)
  region size 1024K, 4 young (4096K), 4 survivors (4096K)
 Metaspace       used 84739K, capacity 86944K, committed 87116K, reserved 1124352K
  class space    used 11030K, capacity 11799K, committed 11904K, reserved 1048576K
}
Event: 13.037 GC heap before
{Heap before GC invocations=30 (full 0):
 garbage-first heap   total 183296K, used 126360K [0x0000000080000000, 0x0000000100000000)
  region size 1024K, 32 young (32768K), 4 survivors (4096K)
 Metaspace       used 86594K, capacity 88887K, committed 89036K, reserved 1126400K
  class space    used 11374K, capacity 12167K, committed 12288K, reserved 1048576K
}
Event: 13.054 GC heap after
{Heap after GC invocations=31 (full 0):
 garbage-first heap   total 183296K, used 112315K [0x0000000080000000, 0x0000000100000000)
  region size 1024K, 4 young (4096K), 4 survivors (4096K)
 Metaspace       used 86594K, capacity 88887K, committed 89036K, reserved 1126400K
  class space    used 11374K, capacity 12167K, committed 12288K, reserved 1048576K
}
Event: 13.284 GC heap before
{Heap before GC invocations=32 (full 0):
 garbage-first heap   total 183296K, used 133819K [0x0000000080000000, 0x0000000100000000)
  region size 1024K, 26 young (26624K), 4 survivors (4096K)
 Metaspace       used 87486K, capacity 89770K, committed 89932K, reserved 1126400K
  class space    used 11499K, capacity 12309K, committed 12416K, reserved 1048576K
}
Event: 13.299 GC heap after
{Heap after GC invocations=33 (full 0):
 garbage-first heap   total 183296K, used 124423K [0x0000000080000000, 0x0000000100000000)
  region size 1024K, 4 young (4096K), 4 survivors (4096K)
 Metaspace       used 87486K, capacity 89770K, committed 89932K, reserved 1126400K
  class space    used 11499K, capacity 12309K, committed 12416K, reserved 1048576K
}
Event: 13.414 GC heap before
{Heap before GC invocations=33 (full 0):
 garbage-first heap   total 183296K, used 128519K [0x0000000080000000, 0x0000000100000000)
  region size 1024K, 8 young (8192K), 4 survivors (4096K)
 Metaspace       used 88259K, capacity 90560K, committed 90828K, reserved 1128448K
  class space    used 11613K, capacity 12463K, committed 12544K, reserved 1048576K
}
Event: 13.428 GC heap after
{Heap after GC invocations=34 (full 0):
 garbage-first heap   total 244736K, used 124820K [0x0000000080000000, 0x0000000100000000)
  region size 1024K, 1 young (1024K), 1 survivors (1024K)
 Metaspace       used 88259K, capacity 90560K, committed 90828K, reserved 1128448K
  class space    used 11613K, capacity 12463K, committed 12544K, reserved 1048576K
}
Event: 13.790 GC heap before
{Heap before GC invocations=34 (full 0):
 garbage-first heap   total 244736K, used 154516K [0x0000000080000000, 0x0000000100000000)
  region size 1024K, 32 young (32768K), 1 survivors (1024K)
 Metaspace       used 88891K, capacity 91342K, committed 91468K, reserved 1128448K
  class space    used 11676K, capacity 12565K, committed 12672K, reserved 1048576K
}
Event: 13.799 GC heap after
{Heap after GC invocations=35 (full 0):
 garbage-first heap   total 244736K, used 128988K [0x0000000080000000, 0x0000000100000000)
  region size 1024K, 5 young (5120K), 5 survivors (5120K)
 Metaspace       used 88891K, capacity 91342K, committed 91468K, reserved 1128448K
  class space    used 11676K, capacity 12565K, committed 12672K, reserved 1048576K
}
Event: 14.561 GC heap before
{Heap before GC invocations=36 (full 0):
 garbage-first heap   total 244736K, used 167900K [0x0000000080000000, 0x0000000100000000)
  region size 1024K, 44 young (45056K), 5 survivors (5120K)
 Metaspace       used 89241K, capacity 91603K, committed 91724K, reserved 1128448K
  class space    used 11698K, capacity 12560K, committed 12672K, reserved 1048576K
}
Event: 14.574 GC heap after
{Heap after GC invocations=37 (full 0):
 garbage-first heap   total 244736K, used 133535K [0x0000000080000000, 0x0000000100000000)
  region size 1024K, 6 young (6144K), 6 survivors (6144K)
 Metaspace       used 89241K, capacity 91603K, committed 91724K, reserved 1128448K
  class space    used 11698K, capacity 12560K, committed 12672K, reserved 1048576K
}
Event: 14.657 GC heap before
{Heap before GC invocations=37 (full 0):
 garbage-first heap   total 244736K, used 138655K [0x0000000080000000, 0x0000000100000000)
  region size 1024K, 11 young (11264K), 6 survivors (6144K)
 Metaspace       used 89320K, capacity 91722K, committed 91980K, reserved 1128448K
  class space    used 11711K, capacity 12598K, committed 12672K, reserved 1048576K
}
Event: 14.670 GC heap after
{Heap after GC invocations=38 (full 0):
 garbage-first heap   total 244736K, used 131420K [0x0000000080000000, 0x0000000100000000)
  region size 1024K, 2 young (2048K), 2 survivors (2048K)
 Metaspace       used 89320K, capacity 91722K, committed 91980K, reserved 1128448K
  class space    used 11711K, capacity 12598K, committed 12672K, reserved 1048576K
}
Event: 14.748 GC heap before
{Heap before GC invocations=38 (full 0):
 garbage-first heap   total 244736K, used 157020K [0x0000000080000000, 0x0000000100000000)
  region size 1024K, 28 young (28672K), 2 survivors (2048K)
 Metaspace       used 89371K, capacity 91791K, committed 91980K, reserved 1128448K
  class space    used 11715K, capacity 12599K, committed 12672K, reserved 1048576K
}

Deoptimization events (20 events):
Event: 14.682 Thread 0x000002ad3e0d4800 Uncommon trap: trap_request=0xffffffbe fr.pc=0x000002ad24cdcc28 relative=0x00000000000002c8
Event: 14.682 Thread 0x000002ad3e0d4800 Uncommon trap: reason=profile_predicate action=maybe_recompile pc=0x000002ad24cdcc28 method=com.android.tools.r8.graph.s1.d(Ljava/util/function/Function;)Lcom/android/tools/r8/utils/t1; @ 14 c2
Event: 14.682 Thread 0x000002ad3e0d4800 DEOPT PACKING pc=0x000002ad24cdcc28 sp=0x000000f119bfe6d0
Event: 14.683 Thread 0x000002ad3e0d4800 DEOPT UNPACKING pc=0x000002ad1ccd822f sp=0x000000f119bfe668 mode 2
Event: 14.683 Thread 0x000002ad3e0d4800 Uncommon trap: trap_request=0xffffffbe fr.pc=0x000002ad24cdcc28 relative=0x00000000000002c8
Event: 14.683 Thread 0x000002ad3e0d4800 Uncommon trap: reason=profile_predicate action=maybe_recompile pc=0x000002ad24cdcc28 method=com.android.tools.r8.graph.s1.d(Ljava/util/function/Function;)Lcom/android/tools/r8/utils/t1; @ 14 c2
Event: 14.683 Thread 0x000002ad3e0d4800 DEOPT PACKING pc=0x000002ad24cdcc28 sp=0x000000f119bfe6d0
Event: 14.683 Thread 0x000002ad3e0d4800 DEOPT UNPACKING pc=0x000002ad1ccd822f sp=0x000000f119bfe668 mode 2
Event: 14.683 Thread 0x000002ad3e0d4800 Uncommon trap: trap_request=0xffffffbe fr.pc=0x000002ad24cdcc0c relative=0x00000000000002ac
Event: 14.683 Thread 0x000002ad3e0d4800 Uncommon trap: reason=profile_predicate action=maybe_recompile pc=0x000002ad24cdcc0c method=com.android.tools.r8.graph.s1.d(Ljava/util/function/Function;)Lcom/android/tools/r8/utils/t1; @ 60 c2
Event: 14.683 Thread 0x000002ad3e0d4800 DEOPT PACKING pc=0x000002ad24cdcc0c sp=0x000000f119bfe6d0
Event: 14.683 Thread 0x000002ad3e0d4800 DEOPT UNPACKING pc=0x000002ad1ccd822f sp=0x000000f119bfe668 mode 2
Event: 14.683 Thread 0x000002ad3e0d4800 Uncommon trap: trap_request=0xffffffbe fr.pc=0x000002ad24cdcc28 relative=0x00000000000002c8
Event: 14.683 Thread 0x000002ad3e0d4800 Uncommon trap: reason=profile_predicate action=maybe_recompile pc=0x000002ad24cdcc28 method=com.android.tools.r8.graph.s1.d(Ljava/util/function/Function;)Lcom/android/tools/r8/utils/t1; @ 14 c2
Event: 14.683 Thread 0x000002ad3e0d4800 DEOPT PACKING pc=0x000002ad24cdcc28 sp=0x000000f119bfe6d0
Event: 14.683 Thread 0x000002ad3e0d4800 DEOPT UNPACKING pc=0x000002ad1ccd822f sp=0x000000f119bfe668 mode 2
Event: 14.698 Thread 0x000002ad3e0d4800 DEOPT PACKING pc=0x000002ad1e706803 sp=0x000000f119bfe330
Event: 14.698 Thread 0x000002ad3e0d4800 DEOPT UNPACKING pc=0x000002ad1ccf8ade sp=0x000000f119bfd7e8 mode 0
Event: 14.708 Thread 0x000002ad3e0d4800 DEOPT PACKING pc=0x000002ad1e706803 sp=0x000000f119bfe330
Event: 14.708 Thread 0x000002ad3e0d4800 DEOPT UNPACKING pc=0x000002ad1ccf8ade sp=0x000000f119bfd7e8 mode 0

Classes redefined (0 events):
No events

Internal exceptions (20 events):
Event: 12.064 Thread 0x000002ad3abb8000 Exception <a 'java/lang/NoSuchMethodError'{0x000000008697c420}: 'int java.lang.invoke.DirectMethodHandle$Holder.invokeVirtual(java.lang.Object, java.lang.Object, java.lang.Object)'> (0x000000008697c420) thrown at [./src/hotspot/share/interpreter/linkResolver.cpp, line 773]
Event: 12.104 Thread 0x000002ad3abb1800 Exception <a 'java/lang/NoSuchMethodError'{0x00000000863127c0}: 'java.lang.Object java.lang.invoke.DirectMethodHandle$Holder.invokeVirtual(java.lang.Object, java.lang.Object, int)'> (0x00000000863127c0) thrown at [./src/hotspot/share/interpreter/linkResolver.cpp, line 773]
Event: 12.128 Thread 0x000002ad3abb1800 Exception <a 'java/lang/NoSuchMethodError'{0x00000000894409c8}: 'void java.lang.invoke.DirectMethodHandle$Holder.invokeStatic(java.lang.Object, java.lang.Object, java.lang.Object, int)'> (0x00000000894409c8) thrown at [./src/hotspot/share/interpreter/linkResolver.cpp, line 773]
Event: 12.178 Thread 0x000002ad3abb8000 Exception <a 'java/lang/NoSuchMethodError'{0x0000000088ea4f28}: 'java.lang.Object java.lang.invoke.DirectMethodHandle$Holder.invokeStatic(java.lang.Object, java.lang.Object, java.lang.Object, java.lang.Object, java.lang.Object, java.lang.Object, java.lang.Object, java.lang.Object, java.lang.Object, java.lang.Object, java.lang.Object, java.lang.Object, java.lang.Object, java.lang.Object, java.lang.Object, java.lang.Object, java.lang.Object, int, java.lang.Object)'> (0x0000000088ea4f28) thrown at [./src/hots
Event: 12.178 Thread 0x000002ad3abb8000 Exception <a 'java/lang/NoSuchMethodError'{0x0000000088eaa578}: 'java.lang.Object java.lang.invoke.DirectMethodHandle$Holder.invokeStaticInit(java.lang.Object, java.lang.Object, java.lang.Object, java.lang.Object, java.lang.Object, java.lang.Object, java.lang.Object, java.lang.Object, java.lang.Object, java.lang.Object, java.lang.Object, java.lang.Object, java.lang.Object, java.lang.Object, java.lang.Object, java.lang.Object, java.lang.Object, int, java.lang.Object)'> (0x0000000088eaa578) thrown at [./src/
Event: 12.262 Thread 0x000002ad3abb7800 Exception <a 'java/lang/NoSuchMethodError'{0x0000000088e3f658}: 'void java.lang.invoke.DirectMethodHandle$Holder.invokeStatic(java.lang.Object, long)'> (0x0000000088e3f658) thrown at [./src/hotspot/share/interpreter/linkResolver.cpp, line 773]
Event: 12.263 Thread 0x000002ad3abb7800 Exception <a 'java/lang/NoSuchMethodError'{0x0000000088e44870}: 'java.lang.Object java.lang.invoke.DirectMethodHandle$Holder.invokeStatic(java.lang.Object, long)'> (0x0000000088e44870) thrown at [./src/hotspot/share/interpreter/linkResolver.cpp, line 773]
Event: 12.267 Thread 0x000002ad3abb7800 Exception <a 'java/lang/NoSuchMethodError'{0x0000000088a9f950}: 'java.lang.Object java.lang.invoke.DirectMethodHandle$Holder.invokeStaticInit(java.lang.Object, java.lang.Object, long, java.lang.Object)'> (0x0000000088a9f950) thrown at [./src/hotspot/share/interpreter/linkResolver.cpp, line 773]
Event: 12.272 Thread 0x000002ad3abb7800 Exception <a 'java/lang/NoSuchMethodError'{0x0000000088aa5ae8}: 'java.lang.Object java.lang.invoke.DirectMethodHandle$Holder.invokeStatic(java.lang.Object, java.lang.Object, long)'> (0x0000000088aa5ae8) thrown at [./src/hotspot/share/interpreter/linkResolver.cpp, line 773]
Event: 12.273 Thread 0x000002ad3abb7800 Exception <a 'java/lang/NoSuchMethodError'{0x0000000088aac060}: 'java.lang.Object java.lang.invoke.Invokers$Holder.linkToTargetMethod(java.lang.Object, long, java.lang.Object)'> (0x0000000088aac060) thrown at [./src/hotspot/share/interpreter/linkResolver.cpp, line 773]
Event: 12.721 Thread 0x000002ad3abb7800 Exception <a 'java/lang/NoSuchMethodError'{0x000000008950d130}: 'int java.lang.invoke.DirectMethodHandle$Holder.invokeSpecialIFC(java.lang.Object, java.lang.Object, java.lang.Object)'> (0x000000008950d130) thrown at [./src/hotspot/share/interpreter/linkResolver.cpp, line 773]
Event: 12.803 Thread 0x000002ad3e0d0800 Exception <a 'java/lang/NoSuchMethodError'{0x000000008b184870}: 'java.lang.Object java.lang.invoke.DirectMethodHandle$Holder.newInvokeSpecial(java.lang.Object, int)'> (0x000000008b184870) thrown at [./src/hotspot/share/interpreter/linkResolver.cpp, line 773]
Event: 13.226 Thread 0x000002ad3abb8000 Exception <a 'java/lang/IncompatibleClassChangeError'{0x0000000089ffab90}: Found class java.lang.Object, but interface was expected> (0x0000000089ffab90) thrown at [./src/hotspot/share/interpreter/linkResolver.cpp, line 839]
Event: 13.357 Thread 0x000002ad3abb8000 Exception <a 'java/lang/NoSuchMethodError'{0x000000008b14e420}: 'void java.lang.invoke.DirectMethodHandle$Holder.invokeStaticInit(java.lang.Object, java.lang.Object, java.lang.Object, java.lang.Object, java.lang.Object)'> (0x000000008b14e420) thrown at [./src/hotspot/share/interpreter/linkResolver.cpp, line 773]
Event: 13.359 Thread 0x000002ad3abb8000 Exception <a 'java/lang/NoSuchMethodError'{0x000000008b1565a8}: 'java.lang.Object java.lang.invoke.DirectMethodHandle$Holder.invokeStatic(java.lang.Object, int, java.lang.Object, java.lang.Object)'> (0x000000008b1565a8) thrown at [./src/hotspot/share/interpreter/linkResolver.cpp, line 773]
Event: 13.387 Thread 0x000002ad3abb8000 Exception <a 'java/lang/NoSuchMethodError'{0x000000008b03d1d8}: 'long java.lang.invoke.DirectMethodHandle$Holder.invokeStatic(java.lang.Object, java.lang.Object)'> (0x000000008b03d1d8) thrown at [./src/hotspot/share/interpreter/linkResolver.cpp, line 773]
Event: 13.396 Thread 0x000002ad3e0d0800 Exception <a 'java/lang/NoSuchMethodError'{0x000000008b0b30d8}: 'void java.lang.invoke.DirectMethodHandle$Holder.invokeSpecial(java.lang.Object, java.lang.Object, int, java.lang.Object)'> (0x000000008b0b30d8) thrown at [./src/hotspot/share/interpreter/linkResolver.cpp, line 773]
Event: 13.396 Thread 0x000002ad3e0d3000 Exception <a 'java/lang/NoSuchMethodError'{0x000000008b0ae168}: 'void java.lang.invoke.DirectMethodHandle$Holder.invokeSpecial(java.lang.Object, java.lang.Object, int, java.lang.Object)'> (0x000000008b0ae168) thrown at [./src/hotspot/share/interpreter/linkResolver.cpp, line 773]
Event: 13.495 Thread 0x000002ad3abb8000 Exception <a 'java/lang/NoSuchMethodError'{0x000000008e86f298}: 'java.lang.Object java.lang.invoke.DirectMethodHandle$Holder.invokeSpecial(java.lang.Object, java.lang.Object, java.lang.Object, java.lang.Object, java.lang.Object, java.lang.Object, java.lang.Object, java.lang.Object, java.lang.Object, java.lang.Object)'> (0x000000008e86f298) thrown at [./src/hotspot/share/interpreter/linkResolver.cpp, line 773]
Event: 13.495 Thread 0x000002ad3abb8000 Exception <a 'java/lang/NoSuchMethodError'{0x000000008e873388}: 'java.lang.Object java.lang.invoke.Invokers$Holder.linkToTargetMethod(java.lang.Object, java.lang.Object, java.lang.Object, java.lang.Object, java.lang.Object, java.lang.Object, java.lang.Object, java.lang.Object, java.lang.Object)'> (0x000000008e873388) thrown at [./src/hotspot/share/interpreter/linkResolver.cpp, line 773]

Events (20 events):
Event: 14.628 Executing VM operation: RevokeBias done
Event: 14.628 Executing VM operation: BulkRevokeBias
Event: 14.630 Executing VM operation: BulkRevokeBias done
Event: 14.657 Executing VM operation: G1CollectForAllocation
Event: 14.670 Executing VM operation: G1CollectForAllocation done
Event: 14.676 loading class com/android/tools/r8/dex/s
Event: 14.676 loading class com/android/tools/r8/dex/s done
Event: 14.677 loading class com/android/tools/r8/graph/M1
Event: 14.677 loading class com/android/tools/r8/graph/M1 done
Event: 14.677 loading class com/android/tools/r8/dex/r
Event: 14.677 loading class com/android/tools/r8/dex/r done
Event: 14.678 loading class com/android/tools/r8/graph/J1
Event: 14.678 loading class com/android/tools/r8/graph/J1 done
Event: 14.678 loading class com/android/tools/r8/naming/v$b
Event: 14.678 loading class com/android/tools/r8/naming/v$b done
Event: 14.680 loading class com/android/tools/r8/naming/v$d
Event: 14.680 loading class com/android/tools/r8/naming/v$d done
Event: 14.681 loading class com/android/tools/r8/naming/v
Event: 14.681 loading class com/android/tools/r8/naming/v done
Event: 14.748 Executing VM operation: G1CollectForAllocation


Dynamic libraries:
0x00007ff624930000 - 0x00007ff62493a000 	C:\Program Files\Android\Android Studio\jre\bin\java.exe
0x00007ffe371f0000 - 0x00007ffe373e5000 	C:\WINDOWS\SYSTEM32\ntdll.dll
0x00007ffe35a60000 - 0x00007ffe35b1d000 	C:\WINDOWS\System32\KERNEL32.DLL
0x00007ffe34e00000 - 0x00007ffe350c8000 	C:\WINDOWS\System32\KERNELBASE.dll
0x00007ffe35150000 - 0x00007ffe35250000 	C:\WINDOWS\System32\ucrtbase.dll
0x00007ffe18830000 - 0x00007ffe18849000 	C:\Program Files\Android\Android Studio\jre\bin\jli.dll
0x00007ffe180a0000 - 0x00007ffe180b7000 	C:\Program Files\Android\Android Studio\jre\bin\VCRUNTIME140.dll
0x00007ffe35e10000 - 0x00007ffe35fb0000 	C:\WINDOWS\System32\USER32.dll
0x00007ffe34bf0000 - 0x00007ffe34c12000 	C:\WINDOWS\System32\win32u.dll
0x00007ffe35910000 - 0x00007ffe3593a000 	C:\WINDOWS\System32\GDI32.dll
0x00007ffe102e0000 - 0x00007ffe1057a000 	C:\WINDOWS\WinSxS\amd64_microsoft.windows.common-controls_6595b64144ccf1df_6.0.19041.844_none_ca00b6081b84eb1d\COMCTL32.dll
0x00007ffe34cc0000 - 0x00007ffe34dcb000 	C:\WINDOWS\System32\gdi32full.dll
0x00007ffe35b20000 - 0x00007ffe35bbe000 	C:\WINDOWS\System32\msvcrt.dll
0x00007ffe34c20000 - 0x00007ffe34cbd000 	C:\WINDOWS\System32\msvcp_win.dll
0x00007ffe35940000 - 0x00007ffe35970000 	C:\WINDOWS\System32\IMM32.DLL
0x00007ffe02530000 - 0x00007ffe025cd000 	C:\Program Files\Android\Android Studio\jre\bin\msvcp140.dll
0x00007ffde61b0000 - 0x00007ffde6c6c000 	C:\Program Files\Android\Android Studio\jre\bin\server\jvm.dll
0x00007ffe356c0000 - 0x00007ffe3576c000 	C:\WINDOWS\System32\ADVAPI32.dll
0x00007ffe36320000 - 0x00007ffe363bb000 	C:\WINDOWS\System32\sechost.dll
0x00007ffe36720000 - 0x00007ffe3684b000 	C:\WINDOWS\System32\RPCRT4.dll
0x00007ffe370d0000 - 0x00007ffe370d8000 	C:\WINDOWS\System32\PSAPI.DLL
0x00007ffe168d0000 - 0x00007ffe168d9000 	C:\WINDOWS\SYSTEM32\WSOCK32.dll
0x00007ffe26bf0000 - 0x00007ffe26bfa000 	C:\WINDOWS\SYSTEM32\VERSION.dll
0x00007ffe1e630000 - 0x00007ffe1e657000 	C:\WINDOWS\SYSTEM32\WINMM.dll
0x00007ffe357f0000 - 0x00007ffe3585b000 	C:\WINDOWS\System32\WS2_32.dll
0x00007ffe33250000 - 0x00007ffe33262000 	C:\WINDOWS\SYSTEM32\kernel.appcore.dll
0x00007ffe2e620000 - 0x00007ffe2e631000 	C:\Program Files\Android\Android Studio\jre\bin\verify.dll
0x00007ffe32fe0000 - 0x00007ffe331c4000 	C:\WINDOWS\SYSTEM32\DBGHELP.DLL
0x00007ffe203d0000 - 0x00007ffe203fc000 	C:\WINDOWS\SYSTEM32\dbgcore.DLL
0x00007ffe350d0000 - 0x00007ffe35150000 	C:\WINDOWS\System32\bcryptPrimitives.dll
0x00007ffe2e510000 - 0x00007ffe2e539000 	C:\Program Files\Android\Android Studio\jre\bin\java.dll
0x00007ffe2fb50000 - 0x00007ffe2fb5b000 	C:\Program Files\Android\Android Studio\jre\bin\jimage.dll
0x00007ffe2e4f0000 - 0x00007ffe2e508000 	C:\Program Files\Android\Android Studio\jre\bin\zip.dll
0x00007ffe36980000 - 0x00007ffe370c2000 	C:\WINDOWS\System32\SHELL32.dll
0x00007ffe32850000 - 0x00007ffe32fe0000 	C:\WINDOWS\SYSTEM32\windows.storage.dll
0x00007ffe363c0000 - 0x00007ffe36715000 	C:\WINDOWS\System32\combase.dll
0x00007ffe342d0000 - 0x00007ffe342fc000 	C:\WINDOWS\SYSTEM32\Wldp.dll
0x00007ffe35860000 - 0x00007ffe3590e000 	C:\WINDOWS\System32\SHCORE.dll
0x00007ffe37150000 - 0x00007ffe371a5000 	C:\WINDOWS\System32\shlwapi.dll
0x00007ffe34870000 - 0x00007ffe3488f000 	C:\WINDOWS\SYSTEM32\profapi.dll
0x00007ffe2d350000 - 0x00007ffe2d36a000 	C:\Program Files\Android\Android Studio\jre\bin\net.dll
0x00007ffe1e660000 - 0x00007ffe1e76b000 	C:\WINDOWS\SYSTEM32\WINHTTP.dll
0x00007ffe34040000 - 0x00007ffe340aa000 	C:\WINDOWS\system32\mswsock.dll
0x00007ffe21640000 - 0x00007ffe21654000 	C:\Program Files\Android\Android Studio\jre\bin\nio.dll
0x00007ffe193b0000 - 0x00007ffe193d7000 	C:\Users\Ferz\.gradle\native\fdc75f09e3144964f2cf3f50f0aa648679c211496f362492102eb8c894070792\windows-amd64\native-platform.dll
0x00007ffdfc290000 - 0x00007ffdfc426000 	C:\Users\Ferz\.gradle\native\12488b8bf47d2d4c9fbf2f6322a914ad602e24e48041cd04a747c6da556b65c4\windows-amd64\native-platform-file-events.dll
0x00007ffe2f310000 - 0x00007ffe2f31a000 	C:\Program Files\Android\Android Studio\jre\bin\management.dll
0x00007ffe2f080000 - 0x00007ffe2f08c000 	C:\Program Files\Android\Android Studio\jre\bin\management_ext.dll
0x00007ffe34210000 - 0x00007ffe34228000 	C:\WINDOWS\SYSTEM32\CRYPTSP.dll
0x00007ffe339e0000 - 0x00007ffe33a14000 	C:\WINDOWS\system32\rsaenh.dll
0x00007ffe34dd0000 - 0x00007ffe34df7000 	C:\WINDOWS\System32\bcrypt.dll
0x00007ffe347f0000 - 0x00007ffe3481e000 	C:\WINDOWS\SYSTEM32\USERENV.dll
0x00007ffe34230000 - 0x00007ffe3423c000 	C:\WINDOWS\SYSTEM32\CRYPTBASE.dll
0x00007ffe33d30000 - 0x00007ffe33d6b000 	C:\WINDOWS\SYSTEM32\IPHLPAPI.DLL
0x00007ffe37140000 - 0x00007ffe37148000 	C:\WINDOWS\System32\NSI.dll
0x00007ffe32770000 - 0x00007ffe32787000 	C:\WINDOWS\SYSTEM32\dhcpcsvc6.DLL
0x00007ffe32750000 - 0x00007ffe3276d000 	C:\WINDOWS\SYSTEM32\dhcpcsvc.DLL
0x00007ffe33d70000 - 0x00007ffe33e3c000 	C:\WINDOWS\SYSTEM32\DNSAPI.dll
0x00007ffe2e250000 - 0x00007ffe2e25b000 	C:\WINDOWS\SYSTEM32\WINNSI.DLL

dbghelp: loaded successfully - version: 4.0.5 - missing functions: none
symbol engine: initialized successfully - sym options: 0x614 - pdb path: .;C:\Program Files\Android\Android Studio\jre\bin;C:\WINDOWS\SYSTEM32;C:\WINDOWS\WinSxS\amd64_microsoft.windows.common-controls_6595b64144ccf1df_6.0.19041.844_none_ca00b6081b84eb1d;C:\Program Files\Android\Android Studio\jre\bin\server;C:\Users\Ferz\.gradle\native\fdc75f09e3144964f2cf3f50f0aa648679c211496f362492102eb8c894070792\windows-amd64;C:\Users\Ferz\.gradle\native\12488b8bf47d2d4c9fbf2f6322a914ad602e24e48041cd04a747c6da556b65c4\windows-amd64

VM Arguments:
jvm_args: --add-opens=java.base/java.util=ALL-UNNAMED --add-opens=java.base/java.lang=ALL-UNNAMED --add-opens=java.base/java.lang.invoke=ALL-UNNAMED --add-opens=java.prefs/java.util.prefs=ALL-UNNAMED -Xmx2048m -Dfile.encoding=UTF-8 -Duser.country=US -Duser.language=en -Duser.variant 
java_command: org.gradle.launcher.daemon.bootstrap.GradleDaemon 6.7.1
java_class_path (initial): C:\Users\Ferz\.gradle\wrapper\dists\gradle-6.7.1-bin\bwlcbys1h7rz3272sye1xwiv6\gradle-6.7.1\lib\gradle-launcher-6.7.1.jar
Launcher Type: SUN_STANDARD

[Global flags]
     intx CICompilerCount                          = 4                                         {product} {ergonomic}
     uint ConcGCThreads                            = 2                                         {product} {ergonomic}
     uint G1ConcRefinementThreads                  = 8                                         {product} {ergonomic}
   size_t G1HeapRegionSize                         = 1048576                                   {product} {ergonomic}
    uintx GCDrainStackTargetSize                   = 64                                        {product} {ergonomic}
   size_t InitialHeapSize                          = 130023424                                 {product} {ergonomic}
   size_t MarkStackSize                            = 4194304                                   {product} {ergonomic}
   size_t MaxHeapSize                              = 2147483648                                {product} {command line}
   size_t MaxNewSize                               = 1287651328                                {product} {ergonomic}
   size_t MinHeapDeltaBytes                        = 1048576                                   {product} {ergonomic}
    uintx NonNMethodCodeHeapSize                   = 5836300                                {pd product} {ergonomic}
    uintx NonProfiledCodeHeapSize                  = 122910970                              {pd product} {ergonomic}
    uintx ProfiledCodeHeapSize                     = 122910970                              {pd product} {ergonomic}
    uintx ReservedCodeCacheSize                    = 251658240                              {pd product} {ergonomic}
     bool SegmentedCodeCache                       = true                                      {product} {ergonomic}
     bool UseCompressedClassPointers               = true                                 {lp64_product} {ergonomic}
     bool UseCompressedOops                        = true                                 {lp64_product} {ergonomic}
     bool UseG1GC                                  = true                                      {product} {ergonomic}
     bool UseLargePagesIndividualAllocation        = false                                  {pd product} {ergonomic}

Logging:
Log output configuration:
 #0: stdout all=warning uptime,level,tags
 #1: stderr all=off uptime,level,tags

Environment Variables:
PATH=C:\Program Files (x86)\NVIDIA Corporation\PhysX\Common;C:\Program Files (x86)\Common Files\Oracle\Java\javapath;C:\WINDOWS\system32;C:\WINDOWS;C:\WINDOWS\System32\Wbem;C:\WINDOWS\System32\WindowsPowerShell\v1.0\;C:\WINDOWS\System32\OpenSSH\;C:\Program Files\dotnet\;C:\Users\Ferz\AppData\Local\Programs\Python\Python38-32\Scripts;C:\Program Files\Git\cmd;C:\Program Files (x86)\NoteBook FanControl\;C:\Program Files\Graphviz\bin;C:\Users\Ferz\AppData\Local\Microsoft\WindowsApps;C:\Users\Ferz\AppData\Local\Programs\Microsoft VS Code\bin;C:\Users\Ferz\AppData\Local\atom\bin
USERNAME=Ferz
OS=Windows_NT
PROCESSOR_IDENTIFIER=Intel64 Family 6 Model 126 Stepping 5, GenuineIntel



---------------  S Y S T E M  ---------------

OS: Windows 10 , 64 bit Build 19041 (10.0.19041.928)
OS uptime: 0 days 6:13 hours

CPU:total 8 (initial active 8) (4 cores per cpu, 2 threads per core) family 6 model 126 stepping 5, cmov, cx8, fxsr, mmx, sse, sse2, sse3, ssse3, sse4.1, sse4.2, popcnt, avx, avx2, aes, clmul, erms, 3dnowpref, lzcnt, ht, tsc, tscinvbit, bmi1, bmi2, adx, evex, sha, fma

Memory: 4k page, system-wide physical 7880M (356M free)
TotalPageFile size 11976M (AvailPageFile size 59M)
current process WorkingSet (physical memory assigned to process): 462M, peak: 462M
current process commit charge ("private bytes"): 566M, peak: 645M

vm_info: OpenJDK 64-Bit Server VM (11.0.8+10-b944.6842174) for windows-amd64 JRE (11.0.8+10-b944.6842174), built on Sep 19 2020 01:11:42 by "builder" with MS VC++ 14.0 (VS2015)

END.
